#
# There is insufficient memory for the Java Runtime Environment to continue.
# Native memory allocation (malloc) failed to allocate 32744 bytes for ChunkPool::allocate
# Possible reasons:
#   The system is out of physical RAM or swap space
#   In 32 bit mode, the process size limit was hit
# Possible solutions:
#   Reduce memory load on the system
#   Increase physical memory or swap space
#   Check if swap backing store is full
#   Use 64 bit Java on a 64 bit OS
#   Decrease Java heap size (-Xmx/-Xms)
#   Decrease number of Java threads
#   Decrease Java thread stack sizes (-Xss)
#   Set larger code cache with -XX:ReservedCodeCacheSize=
# This output file may be truncated or incomplete.
#
#  Out of Memory Error (allocation.cpp:273), pid=10956, tid=10460
#
# JRE version: Java(TM) SE Runtime Environment (8.0_40-b26) (build 1.8.0_40-b26)
# Java VM: Java HotSpot(TM) 64-Bit Server VM (25.40-b25 mixed mode windows-amd64 compressed oops)
# Failed to write core dump. Minidumps are not enabled by default on client versions of Windows
#

---------------  T H R E A D  ---------------

Current thread (0x0000000016eba000):  JavaThread "C2 CompilerThread0" daemon [_thread_in_native, id=10460, stack(0x0000000017490000,0x0000000017590000)]

Stack: [0x0000000017490000,0x0000000017590000]
Native frames: (J=compiled Java code, j=interpreted, Vv=VM code, C=native code)
V  [jvm.dll+0x32b47a]


Current CompileTask:
C2:   5649 4009       4       sun.reflect.generics.parser.SignatureParser::parseFieldTypeSignature (73 bytes)


---------------  P R O C E S S  ---------------

Java Threads: ( => current thread )
  0x000000001b917000 JavaThread "File lock request listener" [_thread_in_native, id=9408, stack(0x000000001cb30000,0x000000001cc30000)]
  0x00000000188f4000 JavaThread "Stdin handler" [_thread_blocked, id=7800, stack(0x0000000019d80000,0x0000000019e80000)]
  0x00000000188ce000 JavaThread "Daemon worker" [_thread_in_Java, id=10796, stack(0x0000000019c80000,0x0000000019d80000)]
  0x000000001885a000 JavaThread "Cancel handler" [_thread_blocked, id=5788, stack(0x0000000019b80000,0x0000000019c80000)]
  0x00000000188b5000 JavaThread "Handler for socket connection from /127.0.0.1:56657 to /127.0.0.1:56658" [_thread_in_native, id=8868, stack(0x0000000019a80000,0x0000000019b80000)]
  0x00000000188b4000 JavaThread "Daemon" [_thread_blocked, id=8488, stack(0x0000000019980000,0x0000000019a80000)]
  0x0000000018686000 JavaThread "Incoming local TCP Connector on port 56657" [_thread_in_native, id=8368, stack(0x00000000195a0000,0x00000000196a0000)]
  0x0000000016f5f800 JavaThread "Service Thread" daemon [_thread_blocked, id=7448, stack(0x0000000017890000,0x0000000017990000)]
  0x0000000016ed1800 JavaThread "C1 CompilerThread3" daemon [_thread_in_native, id=9728, stack(0x0000000017790000,0x0000000017890000)]
  0x0000000016ec4000 JavaThread "C2 CompilerThread2" daemon [_thread_in_native, id=4260, stack(0x0000000017690000,0x0000000017790000)]
  0x0000000016ebd800 JavaThread "C2 CompilerThread1" daemon [_thread_in_native, id=9104, stack(0x0000000017590000,0x0000000017690000)]
=>0x0000000016eba000 JavaThread "C2 CompilerThread0" daemon [_thread_in_native, id=10460, stack(0x0000000017490000,0x0000000017590000)]
  0x0000000016eb7800 JavaThread "Attach Listener" daemon [_thread_blocked, id=13252, stack(0x0000000017390000,0x0000000017490000)]
  0x0000000016eb6800 JavaThread "Signal Dispatcher" daemon [_thread_blocked, id=5276, stack(0x0000000017290000,0x0000000017390000)]
  0x00000000023ab000 JavaThread "Finalizer" daemon [_thread_blocked, id=7904, stack(0x0000000016d90000,0x0000000016e90000)]
  0x00000000023a4000 JavaThread "Reference Handler" daemon [_thread_blocked, id=4136, stack(0x0000000016c90000,0x0000000016d90000)]
  0x00000000022b2800 JavaThread "main" [_thread_blocked, id=10180, stack(0x00000000021b0000,0x00000000022b0000)]

Other Threads:
  0x0000000014ec8800 VMThread [stack: 0x0000000016b90000,0x0000000016c90000] [id=10000]
  0x0000000016f61800 WatcherThread [stack: 0x0000000017990000,0x0000000017a90000] [id=1860]

VM state:not at safepoint (normal execution)

VM Mutex/Monitor currently owned by a thread: None

Heap:
 PSYoungGen      total 181760K, used 9484K [0x00000000eab00000, 0x00000000f8a80000, 0x0000000100000000)
  eden space 168448K, 5% used [0x00000000eab00000,0x00000000eb4432a0,0x00000000f4f80000)
  from space 13312K, 0% used [0x00000000f5e80000,0x00000000f5e80000,0x00000000f6b80000)
  to   space 15360K, 0% used [0x00000000f4f80000,0x00000000f4f80000,0x00000000f5e80000)
 ParOldGen       total 147456K, used 21660K [0x00000000c0000000, 0x00000000c9000000, 0x00000000eab00000)
  object space 147456K, 14% used [0x00000000c0000000,0x00000000c15273d8,0x00000000c9000000)
 Metaspace       used 38026K, capacity 38688K, committed 38912K, reserved 1083392K
  class space    used 5175K, capacity 5337K, committed 5376K, reserved 1048576K

Card table byte_map: [0x0000000011770000,0x0000000011980000] byte_map_base: 0x0000000011170000

Marking Bits: (ParMarkBitMap*) 0x0000000060214040
 Begin Bits: [0x00000000122e0000, 0x00000000132e0000)
 End Bits:   [0x00000000132e0000, 0x00000000142e0000)

Polling page: 0x0000000000540000

CodeCache: size=245760Kb used=13467Kb max_used=14958Kb free=232292Kb
 bounds [0x00000000023b0000, 0x0000000003260000, 0x00000000113b0000]
 total_blobs=4380 nmethods=3702 adapters=589
 compilation: enabled

Compilation events (10 events):
Event: 5.631 Thread 0x0000000016ed1800 4251       3       java.lang.ThreadLocal$ThreadLocalMap::nextIndex (15 bytes)
Event: 5.632 Thread 0x0000000016ed1800 nmethod 4251 0x00000000027b7190 code [0x00000000027b72e0, 0x00000000027b7470]
Event: 5.632 Thread 0x0000000016ed1800 4252  s    3       java.util.Stack::pop (19 bytes)
Event: 5.632 Thread 0x0000000016ed1800 nmethod 4252 0x00000000028bfa90 code [0x00000000028bfc40, 0x00000000028c0828]
Event: 5.632 Thread 0x0000000016ed1800 4254   !   3       com.sun.org.apache.xerces.internal.impl.dv.xs.XSSimpleTypeDecl::getActualValue (927 bytes)
Event: 5.638 Thread 0x0000000016ed1800 nmethod 4254 0x0000000002bc6390 code [0x0000000002bc6a80, 0x0000000002bccfe8]
Event: 5.638 Thread 0x0000000016ed1800 4253       3       java.util.logging.Logger::isLoggable (25 bytes)
Event: 5.638 Thread 0x0000000016ed1800 nmethod 4253 0x0000000002c0fd90 code [0x0000000002c0ff00, 0x0000000002c10190]
Event: 5.638 Thread 0x0000000016ed1800 4255       1       com.sun.org.apache.xerces.internal.impl.dv.xs.XSSimpleTypeDecl::getTypeCategory (3 bytes)
Event: 5.638 Thread 0x0000000016ed1800 nmethod 4255 0x0000000002c0fad0 code [0x0000000002c0fc20, 0x0000000002c0fd30]

GC Heap History (10 events):
Event: 1.827 GC heap before
{Heap before GC invocations=4 (full 1):
 PSYoungGen      total 76288K, used 8292K [0x00000000eab00000, 0x00000000f4000000, 0x0000000100000000)
  eden space 65536K, 0% used [0x00000000eab00000,0x00000000eab00000,0x00000000eeb00000)
  from space 10752K, 77% used [0x00000000eeb00000,0x00000000ef319000,0x00000000ef580000)
  to   space 10752K, 0% used [0x00000000f3580000,0x00000000f3580000,0x00000000f4000000)
 ParOldGen       total 175104K, used 2399K [0x00000000c0000000, 0x00000000cab00000, 0x00000000eab00000)
  object space 175104K, 1% used [0x00000000c0000000,0x00000000c0257d00,0x00000000cab00000)
 Metaspace       used 20897K, capacity 21226K, committed 21296K, reserved 1067008K
  class space    used 2820K, capacity 2939K, committed 2944K, reserved 1048576K
Event: 1.858 GC heap after
Heap after GC invocations=4 (full 1):
 PSYoungGen      total 76288K, used 0K [0x00000000eab00000, 0x00000000f4000000, 0x0000000100000000)
  eden space 65536K, 0% used [0x00000000eab00000,0x00000000eab00000,0x00000000eeb00000)
  from space 10752K, 0% used [0x00000000eeb00000,0x00000000eeb00000,0x00000000ef580000)
  to   space 10752K, 0% used [0x00000000f3580000,0x00000000f3580000,0x00000000f4000000)
 ParOldGen       total 97280K, used 8087K [0x00000000c0000000, 0x00000000c5f00000, 0x00000000eab00000)
  object space 97280K, 8% used [0x00000000c0000000,0x00000000c07e5d38,0x00000000c5f00000)
 Metaspace       used 20897K, capacity 21226K, committed 21296K, reserved 1067008K
  class space    used 2820K, capacity 2939K, committed 2944K, reserved 1048576K
}
Event: 2.818 GC heap before
{Heap before GC invocations=5 (full 1):
 PSYoungGen      total 76288K, used 65536K [0x00000000eab00000, 0x00000000f4000000, 0x0000000100000000)
  eden space 65536K, 100% used [0x00000000eab00000,0x00000000eeb00000,0x00000000eeb00000)
  from space 10752K, 0% used [0x00000000eeb00000,0x00000000eeb00000,0x00000000ef580000)
  to   space 10752K, 0% used [0x00000000f3580000,0x00000000f3580000,0x00000000f4000000)
 ParOldGen       total 97280K, used 8087K [0x00000000c0000000, 0x00000000c5f00000, 0x00000000eab00000)
  object space 97280K, 8% used [0x00000000c0000000,0x00000000c07e5d38,0x00000000c5f00000)
 Metaspace       used 26477K, capacity 26884K, committed 27136K, reserved 1073152K
  class space    used 3622K, capacity 3730K, committed 3840K, reserved 1048576K
Event: 2.823 GC heap after
Heap after GC invocations=5 (full 1):
 PSYoungGen      total 114176K, used 6263K [0x00000000eab00000, 0x00000000f3c00000, 0x0000000100000000)
  eden space 107520K, 0% used [0x00000000eab00000,0x00000000eab00000,0x00000000f1400000)
  from space 6656K, 94% used [0x00000000f3580000,0x00000000f3b9dd78,0x00000000f3c00000)
  to   space 10752K, 0% used [0x00000000f2700000,0x00000000f2700000,0x00000000f3180000)
 ParOldGen       total 97280K, used 8095K [0x00000000c0000000, 0x00000000c5f00000, 0x00000000eab00000)
  object space 97280K, 8% used [0x00000000c0000000,0x00000000c07e7d38,0x00000000c5f00000)
 Metaspace       used 26477K, capacity 26884K, committed 27136K, reserved 1073152K
  class space    used 3622K, capacity 3730K, committed 3840K, reserved 1048576K
}
Event: 4.767 GC heap before
{Heap before GC invocations=6 (full 1):
 PSYoungGen      total 114176K, used 113783K [0x00000000eab00000, 0x00000000f3c00000, 0x0000000100000000)
  eden space 107520K, 100% used [0x00000000eab00000,0x00000000f1400000,0x00000000f1400000)
  from space 6656K, 94% used [0x00000000f3580000,0x00000000f3b9dd78,0x00000000f3c00000)
  to   space 10752K, 0% used [0x00000000f2700000,0x00000000f2700000,0x00000000f3180000)
 ParOldGen       total 97280K, used 8095K [0x00000000c0000000, 0x00000000c5f00000, 0x00000000eab00000)
  object space 97280K, 8% used [0x00000000c0000000,0x00000000c07e7d38,0x00000000c5f00000)
 Metaspace       used 30695K, capacity 31298K, committed 31488K, reserved 1077248K
  class space    used 4149K, capacity 4331K, committed 4352K, reserved 1048576K
Event: 4.778 GC heap after
Heap after GC invocations=6 (full 1):
 PSYoungGen      total 137728K, used 8771K [0x00000000eab00000, 0x00000000f6b80000, 0x0000000100000000)
  eden space 126976K, 0% used [0x00000000eab00000,0x00000000eab00000,0x00000000f2700000)
  from space 10752K, 81% used [0x00000000f2700000,0x00000000f2f90e68,0x00000000f3180000)
  to   space 13312K, 0% used [0x00000000f5e80000,0x00000000f5e80000,0x00000000f6b80000)
 ParOldGen       total 97280K, used 8167K [0x00000000c0000000, 0x00000000c5f00000, 0x00000000eab00000)
  object space 97280K, 8% used [0x00000000c0000000,0x00000000c07f9d48,0x00000000c5f00000)
 Metaspace       used 30695K, capacity 31298K, committed 31488K, reserved 1077248K
  class space    used 4149K, capacity 4331K, committed 4352K, reserved 1048576K
}
Event: 5.358 GC heap before
{Heap before GC invocations=7 (full 1):
 PSYoungGen      total 137728K, used 78400K [0x00000000eab00000, 0x00000000f6b80000, 0x0000000100000000)
  eden space 126976K, 54% used [0x00000000eab00000,0x00000000eeeff360,0x00000000f2700000)
  from space 10752K, 81% used [0x00000000f2700000,0x00000000f2f90e68,0x00000000f3180000)
  to   space 13312K, 0% used [0x00000000f5e80000,0x00000000f5e80000,0x00000000f6b80000)
 ParOldGen       total 97280K, used 8167K [0x00000000c0000000, 0x00000000c5f00000, 0x00000000eab00000)
  object space 97280K, 8% used [0x00000000c0000000,0x00000000c07f9d48,0x00000000c5f00000)
 Metaspace       used 34665K, capacity 35258K, committed 35456K, reserved 1079296K
  class space    used 4698K, capacity 4872K, committed 4992K, reserved 1048576K
Event: 5.367 GC heap after
Heap after GC invocations=7 (full 1):
 PSYoungGen      total 181760K, used 13287K [0x00000000eab00000, 0x00000000f8a80000, 0x0000000100000000)
  eden space 168448K, 0% used [0x00000000eab00000,0x00000000eab00000,0x00000000f4f80000)
  from space 13312K, 99% used [0x00000000f5e80000,0x00000000f6b79e48,0x00000000f6b80000)
  to   space 15360K, 0% used [0x00000000f4f80000,0x00000000f4f80000,0x00000000f5e80000)
 ParOldGen       total 97280K, used 9030K [0x00000000c0000000, 0x00000000c5f00000, 0x00000000eab00000)
  object space 97280K, 9% used [0x00000000c0000000,0x00000000c08d1a50,0x00000000c5f00000)
 Metaspace       used 34665K, capacity 35258K, committed 35456K, reserved 1079296K
  class space    used 4698K, capacity 4872K, committed 4992K, reserved 1048576K
}
Event: 5.367 GC heap before
{Heap before GC invocations=8 (full 2):
 PSYoungGen      total 181760K, used 13287K [0x00000000eab00000, 0x00000000f8a80000, 0x0000000100000000)
  eden space 168448K, 0% used [0x00000000eab00000,0x00000000eab00000,0x00000000f4f80000)
  from space 13312K, 99% used [0x00000000f5e80000,0x00000000f6b79e48,0x00000000f6b80000)
  to   space 15360K, 0% used [0x00000000f4f80000,0x00000000f4f80000,0x00000000f5e80000)
 ParOldGen       total 97280K, used 9030K [0x00000000c0000000, 0x00000000c5f00000, 0x00000000eab00000)
  object space 97280K, 9% used [0x00000000c0000000,0x00000000c08d1a50,0x00000000c5f00000)
 Metaspace       used 34665K, capacity 35258K, committed 35456K, reserved 1079296K
  class space    used 4698K, capacity 4872K, committed 4992K, reserved 1048576K
Event: 5.419 GC heap after
Heap after GC invocations=8 (full 2):
 PSYoungGen      total 181760K, used 0K [0x00000000eab00000, 0x00000000f8a80000, 0x0000000100000000)
  eden space 168448K, 0% used [0x00000000eab00000,0x00000000eab00000,0x00000000f4f80000)
  from space 13312K, 0% used [0x00000000f5e80000,0x00000000f5e80000,0x00000000f6b80000)
  to   space 15360K, 0% used [0x00000000f4f80000,0x00000000f4f80000,0x00000000f5e80000)
 ParOldGen       total 147456K, used 21660K [0x00000000c0000000, 0x00000000c9000000, 0x00000000eab00000)
  object space 147456K, 14% used [0x00000000c0000000,0x00000000c15273d8,0x00000000c9000000)
 Metaspace       used 34665K, capacity 35258K, committed 35456K, reserved 1079296K
  class space    used 4698K, capacity 4872K, committed 4992K, reserved 1048576K
}

Deoptimization events (10 events):
Event: 5.566 Thread 0x00000000188ce000 Uncommon trap: reason=class_check action=maybe_recompile pc=0x0000000002ef0310 method=com.sun.org.apache.xerces.internal.impl.XMLDocumentFragmentScannerImpl.scanEndElement()I @ 142
Event: 5.566 Thread 0x00000000188ce000 Uncommon trap: reason=class_check action=maybe_recompile pc=0x0000000002ef0310 method=com.sun.org.apache.xerces.internal.impl.XMLDocumentFragmentScannerImpl.scanEndElement()I @ 142
Event: 5.595 Thread 0x00000000188ce000 Uncommon trap: reason=bimorphic action=maybe_recompile pc=0x0000000002ff87ac method=java.util.Hashtable.get(Ljava/lang/Object;)Ljava/lang/Object; @ 45
Event: 5.595 Thread 0x00000000188ce000 Uncommon trap: reason=bimorphic action=maybe_recompile pc=0x0000000002ff87ac method=java.util.Hashtable.get(Ljava/lang/Object;)Ljava/lang/Object; @ 45
Event: 5.595 Thread 0x00000000188ce000 Uncommon trap: reason=bimorphic action=maybe_recompile pc=0x0000000002ff87ac method=java.util.Hashtable.get(Ljava/lang/Object;)Ljava/lang/Object; @ 45
Event: 5.595 Thread 0x00000000188ce000 Uncommon trap: reason=bimorphic action=maybe_recompile pc=0x0000000002ff87ac method=java.util.Hashtable.get(Ljava/lang/Object;)Ljava/lang/Object; @ 45
Event: 5.596 Thread 0x00000000188ce000 Uncommon trap: reason=class_check action=maybe_recompile pc=0x0000000002e2a570 method=java.util.Hashtable.addEntry(ILjava/lang/Object;Ljava/lang/Object;I)V @ 38
Event: 5.596 Thread 0x00000000188ce000 Uncommon trap: reason=class_check action=maybe_recompile pc=0x0000000002e2a570 method=java.util.Hashtable.addEntry(ILjava/lang/Object;Ljava/lang/Object;I)V @ 38
Event: 5.597 Thread 0x00000000188ce000 Uncommon trap: reason=class_check action=maybe_recompile pc=0x0000000002e2a570 method=java.util.Hashtable.addEntry(ILjava/lang/Object;Ljava/lang/Object;I)V @ 38
Event: 5.631 Thread 0x00000000188ce000 Uncommon trap: reason=unstable_if action=reinterpret pc=0x0000000002daf698 method=java.lang.CharacterDataLatin1.digit(II)I @ 31

Internal exceptions (10 events):
Event: 5.275 Thread 0x00000000188ce000 Exception <a 'java/lang/ClassNotFoundException': org/gradle/api/file/FileTreeCustomizer> (0x00000000ee510f68) thrown at [D:\re\workspace\8-2-build-windows-amd64-cygwin\jdk8u40\3098\hotspot\src\share\vm\classfile\systemDictionary.cpp, line 210]
Event: 5.276 Thread 0x00000000188ce000 Exception <a 'java/lang/ClassNotFoundException': org/gradle/api/file/ConfigurableFileTreeBeanInfo> (0x00000000ee545fd0) thrown at [D:\re\workspace\8-2-build-windows-amd64-cygwin\jdk8u40\3098\hotspot\src\share\vm\classfile\systemDictionary.cpp, line 210]
Event: 5.276 Thread 0x00000000188ce000 Exception <a 'java/lang/ClassNotFoundException': org/gradle/api/file/ConfigurableFileTreeCustomizer> (0x00000000ee567cb0) thrown at [D:\re\workspace\8-2-build-windows-amd64-cygwin\jdk8u40\3098\hotspot\src\share\vm\classfile\systemDictionary.cpp, line 210]
Event: 5.277 Thread 0x00000000188ce000 Exception <a 'java/lang/ClassNotFoundException': org/gradle/api/file/DirectoryTreeBeanInfo> (0x00000000ee5994e0) thrown at [D:\re\workspace\8-2-build-windows-amd64-cygwin\jdk8u40\3098\hotspot\src\share\vm\classfile\systemDictionary.cpp, line 210]
Event: 5.277 Thread 0x00000000188ce000 Exception <a 'java/lang/ClassNotFoundException': org/gradle/api/file/DirectoryTreeCustomizer> (0x00000000ee5b97a8) thrown at [D:\re\workspace\8-2-build-windows-amd64-cygwin\jdk8u40\3098\hotspot\src\share\vm\classfile\systemDictionary.cpp, line 210]
Event: 5.278 Thread 0x00000000188ce000 Exception <a 'java/lang/ClassNotFoundException': org/gradle/api/tasks/util/PatternFilterableBeanInfo> (0x00000000ee5eb6e0) thrown at [D:\re\workspace\8-2-build-windows-amd64-cygwin\jdk8u40\3098\hotspot\src\share\vm\classfile\systemDictionary.cpp, line 210]2'Zº¥@
Event: 5.278 Thread 0x00000000188ce000 Exception <a 'java/lang/ClassNotFoundException': org/gradle/api/tasks/util/PatternFilterableCustomizer> (0x00000000ee60f8b8) thrown at [D:\re\workspace\8-2-build-windows-amd64-cygwin\jdk8u40\3098\hotspot\src\share\vm\classfile\systemDictionary.cpp, line 21è”{…i@
Event: 5.353 Thread 0x00000000188ce000 Exception <a 'java/lang/ClassNotFoundException': com/sun/org/glassfish/hk2/osgiresourcelocator/ServiceLoader> (0x00000000eed2f078) thrown at [D:\re\workspace\8-2-build-windows-amd64-cygwin\jdk8u40\3098\hotspot\src\share\vm\classfile\systemDictionary.cpp, lGëp¸m@
Event: 5.357 Thread 0x00000000188ce000 Exception <a 'java/lang/NullPointerException'> (0x00000000eed622c0) thrown at [D:\re\workspace\8-2-build-windows-amd64-cygwin\jdk8u40\3098\hotspot\src\share\vm\interpreter\linkResolver.cpp, line 1280]
Event: 5.566 Thread 0x00000000188ce000 Implicit null exception at 0x0000000002d67021 to 0x0000000002d6713d

Events (10 events):
Event: 5.629 loading class com/sun/org/apache/xerces/internal/impl/xpath/regex/RegularExpression$ClosureContext done
Event: 5.630 loading class com/sun/xml/internal/bind/DatatypeConverterImpl
Event: 5.630 loading class javax/xml/bind/DatatypeConverterInterface
Event: 5.630 loading class javax/xml/bind/DatatypeConverterInterface done
Event: 5.631 loading class com/sun/xml/internal/bind/DatatypeConverterImpl done
Event: 5.631 Thread 0x00000000188ce000 Uncommon trap: trap_request=0xffffff65 fr.pc=0x0000000002daf698
Event: 5.631 Thread 0x00000000188ce000 DEOPT PACKING pc=0x0000000002daf698 sp=0x0000000019d7ba00
Event: 5.631 Thread 0x00000000188ce000 DEOPT UNPACKING pc=0x00000000023f582a sp=0x0000000019d7b830 mode 2
Event: 5.634 loading class com/sun/xml/internal/bind/v2/runtime/unmarshaller/DefaultIDResolver$1
Event: 5.634 loading class com/sun/xml/internal/bind/v2/runtime/unmarshaller/DefaultIDResolver$1 done


Dynamic libraries:
0x00007ff716920000 - 0x00007ff716957000 	C:\Program Files\Java\jdk1.8.0_40\bin\java.exe
0x00007ff8e3730000 - 0x00007ff8e38f1000 	C:\WINDOWS\SYSTEM32\ntdll.dll
0x00007ff8e32f0000 - 0x00007ff8e339d000 	C:\WINDOWS\system32\KERNEL32.DLL
0x00007ff8dfea0000 - 0x00007ff8e0088000 	C:\WINDOWS\system32\KERNELBASE.dll
0x00007ff8e3240000 - 0x00007ff8e32e7000 	C:\WINDOWS\system32\ADVAPI32.dll
0x00007ff8e27e0000 - 0x00007ff8e287d000 	C:\WINDOWS\system32\msvcrt.dll
0x00007ff8e2620000 - 0x00007ff8e267b000 	C:\WINDOWS\system32\sechost.dll
0x00007ff8e0b30000 - 0x00007ff8e0c4c000 	C:\WINDOWS\system32\RPCRT4.dll
0x00007ff8e2680000 - 0x00007ff8e27d6000 	C:\WINDOWS\system32\USER32.dll
0x00007ff8e35a0000 - 0x00007ff8e3726000 	C:\WINDOWS\system32\GDI32.dll
0x00007ff8c87f0000 - 0x00007ff8c8a64000 	C:\WINDOWS\WinSxS\amd64_microsoft.windows.common-controls_6595b64144ccf1df_6.0.10586.0_none_8c15ae12515e1c22\COMCTL32.dll
0x00007ff8e2fc0000 - 0x00007ff8e323d000 	C:\WINDOWS\system32\combase.dll
0x00007ff8e0450000 - 0x00007ff8e04ba000 	C:\WINDOWS\system32\bcryptPrimitives.dll
0x00007ff8e3490000 - 0x00007ff8e34cb000 	C:\WINDOWS\system32\IMM32.DLL
0x000000005e7d0000 - 0x000000005e8a2000 	C:\Program Files\Java\jdk1.8.0_40\jre\bin\msvcr100.dll
0x000000005fa10000 - 0x0000000060293000 	C:\Program Files\Java\jdk1.8.0_40\jre\bin\server\jvm.dll
0x00007ff8e2940000 - 0x00007ff8e2948000 	C:\WINDOWS\system32\PSAPI.DLL
0x00007ff8d4a30000 - 0x00007ff8d4a39000 	C:\WINDOWS\SYSTEM32\WSOCK32.dll
0x00007ff8de370000 - 0x00007ff8de393000 	C:\WINDOWS\SYSTEM32\WINMM.dll
0x00007ff8db770000 - 0x00007ff8db77a000 	C:\WINDOWS\SYSTEM32\VERSION.dll
0x00007ff8e33a0000 - 0x00007ff8e340b000 	C:\WINDOWS\system32\WS2_32.dll
0x00007ff8de220000 - 0x00007ff8de24c000 	C:\WINDOWS\SYSTEM32\WINMMBASE.dll
0x00007ff8e0230000 - 0x00007ff8e0273000 	C:\WINDOWS\system32\cfgmgr32.dll
0x000000005fa00000 - 0x000000005fa0f000 	C:\Program Files\Java\jdk1.8.0_40\jre\bin\verify.dll
0x000000005f9d0000 - 0x000000005f9f9000 	C:\Program Files\Java\jdk1.8.0_40\jre\bin\java.dll
0x000000005f9b0000 - 0x000000005f9c6000 	C:\Program Files\Java\jdk1.8.0_40\jre\bin\zip.dll
0x00007ff8e0f60000 - 0x00007ff8e24bc000 	C:\WINDOWS\system32\SHELL32.dll
0x00007ff8e04c0000 - 0x00007ff8e0b05000 	C:\WINDOWS\system32\windows.storage.dll
0x00007ff8e28e0000 - 0x00007ff8e2932000 	C:\WINDOWS\system32\shlwapi.dll
0x00007ff8dfdd0000 - 0x00007ff8dfddf000 	C:\WINDOWS\system32\kernel.appcore.dll
0x00007ff8dfde0000 - 0x00007ff8dfe95000 	C:\WINDOWS\system32\shcore.dll
0x00007ff8dfd70000 - 0x00007ff8dfdbb000 	C:\WINDOWS\system32\powrprof.dll
0x00007ff8dfd50000 - 0x00007ff8dfd64000 	C:\WINDOWS\system32\profapi.dll
0x000000005f990000 - 0x000000005f9aa000 	C:\Program Files\Java\jdk1.8.0_40\jre\bin\net.dll
0x00007ff8df680000 - 0x00007ff8df6dc000 	C:\WINDOWS\system32\mswsock.dll
0x000000005f970000 - 0x000000005f981000 	C:\Program Files\Java\jdk1.8.0_40\jre\bin\nio.dll
0x00007ff8c9ab0000 - 0x00007ff8c9ac2000 	C:\Users\Christopher\.gradle\native\19\windows-amd64\native-platform.dll
0x00007ff8dcdc0000 - 0x00007ff8dcdf8000 	C:\WINDOWS\SYSTEM32\IPHLPAPI.DLL
0x00007ff8e0c50000 - 0x00007ff8e0c58000 	C:\WINDOWS\system32\NSI.dll
0x00007ff8db750000 - 0x00007ff8db766000 	C:\WINDOWS\SYSTEM32\dhcpcsvc6.DLL
0x00007ff8db650000 - 0x00007ff8db66a000 	C:\WINDOWS\SYSTEM32\dhcpcsvc.DLL
0x00007ff8df730000 - 0x00007ff8df747000 	C:\WINDOWS\SYSTEM32\CRYPTSP.dll
0x00007ff8df3c0000 - 0x00007ff8df3f4000 	C:\WINDOWS\system32\rsaenh.dll
0x00007ff8dfc80000 - 0x00007ff8dfca9000 	C:\WINDOWS\SYSTEM32\bcrypt.dll
0x00007ff8df510000 - 0x00007ff8df52f000 	C:\WINDOWS\SYSTEM32\USERENV.dll
0x00007ff8df850000 - 0x00007ff8df85b000 	C:\WINDOWS\SYSTEM32\CRYPTBASE.dll
0x000000005f770000 - 0x000000005f77d000 	C:\Program Files\Java\jdk1.8.0_40\jre\bin\management.dll
0x00007ff8c3aa0000 - 0x00007ff8c3c2c000 	C:\WINDOWS\SYSTEM32\dbghelp.dll

VM Arguments:
jvm_args: -XX:MaxPermSize=256m -XX:+HeapDumpOnOutOfMemoryError -Xmx1024m -Dfile.encoding=windows-1252 -Duser.country=US -Duser.language=en -Duser.variant 
java_command: org.gradle.launcher.daemon.bootstrap.GradleDaemon 2.10
java_class_path (initial): C:\Users\Christopher\Downloads\android-studio-ide-143.2682553-windows\android-studio\gradle\gradle-2.10\lib\gradle-launcher-2.10.jar
Launcher Type: SUN_STANDARD

Environment Variables:
PATH=C:\Python34\;C:\Python34\Scripts;C:\Program Files (x86)\NVIDIA Corporation\PhysX\Common;C:\ProgramData\Oracle\Java\javapath;C:\WINDOWS\system32;C:\WINDOWS;C:\WINDOWS\System32\Wbem;C:\WINDOWS\System32\WindowsPowerShell\v1.0\;C:\Program Files (x86)\ATI Technologies\ATI.ACE\Core-Static;C:\Program Files\Microsoft\Web Platform Installer\;C:\Program Files (x86)\Microsoft ASP.NET\ASP.NET Web Pages\v1.0\;C:\Program Files\Microsoft SQL Server\110\Tools\Binn\;C:\Program Files\Microsoft SQL Server\120\Tools\Binn\;C:\Program Files\TortoiseSVN\bin;C:\Program Files (x86)\AMD\ATI.ACE\Core-Static;C:\Program Files (x86)\scala\bin;C:\Program Files\Java\jdk1.8.0_40\bin;;C:\play-2.0\play-2.0;C:\WINDOWS\system32\config\systemprofile\.dnx\bin;C:\Program Files\Microsoft DNX\Dnvm\;C:\Program Files (x86)\Skype\Phone\;C:\Program Files (x86)\Microsoft SQL Server\130\Tools\Binn\ManagementStudio\;C:\Program Files (x86)\Microsoft SQL Server\130\Tools\Binn\;C:\Program Files (x86)\Microsoft SQL Server\Client SDK\ODBC\110\Tools\Binn\;C:\Program Files (x86)\Microsoft SQL Server\130\DTS\Binn\;C:\Program Files\Microsoft SQL Server\Client SDK\ODBC\110\Tools\Binn\;C:\Program Files (x86)\Microsoft SQL Server\120\Tools\Binn\;C:\Program Files\Microsoft SQL Server\120\DTS\Binn\;C:\Program Files (x86)\Microsoft SDKs\TypeScript\1.0\;C:\WINDOWS\system32;C:\WINDOWS;C:\WINDOWS\System32\Wbem;C:\WINDOWS\System32\WindowsPowerShell\v1.0\;C:\Ruby22-x64\bin
USERNAME=Christopher
OS=Windows_NT
PROCESSOR_IDENTIFIER=Intel64 Family 6 Model 58 Stepping 9, GenuineIntel



---------------  S Y S T E M  ---------------

OS: Windows 10.0 , 64 bit Build 10586 (10.0.10586.0)

CPU:total 8 (4 cores per cpu, 2 threads per core) family 6 model 58 stepping 9, cmov, cx8, fxsr, mmx, sse, sse2, sse3, ssse3, sse4.1, sse4.2, popcnt, avx, aes, clmul, erms, ht, tsc, tscinvbit, tscinv

Memory: 4k page, physical 16659540k(6123224k free), swap 16659540k(5152k free)

vm_info: Java HotSpot(TM) 64-Bit Server VM (25.40-b25) for windows-amd64 JRE (1.8.0_40-b26), built on Mar  7 2015 13:51:59 by "java_re" with MS VC++ 10.0 (VS2010)

time: Thu Mar 24 16:23:18 2016
elapsed time: 5 seconds (0d 0h 0m 5s)

