#
# There is insufficient memory for the Java Runtime Environment to continue.
# Native memory allocation (malloc) failed to allocate 177136 bytes for Chunk::new
# Possible reasons:
#   The system is out of physical RAM or swap space
#   In 32 bit mode, the process size limit was hit
# Possible solutions:
#   Reduce memory load on the system
#   Increase physical memory or swap space
#   Check if swap backing store is full
#   Use 64 bit Java on a 64 bit OS
#   Decrease Java heap size (-Xmx/-Xms)
#   Decrease number of Java threads
#   Decrease Java thread stack sizes (-Xss)
#   Set larger code cache with -XX:ReservedCodeCacheSize=
# This output file may be truncated or incomplete.
#
#  Out of Memory Error (allocation.cpp:390), pid=13832, tid=13144
#
# JRE version: Java(TM) SE Runtime Environment (8.0_40-b26) (build 1.8.0_40-b26)
# Java VM: Java HotSpot(TM) 64-Bit Server VM (25.40-b25 mixed mode windows-amd64 compressed oops)
# Failed to write core dump. Minidumps are not enabled by default on client versions of Windows
#

---------------  T H R E A D  ---------------

Current thread (0x0000000016f38000):  JavaThread "C2 CompilerThread0" daemon [_thread_in_native, id=13144, stack(0x0000000017510000,0x0000000017610000)]

Stack: [0x0000000017510000,0x0000000017610000]
Native frames: (J=compiled Java code, j=interpreted, Vv=VM code, C=native code)
V  [jvm.dll+0x32b47a]


Current CompileTask:
C2:   9323 2512       4       java.util.TreeMap$Entry::hashCode (42 bytes)


---------------  P R O C E S S  ---------------

Java Threads: ( => current thread )
  0x00000000171fe000 JavaThread "pool-1-thread-1" [_thread_in_Java, id=12068, stack(0x000000001a8e0000,0x000000001a9e0000)]
  0x0000000016fc9000 JavaThread "Service Thread" daemon [_thread_blocked, id=7352, stack(0x0000000017910000,0x0000000017a10000)]
  0x0000000016f9c800 JavaThread "C1 CompilerThread3" daemon [_thread_blocked, id=13604, stack(0x0000000017810000,0x0000000017910000)]
  0x0000000016f92000 JavaThread "C2 CompilerThread2" daemon [_thread_in_native, id=10044, stack(0x0000000017710000,0x0000000017810000)]
  0x0000000016f3b800 JavaThread "C2 CompilerThread1" daemon [_thread_in_native, id=11512, stack(0x0000000017610000,0x0000000017710000)]
=>0x0000000016f38000 JavaThread "C2 CompilerThread0" daemon [_thread_in_native, id=13144, stack(0x0000000017510000,0x0000000017610000)]
  0x0000000016f35800 JavaThread "Attach Listener" daemon [_thread_blocked, id=11876, stack(0x0000000017410000,0x0000000017510000)]
  0x0000000002419800 JavaThread "Signal Dispatcher" daemon [_thread_blocked, id=9800, stack(0x0000000017310000,0x0000000017410000)]
  0x0000000002415800 JavaThread "Finalizer" daemon [_thread_blocked, id=3780, stack(0x0000000016e10000,0x0000000016f10000)]
  0x0000000002414000 JavaThread "Reference Handler" daemon [_thread_blocked, id=14584, stack(0x0000000016d10000,0x0000000016e10000)]
  0x000000000098d800 JavaThread "main" [_thread_blocked, id=9712, stack(0x0000000002180000,0x0000000002280000)]

Other Threads:
  0x0000000014f38800 VMThread [stack: 0x0000000016c10000,0x0000000016d10000] [id=3656]
  0x0000000016fca000 WatcherThread [stack: 0x0000000017a10000,0x0000000017b10000] [id=14812]

VM state:not at safepoint (normal execution)

VM Mutex/Monitor currently owned by a thread: None

Heap:
 PSYoungGen      total 272896K, used 79706K [0x00000000eab00000, 0x00000000fc000000, 0x0000000100000000)
  eden space 262144K, 26% used [0x00000000eab00000,0x00000000eee5a5b0,0x00000000fab00000)
  from space 10752K, 99% used [0x00000000fb580000,0x00000000fbffc3f8,0x00000000fc000000)
  to   space 10752K, 0% used [0x00000000fab00000,0x00000000fab00000,0x00000000fb580000)
 ParOldGen       total 175104K, used 50087K [0x00000000c0000000, 0x00000000cab00000, 0x00000000eab00000)
  object space 175104K, 28% used [0x00000000c0000000,0x00000000c30e9ed8,0x00000000cab00000)
 Metaspace       used 6462K, capacity 7320K, committed 7680K, reserved 1056768K
  class space    used 614K, capacity 656K, committed 768K, reserved 1048576K

Card table byte_map: [0x00000000117e0000,0x00000000119f0000] byte_map_base: 0x00000000111e0000

Marking Bits: (ParMarkBitMap*) 0x0000000070f24040
 Begin Bits: [0x0000000012350000, 0x0000000013350000)
 End Bits:   [0x0000000013350000, 0x0000000014350000)

Polling page: 0x0000000000970000

CodeCache: size=245760Kb used=13313Kb max_used=13326Kb free=232446Kb
 bounds [0x0000000002420000, 0x0000000003130000, 0x0000000011420000]
 total_blobs=2732 nmethods=2462 adapters=182
 compilation: enabled

Compilation events (10 events):
Event: 9.302 Thread 0x0000000016f9c800 2542       3       java.util.HashMap::keySet (27 bytes)
Event: 9.303 Thread 0x0000000016f9c800 nmethod 2542 0x0000000003121e90 code [0x0000000003122020, 0x00000000031223d0]
Event: 9.303 Thread 0x0000000016f9c800 2543       3       java.util.HashMap$KeySet::iterator (12 bytes)
Event: 9.303 Thread 0x0000000016f9c800 nmethod 2543 0x00000000031219d0 code [0x0000000003121b40, 0x0000000003121da8]
Event: 9.303 Thread 0x0000000016f9c800 2544       3       java.util.HashMap$KeyIterator::<init> (11 bytes)
Event: 9.303 Thread 0x0000000016f9c800 nmethod 2544 0x0000000003121610 code [0x0000000003121780, 0x0000000003121928]
Event: 9.304 Thread 0x0000000016f9c800 2545       3       com.android.dx.dex.file.DebugInfoItem::<init> (36 bytes)
Event: 9.305 Thread 0x0000000016f9c800 nmethod 2545 0x00000000031210d0 code [0x0000000003121240, 0x0000000003121518]
Event: 9.306 Thread 0x0000000016f3b800 nmethod 2538 0x000000000312cb50 code [0x000000000312cd00, 0x000000000312d530]
Event: 9.306 Thread 0x0000000016f3b800 2539       4       com.android.dx.dex.code.OutputFinisher::addConstants (93 bytes)

GC Heap History (8 events):
Event: 2.700 GC heap before
{Heap before GC invocations=1 (full 0):
 PSYoungGen      total 76288K, used 65536K [0x00000000eab00000, 0x00000000f0000000, 0x0000000100000000)
  eden space 65536K, 100% used [0x00000000eab00000,0x00000000eeb00000,0x00000000eeb00000)
  from space 10752K, 0% used [0x00000000ef580000,0x00000000ef580000,0x00000000f0000000)
  to   space 10752K, 0% used [0x00000000eeb00000,0x00000000eeb00000,0x00000000ef580000)
 ParOldGen       total 175104K, used 0K [0x00000000c0000000, 0x00000000cab00000, 0x00000000eab00000)
  object space 175104K, 0% used [0x00000000c0000000,0x00000000c0000000,0x00000000cab00000)
 Metaspace       used 6002K, capacity 7024K, committed 7296K, reserved 1056768K
  class space    used 584K, capacity 616K, committed 640K, reserved 1048576K
Event: 3.059 GC heap after
Heap after GC invocations=1 (full 0):
 PSYoungGen      total 76288K, used 10243K [0x00000000eab00000, 0x00000000f4000000, 0x0000000100000000)
  eden space 65536K, 0% used [0x00000000eab00000,0x00000000eab00000,0x00000000eeb00000)
  from space 10752K, 95% used [0x00000000eeb00000,0x00000000ef500d98,0x00000000ef580000)
  to   space 10752K, 0% used [0x00000000f3580000,0x00000000f3580000,0x00000000f4000000)
 ParOldGen       total 175104K, used 0K [0x00000000c0000000, 0x00000000cab00000, 0x00000000eab00000)
  object space 175104K, 0% used [0x00000000c0000000,0x00000000c0000000,0x00000000cab00000)
 Metaspace       used 6002K, capacity 7024K, committed 7296K, reserved 1056768K
  class space    used 584K, capacity 616K, committed 640K, reserved 1048576K
}
Event: 4.638 GC heap before
{Heap before GC invocations=2 (full 0):
 PSYoungGen      total 76288K, used 75779K [0x00000000eab00000, 0x00000000f4000000, 0x0000000100000000)
  eden space 65536K, 100% used [0x00000000eab00000,0x00000000eeb00000,0x00000000eeb00000)
  from space 10752K, 95% used [0x00000000eeb00000,0x00000000ef500d98,0x00000000ef580000)
  to   space 10752K, 0% used [0x00000000f3580000,0x00000000f3580000,0x00000000f4000000)
 ParOldGen       total 175104K, used 0K [0x00000000c0000000, 0x00000000cab00000, 0x00000000eab00000)
  object space 175104K, 0% used [0x00000000c0000000,0x00000000c0000000,0x00000000cab00000)
 Metaspace       used 6232K, capacity 7156K, committed 7296K, reserved 1056768K
  class space    used 605K, capacity 620K, committed 640K, reserved 1048576K
Event: 4.754 GC heap after
Heap after GC invocations=2 (full 0):
 PSYoungGen      total 141824K, used 10751K [0x00000000eab00000, 0x00000000f4000000, 0x0000000100000000)
  eden space 131072K, 0% used [0x00000000eab00000,0x00000000eab00000,0x00000000f2b00000)
  from space 10752K, 99% used [0x00000000f3580000,0x00000000f3fffdd8,0x00000000f4000000)
  to   space 10752K, 0% used [0x00000000f2b00000,0x00000000f2b00000,0x00000000f3580000)
 ParOldGen       total 175104K, used 6363K [0x00000000c0000000, 0x00000000cab00000, 0x00000000eab00000)
  object space 175104K, 3% used [0x00000000c0000000,0x00000000c0636f48,0x00000000cab00000)
 Metaspace       used 6232K, capacity 7156K, committed 7296K, reserved 1056768K
  class space    used 605K, capacity 620K, committed 640K, reserved 1048576K
}
Event: 7.533 GC heap before
{Heap before GC invocations=3 (full 0):
 PSYoungGen      total 141824K, used 141823K [0x00000000eab00000, 0x00000000f4000000, 0x0000000100000000)
  eden space 131072K, 100% used [0x00000000eab00000,0x00000000f2b00000,0x00000000f2b00000)
  from space 10752K, 99% used [0x00000000f3580000,0x00000000f3fffdd8,0x00000000f4000000)
  to   space 10752K, 0% used [0x00000000f2b00000,0x00000000f2b00000,0x00000000f3580000)
 ParOldGen       total 175104K, used 6363K [0x00000000c0000000, 0x00000000cab00000, 0x00000000eab00000)
  object space 175104K, 3% used [0x00000000c0000000,0x00000000c0636f48,0x00000000cab00000)
 Metaspace       used 6314K, capacity 7220K, committed 7296K, reserved 1056768K
  class space    used 606K, capacity 620K, committed 640K, reserved 1048576K
Event: 7.611 GC heap after
Heap after GC invocations=3 (full 0):
 PSYoungGen      total 141824K, used 10725K [0x00000000eab00000, 0x00000000fc000000, 0x0000000100000000)
  eden space 131072K, 0% used [0x00000000eab00000,0x00000000eab00000,0x00000000f2b00000)
  from space 10752K, 99% used [0x00000000f2b00000,0x00000000f35796d8,0x00000000f3580000)
  to   space 10752K, 0% used [0x00000000fb580000,0x00000000fb580000,0x00000000fc000000)
 ParOldGen       total 175104K, used 28644K [0x00000000c0000000, 0x00000000cab00000, 0x00000000eab00000)
  object space 175104K, 16% used [0x00000000c0000000,0x00000000c1bf93e8,0x00000000cab00000)
 Metaspace       used 6314K, capacity 7220K, committed 7296K, reserved 1056768K
  class space    used 606K, capacity 620K, committed 640K, reserved 1048576K
}
Event: 8.883 GC heap before
{Heap before GC invocations=4 (full 0):
 PSYoungGen      total 141824K, used 141797K [0x00000000eab00000, 0x00000000fc000000, 0x0000000100000000)
  eden space 131072K, 100% used [0x00000000eab00000,0x00000000f2b00000,0x00000000f2b00000)
  from space 10752K, 99% used [0x00000000f2b00000,0x00000000f35796d8,0x00000000f3580000)
  to   space 10752K, 0% used [0x00000000fb580000,0x00000000fb580000,0x00000000fc000000)
 ParOldGen       total 175104K, used 28644K [0x00000000c0000000, 0x00000000cab00000, 0x00000000eab00000)
  object space 175104K, 16% used [0x00000000c0000000,0x00000000c1bf93e8,0x00000000cab00000)
 Metaspace       used 6350K, capacity 7220K, committed 7296K, reserved 1056768K
  class space    used 606K, capacity 620K, committed 640K, reserved 1048576K
Event: 8.957 GC heap after
Heap after GC invocations=4 (full 0):
 PSYoungGen      total 272896K, used 10736K [0x00000000eab00000, 0x00000000fc000000, 0x0000000100000000)
  eden space 262144K, 0% used [0x00000000eab00000,0x00000000eab00000,0x00000000fab00000)
  from space 10752K, 99% used [0x00000000fb580000,0x00000000fbffc3f8,0x00000000fc000000)
  to   space 10752K, 0% used [0x00000000fab00000,0x00000000fab00000,0x00000000fb580000)
 ParOldGen       total 175104K, used 50087K [0x00000000c0000000, 0x00000000cab00000, 0x00000000eab00000)
  object space 175104K, 28% used [0x00000000c0000000,0x00000000c30e9ed8,0x00000000cab00000)
 Metaspace       used 6350K, capacity 7220K, committed 7296K, reserved 1056768K
  class space    used 606K, capacity 620K, committed 640K, reserved 1048576K
}

Deoptimization events (10 events):
Event: 9.029 Thread 0x000000000098d800 Uncommon trap: reason=unstable_if action=reinterpret pc=0x0000000002e76ec4 method=com.android.dx.ssa.SCCP.replaceBranches()V @ 14
Event: 9.106 Thread 0x00000000171f7800 Uncommon trap: reason=unstable_if action=reinterpret pc=0x0000000002f59380 method=com.android.dx.cf.code.Ropper.processBlock(Lcom/android/dx/cf/code/ByteBlock;Lcom/android/dx/cf/code/Frame;[I)V @ 413
Event: 9.144 Thread 0x000000000098d800 Uncommon trap: reason=unstable_if action=reinterpret pc=0x0000000003004d20 method=com.android.dx.dex.code.RopTranslator.pickOrder()V @ 279
Event: 9.164 Thread 0x00000000171f7800 Uncommon trap: reason=unstable_if action=reinterpret pc=0x0000000002c6ad7c method=java.util.HashMap.putVal(ILjava/lang/Object;Ljava/lang/Object;ZZ)Ljava/lang/Object; @ 109
Event: 9.195 Thread 0x00000000171f7800 Uncommon trap: reason=unstable_if action=reinterpret pc=0x0000000002c604d4 method=com.android.dx.cf.code.Ropper.addOrReplaceBlock(Lcom/android/dx/rop/code/BasicBlock;Lcom/android/dx/util/IntList;)Z @ 24
Event: 9.212 Thread 0x00000000171fe000 Uncommon trap: reason=class_check action=maybe_recompile pc=0x00000000028b4a98 method=java.util.Arrays.hashCode([Ljava/lang/Object;)I @ 43
Event: 9.212 Thread 0x00000000171fe000 Uncommon trap: reason=class_check action=maybe_recompile pc=0x00000000028b4a98 method=java.util.Arrays.hashCode([Ljava/lang/Object;)I @ 43
Event: 9.213 Thread 0x00000000171fe000 Uncommon trap: reason=class_check action=maybe_recompile pc=0x00000000028b4a98 method=java.util.Arrays.hashCode([Ljava/lang/Object;)I @ 43
Event: 9.213 Thread 0x00000000171fe000 Uncommon trap: reason=class_check action=maybe_recompile pc=0x00000000028b4a98 method=java.util.Arrays.hashCode([Ljava/lang/Object;)I @ 43
Event: 9.213 Thread 0x00000000171fe000 Uncommon trap: reason=class_check action=maybe_recompile pc=0x00000000028aa7b4 method=java.util.Arrays.hashCode([Ljava/lang/Object;)I @ 43

Internal exceptions (8 events):
Event: 0.043 Thread 0x000000000098d800 Exception <a 'java/lang/NoSuchMethodError': Method sun.misc.Unsafe.defineClass(Ljava/lang/String;[BII)Ljava/lang/Class; name or signature does not match> (0x00000000eab0db98) thrown at [D:\re\workspace\8-2-build-windows-amd64-cygwin\jdk8u40\3098\hotspot\sr„™£_¦?
Event: 0.043 Thread 0x000000000098d800 Exception <a 'java/lang/NoSuchMethodError': Method sun.misc.Unsafe.prefetchRead(Ljava/lang/Object;J)V name or signature does not match> (0x00000000eab0de28) thrown at [D:\re\workspace\8-2-build-windows-amd64-cygwin\jdk8u40\3098\hotspot\src\share\vm\prims\jD±Wˆ@
Event: 3.442 Thread 0x0000000017210800 Exception <a 'java/lang/ArrayIndexOutOfBoundsException': 18> (0x00000000eb6d7958) thrown at [D:\re\workspace\8-2-build-windows-amd64-cygwin\jdk8u40\3098\hotspot\src\share\vm\interpreter\interpreterRuntime.cpp, line 366]
Event: 3.883 Thread 0x0000000017209000 Exception <a 'java/lang/ArrayIndexOutOfBoundsException': 145> (0x00000000ebce0840) thrown at [D:\re\workspace\8-2-build-windows-amd64-cygwin\jdk8u40\3098\hotspot\src\share\vm\interpreter\interpreterRuntime.cpp, line 366]
Event: 3.884 Thread 0x0000000017209000 Exception <a 'java/lang/ArrayIndexOutOfBoundsException'> (0x00000000ebce1a78) thrown at [D:\re\workspace\8-2-build-windows-amd64-cygwin\jdk8u40\3098\hotspot\src\share\vm\runtime\sharedRuntime.cpp, line 605]
Event: 3.895 Thread 0x0000000017209000 Implicit null exception at 0x0000000002a8a3a8 to 0x0000000002a8d7cd
Event: 7.068 Thread 0x00000000171f7800 Implicit null exception at 0x0000000002aab712 to 0x0000000002aac9d1
Event: 7.180 Thread 0x0000000017209000 Implicit null exception at 0x0000000002a97f7d to 0x0000000002a99569

Events (10 events):
Event: 9.213 Thread 0x00000000171fe000 Uncommon trap: trap_request=0xffffffde fr.pc=0x00000000028b4a98
Event: 9.213 Thread 0x00000000171fe000 DEOPT PACKING pc=0x00000000028b4a98 sp=0x000000001a9de9d0
Event: 9.213 Thread 0x00000000171fe000 DEOPT UNPACKING pc=0x000000000246582a sp=0x000000001a9de900 mode 2
Event: 9.213 Thread 0x00000000171fe000 Uncommon trap: trap_request=0xffffffde fr.pc=0x00000000028aa7b4
Event: 9.213 Thread 0x00000000171fe000 DEOPT PACKING pc=0x00000000028aa7b4 sp=0x000000001a9de6a0
Event: 9.213 Thread 0x00000000171fe000 DEOPT UNPACKING pc=0x000000000246582a sp=0x000000001a9de628 mode 2
Event: 9.213 loading class com/android/dx/rop/cst/Zeroes
Event: 9.213 loading class com/android/dx/rop/cst/Zeroes done
Event: 9.292 loading class com/android/dx/dex/file/CatchStructs
Event: 9.292 loading class com/android/dx/dex/file/CatchStructs done


Dynamic libraries:
0x00007ff6966a0000 - 0x00007ff6966d7000 	C:\Program Files\Java\jdk1.8.0_40\bin\java.exe
0x00007ffe053d0000 - 0x00007ffe05591000 	C:\WINDOWS\SYSTEM32\ntdll.dll
0x00007ffe02b20000 - 0x00007ffe02bcd000 	C:\WINDOWS\system32\KERNEL32.DLL
0x00007ffe02350000 - 0x00007ffe02538000 	C:\WINDOWS\system32\KERNELBASE.dll
0x00007ffe02980000 - 0x00007ffe02a27000 	C:\WINDOWS\system32\ADVAPI32.dll
0x00007ffe04910000 - 0x00007ffe049ad000 	C:\WINDOWS\system32\msvcrt.dll
0x00007ffe049b0000 - 0x00007ffe04a0b000 	C:\WINDOWS\system32\sechost.dll
0x00007ffe050b0000 - 0x00007ffe051cc000 	C:\WINDOWS\system32\RPCRT4.dll
0x00007ffe04a10000 - 0x00007ffe04b66000 	C:\WINDOWS\system32\USER32.dll
0x00007ffe05240000 - 0x00007ffe053c6000 	C:\WINDOWS\system32\GDI32.dll
0x00007ffdea7f0000 - 0x00007ffdeaa64000 	C:\WINDOWS\WinSxS\amd64_microsoft.windows.common-controls_6595b64144ccf1df_6.0.10586.0_none_8c15ae12515e1c22\COMCTL32.dll
0x00007ffe02bd0000 - 0x00007ffe02e4d000 	C:\WINDOWS\system32\combase.dll
0x00007ffe01b50000 - 0x00007ffe01bba000 	C:\WINDOWS\system32\bcryptPrimitives.dll
0x00007ffe04c40000 - 0x00007ffe04c7b000 	C:\WINDOWS\system32\IMM32.DLL
0x00000000702a0000 - 0x0000000070372000 	C:\Program Files\Java\jdk1.8.0_40\jre\bin\msvcr100.dll
0x0000000070720000 - 0x0000000070fa3000 	C:\Program Files\Java\jdk1.8.0_40\jre\bin\server\jvm.dll
0x00007ffe02b10000 - 0x00007ffe02b18000 	C:\WINDOWS\system32\PSAPI.DLL
0x00007ffdf6c70000 - 0x00007ffdf6c79000 	C:\WINDOWS\SYSTEM32\WSOCK32.dll
0x00007ffe051d0000 - 0x00007ffe0523b000 	C:\WINDOWS\system32\WS2_32.dll
0x00007ffe00010000 - 0x00007ffe00033000 	C:\WINDOWS\SYSTEM32\WINMM.dll
0x00007ffdfd290000 - 0x00007ffdfd29a000 	C:\WINDOWS\SYSTEM32\VERSION.dll
0x00007ffdffcd0000 - 0x00007ffdffcfc000 	C:\WINDOWS\SYSTEM32\WINMMBASE.dll
0x00007ffe01a80000 - 0x00007ffe01ac3000 	C:\WINDOWS\system32\cfgmgr32.dll
0x0000000070710000 - 0x000000007071f000 	C:\Program Files\Java\jdk1.8.0_40\jre\bin\verify.dll
0x00000000706e0000 - 0x0000000070709000 	C:\Program Files\Java\jdk1.8.0_40\jre\bin\java.dll
0x00000000706c0000 - 0x00000000706d6000 	C:\Program Files\Java\jdk1.8.0_40\jre\bin\zip.dll
0x00007ffe02fc0000 - 0x00007ffe0451c000 	C:\WINDOWS\system32\SHELL32.dll
0x00007ffe01d00000 - 0x00007ffe02345000 	C:\WINDOWS\system32\windows.storage.dll
0x00007ffe04800000 - 0x00007ffe04852000 	C:\WINDOWS\system32\shlwapi.dll
0x00007ffe01a10000 - 0x00007ffe01a1f000 	C:\WINDOWS\system32\kernel.appcore.dll
0x00007ffe02710000 - 0x00007ffe027c5000 	C:\WINDOWS\system32\shcore.dll
0x00007ffe01a30000 - 0x00007ffe01a7b000 	C:\WINDOWS\system32\powrprof.dll
0x00007ffe019f0000 - 0x00007ffe01a04000 	C:\WINDOWS\system32\profapi.dll

VM Arguments:
jvm_args: -Djava.awt.headless=true -Xmx1024M -Dfile.encoding=windows-1252 -Duser.country=US -Duser.language=en -Duser.variant 
java_command: com.android.dx.command.Main --dex --force-jumbo --num-threads=4 --multi-dex --output C:\Users\Christopher\Shopping_List_App\Shopping_List_App\app\build\intermediates\transforms\dex\debug\folders\1000\10\com.android.support-support-v4-23.0.1_25d2379f11dc95b19fe93218349c1025b321f447 C:\Users\Christopher\Shopping_List_App\Shopping_List_App\app\build\intermediates\exploded-aar\com.android.support\support-v4\23.0.1\jars\classes.jar
java_class_path (initial): C:\Users\Christopher\AppData\Local\Android\sdk\build-tools\23.0.1\lib\dx.jar
Launcher Type: SUN_STANDARD

Environment Variables:
PATH=C:\Program Files (x86)\NVIDIA Corporation\PhysX\Common;C:\Python34\;C:\Python34\Scripts;C:\ProgramData\Oracle\Java\javapath;C:\WINDOWS\system32;C:\WINDOWS;C:\WINDOWS\System32\Wbem;C:\WINDOWS\System32\WindowsPowerShell\v1.0\;C:\Program Files (x86)\ATI Technologies\ATI.ACE\Core-Static;C:\Program Files\Microsoft\Web Platform Installer\;C:\Program Files (x86)\Microsoft ASP.NET\ASP.NET Web Pages\v1.0\;C:\Program Files\Microsoft SQL Server\110\Tools\Binn\;C:\Program Files\Microsoft SQL Server\120\Tools\Binn\;C:\Program Files\TortoiseSVN\bin;C:\Program Files (x86)\AMD\ATI.ACE\Core-Static;C:\Program Files (x86)\scala\bin;C:\Program Files\Java\jdk1.8.0_40\bin;;C:\play-2.0\play-2.0;C:\WINDOWS\system32\config\systemprofile\.dnx\bin;C:\Program Files\Microsoft DNX\Dnvm\;C:\Program Files (x86)\Skype\Phone\;C:\Program Files (x86)\Microsoft SQL Server\130\Tools\Binn\ManagementStudio\;C:\Program Files (x86)\Microsoft SQL Server\130\Tools\Binn\;C:\Program Files (x86)\Microsoft SQL Server\Client SDK\ODBC\110\Tools\Binn\;C:\Program Files (x86)\Microsoft SQL Server\130\DTS\Binn\;C:\Program Files\Microsoft SQL Server\Client SDK\ODBC\110\Tools\Binn\;C:\Program Files (x86)\Microsoft SQL Server\120\Tools\Binn\;C:\Program Files\Microsoft SQL Server\120\DTS\Binn\;C:\Program Files (x86)\Microsoft SDKs\TypeScript\1.0\;C:\WINDOWS\system32;C:\WINDOWS;C:\WINDOWS\System32\Wbem;C:\WINDOWS\System32\WindowsPowerShell\v1.0\;C:\Ruby22-x64\bin
USERNAME=Christopher
OS=Windows_NT
PROCESSOR_IDENTIFIER=Intel64 Family 6 Model 58 Stepping 9, GenuineIntel



---------------  S Y S T E M  ---------------

OS: Windows 10.0 , 64 bit Build 10586 (10.0.10586.0)

CPU:total 8 (4 cores per cpu, 2 threads per core) family 6 model 58 stepping 9, cmov, cx8, fxsr, mmx, sse, sse2, sse3, ssse3, sse4.1, sse4.2, popcnt, avx, aes, clmul, erms, ht, tsc, tscinvbit, tscinv

Memory: 4k page, physical 16659540k(4476460k free), swap 16659540k(5128k free)

vm_info: Java HotSpot(TM) 64-Bit Server VM (25.40-b25) for windows-amd64 JRE (1.8.0_40-b26), built on Mar  7 2015 13:51:59 by "java_re" with MS VC++ 10.0 (VS2010)

time: Sun May 15 11:34:30 2016
elapsed time: 9 seconds (0d 0h 0m 9s)

