#
# There is insufficient memory for the Java Runtime Environment to continue.
# Native memory allocation (malloc) failed to allocate 1048576 bytes for AllocateHeap
# Possible reasons:
#   The system is out of physical RAM or swap space
#   In 32 bit mode, the process size limit was hit
# Possible solutions:
#   Reduce memory load on the system
#   Increase physical memory or swap space
#   Check if swap backing store is full
#   Use 64 bit Java on a 64 bit OS
#   Decrease Java heap size (-Xmx/-Xms)
#   Decrease number of Java threads
#   Decrease Java thread stack sizes (-Xss)
#   Set larger code cache with -XX:ReservedCodeCacheSize=
# This output file may be truncated or incomplete.
#
#  Out of Memory Error (memory/allocation.inline.hpp:61), pid=4188, tid=1488
#
# JRE version:  (8.0_40-b26) (build )
# Java VM: Java HotSpot(TM) 64-Bit Server VM (25.40-b25 mixed mode windows-amd64 compressed oops)
# Failed to write core dump. Minidumps are not enabled by default on client versions of Windows
#

---------------  T H R E A D  ---------------

Current thread (0x00000000021dd800):  JavaThread "Unknown thread" [_thread_in_vm, id=1488, stack(0x00000000007b0000,0x00000000008b0000)]

Stack: [0x00000000007b0000,0x00000000008b0000]
Native frames: (J=compiled Java code, j=interpreted, Vv=VM code, C=native code)
V  [jvm.dll+0x32b47a]
V  [jvm.dll+0x2797f3]
V  [jvm.dll+0x27a489]
V  [jvm.dll+0x2717a5]
V  [jvm.dll+0x1606]
V  [jvm.dll+0x3c0a62]
V  [jvm.dll+0x3ee9c2]
V  [jvm.dll+0x3eef8c]
V  [jvm.dll+0x3ea707]
V  [jvm.dll+0xf2c12]
V  [jvm.dll+0x20f139]
V  [jvm.dll+0x240d9a]
V  [jvm.dll+0x15b941]
C  [java.exe+0x216e]
C  [java.exe+0xcce7]
C  [java.exe+0xcd7b]
C  [KERNEL32.DLL+0x18102]
C  [ntdll.dll+0x5c5b4]


---------------  P R O C E S S  ---------------

Java Threads: ( => current thread )

Other Threads:

=>0x00000000021dd800 (exited) JavaThread "Unknown thread" [_thread_in_vm, id=1488, stack(0x00000000007b0000,0x00000000008b0000)]

VM state:not at safepoint (normal execution)

VM Mutex/Monitor currently owned by a thread: None

Heap:
 PSYoungGen      total 76288K, used 1310K [0x00000000eab00000, 0x00000000f0000000, 0x0000000100000000)
  eden space 65536K, 2% used [0x00000000eab00000,0x00000000eac47af0,0x00000000eeb00000)
  from space 10752K, 0% used [0x00000000ef580000,0x00000000ef580000,0x00000000f0000000)
  to   space 10752K, 0% used [0x00000000eeb00000,0x00000000eeb00000,0x00000000ef580000)
 ParOldGen       total 175104K, used 0K [0x00000000c0000000, 0x00000000cab00000, 0x00000000eab00000)
  object space 175104K, 0% used [0x00000000c0000000,0x00000000c0000000,0x00000000cab00000)
 Metaspace       used 766K, capacity 4480K, committed 4480K, reserved 1056768K
  class space    used 75K, capacity 384K, committed 384K, reserved 1048576K

Card table byte_map: [0x00000000116a0000,0x00000000118b0000] byte_map_base: 0x00000000110a0000

Marking Bits: (ParMarkBitMap*) 0x0000000057884040
 Begin Bits: [0x0000000012210000, 0x0000000013210000)
 End Bits:   [0x0000000013210000, 0x0000000014210000)

Polling page: 0x00000000005a0000

CodeCache: size=245760Kb used=328Kb max_used=328Kb free=245431Kb
 bounds [0x00000000022e0000, 0x0000000002550000, 0x00000000112e0000]
 total_blobs=57 nmethods=0 adapters=37
 compilation: enabled

Compilation events (0 events):
No events

GC Heap History (0 events):
No events

Deoptimization events (0 events):
No events

Internal exceptions (0 events):
No events

Events (10 events):
Event: 0.148 loading class java/lang/Short
Event: 0.149 loading class java/lang/Short done
Event: 0.149 loading class java/lang/Integer
Event: 0.152 loading class java/lang/Integer done
Event: 0.152 loading class java/lang/Long
Event: 0.152 loading class java/lang/Long done
Event: 0.153 loading class java/lang/NullPointerException
Event: 0.153 loading class java/lang/NullPointerException done
Event: 0.153 loading class java/lang/ArithmeticException
Event: 0.153 loading class java/lang/ArithmeticException done


Dynamic libraries:
0x00007ff6e0b30000 - 0x00007ff6e0b67000 	C:\Program Files\Java\jdk1.8.0_40\bin\java.exe
0x00007ff9fd980000 - 0x00007ff9fdb41000 	C:\WINDOWS\SYSTEM32\ntdll.dll
0x00007ff9fcd30000 - 0x00007ff9fcddd000 	C:\WINDOWS\system32\KERNEL32.DLL
0x00007ff9fa740000 - 0x00007ff9fa928000 	C:\WINDOWS\system32\KERNELBASE.dll
0x00007ff9fb050000 - 0x00007ff9fb0f7000 	C:\WINDOWS\system32\ADVAPI32.dll
0x00007ff9fd0c0000 - 0x00007ff9fd15d000 	C:\WINDOWS\system32\msvcrt.dll
0x00007ff9fd910000 - 0x00007ff9fd96b000 	C:\WINDOWS\system32\sechost.dll
0x00007ff9faf20000 - 0x00007ff9fb03c000 	C:\WINDOWS\system32\RPCRT4.dll
0x00007ff9fc660000 - 0x00007ff9fc7b6000 	C:\WINDOWS\system32\USER32.dll
0x00007ff9fd4a0000 - 0x00007ff9fd626000 	C:\WINDOWS\system32\GDI32.dll
0x00007ff9dffd0000 - 0x00007ff9e0244000 	C:\WINDOWS\WinSxS\amd64_microsoft.windows.common-controls_6595b64144ccf1df_6.0.10586.0_none_8c15ae12515e1c22\COMCTL32.dll
0x00007ff9fcde0000 - 0x00007ff9fd05d000 	C:\WINDOWS\system32\combase.dll
0x00007ff9fa6d0000 - 0x00007ff9fa73a000 	C:\WINDOWS\system32\bcryptPrimitives.dll
0x00007ff9faee0000 - 0x00007ff9faf1b000 	C:\WINDOWS\system32\IMM32.DLL
0x0000000056c00000 - 0x0000000056cd2000 	C:\Program Files\Java\jdk1.8.0_40\jre\bin\msvcr100.dll
0x0000000057080000 - 0x0000000057903000 	C:\Program Files\Java\jdk1.8.0_40\jre\bin\server\jvm.dll
0x00007ff9fd970000 - 0x00007ff9fd978000 	C:\WINDOWS\system32\PSAPI.DLL
0x00007ff9ef050000 - 0x00007ff9ef059000 	C:\WINDOWS\SYSTEM32\WSOCK32.dll
0x00007ff9fd430000 - 0x00007ff9fd49b000 	C:\WINDOWS\system32\WS2_32.dll
0x00007ff9f82e0000 - 0x00007ff9f8303000 	C:\WINDOWS\SYSTEM32\WINMM.dll
0x00007ff9f52e0000 - 0x00007ff9f52ea000 	C:\WINDOWS\SYSTEM32\VERSION.dll
0x00007ff9f8280000 - 0x00007ff9f82ac000 	C:\WINDOWS\SYSTEM32\WINMMBASE.dll
0x00007ff9fa680000 - 0x00007ff9fa6c3000 	C:\WINDOWS\system32\cfgmgr32.dll
0x0000000057070000 - 0x000000005707f000 	C:\Program Files\Java\jdk1.8.0_40\jre\bin\verify.dll
0x0000000057040000 - 0x0000000057069000 	C:\Program Files\Java\jdk1.8.0_40\jre\bin\java.dll
0x0000000057020000 - 0x0000000057036000 	C:\Program Files\Java\jdk1.8.0_40\jre\bin\zip.dll
0x00007ff9f5ee0000 - 0x00007ff9f606c000 	C:\WINDOWS\SYSTEM32\dbghelp.dll

VM Arguments:
jvm_args: -Djava.awt.headless=true -Xmx1024M -Dfile.encoding=windows-1252 -Duser.country=US -Duser.language=en -Duser.variant 
java_command: com.android.dx.command.Main --dex --force-jumbo --num-threads=4 --multi-dex --output C:\Users\Christopher\Shopping_List_App\Shopping_List_App\app\build\intermediates\transforms\dex\debug\folders\1000\5\slice_1 C:\Users\Christopher\Shopping_List_App\Shopping_List_App\app\build\intermediates\transforms\instantRunSlicer\debug\folders\1\5\slice_1
java_class_path (initial): C:\Users\Christopher\AppData\Local\Android\sdk\build-tools\23.0.1\lib\dx.jar
Launcher Type: SUN_STANDARD

Environment Variables:
PATH=C:\Program Files (x86)\NVIDIA Corporation\PhysX\Common;C:\Python34\;C:\Python34\Scripts;C:\ProgramData\Oracle\Java\javapath;C:\WINDOWS\system32;C:\WINDOWS;C:\WINDOWS\System32\Wbem;C:\WINDOWS\System32\WindowsPowerShell\v1.0\;C:\Program Files (x86)\ATI Technologies\ATI.ACE\Core-Static;C:\Program Files\Microsoft\Web Platform Installer\;C:\Program Files (x86)\Microsoft ASP.NET\ASP.NET Web Pages\v1.0\;C:\Program Files\Microsoft SQL Server\110\Tools\Binn\;C:\Program Files\Microsoft SQL Server\120\Tools\Binn\;C:\Program Files\TortoiseSVN\bin;C:\Program Files (x86)\AMD\ATI.ACE\Core-Static;C:\Program Files (x86)\scala\bin;C:\Program Files\Java\jdk1.8.0_40\bin;;C:\play-2.0\play-2.0;C:\WINDOWS\system32\config\systemprofile\.dnx\bin;C:\Program Files\Microsoft DNX\Dnvm\;C:\Program Files (x86)\Skype\Phone\;C:\Program Files (x86)\Microsoft SQL Server\130\Tools\Binn\ManagementStudio\;C:\Program Files (x86)\Microsoft SQL Server\130\Tools\Binn\;C:\Program Files (x86)\Microsoft SQL Server\Client SDK\ODBC\110\Tools\Binn\;C:\Program Files (x86)\Microsoft SQL Server\130\DTS\Binn\;C:\Program Files\Microsoft SQL Server\Client SDK\ODBC\110\Tools\Binn\;C:\Program Files (x86)\Microsoft SQL Server\120\Tools\Binn\;C:\Program Files\Microsoft SQL Server\120\DTS\Binn\;C:\Program Files (x86)\Microsoft SDKs\TypeScript\1.0\;C:\WINDOWS\system32;C:\WINDOWS;C:\WINDOWS\System32\Wbem;C:\WINDOWS\System32\WindowsPowerShell\v1.0\;C:\Ruby22-x64\bin
USERNAME=Christopher
OS=Windows_NT
PROCESSOR_IDENTIFIER=Intel64 Family 6 Model 58 Stepping 9, GenuineIntel



---------------  S Y S T E M  ---------------

OS: Windows 10.0 , 64 bit Build 10586 (10.0.10586.0)

CPU:total 8 (4 cores per cpu, 2 threads per core) family 6 model 58 stepping 9, cmov, cx8, fxsr, mmx, sse, sse2, sse3, ssse3, sse4.1, sse4.2, popcnt, avx, aes, clmul, erms, ht, tsc, tscinvbit, tscinv

Memory: 4k page, physical 16659540k(5316088k free), swap 16659540k(168764k free)

vm_info: Java HotSpot(TM) 64-Bit Server VM (25.40-b25) for windows-amd64 JRE (1.8.0_40-b26), built on Mar  7 2015 13:51:59 by "java_re" with MS VC++ 10.0 (VS2010)

time: Wed May 25 23:42:48 2016
elapsed time: 0 seconds (0d 0h 0m 0s)

