#
# There is insufficient memory for the Java Runtime Environment to continue.
# Native memory allocation (malloc) failed to allocate 888256 bytes for Chunk::new
# Possible reasons:
#   The system is out of physical RAM or swap space
#   In 32 bit mode, the process size limit was hit
# Possible solutions:
#   Reduce memory load on the system
#   Increase physical memory or swap space
#   Check if swap backing store is full
#   Use 64 bit Java on a 64 bit OS
#   Decrease Java heap size (-Xmx/-Xms)
#   Decrease number of Java threads
#   Decrease Java thread stack sizes (-Xss)
#   Set larger code cache with -XX:ReservedCodeCacheSize=
# This output file may be truncated or incomplete.
#
#  Out of Memory Error (allocation.cpp:390), pid=12444, tid=6864
#
# JRE version: Java(TM) SE Runtime Environment (8.0_40-b26) (build 1.8.0_40-b26)
# Java VM: Java HotSpot(TM) 64-Bit Server VM (25.40-b25 mixed mode windows-amd64 compressed oops)
# Failed to write core dump. Minidumps are not enabled by default on client versions of Windows
#

---------------  T H R E A D  ---------------

Current thread (0x0000000016edb000):  JavaThread "C2 CompilerThread2" daemon [_thread_in_native, id=6864, stack(0x0000000017670000,0x0000000017770000)]

Stack: [0x0000000017670000,0x0000000017770000]
Native frames: (J=compiled Java code, j=interpreted, Vv=VM code, C=native code)
V  [jvm.dll+0x32b47a]
V  [jvm.dll+0x2797f3]
V  [jvm.dll+0x27a489]
V  [jvm.dll+0x2717a5]
V  [jvm.dll+0xcb9a2]
V  [jvm.dll+0xcbe6c]
V  [jvm.dll+0x476ea2]
V  [jvm.dll+0x4b950f]
V  [jvm.dll+0x46b6b5]
V  [jvm.dll+0x46ccbe]
V  [jvm.dll+0x4500d2]
V  [jvm.dll+0xa4312]
V  [jvm.dll+0xa4c4f]
V  [jvm.dll+0x241914]
V  [jvm.dll+0x29848a]
C  [msvcr100.dll+0x21d9f]
C  [msvcr100.dll+0x21e3b]
C  [KERNEL32.DLL+0x18102]
C  [ntdll.dll+0x5c5b4]


Current CompileTask:
C2:   2974 1682       4       com.android.dx.ssa.SCCP::simulateBlock (54 bytes)


---------------  P R O C E S S  ---------------

Java Threads: ( => current thread )
  0x0000000017176000 JavaThread "pool-2-thread-4" [_thread_blocked, id=8148, stack(0x0000000017e70000,0x0000000017f70000)]
  0x0000000017175800 JavaThread "pool-2-thread-3" [_thread_blocked, id=13820, stack(0x0000000017d70000,0x0000000017e70000)]
  0x0000000017170800 JavaThread "pool-2-thread-2" [_thread_blocked, id=13392, stack(0x0000000017c70000,0x0000000017d70000)]
  0x0000000017166800 JavaThread "pool-3-thread-1" [_thread_blocked, id=12780, stack(0x0000000017b70000,0x0000000017c70000)]
  0x000000001715f800 JavaThread "pool-2-thread-1" [_thread_blocked, id=1188, stack(0x0000000017a70000,0x0000000017b70000)]
  0x0000000016f28000 JavaThread "Service Thread" daemon [_thread_blocked, id=9756, stack(0x0000000017870000,0x0000000017970000)]
  0x0000000016efb800 JavaThread "C1 CompilerThread3" daemon [_thread_blocked, id=4724, stack(0x0000000017770000,0x0000000017870000)]
=>0x0000000016edb000 JavaThread "C2 CompilerThread2" daemon [_thread_in_native, id=6864, stack(0x0000000017670000,0x0000000017770000)]
  0x0000000016e9a800 JavaThread "C2 CompilerThread1" daemon [_thread_in_native, id=9452, stack(0x0000000017570000,0x0000000017670000)]
  0x0000000016e97000 JavaThread "C2 CompilerThread0" daemon [_thread_in_native, id=4648, stack(0x0000000017470000,0x0000000017570000)]
  0x0000000016e94800 JavaThread "Attach Listener" daemon [_thread_blocked, id=9872, stack(0x0000000017370000,0x0000000017470000)]
  0x0000000016e93800 JavaThread "Signal Dispatcher" daemon [_thread_blocked, id=684, stack(0x0000000017270000,0x0000000017370000)]
  0x0000000002384800 JavaThread "Finalizer" daemon [_thread_blocked, id=7000, stack(0x0000000016d70000,0x0000000016e70000)]
  0x0000000002383000 JavaThread "Reference Handler" daemon [_thread_blocked, id=8648, stack(0x0000000016c70000,0x0000000016d70000)]
  0x000000000098d800 JavaThread "main" [_thread_blocked, id=1716, stack(0x0000000002190000,0x0000000002290000)]

Other Threads:
  0x0000000014ea8800 VMThread [stack: 0x0000000016b70000,0x0000000016c70000] [id=12996]
  0x0000000016f29000 WatcherThread [stack: 0x0000000017970000,0x0000000017a70000] [id=4192]

VM state:not at safepoint (normal execution)

VM Mutex/Monitor currently owned by a thread: None

Heap:
 PSYoungGen      total 76288K, used 34941K [0x00000000eab00000, 0x00000000f4000000, 0x0000000100000000)
  eden space 65536K, 37% used [0x00000000eab00000,0x00000000ec336c18,0x00000000eeb00000)
  from space 10752K, 94% used [0x00000000eeb00000,0x00000000ef4e8960,0x00000000ef580000)
  to   space 10752K, 0% used [0x00000000f3580000,0x00000000f3580000,0x00000000f4000000)
 ParOldGen       total 175104K, used 0K [0x00000000c0000000, 0x00000000cab00000, 0x00000000eab00000)
  object space 175104K, 0% used [0x00000000c0000000,0x00000000c0000000,0x00000000cab00000)
 Metaspace       used 6185K, capacity 7092K, committed 7296K, reserved 1056768K
  class space    used 604K, capacity 620K, committed 640K, reserved 1048576K

Card table byte_map: [0x0000000011750000,0x0000000011960000] byte_map_base: 0x0000000011150000

Marking Bits: (ParMarkBitMap*) 0x0000000070f24040
 Begin Bits: [0x00000000122c0000, 0x00000000132c0000)
 End Bits:   [0x00000000132c0000, 0x00000000142c0000)

Polling page: 0x0000000000970000

CodeCache: size=245760Kb used=7162Kb max_used=7177Kb free=238598Kb
 bounds [0x0000000002390000, 0x0000000002aa0000, 0x0000000011390000]
 total_blobs=1957 nmethods=1688 adapters=182
 compilation: enabled

Compilation events (10 events):
Event: 2.939 Thread 0x0000000016efb800 1717       2       com.android.dx.ssa.back.FirstFitLocalCombiningAllocator::access$100 (5 bytes)
Event: 2.940 Thread 0x0000000016efb800 nmethod 1717 0x0000000002a8bf10 code [0x0000000002a8c060, 0x0000000002a8c1b0]
Event: 2.940 Thread 0x0000000016efb800 1718       2       com.android.dx.rop.code.CstInsn::contentEquals (31 bytes)
Event: 2.940 Thread 0x0000000016efb800 nmethod 1718 0x0000000002a8a590 code [0x0000000002a8a700, 0x0000000002a8a918]
Event: 2.941 Thread 0x0000000016edb000 nmethod 1699 0x0000000002a96550 code [0x0000000002a96880, 0x0000000002a98358]
Event: 2.941 Thread 0x0000000016edb000 1682       4       com.android.dx.ssa.SCCP::simulateBlock (54 bytes)
Event: 2.942 Thread 0x0000000016efb800 1719       2       com.android.dx.cf.attrib.InnerClassList::get (9 bytes)
Event: 2.942 Thread 0x0000000016efb800 nmethod 1719 0x0000000002a8bb50 code [0x0000000002a8bcc0, 0x0000000002a8be68]
Event: 2.943 Thread 0x0000000016efb800 1720       2       java.util.concurrent.locks.AbstractQueuedSynchronizer::acquire (27 bytes)
Event: 2.943 Thread 0x0000000016efb800 nmethod 1720 0x0000000002a8b690 code [0x0000000002a8b820, 0x0000000002a8ba38]

GC Heap History (2 events):
Event: 1.855 GC heap before
{Heap before GC invocations=1 (full 0):
 PSYoungGen      total 76288K, used 65536K [0x00000000eab00000, 0x00000000f0000000, 0x0000000100000000)
  eden space 65536K, 100% used [0x00000000eab00000,0x00000000eeb00000,0x00000000eeb00000)
  from space 10752K, 0% used [0x00000000ef580000,0x00000000ef580000,0x00000000f0000000)
  to   space 10752K, 0% used [0x00000000eeb00000,0x00000000eeb00000,0x00000000ef580000)
 ParOldGen       total 175104K, used 0K [0x00000000c0000000, 0x00000000cab00000, 0x00000000eab00000)
  object space 175104K, 0% used [0x00000000c0000000,0x00000000c0000000,0x00000000cab00000)
 Metaspace       used 6121K, capacity 7092K, committed 7296K, reserved 1056768K
  class space    used 604K, capacity 620K, committed 640K, reserved 1048576K
Event: 2.101 GC heap after
Heap after GC invocations=1 (full 0):
 PSYoungGen      total 76288K, used 10146K [0x00000000eab00000, 0x00000000f4000000, 0x0000000100000000)
  eden space 65536K, 0% used [0x00000000eab00000,0x00000000eab00000,0x00000000eeb00000)
  from space 10752K, 94% used [0x00000000eeb00000,0x00000000ef4e8960,0x00000000ef580000)
  to   space 10752K, 0% used [0x00000000f3580000,0x00000000f3580000,0x00000000f4000000)
 ParOldGen       total 175104K, used 0K [0x00000000c0000000, 0x00000000cab00000, 0x00000000eab00000)
  object space 175104K, 0% used [0x00000000c0000000,0x00000000c0000000,0x00000000cab00000)
 Metaspace       used 6121K, capacity 7092K, committed 7296K, reserved 1056768K
  class space    used 604K, capacity 620K, committed 640K, reserved 1048576K
}

Deoptimization events (10 events):
Event: 2.452 Thread 0x0000000017176000 Uncommon trap: reason=bimorphic action=maybe_recompile pc=0x000000000299c32c method=com.android.dx.cf.code.BytecodeArray.parseInstruction(ILcom/android/dx/cf/code/BytecodeArray$Visitor;)I @ 2281
Event: 2.786 Thread 0x000000001715f800 Uncommon trap: reason=unstable_if action=reinterpret pc=0x0000000002a2a4f8 method=com.android.dx.cf.code.Merger.isPossiblyAssignableFrom(Lcom/android/dx/rop/type/TypeBearer;Lcom/android/dx/rop/type/TypeBearer;)Z @ 131
Event: 2.834 Thread 0x0000000017176000 Uncommon trap: reason=bimorphic action=maybe_recompile pc=0x00000000029c0f20 method=com.android.dx.ssa.SCCP.simulatePhi(Lcom/android/dx/ssa/PhiInsn;)V @ 124
Event: 2.851 Thread 0x0000000017176000 Uncommon trap: reason=unstable_if action=reinterpret pc=0x00000000028f627c method=java.util.HashMap.putVal(ILjava/lang/Object;Ljava/lang/Object;ZZ)Ljava/lang/Object; @ 162
Event: 2.860 Thread 0x0000000017176000 Uncommon trap: reason=bimorphic action=maybe_recompile pc=0x00000000029c0f20 method=com.android.dx.ssa.SCCP.simulatePhi(Lcom/android/dx/ssa/PhiInsn;)V @ 124
Event: 2.880 Thread 0x000000001715f800 Uncommon trap: reason=null_check action=make_not_entrant pc=0x000000000267a29c method=com.android.dx.ssa.SsaRenamer.getLocalForNewReg(I)Lcom/android/dx/rop/code/LocalItem; @ 19
Event: 2.918 Thread 0x000000000098d800 Uncommon trap: reason=bimorphic action=maybe_recompile pc=0x00000000029c0f20 method=com.android.dx.ssa.SCCP.simulatePhi(Lcom/android/dx/ssa/PhiInsn;)V @ 124
Event: 2.927 Thread 0x000000001715f800 Uncommon trap: reason=bimorphic action=maybe_recompile pc=0x00000000029c0f20 method=com.android.dx.ssa.SCCP.simulatePhi(Lcom/android/dx/ssa/PhiInsn;)V @ 124
Event: 2.929 Thread 0x000000001715f800 Uncommon trap: reason=unstable_if action=reinterpret pc=0x0000000002a30ab4 method=com.android.dx.rop.code.RegisterSpecSet.localItemToSpec(Lcom/android/dx/rop/code/LocalItem;)Lcom/android/dx/rop/code/RegisterSpec; @ 35
Event: 2.937 Thread 0x000000001715f800 Uncommon trap: reason=unstable_if action=reinterpret pc=0x00000000029ba258 method=com.android.dx.rop.code.RegisterSpecSet.localItemToSpec(Lcom/android/dx/rop/code/LocalItem;)Lcom/android/dx/rop/code/RegisterSpec; @ 35

Internal exceptions (6 events):
Event: 0.057 Thread 0x000000000098d800 Exception <a 'java/lang/NoSuchMethodError': Method sun.misc.Unsafe.defineClass(Ljava/lang/String;[BII)Ljava/lang/Class; name or signature does not match> (0x00000000eab0db98) thrown at [D:\re\workspace\8-2-build-windows-amd64-cygwin\jdk8u40\3098\hotspot\sr|$æ ­?
Event: 0.057 Thread 0x000000000098d800 Exception <a 'java/lang/NoSuchMethodError': Method sun.misc.Unsafe.prefetchRead(Ljava/lang/Object;J)V name or signature does not match> (0x00000000eab0de28) thrown at [D:\re\workspace\8-2-build-windows-amd64-cygwin\jdk8u40\3098\hotspot\src\share\vm\prims\j2Wà|ëø?
Event: 1.557 Thread 0x000000001715f800 Exception <a 'java/lang/ArrayIndexOutOfBoundsException': 18> (0x00000000ed9c7548) thrown at [D:\re\workspace\8-2-build-windows-amd64-cygwin\jdk8u40\3098\hotspot\src\share\vm\interpreter\interpreterRuntime.cpp, line 366]
Event: 1.563 Thread 0x000000001715f800 Exception <a 'java/lang/ArrayIndexOutOfBoundsException'> (0x00000000ed9c9018) thrown at [D:\re\workspace\8-2-build-windows-amd64-cygwin\jdk8u40\3098\hotspot\src\share\vm\runtime\sharedRuntime.cpp, line 605]
Event: 1.564 Thread 0x000000001715f800 Exception <a 'java/lang/ArrayIndexOutOfBoundsException'> (0x00000000ed9ca250) thrown at [D:\re\workspace\8-2-build-windows-amd64-cygwin\jdk8u40\3098\hotspot\src\share\vm\runtime\sharedRuntime.cpp, line 605]
Event: 2.880 Thread 0x000000001715f800 Implicit null exception at 0x00000000026780b4 to 0x000000000267a255

Events (10 events):
Event: 2.918 Thread 0x000000000098d800 DEOPT UNPACKING pc=0x00000000023d582a sp=0x000000000228e298 mode 2
Event: 2.927 Thread 0x000000001715f800 Uncommon trap: trap_request=0xffffffc6 fr.pc=0x00000000029c0f20
Event: 2.927 Thread 0x000000001715f800 DEOPT PACKING pc=0x00000000029c0f20 sp=0x0000000017b6ea10
Event: 2.927 Thread 0x000000001715f800 DEOPT UNPACKING pc=0x00000000023d582a sp=0x0000000017b6e9d8 mode 2
Event: 2.929 Thread 0x000000001715f800 Uncommon trap: trap_request=0xffffff65 fr.pc=0x0000000002a30ab4
Event: 2.929 Thread 0x000000001715f800 DEOPT PACKING pc=0x0000000002a30ab4 sp=0x0000000017b6eb10
Event: 2.929 Thread 0x000000001715f800 DEOPT UNPACKING pc=0x00000000023d582a sp=0x0000000017b6ea88 mode 2
Event: 2.937 Thread 0x000000001715f800 Uncommon trap: trap_request=0xffffff65 fr.pc=0x00000000029ba258
Event: 2.937 Thread 0x000000001715f800 DEOPT PACKING pc=0x00000000029ba258 sp=0x0000000017b6e9a0
Event: 2.937 Thread 0x000000001715f800 DEOPT UNPACKING pc=0x00000000023d582a sp=0x0000000017b6e940 mode 2


Dynamic libraries:
0x00007ff6966a0000 - 0x00007ff6966d7000 	C:\Program Files\Java\jdk1.8.0_40\bin\java.exe
0x00007ffe053d0000 - 0x00007ffe05591000 	C:\WINDOWS\SYSTEM32\ntdll.dll
0x00007ffe02b20000 - 0x00007ffe02bcd000 	C:\WINDOWS\system32\KERNEL32.DLL
0x00007ffe02350000 - 0x00007ffe02538000 	C:\WINDOWS\system32\KERNELBASE.dll
0x00007ffe02980000 - 0x00007ffe02a27000 	C:\WINDOWS\system32\ADVAPI32.dll
0x00007ffe04910000 - 0x00007ffe049ad000 	C:\WINDOWS\system32\msvcrt.dll
0x00007ffe049b0000 - 0x00007ffe04a0b000 	C:\WINDOWS\system32\sechost.dll
0x00007ffe050b0000 - 0x00007ffe051cc000 	C:\WINDOWS\system32\RPCRT4.dll
0x00007ffe04a10000 - 0x00007ffe04b66000 	C:\WINDOWS\system32\USER32.dll
0x00007ffe05240000 - 0x00007ffe053c6000 	C:\WINDOWS\system32\GDI32.dll
0x00007ffdea7f0000 - 0x00007ffdeaa64000 	C:\WINDOWS\WinSxS\amd64_microsoft.windows.common-controls_6595b64144ccf1df_6.0.10586.0_none_8c15ae12515e1c22\COMCTL32.dll
0x00007ffe02bd0000 - 0x00007ffe02e4d000 	C:\WINDOWS\system32\combase.dll
0x00007ffe01b50000 - 0x00007ffe01bba000 	C:\WINDOWS\system32\bcryptPrimitives.dll
0x00007ffe04c40000 - 0x00007ffe04c7b000 	C:\WINDOWS\system32\IMM32.DLL
0x00000000702a0000 - 0x0000000070372000 	C:\Program Files\Java\jdk1.8.0_40\jre\bin\msvcr100.dll
0x0000000070720000 - 0x0000000070fa3000 	C:\Program Files\Java\jdk1.8.0_40\jre\bin\server\jvm.dll
0x00007ffe02b10000 - 0x00007ffe02b18000 	C:\WINDOWS\system32\PSAPI.DLL
0x00007ffdf6c70000 - 0x00007ffdf6c79000 	C:\WINDOWS\SYSTEM32\WSOCK32.dll
0x00007ffe051d0000 - 0x00007ffe0523b000 	C:\WINDOWS\system32\WS2_32.dll
0x00007ffe00010000 - 0x00007ffe00033000 	C:\WINDOWS\SYSTEM32\WINMM.dll
0x00007ffdfd290000 - 0x00007ffdfd29a000 	C:\WINDOWS\SYSTEM32\VERSION.dll
0x00007ffdffcd0000 - 0x00007ffdffcfc000 	C:\WINDOWS\SYSTEM32\WINMMBASE.dll
0x00007ffe01a80000 - 0x00007ffe01ac3000 	C:\WINDOWS\system32\cfgmgr32.dll
0x0000000070710000 - 0x000000007071f000 	C:\Program Files\Java\jdk1.8.0_40\jre\bin\verify.dll
0x00000000706e0000 - 0x0000000070709000 	C:\Program Files\Java\jdk1.8.0_40\jre\bin\java.dll
0x00000000706c0000 - 0x00000000706d6000 	C:\Program Files\Java\jdk1.8.0_40\jre\bin\zip.dll
0x00007ffe02fc0000 - 0x00007ffe0451c000 	C:\WINDOWS\system32\SHELL32.dll
0x00007ffe01d00000 - 0x00007ffe02345000 	C:\WINDOWS\system32\windows.storage.dll
0x00007ffe04800000 - 0x00007ffe04852000 	C:\WINDOWS\system32\shlwapi.dll
0x00007ffe01a10000 - 0x00007ffe01a1f000 	C:\WINDOWS\system32\kernel.appcore.dll
0x00007ffe02710000 - 0x00007ffe027c5000 	C:\WINDOWS\system32\shcore.dll
0x00007ffe01a30000 - 0x00007ffe01a7b000 	C:\WINDOWS\system32\powrprof.dll
0x00007ffe019f0000 - 0x00007ffe01a04000 	C:\WINDOWS\system32\profapi.dll
0x00007ffdd3850000 - 0x00007ffdd39dc000 	C:\WINDOWS\SYSTEM32\dbghelp.dll

VM Arguments:
jvm_args: -Djava.awt.headless=true -Xmx1024M -Dfile.encoding=windows-1252 -Duser.country=US -Duser.language=en -Duser.variant 
java_command: com.android.dx.command.Main --dex --force-jumbo --num-threads=4 --multi-dex --output C:\Users\Christopher\Shopping_List_App\Shopping_List_App\app\build\intermediates\transforms\dex\debug\folders\1000\10\com.android.support-support-v4-23.0.1_25d2379f11dc95b19fe93218349c1025b321f447 C:\Users\Christopher\Shopping_List_App\Shopping_List_App\app\build\intermediates\exploded-aar\com.android.support\support-v4\23.0.1\jars\classes.jar
java_class_path (initial): C:\Users\Christopher\AppData\Local\Android\sdk\build-tools\23.0.1\lib\dx.jar
Launcher Type: SUN_STANDARD

Environment Variables:
PATH=C:\Program Files (x86)\NVIDIA Corporation\PhysX\Common;C:\Python34\;C:\Python34\Scripts;C:\ProgramData\Oracle\Java\javapath;C:\WINDOWS\system32;C:\WINDOWS;C:\WINDOWS\System32\Wbem;C:\WINDOWS\System32\WindowsPowerShell\v1.0\;C:\Program Files (x86)\ATI Technologies\ATI.ACE\Core-Static;C:\Program Files\Microsoft\Web Platform Installer\;C:\Program Files (x86)\Microsoft ASP.NET\ASP.NET Web Pages\v1.0\;C:\Program Files\Microsoft SQL Server\110\Tools\Binn\;C:\Program Files\Microsoft SQL Server\120\Tools\Binn\;C:\Program Files\TortoiseSVN\bin;C:\Program Files (x86)\AMD\ATI.ACE\Core-Static;C:\Program Files (x86)\scala\bin;C:\Program Files\Java\jdk1.8.0_40\bin;;C:\play-2.0\play-2.0;C:\WINDOWS\system32\config\systemprofile\.dnx\bin;C:\Program Files\Microsoft DNX\Dnvm\;C:\Program Files (x86)\Skype\Phone\;C:\Program Files (x86)\Microsoft SQL Server\130\Tools\Binn\ManagementStudio\;C:\Program Files (x86)\Microsoft SQL Server\130\Tools\Binn\;C:\Program Files (x86)\Microsoft SQL Server\Client SDK\ODBC\110\Tools\Binn\;C:\Program Files (x86)\Microsoft SQL Server\130\DTS\Binn\;C:\Program Files\Microsoft SQL Server\Client SDK\ODBC\110\Tools\Binn\;C:\Program Files (x86)\Microsoft SQL Server\120\Tools\Binn\;C:\Program Files\Microsoft SQL Server\120\DTS\Binn\;C:\Program Files (x86)\Microsoft SDKs\TypeScript\1.0\;C:\WINDOWS\system32;C:\WINDOWS;C:\WINDOWS\System32\Wbem;C:\WINDOWS\System32\WindowsPowerShell\v1.0\;C:\Ruby22-x64\bin
USERNAME=Christopher
OS=Windows_NT
PROCESSOR_IDENTIFIER=Intel64 Family 6 Model 58 Stepping 9, GenuineIntel



---------------  S Y S T E M  ---------------

OS: Windows 10.0 , 64 bit Build 10586 (10.0.10586.0)

CPU:total 8 (4 cores per cpu, 2 threads per core) family 6 model 58 stepping 9, cmov, cx8, fxsr, mmx, sse, sse2, sse3, ssse3, sse4.1, sse4.2, popcnt, avx, aes, clmul, erms, ht, tsc, tscinvbit, tscinv

Memory: 4k page, physical 16659540k(4966608k free), swap 16659540k(4100k free)

vm_info: Java HotSpot(TM) 64-Bit Server VM (25.40-b25) for windows-amd64 JRE (1.8.0_40-b26), built on Mar  7 2015 13:51:59 by "java_re" with MS VC++ 10.0 (VS2010)

time: Sun May 15 14:23:49 2016
elapsed time: 2 seconds (0d 0h 0m 2s)

