#
# There is insufficient memory for the Java Runtime Environment to continue.
# Native memory allocation (malloc) failed to allocate 1515056 bytes for Chunk::new
# Possible reasons:
#   The system is out of physical RAM or swap space
#   In 32 bit mode, the process size limit was hit
# Possible solutions:
#   Reduce memory load on the system
#   Increase physical memory or swap space
#   Check if swap backing store is full
#   Use 64 bit Java on a 64 bit OS
#   Decrease Java heap size (-Xmx/-Xms)
#   Decrease number of Java threads
#   Decrease Java thread stack sizes (-Xss)
#   Set larger code cache with -XX:ReservedCodeCacheSize=
# This output file may be truncated or incomplete.
#
#  Out of Memory Error (allocation.cpp:390), pid=14672, tid=10700
#
# JRE version: Java(TM) SE Runtime Environment (8.0_40-b26) (build 1.8.0_40-b26)
# Java VM: Java HotSpot(TM) 64-Bit Server VM (25.40-b25 mixed mode windows-amd64 compressed oops)
# Failed to write core dump. Minidumps are not enabled by default on client versions of Windows
#

---------------  T H R E A D  ---------------

Current thread (0x0000000016e27000):  JavaThread "C2 CompilerThread0" daemon [_thread_in_native, id=10700, stack(0x0000000017400000,0x0000000017500000)]

Stack: [0x0000000017400000,0x0000000017500000]
Native frames: (J=compiled Java code, j=interpreted, Vv=VM code, C=native code)
V  [jvm.dll+0x32b47a]
V  [jvm.dll+0x2797f3]
V  [jvm.dll+0x27a489]
V  [jvm.dll+0x2717a5]
V  [jvm.dll+0xcb9a2]
V  [jvm.dll+0xcbe6c]
V  [jvm.dll+0x476ea2]
V  [jvm.dll+0x4b950f]
V  [jvm.dll+0x46b6b5]
V  [jvm.dll+0x46ccbe]
V  [jvm.dll+0x4500d2]
V  [jvm.dll+0xa4312]
V  [jvm.dll+0xa4c4f]
V  [jvm.dll+0x241914]
V  [jvm.dll+0x29848a]
C  [msvcr100.dll+0x21d9f]
C  [msvcr100.dll+0x21e3b]
C  [KERNEL32.DLL+0x18102]
C  [ntdll.dll+0x5c5b4]


Current CompileTask:
C2:   1423 1144   !   4       com.android.dx.cf.code.BytecodeArray::parseInstruction (2764 bytes)


---------------  P R O C E S S  ---------------

Java Threads: ( => current thread )
  0x000000001708b800 JavaThread "pool-2-thread-4" [_thread_in_Java, id=14120, stack(0x0000000017e00000,0x0000000017f00000)]
  0x0000000017003000 JavaThread "pool-2-thread-3" [_thread_blocked, id=10212, stack(0x0000000017d00000,0x0000000017e00000)]
  0x0000000017002000 JavaThread "pool-2-thread-2" [_thread_in_Java, id=6528, stack(0x0000000017c00000,0x0000000017d00000)]
  0x0000000016feb000 JavaThread "pool-3-thread-1" [_thread_blocked, id=14208, stack(0x0000000017b00000,0x0000000017c00000)]
  0x0000000016fea800 JavaThread "pool-2-thread-1" [_thread_in_Java, id=2312, stack(0x0000000017a00000,0x0000000017b00000)]
  0x0000000016e9d800 JavaThread "Service Thread" daemon [_thread_blocked, id=10556, stack(0x0000000017800000,0x0000000017900000)]
  0x0000000016e33800 JavaThread "C1 CompilerThread3" daemon [_thread_blocked, id=4968, stack(0x0000000017700000,0x0000000017800000)]
  0x0000000016e2e800 JavaThread "C2 CompilerThread2" daemon [_thread_in_native, id=15220, stack(0x0000000017600000,0x0000000017700000)]
  0x0000000016e2a800 JavaThread "C2 CompilerThread1" daemon [_thread_in_native, id=12132, stack(0x0000000017500000,0x0000000017600000)]
=>0x0000000016e27000 JavaThread "C2 CompilerThread0" daemon [_thread_in_native, id=10700, stack(0x0000000017400000,0x0000000017500000)]
  0x0000000016e24800 JavaThread "Attach Listener" daemon [_thread_blocked, id=15028, stack(0x0000000017300000,0x0000000017400000)]
  0x0000000016e23800 JavaThread "Signal Dispatcher" daemon [_thread_blocked, id=14448, stack(0x0000000017200000,0x0000000017300000)]
  0x00000000022ea000 JavaThread "Finalizer" daemon [_thread_blocked, id=7988, stack(0x0000000016cf0000,0x0000000016df0000)]
  0x00000000022e3000 JavaThread "Reference Handler" daemon [_thread_blocked, id=8216, stack(0x0000000016bf0000,0x0000000016cf0000)]
  0x00000000021bd800 JavaThread "main" [_thread_blocked, id=6488, stack(0x00000000020a0000,0x00000000021a0000)]

Other Threads:
  0x0000000014e28800 VMThread [stack: 0x0000000016af0000,0x0000000016bf0000] [id=10500]
  0x0000000016e9e800 WatcherThread [stack: 0x0000000017900000,0x0000000017a00000] [id=10428]

VM state:not at safepoint (normal execution)

VM Mutex/Monitor currently owned by a thread: None

Heap:
 PSYoungGen      total 76288K, used 41946K [0x00000000eab00000, 0x00000000f0000000, 0x0000000100000000)
  eden space 65536K, 64% used [0x00000000eab00000,0x00000000ed3f6878,0x00000000eeb00000)
  from space 10752K, 0% used [0x00000000ef580000,0x00000000ef580000,0x00000000f0000000)
  to   space 10752K, 0% used [0x00000000eeb00000,0x00000000eeb00000,0x00000000ef580000)
 ParOldGen       total 175104K, used 0K [0x00000000c0000000, 0x00000000cab00000, 0x00000000eab00000)
  object space 175104K, 0% used [0x00000000c0000000,0x00000000c0000000,0x00000000cab00000)
 Metaspace       used 5729K, capacity 6832K, committed 7040K, reserved 1056768K
  class space    used 574K, capacity 616K, committed 640K, reserved 1048576K

Card table byte_map: [0x00000000116b0000,0x00000000118c0000] byte_map_base: 0x00000000110b0000

Marking Bits: (ParMarkBitMap*) 0x0000000070f24040
 Begin Bits: [0x0000000012220000, 0x0000000013220000)
 End Bits:   [0x0000000013220000, 0x0000000014220000)

Polling page: 0x00000000021a0000

CodeCache: size=245760Kb used=4659Kb max_used=4659Kb free=241100Kb
 bounds [0x00000000022f0000, 0x0000000002780000, 0x00000000112f0000]
 total_blobs=1458 nmethods=1189 adapters=181
 compilation: disabled (not enough contiguous free space left)

Compilation events (10 events):
Event: 1.407 Thread 0x0000000016e33800 nmethod 1191 0x000000000276ad90 code [0x000000000276af40, 0x000000000276b688]
Event: 1.407 Thread 0x0000000016e33800 1192       3       com.android.dx.ssa.back.SsaToRop::convertBasicBlocks (151 bytes)
Event: 1.412 Thread 0x0000000016e33800 nmethod 1192 0x000000000276b9d0 code [0x000000000276bce0, 0x000000000276d5b8]
Event: 1.412 Thread 0x0000000016e33800 1194       3       com.android.dx.util.Hex::u2 (44 bytes)
Event: 1.413 Thread 0x0000000016e33800 nmethod 1194 0x000000000276e390 code [0x000000000276e540, 0x000000000276ebb8]
Event: 1.413 Thread 0x0000000016e33800 1196       3       com.android.dx.rop.cst.CstKnownNull::equals (5 bytes)
Event: 1.413 Thread 0x0000000016e33800 nmethod 1196 0x000000000275e090 code [0x000000000275e1e0, 0x000000000275e430]
Event: 1.413 Thread 0x0000000016e33800 1197       3       com.android.dx.cf.code.OneLocalsArray::set (10 bytes)
Event: 1.413 Thread 0x0000000016e33800 nmethod 1197 0x000000000276ee90 code [0x000000000276f000, 0x000000000276f248]
Event: 1.413 Thread 0x0000000016e33800 1193       3       com.android.dx.rop.cst.CstFieldRef::compareTo0 (43 bytes)

GC Heap History (0 events):
No events

Deoptimization events (10 events):
Event: 0.839 Thread 0x0000000017003000 Uncommon trap: reason=unstable_if action=reinterpret pc=0x00000000025204f4 method=java.util.BitSet.ensureCapacity(I)V @ 6
Event: 0.876 Thread 0x0000000017002000 Uncommon trap: reason=class_check action=maybe_recompile pc=0x000000000255eb80 method=com.android.dx.ssa.NormalSsaInsn.accept(Lcom/android/dx/ssa/SsaInsn$Visitor;)V @ 9
Event: 1.073 Thread 0x0000000017003000 Uncommon trap: reason=null_check action=make_not_entrant pc=0x0000000002571060 method=com.android.dx.rop.type.Type.equals(Ljava/lang/Object;)Z @ 8
Event: 1.226 Thread 0x000000001708b800 Uncommon trap: reason=class_check action=maybe_recompile pc=0x000000000255eb80 method=com.android.dx.ssa.NormalSsaInsn.accept(Lcom/android/dx/ssa/SsaInsn$Visitor;)V @ 9
Event: 1.383 Thread 0x0000000016fea800 Uncommon trap: reason=bimorphic action=maybe_recompile pc=0x00000000027193c0 method=com.android.dx.cf.code.BytecodeArray.parseInstruction(ILcom/android/dx/cf/code/BytecodeArray$Visitor;)I @ 955
Event: 1.383 Thread 0x0000000016fea800 Uncommon trap: reason=bimorphic action=maybe_recompile pc=0x0000000002719240 method=com.android.dx.cf.code.BytecodeArray.parseInstruction(ILcom/android/dx/cf/code/BytecodeArray$Visitor;)I @ 907
Event: 1.383 Thread 0x0000000016fea800 Uncommon trap: reason=bimorphic action=maybe_recompile pc=0x00000000027192c0 method=com.android.dx.cf.code.BytecodeArray.parseInstruction(ILcom/android/dx/cf/code/BytecodeArray$Visitor;)I @ 923
Event: 1.383 Thread 0x0000000016fea800 Uncommon trap: reason=bimorphic action=maybe_recompile pc=0x00000000027192c0 method=com.android.dx.cf.code.BytecodeArray.parseInstruction(ILcom/android/dx/cf/code/BytecodeArray$Visitor;)I @ 923
Event: 1.413 Thread 0x000000001708b800 Uncommon trap: reason=class_check action=maybe_recompile pc=0x000000000255eb80 method=com.android.dx.ssa.NormalSsaInsn.accept(Lcom/android/dx/ssa/SsaInsn$Visitor;)V @ 9
Event: 1.413 Thread 0x000000001708b800 Uncommon trap: reason=class_check action=maybe_recompile pc=0x000000000255eb80 method=com.android.dx.ssa.NormalSsaInsn.accept(Lcom/android/dx/ssa/SsaInsn$Visitor;)V @ 9

Internal exceptions (3 events):
Event: 0.044 Thread 0x00000000021bd800 Exception <a 'java/lang/NoSuchMethodError': Method sun.misc.Unsafe.defineClass(Ljava/lang/String;[BII)Ljava/lang/Class; name or signature does not match> (0x00000000eab0db80) thrown at [D:\re\workspace\8-2-build-windows-amd64-cygwin\jdk8u40\3098\hotspot\srF‰~š?R¦?
Event: 0.044 Thread 0x00000000021bd800 Exception <a 'java/lang/NoSuchMethodError': Method sun.misc.Unsafe.prefetchRead(Ljava/lang/Object;J)V name or signature does not match> (0x00000000eab0de10) thrown at [D:\re\workspace\8-2-build-windows-amd64-cygwin\jdk8u40\3098\hotspot\src\share\vm\prims\jê„<ß,ñ?
Event: 1.073 Thread 0x0000000017003000 Implicit null exception at 0x0000000002570f62 to 0x0000000002571052

Events (10 events):
Event: 1.383 Thread 0x0000000016fea800 DEOPT PACKING pc=0x00000000027192c0 sp=0x0000000017afe760
Event: 1.383 Thread 0x0000000016fea800 DEOPT UNPACKING pc=0x000000000233582a sp=0x0000000017afe6e8 mode 2
Event: 1.401 Thread 0x000000001708b800 DEOPT PACKING pc=0x0000000002601e65 sp=0x0000000017efe540
Event: 1.401 Thread 0x000000001708b800 DEOPT UNPACKING pc=0x000000000233787f sp=0x0000000017efe320 mode 0
Event: 1.413 Thread 0x000000001708b800 Uncommon trap: trap_request=0xffffffde fr.pc=0x000000000255eb80
Event: 1.413 Thread 0x000000001708b800 DEOPT PACKING pc=0x000000000255eb80 sp=0x0000000017efe680
Event: 1.413 Thread 0x000000001708b800 DEOPT UNPACKING pc=0x000000000233582a sp=0x0000000017efe5e0 mode 2
Event: 1.413 Thread 0x000000001708b800 Uncommon trap: trap_request=0xffffffde fr.pc=0x000000000255eb80
Event: 1.413 Thread 0x000000001708b800 DEOPT PACKING pc=0x000000000255eb80 sp=0x0000000017efe680
Event: 1.413 Thread 0x000000001708b800 DEOPT UNPACKING pc=0x000000000233582a sp=0x0000000017efe5e0 mode 2


Dynamic libraries:
0x00007ff6966a0000 - 0x00007ff6966d7000 	C:\Program Files\Java\jdk1.8.0_40\bin\java.exe
0x00007ffe053d0000 - 0x00007ffe05591000 	C:\WINDOWS\SYSTEM32\ntdll.dll
0x00007ffe02b20000 - 0x00007ffe02bcd000 	C:\WINDOWS\system32\KERNEL32.DLL
0x00007ffe02350000 - 0x00007ffe02538000 	C:\WINDOWS\system32\KERNELBASE.dll
0x00007ffe02980000 - 0x00007ffe02a27000 	C:\WINDOWS\system32\ADVAPI32.dll
0x00007ffe04910000 - 0x00007ffe049ad000 	C:\WINDOWS\system32\msvcrt.dll
0x00007ffe049b0000 - 0x00007ffe04a0b000 	C:\WINDOWS\system32\sechost.dll
0x00007ffe050b0000 - 0x00007ffe051cc000 	C:\WINDOWS\system32\RPCRT4.dll
0x00007ffe04a10000 - 0x00007ffe04b66000 	C:\WINDOWS\system32\USER32.dll
0x00007ffe05240000 - 0x00007ffe053c6000 	C:\WINDOWS\system32\GDI32.dll
0x00007ffdea7f0000 - 0x00007ffdeaa64000 	C:\WINDOWS\WinSxS\amd64_microsoft.windows.common-controls_6595b64144ccf1df_6.0.10586.0_none_8c15ae12515e1c22\COMCTL32.dll
0x00007ffe02bd0000 - 0x00007ffe02e4d000 	C:\WINDOWS\system32\combase.dll
0x00007ffe01b50000 - 0x00007ffe01bba000 	C:\WINDOWS\system32\bcryptPrimitives.dll
0x00007ffe04c40000 - 0x00007ffe04c7b000 	C:\WINDOWS\system32\IMM32.DLL
0x00000000702a0000 - 0x0000000070372000 	C:\Program Files\Java\jdk1.8.0_40\jre\bin\msvcr100.dll
0x0000000070720000 - 0x0000000070fa3000 	C:\Program Files\Java\jdk1.8.0_40\jre\bin\server\jvm.dll
0x00007ffe02b10000 - 0x00007ffe02b18000 	C:\WINDOWS\system32\PSAPI.DLL
0x00007ffdf6c70000 - 0x00007ffdf6c79000 	C:\WINDOWS\SYSTEM32\WSOCK32.dll
0x00007ffe051d0000 - 0x00007ffe0523b000 	C:\WINDOWS\system32\WS2_32.dll
0x00007ffe00010000 - 0x00007ffe00033000 	C:\WINDOWS\SYSTEM32\WINMM.dll
0x00007ffdfd290000 - 0x00007ffdfd29a000 	C:\WINDOWS\SYSTEM32\VERSION.dll
0x00007ffdffcd0000 - 0x00007ffdffcfc000 	C:\WINDOWS\SYSTEM32\WINMMBASE.dll
0x00007ffe01a80000 - 0x00007ffe01ac3000 	C:\WINDOWS\system32\cfgmgr32.dll
0x0000000070710000 - 0x000000007071f000 	C:\Program Files\Java\jdk1.8.0_40\jre\bin\verify.dll
0x00000000706e0000 - 0x0000000070709000 	C:\Program Files\Java\jdk1.8.0_40\jre\bin\java.dll
0x00000000706c0000 - 0x00000000706d6000 	C:\Program Files\Java\jdk1.8.0_40\jre\bin\zip.dll
0x00007ffe02fc0000 - 0x00007ffe0451c000 	C:\WINDOWS\system32\SHELL32.dll
0x00007ffe01d00000 - 0x00007ffe02345000 	C:\WINDOWS\system32\windows.storage.dll
0x00007ffe04800000 - 0x00007ffe04852000 	C:\WINDOWS\system32\shlwapi.dll
0x00007ffe01a10000 - 0x00007ffe01a1f000 	C:\WINDOWS\system32\kernel.appcore.dll
0x00007ffe02710000 - 0x00007ffe027c5000 	C:\WINDOWS\system32\shcore.dll
0x00007ffe01a30000 - 0x00007ffe01a7b000 	C:\WINDOWS\system32\powrprof.dll
0x00007ffe019f0000 - 0x00007ffe01a04000 	C:\WINDOWS\system32\profapi.dll
0x00007ffdd3850000 - 0x00007ffdd39dc000 	C:\WINDOWS\SYSTEM32\dbghelp.dll

VM Arguments:
jvm_args: -Djava.awt.headless=true -Xmx1024M -Dfile.encoding=windows-1252 -Duser.country=US -Duser.language=en -Duser.variant 
java_command: com.android.dx.command.Main --dex --force-jumbo --num-threads=4 --multi-dex --output C:\Users\Christopher\Shopping_List_App\Shopping_List_App\app\build\intermediates\transforms\dex\debug\folders\1000\10\json-20090211_1_93927cdbd7737edf073fdd7786bc43cb6a6f61d9 C:\Users\Christopher\.gradle\caches\modules-2\files-2.1\org.apache.geronimo.bundles\json\20090211_1\dd3e57b26450cd682f5991c537ab44ba1fbbdb54\json-20090211_1.jar
java_class_path (initial): C:\Users\Christopher\AppData\Local\Android\sdk\build-tools\23.0.1\lib\dx.jar
Launcher Type: SUN_STANDARD

Environment Variables:
PATH=C:\Program Files (x86)\NVIDIA Corporation\PhysX\Common;C:\Python34\;C:\Python34\Scripts;C:\ProgramData\Oracle\Java\javapath;C:\WINDOWS\system32;C:\WINDOWS;C:\WINDOWS\System32\Wbem;C:\WINDOWS\System32\WindowsPowerShell\v1.0\;C:\Program Files (x86)\ATI Technologies\ATI.ACE\Core-Static;C:\Program Files\Microsoft\Web Platform Installer\;C:\Program Files (x86)\Microsoft ASP.NET\ASP.NET Web Pages\v1.0\;C:\Program Files\Microsoft SQL Server\110\Tools\Binn\;C:\Program Files\Microsoft SQL Server\120\Tools\Binn\;C:\Program Files\TortoiseSVN\bin;C:\Program Files (x86)\AMD\ATI.ACE\Core-Static;C:\Program Files (x86)\scala\bin;C:\Program Files\Java\jdk1.8.0_40\bin;;C:\play-2.0\play-2.0;C:\WINDOWS\system32\config\systemprofile\.dnx\bin;C:\Program Files\Microsoft DNX\Dnvm\;C:\Program Files (x86)\Skype\Phone\;C:\Program Files (x86)\Microsoft SQL Server\130\Tools\Binn\ManagementStudio\;C:\Program Files (x86)\Microsoft SQL Server\130\Tools\Binn\;C:\Program Files (x86)\Microsoft SQL Server\Client SDK\ODBC\110\Tools\Binn\;C:\Program Files (x86)\Microsoft SQL Server\130\DTS\Binn\;C:\Program Files\Microsoft SQL Server\Client SDK\ODBC\110\Tools\Binn\;C:\Program Files (x86)\Microsoft SQL Server\120\Tools\Binn\;C:\Program Files\Microsoft SQL Server\120\DTS\Binn\;C:\Program Files (x86)\Microsoft SDKs\TypeScript\1.0\;C:\WINDOWS\system32;C:\WINDOWS;C:\WINDOWS\System32\Wbem;C:\WINDOWS\System32\WindowsPowerShell\v1.0\;C:\Ruby22-x64\bin
USERNAME=Christopher
OS=Windows_NT
PROCESSOR_IDENTIFIER=Intel64 Family 6 Model 58 Stepping 9, GenuineIntel



---------------  S Y S T E M  ---------------

OS: Windows 10.0 , 64 bit Build 10586 (10.0.10586.0)

CPU:total 8 (4 cores per cpu, 2 threads per core) family 6 model 58 stepping 9, cmov, cx8, fxsr, mmx, sse, sse2, sse3, ssse3, sse4.1, sse4.2, popcnt, avx, aes, clmul, erms, ht, tsc, tscinvbit, tscinv

Memory: 4k page, physical 16659540k(4966276k free), swap 16659540k(5140k free)

vm_info: Java HotSpot(TM) 64-Bit Server VM (25.40-b25) for windows-amd64 JRE (1.8.0_40-b26), built on Mar  7 2015 13:51:59 by "java_re" with MS VC++ 10.0 (VS2010)

time: Sun May 15 14:23:25 2016
elapsed time: 1 seconds (0d 0h 0m 1s)

