#
# There is insufficient memory for the Java Runtime Environment to continue.
# Native memory allocation (malloc) failed to allocate 67216 bytes for Chunk::new
# Possible reasons:
#   The system is out of physical RAM or swap space
#   In 32 bit mode, the process size limit was hit
# Possible solutions:
#   Reduce memory load on the system
#   Increase physical memory or swap space
#   Check if swap backing store is full
#   Use 64 bit Java on a 64 bit OS
#   Decrease Java heap size (-Xmx/-Xms)
#   Decrease number of Java threads
#   Decrease Java thread stack sizes (-Xss)
#   Set larger code cache with -XX:ReservedCodeCacheSize=
# This output file may be truncated or incomplete.
#
#  Out of Memory Error (allocation.cpp:390), pid=424, tid=10856
#
# JRE version: Java(TM) SE Runtime Environment (8.0_40-b26) (build 1.8.0_40-b26)
# Java VM: Java HotSpot(TM) 64-Bit Server VM (25.40-b25 mixed mode windows-amd64 compressed oops)
# Failed to write core dump. Minidumps are not enabled by default on client versions of Windows
#

---------------  T H R E A D  ---------------

Current thread (0x0000000016d47000):  JavaThread "C2 CompilerThread0" daemon [_thread_in_native, id=10856, stack(0x0000000017320000,0x0000000017420000)]

Stack: [0x0000000017320000,0x0000000017420000]
Native frames: (J=compiled Java code, j=interpreted, Vv=VM code, C=native code)
V  [jvm.dll+0x32b47a]
V  [jvm.dll+0x2797f3]
V  [jvm.dll+0x27a489]
V  [jvm.dll+0x2717a5]
V  [jvm.dll+0xcb9a2]
V  [jvm.dll+0xcbe6c]
V  [jvm.dll+0xcc1c4]
V  [jvm.dll+0xeac85]
V  [jvm.dll+0x4b098c]
V  [jvm.dll+0x4b8b92]
V  [jvm.dll+0x4b8ec3]
V  [jvm.dll+0x4b902d]
V  [jvm.dll+0x4b9789]
V  [jvm.dll+0x46b6b5]
V  [jvm.dll+0x46ccbe]
V  [jvm.dll+0x4500d2]
V  [jvm.dll+0xa4312]
V  [jvm.dll+0xa4c4f]
V  [jvm.dll+0x241914]
V  [jvm.dll+0x29848a]
C  [msvcr100.dll+0x21d9f]
C  [msvcr100.dll+0x21e3b]
C  [KERNEL32.DLL+0x18102]
C  [ntdll.dll+0x5c5b4]


Current CompileTask:
C2:   1675 1514       4       com.android.dx.ssa.LocalVariableExtractor::processBlock (383 bytes)


---------------  P R O C E S S  ---------------

Java Threads: ( => current thread )
  0x0000000017050000 JavaThread "pool-2-thread-4" [_thread_in_Java, id=11268, stack(0x0000000017d20000,0x0000000017e20000)]
  0x000000001701f000 JavaThread "pool-2-thread-3" [_thread_in_Java, id=14180, stack(0x0000000017c20000,0x0000000017d20000)]
  0x000000001701e800 JavaThread "pool-2-thread-2" [_thread_in_Java, id=9976, stack(0x0000000017b20000,0x0000000017c20000)]
  0x0000000017014800 JavaThread "pool-3-thread-1" [_thread_blocked, id=13088, stack(0x0000000017a20000,0x0000000017b20000)]
  0x0000000017012000 JavaThread "pool-2-thread-1" [_thread_in_Java, id=11496, stack(0x0000000017920000,0x0000000017a20000)]
  0x0000000016dd8000 JavaThread "Service Thread" daemon [_thread_blocked, id=10576, stack(0x0000000017720000,0x0000000017820000)]
  0x0000000016da3800 JavaThread "C1 CompilerThread3" daemon [_thread_in_native, id=14708, stack(0x0000000017620000,0x0000000017720000)]
  0x0000000016d9d800 JavaThread "C2 CompilerThread2" daemon [_thread_in_native, id=13388, stack(0x0000000017520000,0x0000000017620000)]
  0x0000000016d4a800 JavaThread "C2 CompilerThread1" daemon [_thread_in_native, id=10124, stack(0x0000000017420000,0x0000000017520000)]
=>0x0000000016d47000 JavaThread "C2 CompilerThread0" daemon [_thread_in_native, id=10856, stack(0x0000000017320000,0x0000000017420000)]
  0x0000000016d44800 JavaThread "Attach Listener" daemon [_thread_blocked, id=13320, stack(0x0000000017220000,0x0000000017320000)]
  0x0000000014d51000 JavaThread "Signal Dispatcher" daemon [_thread_blocked, id=4600, stack(0x0000000017120000,0x0000000017220000)]
  0x0000000002224000 JavaThread "Finalizer" daemon [_thread_blocked, id=15220, stack(0x0000000016c20000,0x0000000016d20000)]
  0x0000000002223000 JavaThread "Reference Handler" daemon [_thread_blocked, id=13888, stack(0x0000000016b20000,0x0000000016c20000)]
  0x0000000001ffd800 JavaThread "main" [_thread_in_Java, id=14088, stack(0x0000000001ec0000,0x0000000001fc0000)]

Other Threads:
  0x0000000014d48800 VMThread [stack: 0x0000000016a20000,0x0000000016b20000] [id=13904]
  0x0000000016dd9000 WatcherThread [stack: 0x0000000017820000,0x0000000017920000] [id=8764]

VM state:not at safepoint (normal execution)

VM Mutex/Monitor currently owned by a thread: None

Heap:
 PSYoungGen      total 76288K, used 33305K [0x00000000eab00000, 0x00000000f4000000, 0x0000000100000000)
  eden space 65536K, 34% used [0x00000000eab00000,0x00000000ec10af30,0x00000000eeb00000)
  from space 10752K, 99% used [0x00000000eeb00000,0x00000000ef57b8a0,0x00000000ef580000)
  to   space 10752K, 0% used [0x00000000f3580000,0x00000000f3580000,0x00000000f4000000)
 ParOldGen       total 175104K, used 1430K [0x00000000c0000000, 0x00000000cab00000, 0x00000000eab00000)
  object space 175104K, 0% used [0x00000000c0000000,0x00000000c0165ba8,0x00000000cab00000)
 Metaspace       used 6038K, capacity 7088K, committed 7296K, reserved 1056768K
  class space    used 582K, capacity 616K, committed 640K, reserved 1048576K

Card table byte_map: [0x00000000115f0000,0x0000000011800000] byte_map_base: 0x0000000010ff0000

Marking Bits: (ParMarkBitMap*) 0x0000000070f24040
 Begin Bits: [0x0000000012160000, 0x0000000013160000)
 End Bits:   [0x0000000013160000, 0x0000000014160000)

Polling page: 0x0000000000580000

CodeCache: size=245760Kb used=6451Kb max_used=6451Kb free=239308Kb
 bounds [0x0000000002230000, 0x0000000002890000, 0x0000000011230000]
 total_blobs=1824 nmethods=1554 adapters=182
 compilation: enabled

Compilation events (10 events):
Event: 1.599 Thread 0x0000000016da3800 1568       3       com.android.dx.rop.cst.CstNat::equals (48 bytes)
Event: 1.600 Thread 0x0000000016da3800 nmethod 1568 0x000000000286b7d0 code [0x000000000286b9a0, 0x000000000286c398]
Event: 1.600 Thread 0x0000000016da3800 1569       3       com.android.dx.dex.file.AnnotationItem::<init> (41 bytes)
Event: 1.600 Thread 0x0000000016da3800 nmethod 1569 0x000000000286c610 code [0x000000000286c7c0, 0x000000000286cdd8]
Event: 1.625 Thread 0x0000000016d4a800 nmethod 1488 0x0000000002871d90 code [0x0000000002872440, 0x00000000028760d8]
Event: 1.625 Thread 0x0000000016d4a800 1555       4       com.android.dx.cf.code.RopperMachine::jopToRopOpcode (1103 bytes)
Event: 1.638 Thread 0x0000000016d4a800 nmethod 1555 0x000000000286e110 code [0x000000000286ea80, 0x000000000286f378]
Event: 1.639 Thread 0x0000000016d4a800 1543       4       java.util.TreeMap::getEntry (84 bytes)
Event: 1.640 Thread 0x0000000016d4a800 nmethod 1543 0x0000000002870490 code [0x00000000028705e0, 0x0000000002870738]
Event: 1.640 Thread 0x0000000016d4a800 1518       4       com.android.dx.ssa.back.LivenessAnalyzer::run (231 bytes)

GC Heap History (2 events):
Event: 1.426 GC heap before
{Heap before GC invocations=1 (full 0):
 PSYoungGen      total 76288K, used 65536K [0x00000000eab00000, 0x00000000f0000000, 0x0000000100000000)
  eden space 65536K, 100% used [0x00000000eab00000,0x00000000eeb00000,0x00000000eeb00000)
  from space 10752K, 0% used [0x00000000ef580000,0x00000000ef580000,0x00000000f0000000)
  to   space 10752K, 0% used [0x00000000eeb00000,0x00000000eeb00000,0x00000000ef580000)
 ParOldGen       total 175104K, used 0K [0x00000000c0000000, 0x00000000cab00000, 0x00000000eab00000)
  object space 175104K, 0% used [0x00000000c0000000,0x00000000c0000000,0x00000000cab00000)
 Metaspace       used 6007K, capacity 7024K, committed 7296K, reserved 1056768K
  class space    used 581K, capacity 616K, committed 640K, reserved 1048576K
Event: 1.528 GC heap after
Heap after GC invocations=1 (full 0):
 PSYoungGen      total 76288K, used 10734K [0x00000000eab00000, 0x00000000f4000000, 0x0000000100000000)
  eden space 65536K, 0% used [0x00000000eab00000,0x00000000eab00000,0x00000000eeb00000)
  from space 10752K, 99% used [0x00000000eeb00000,0x00000000ef57b8a0,0x00000000ef580000)
  to   space 10752K, 0% used [0x00000000f3580000,0x00000000f3580000,0x00000000f4000000)
 ParOldGen       total 175104K, used 1430K [0x00000000c0000000, 0x00000000cab00000, 0x00000000eab00000)
  object space 175104K, 0% used [0x00000000c0000000,0x00000000c0165ba8,0x00000000cab00000)
 Metaspace       used 6007K, capacity 7024K, committed 7296K, reserved 1056768K
  class space    used 581K, capacity 616K, committed 640K, reserved 1048576K
}

Deoptimization events (8 events):
Event: 0.464 Thread 0x000000001701e800 Uncommon trap: reason=unstable_if action=reinterpret pc=0x0000000002469a14 method=java.util.HashMap.getNode(ILjava/lang/Object;)Ljava/util/HashMap$Node; @ 129
Event: 0.480 Thread 0x000000001701e800 Uncommon trap: reason=unstable_if action=reinterpret pc=0x0000000002481430 method=java.util.BitSet.nextSetBit(I)I @ 87
Event: 0.621 Thread 0x0000000017012000 Uncommon trap: reason=null_check action=make_not_entrant pc=0x000000000256099c method=com.android.dx.ssa.SsaRenamer.getLocalForNewReg(I)Lcom/android/dx/rop/code/LocalItem; @ 19
Event: 0.835 Thread 0x0000000017050000 Uncommon trap: reason=unstable_if action=reinterpret pc=0x0000000002503690 method=com.android.dx.rop.code.RegisterSpec.equals(ILcom/android/dx/rop/type/TypeBearer;Lcom/android/dx/rop/code/LocalItem;)Z @ 42
Event: 0.842 Thread 0x0000000017050000 Uncommon trap: reason=unstable_if action=reinterpret pc=0x0000000002495e5c method=com.android.dx.rop.cst.Constant.compareTo(Lcom/android/dx/rop/cst/Constant;)I @ 12
Event: 0.858 Thread 0x000000001701e800 Uncommon trap: reason=unstable_if action=reinterpret pc=0x00000000025b136c method=com.android.dx.rop.code.RegisterSpecSet.put(Lcom/android/dx/rop/code/RegisterSpec;)V @ 77
Event: 0.858 Thread 0x000000001701e800 Uncommon trap: reason=unstable_if action=reinterpret pc=0x000000000263276c method=com.android.dx.rop.code.RegisterSpecSet.put(Lcom/android/dx/rop/code/RegisterSpec;)V @ 77
Event: 1.604 Thread 0x0000000001ffd800 Uncommon trap: reason=class_check action=maybe_recompile pc=0x00000000028041bc method=com.android.dx.ssa.SCCP.simulatePhi(Lcom/android/dx/ssa/PhiInsn;)V @ 124

Internal exceptions (3 events):
Event: 0.053 Thread 0x0000000001ffd800 Exception <a 'java/lang/NoSuchMethodError': Method sun.misc.Unsafe.defineClass(Ljava/lang/String;[BII)Ljava/lang/Class; name or signature does not match> (0x00000000eab0dba8) thrown at [D:\re\workspace\8-2-build-windows-amd64-cygwin\jdk8u40\3098\hotspot\srYN!¼c«?
Event: 0.053 Thread 0x0000000001ffd800 Exception <a 'java/lang/NoSuchMethodError': Method sun.misc.Unsafe.prefetchRead(Ljava/lang/Object;J)V name or signature does not match> (0x00000000eab0de38) thrown at [D:\re\workspace\8-2-build-windows-amd64-cygwin\jdk8u40\3098\hotspot\src\share\vm\prims\j6•cp~áã?
Event: 0.621 Thread 0x0000000017012000 Implicit null exception at 0x000000000255dacc to 0x0000000002560959

Events (10 events):
Event: 0.858 Thread 0x000000001701e800 Uncommon trap: trap_request=0xffffff65 fr.pc=0x000000000263276c
Event: 0.858 Thread 0x000000001701e800 DEOPT PACKING pc=0x000000000263276c sp=0x0000000017c1e620
Event: 0.858 Thread 0x000000001701e800 DEOPT UNPACKING pc=0x000000000227582a sp=0x0000000017c1e540 mode 2
Event: 1.405 Executing VM operation: ParallelGCFailedAllocation
Event: 1.528 Executing VM operation: ParallelGCFailedAllocation done
Event: 1.604 Thread 0x0000000001ffd800 Uncommon trap: trap_request=0xffffffde fr.pc=0x00000000028041bc
Event: 1.604 Thread 0x0000000001ffd800 DEOPT PACKING pc=0x00000000028041bc sp=0x0000000001fbe7c0
Event: 1.604 Thread 0x0000000001ffd800 DEOPT UNPACKING pc=0x000000000227582a sp=0x0000000001fbe748 mode 2
Event: 1.622 loading class com/android/dx/cf/attrib/AttAnnotationDefault
Event: 1.622 loading class com/android/dx/cf/attrib/AttAnnotationDefault done


Dynamic libraries:
0x00007ff6966a0000 - 0x00007ff6966d7000 	C:\Program Files\Java\jdk1.8.0_40\bin\java.exe
0x00007ffe053d0000 - 0x00007ffe05591000 	C:\WINDOWS\SYSTEM32\ntdll.dll
0x00007ffe02b20000 - 0x00007ffe02bcd000 	C:\WINDOWS\system32\KERNEL32.DLL
0x00007ffe02350000 - 0x00007ffe02538000 	C:\WINDOWS\system32\KERNELBASE.dll
0x00007ffe02980000 - 0x00007ffe02a27000 	C:\WINDOWS\system32\ADVAPI32.dll
0x00007ffe04910000 - 0x00007ffe049ad000 	C:\WINDOWS\system32\msvcrt.dll
0x00007ffe049b0000 - 0x00007ffe04a0b000 	C:\WINDOWS\system32\sechost.dll
0x00007ffe050b0000 - 0x00007ffe051cc000 	C:\WINDOWS\system32\RPCRT4.dll
0x00007ffe04a10000 - 0x00007ffe04b66000 	C:\WINDOWS\system32\USER32.dll
0x00007ffe05240000 - 0x00007ffe053c6000 	C:\WINDOWS\system32\GDI32.dll
0x00007ffdea7f0000 - 0x00007ffdeaa64000 	C:\WINDOWS\WinSxS\amd64_microsoft.windows.common-controls_6595b64144ccf1df_6.0.10586.0_none_8c15ae12515e1c22\COMCTL32.dll
0x00007ffe02bd0000 - 0x00007ffe02e4d000 	C:\WINDOWS\system32\combase.dll
0x00007ffe01b50000 - 0x00007ffe01bba000 	C:\WINDOWS\system32\bcryptPrimitives.dll
0x00007ffe04c40000 - 0x00007ffe04c7b000 	C:\WINDOWS\system32\IMM32.DLL
0x00000000702a0000 - 0x0000000070372000 	C:\Program Files\Java\jdk1.8.0_40\jre\bin\msvcr100.dll
0x0000000070720000 - 0x0000000070fa3000 	C:\Program Files\Java\jdk1.8.0_40\jre\bin\server\jvm.dll
0x00007ffe02b10000 - 0x00007ffe02b18000 	C:\WINDOWS\system32\PSAPI.DLL
0x00007ffdf6c70000 - 0x00007ffdf6c79000 	C:\WINDOWS\SYSTEM32\WSOCK32.dll
0x00007ffe051d0000 - 0x00007ffe0523b000 	C:\WINDOWS\system32\WS2_32.dll
0x00007ffe00010000 - 0x00007ffe00033000 	C:\WINDOWS\SYSTEM32\WINMM.dll
0x00007ffdfd290000 - 0x00007ffdfd29a000 	C:\WINDOWS\SYSTEM32\VERSION.dll
0x00007ffdffcd0000 - 0x00007ffdffcfc000 	C:\WINDOWS\SYSTEM32\WINMMBASE.dll
0x00007ffe01a80000 - 0x00007ffe01ac3000 	C:\WINDOWS\system32\cfgmgr32.dll
0x0000000070710000 - 0x000000007071f000 	C:\Program Files\Java\jdk1.8.0_40\jre\bin\verify.dll
0x00000000706e0000 - 0x0000000070709000 	C:\Program Files\Java\jdk1.8.0_40\jre\bin\java.dll
0x00000000706c0000 - 0x00000000706d6000 	C:\Program Files\Java\jdk1.8.0_40\jre\bin\zip.dll
0x00007ffe02fc0000 - 0x00007ffe0451c000 	C:\WINDOWS\system32\SHELL32.dll
0x00007ffe01d00000 - 0x00007ffe02345000 	C:\WINDOWS\system32\windows.storage.dll
0x00007ffe04800000 - 0x00007ffe04852000 	C:\WINDOWS\system32\shlwapi.dll
0x00007ffe01a10000 - 0x00007ffe01a1f000 	C:\WINDOWS\system32\kernel.appcore.dll
0x00007ffe02710000 - 0x00007ffe027c5000 	C:\WINDOWS\system32\shcore.dll
0x00007ffe01a30000 - 0x00007ffe01a7b000 	C:\WINDOWS\system32\powrprof.dll
0x00007ffe019f0000 - 0x00007ffe01a04000 	C:\WINDOWS\system32\profapi.dll
0x00007ffdd3850000 - 0x00007ffdd39dc000 	C:\WINDOWS\SYSTEM32\dbghelp.dll

VM Arguments:
jvm_args: -Djava.awt.headless=true -Xmx1024M -Dfile.encoding=windows-1252 -Duser.country=US -Duser.language=en -Duser.variant 
java_command: com.android.dx.command.Main --dex --force-jumbo --num-threads=4 --multi-dex --output C:\Users\Christopher\Shopping_List_App\Shopping_List_App\app\build\intermediates\transforms\dex\debug\folders\1000\10\jackson-databind-2.7.3_030630dbef37ac2404ea1f5569dd0196d6b0e881 C:\Users\Christopher\.gradle\caches\modules-2\files-2.1\com.fasterxml.jackson.core\jackson-databind\2.7.3\f12e6cd05cbaecd74d16e685d45b627732939e42\jackson-databind-2.7.3.jar
java_class_path (initial): C:\Users\Christopher\AppData\Local\Android\sdk\build-tools\23.0.1\lib\dx.jar
Launcher Type: SUN_STANDARD

Environment Variables:
PATH=C:\Program Files (x86)\NVIDIA Corporation\PhysX\Common;C:\Python34\;C:\Python34\Scripts;C:\ProgramData\Oracle\Java\javapath;C:\WINDOWS\system32;C:\WINDOWS;C:\WINDOWS\System32\Wbem;C:\WINDOWS\System32\WindowsPowerShell\v1.0\;C:\Program Files (x86)\ATI Technologies\ATI.ACE\Core-Static;C:\Program Files\Microsoft\Web Platform Installer\;C:\Program Files (x86)\Microsoft ASP.NET\ASP.NET Web Pages\v1.0\;C:\Program Files\Microsoft SQL Server\110\Tools\Binn\;C:\Program Files\Microsoft SQL Server\120\Tools\Binn\;C:\Program Files\TortoiseSVN\bin;C:\Program Files (x86)\AMD\ATI.ACE\Core-Static;C:\Program Files (x86)\scala\bin;C:\Program Files\Java\jdk1.8.0_40\bin;;C:\play-2.0\play-2.0;C:\WINDOWS\system32\config\systemprofile\.dnx\bin;C:\Program Files\Microsoft DNX\Dnvm\;C:\Program Files (x86)\Skype\Phone\;C:\Program Files (x86)\Microsoft SQL Server\130\Tools\Binn\ManagementStudio\;C:\Program Files (x86)\Microsoft SQL Server\130\Tools\Binn\;C:\Program Files (x86)\Microsoft SQL Server\Client SDK\ODBC\110\Tools\Binn\;C:\Program Files (x86)\Microsoft SQL Server\130\DTS\Binn\;C:\Program Files\Microsoft SQL Server\Client SDK\ODBC\110\Tools\Binn\;C:\Program Files (x86)\Microsoft SQL Server\120\Tools\Binn\;C:\Program Files\Microsoft SQL Server\120\DTS\Binn\;C:\Program Files (x86)\Microsoft SDKs\TypeScript\1.0\;C:\WINDOWS\system32;C:\WINDOWS;C:\WINDOWS\System32\Wbem;C:\WINDOWS\System32\WindowsPowerShell\v1.0\;C:\Ruby22-x64\bin
USERNAME=Christopher
OS=Windows_NT
PROCESSOR_IDENTIFIER=Intel64 Family 6 Model 58 Stepping 9, GenuineIntel



---------------  S Y S T E M  ---------------

OS: Windows 10.0 , 64 bit Build 10586 (10.0.10586.0)

CPU:total 8 (4 cores per cpu, 2 threads per core) family 6 model 58 stepping 9, cmov, cx8, fxsr, mmx, sse, sse2, sse3, ssse3, sse4.1, sse4.2, popcnt, avx, aes, clmul, erms, ht, tsc, tscinvbit, tscinv

Memory: 4k page, physical 16659540k(4575920k free), swap 16659540k(6296k free)

vm_info: Java HotSpot(TM) 64-Bit Server VM (25.40-b25) for windows-amd64 JRE (1.8.0_40-b26), built on Mar  7 2015 13:51:59 by "java_re" with MS VC++ 10.0 (VS2010)

time: Sun May 15 11:35:22 2016
elapsed time: 1 seconds (0d 0h 0m 1s)

