#
# There is insufficient memory for the Java Runtime Environment to continue.
# Native memory allocation (malloc) failed to allocate 632272 bytes for Chunk::new
# Possible reasons:
#   The system is out of physical RAM or swap space
#   In 32 bit mode, the process size limit was hit
# Possible solutions:
#   Reduce memory load on the system
#   Increase physical memory or swap space
#   Check if swap backing store is full
#   Use 64 bit Java on a 64 bit OS
#   Decrease Java heap size (-Xmx/-Xms)
#   Decrease number of Java threads
#   Decrease Java thread stack sizes (-Xss)
#   Set larger code cache with -XX:ReservedCodeCacheSize=
# This output file may be truncated or incomplete.
#
#  Out of Memory Error (allocation.cpp:390), pid=5980, tid=13988
#
# JRE version: Java(TM) SE Runtime Environment (8.0_40-b26) (build 1.8.0_40-b26)
# Java VM: Java HotSpot(TM) 64-Bit Server VM (25.40-b25 mixed mode windows-amd64 compressed oops)
# Failed to write core dump. Minidumps are not enabled by default on client versions of Windows
#

---------------  T H R E A D  ---------------

Current thread (0x0000000016f2b000):  JavaThread "C2 CompilerThread1" daemon [_thread_in_native, id=13988, stack(0x0000000017600000,0x0000000017700000)]

Stack: [0x0000000017600000,0x0000000017700000]
Native frames: (J=compiled Java code, j=interpreted, Vv=VM code, C=native code)
V  [jvm.dll+0x32b47a]


Current CompileTask:
C2:    685 1379       4       com.android.dx.ssa.LocalVariableExtractor::processBlock (383 bytes)


---------------  P R O C E S S  ---------------

Java Threads: ( => current thread )
  0x0000000017236000 JavaThread "pool-2-thread-4" [_thread_in_Java, id=9784, stack(0x0000000017f00000,0x0000000018000000)]
  0x00000000170e7000 JavaThread "pool-3-thread-1" [_thread_blocked, id=21836, stack(0x0000000017c00000,0x0000000017d00000)]
  0x0000000016fbd800 JavaThread "Service Thread" daemon [_thread_blocked, id=4364, stack(0x0000000017900000,0x0000000017a00000)]
  0x0000000016f32000 JavaThread "C1 CompilerThread3" daemon [_thread_blocked, id=22368, stack(0x0000000017800000,0x0000000017900000)]
  0x0000000016f2f000 JavaThread "C2 CompilerThread2" daemon [_thread_in_native, id=15308, stack(0x0000000017700000,0x0000000017800000)]
=>0x0000000016f2b000 JavaThread "C2 CompilerThread1" daemon [_thread_in_native, id=13988, stack(0x0000000017600000,0x0000000017700000)]
  0x0000000016f27800 JavaThread "C2 CompilerThread0" daemon [_thread_in_native, id=2412, stack(0x0000000017500000,0x0000000017600000)]
  0x0000000016f25800 JavaThread "Attach Listener" daemon [_thread_blocked, id=12180, stack(0x0000000017400000,0x0000000017500000)]
  0x0000000016f25000 JavaThread "Signal Dispatcher" daemon [_thread_blocked, id=3656, stack(0x0000000017300000,0x0000000017400000)]
  0x00000000023eb800 JavaThread "Finalizer" daemon [_thread_blocked, id=9192, stack(0x0000000016e00000,0x0000000016f00000)]
  0x00000000023e5000 JavaThread "Reference Handler" daemon [_thread_blocked, id=22048, stack(0x0000000016d00000,0x0000000016e00000)]
  0x00000000022ed800 JavaThread "main" [_thread_blocked, id=9448, stack(0x0000000002140000,0x0000000002240000)]

Other Threads:
  0x0000000014f08000 VMThread [stack: 0x0000000016c00000,0x0000000016d00000] [id=13836]
  0x0000000016fd2800 WatcherThread [stack: 0x0000000017a00000,0x0000000017b00000] [id=16072]

VM state:not at safepoint (normal execution)

VM Mutex/Monitor currently owned by a thread: None

Heap:
 PSYoungGen      total 76288K, used 50900K [0x00000000eab00000, 0x00000000f4000000, 0x0000000100000000)
  eden space 65536K, 61% used [0x00000000eab00000,0x00000000ed237420,0x00000000eeb00000)
  from space 10752K, 99% used [0x00000000eeb00000,0x00000000ef57df40,0x00000000ef580000)
  to   space 10752K, 0% used [0x00000000f3580000,0x00000000f3580000,0x00000000f4000000)
 ParOldGen       total 175104K, used 763K [0x00000000c0000000, 0x00000000cab00000, 0x00000000eab00000)
  object space 175104K, 0% used [0x00000000c0000000,0x00000000c00bed30,0x00000000cab00000)
 Metaspace       used 5835K, capacity 6960K, committed 7040K, reserved 1056768K
  class space    used 580K, capacity 616K, committed 640K, reserved 1048576K

Card table byte_map: [0x00000000117b0000,0x00000000119c0000] byte_map_base: 0x00000000111b0000

Marking Bits: (ParMarkBitMap*) 0x0000000076554040
 Begin Bits: [0x0000000012320000, 0x0000000013320000)
 End Bits:   [0x0000000013320000, 0x0000000014320000)

Polling page: 0x00000000008f0000

CodeCache: size=245760Kb used=5374Kb max_used=5374Kb free=240385Kb
 bounds [0x00000000023f0000, 0x0000000002940000, 0x00000000113f0000]
 total_blobs=1639 nmethods=1369 adapters=182
 compilation: enabled

Compilation events (10 events):
Event: 0.657 Thread 0x0000000016f32000 1406 %     3       com.android.dx.ssa.SCCP::run @ 53 (298 bytes)
Event: 0.658 Thread 0x0000000016f32000 nmethod 1406% 0x0000000002926a10 code [0x0000000002926de0, 0x0000000002928de8]
Event: 0.673 Thread 0x0000000016f32000 1410       3       com.android.dx.ssa.PhiInsn::mapSourceRegisters (78 bytes)
Event: 0.674 Thread 0x0000000016f32000 nmethod 1410 0x0000000002929b10 code [0x0000000002929d00, 0x000000000292a688]
Event: 0.674 Thread 0x0000000016f32000 1411 %     3       com.android.dx.ssa.SsaMethod::isRegALocal @ 38 (90 bytes)
Event: 0.674 Thread 0x0000000016f32000 nmethod 1411% 0x000000000292aad0 code [0x000000000292ace0, 0x000000000292b968]
Event: 0.674 Thread 0x0000000016f32000 1412 %     3       com.android.dx.ssa.ConstCollector::updateConstUses @ 20 (248 bytes)
Event: 0.676 Thread 0x0000000016f32000 nmethod 1412% 0x000000000292bd90 code [0x000000000292c140, 0x000000000292e738]
Event: 0.677 Thread 0x0000000016f32000 1414       3       com.android.dx.ssa.DeadCodeRemover::pruneDeadInstructions (246 bytes)
Event: 0.679 Thread 0x0000000016f32000 nmethod 1414 0x000000000292fcd0 code [0x00000000029300c0, 0x00000000029328f8]

GC Heap History (2 events):
Event: 0.482 GC heap before
{Heap before GC invocations=1 (full 0):
 PSYoungGen      total 76288K, used 65536K [0x00000000eab00000, 0x00000000f0000000, 0x0000000100000000)
  eden space 65536K, 100% used [0x00000000eab00000,0x00000000eeb00000,0x00000000eeb00000)
  from space 10752K, 0% used [0x00000000ef580000,0x00000000ef580000,0x00000000f0000000)
  to   space 10752K, 0% used [0x00000000eeb00000,0x00000000eeb00000,0x00000000ef580000)
 ParOldGen       total 175104K, used 0K [0x00000000c0000000, 0x00000000cab00000, 0x00000000eab00000)
  object space 175104K, 0% used [0x00000000c0000000,0x00000000c0000000,0x00000000cab00000)
 Metaspace       used 5734K, capacity 6896K, committed 7040K, reserved 1056768K
  class space    used 578K, capacity 616K, committed 640K, reserved 1048576K
Event: 0.491 GC heap after
Heap after GC invocations=1 (full 0):
 PSYoungGen      total 76288K, used 10743K [0x00000000eab00000, 0x00000000f4000000, 0x0000000100000000)
  eden space 65536K, 0% used [0x00000000eab00000,0x00000000eab00000,0x00000000eeb00000)
  from space 10752K, 99% used [0x00000000eeb00000,0x00000000ef57df40,0x00000000ef580000)
  to   space 10752K, 0% used [0x00000000f3580000,0x00000000f3580000,0x00000000f4000000)
 ParOldGen       total 175104K, used 763K [0x00000000c0000000, 0x00000000cab00000, 0x00000000eab00000)
  object space 175104K, 0% used [0x00000000c0000000,0x00000000c00bed30,0x00000000cab00000)
 Metaspace       used 5734K, capacity 6896K, committed 7040K, reserved 1056768K
  class space    used 578K, capacity 616K, committed 640K, reserved 1048576K
}

Deoptimization events (8 events):
Event: 0.187 Thread 0x00000000170e4800 Uncommon trap: reason=unstable_if action=reinterpret pc=0x00000000025bbe18 method=java.util.HashMap.getNode(ILjava/lang/Object;)Ljava/util/HashMap$Node; @ 129
Event: 0.226 Thread 0x0000000017236000 Uncommon trap: reason=unstable_if action=reinterpret pc=0x00000000025fbd78 method=java.util.BitSet.ensureCapacity(I)V @ 6
Event: 0.316 Thread 0x00000000170e4800 Uncommon trap: reason=class_check action=maybe_recompile pc=0x00000000026df3f0 method=com.android.dx.ssa.NormalSsaInsn.accept(Lcom/android/dx/ssa/SsaInsn$Visitor;)V @ 9
Event: 0.317 Thread 0x0000000017222000 Uncommon trap: reason=null_check action=make_not_entrant pc=0x00000000026dfe38 method=com.android.dx.ssa.SsaRenamer.getLocalForNewReg(I)Lcom/android/dx/rop/code/LocalItem; @ 19
Event: 0.330 Thread 0x00000000022ed800 Uncommon trap: reason=null_check action=make_not_entrant pc=0x000000000270775c method=com.android.dx.ssa.SsaRenamer.getLocalForNewReg(I)Lcom/android/dx/rop/code/LocalItem; @ 19
Event: 0.427 Thread 0x0000000017236000 Uncommon trap: reason=unstable_if action=reinterpret pc=0x00000000027be69c method=com.android.dx.ssa.SsaRenamer$BlockRenamer.visitMoveInsn(Lcom/android/dx/ssa/NormalSsaInsn;)V @ 104
Event: 0.434 Thread 0x00000000170e4800 Uncommon trap: reason=unstable_if action=reinterpret pc=0x00000000027c5a5c method=com.android.dx.rop.cst.Constant.compareTo(Lcom/android/dx/rop/cst/Constant;)I @ 12
Event: 0.452 Thread 0x00000000022ed800 Uncommon trap: reason=unloaded action=reinterpret pc=0x00000000025e8d08 method=com.android.dx.cf.cst.ConstantPoolParser.parse0(ILjava/util/BitSet;)Lcom/android/dx/rop/cst/Constant; @ 198

Internal exceptions (4 events):
Event: 0.025 Thread 0x00000000022ed800 Exception <a 'java/lang/NoSuchMethodError': Method sun.misc.Unsafe.defineClass(Ljava/lang/String;[BII)Ljava/lang/Class; name or signature does not match> (0x00000000eab0db40) thrown at [D:\re\workspace\8-2-build-windows-amd64-cygwin\jdk8u40\3098\hotspot\srúµXÍöÏ™?
Event: 0.025 Thread 0x00000000022ed800 Exception <a 'java/lang/NoSuchMethodError': Method sun.misc.Unsafe.prefetchRead(Ljava/lang/Object;J)V name or signature does not match> (0x00000000eab0ddd0) thrown at [D:\re\workspace\8-2-build-windows-amd64-cygwin\jdk8u40\3098\hotspot\src\share\vm\prims\j‚÷$,ÐKÔ?
Event: 0.317 Thread 0x0000000017222000 Implicit null exception at 0x00000000026dd7c9 to 0x00000000026dfe11
Event: 0.330 Thread 0x00000000022ed800 Implicit null exception at 0x0000000002705259 to 0x0000000002707711

Events (10 events):
Event: 0.671 Thread 0x0000000017236000 DEOPT PACKING pc=0x0000000002794c0f sp=0x0000000017ffecf0
Event: 0.671 Thread 0x0000000017236000 DEOPT UNPACKING pc=0x000000000243787f sp=0x0000000017ffead0 mode 0
Event: 0.673 Thread 0x0000000017236000 DEOPT PACKING pc=0x00000000027fbc2a sp=0x0000000017ffec30
Event: 0.673 Thread 0x0000000017236000 DEOPT UNPACKING pc=0x000000000243787f sp=0x0000000017ffe9c8 mode 0
Event: 0.674 Thread 0x0000000017236000 DEOPT PACKING pc=0x00000000027fbc2a sp=0x0000000017ffec30
Event: 0.674 Thread 0x0000000017236000 DEOPT UNPACKING pc=0x000000000243787f sp=0x0000000017ffe9c8 mode 0
Event: 0.677 Thread 0x0000000017236000 DEOPT PACKING pc=0x00000000027ac43b sp=0x0000000017ffed10
Event: 0.677 Thread 0x0000000017236000 DEOPT UNPACKING pc=0x000000000243787f sp=0x0000000017ffeac0 mode 0
Event: 0.678 Thread 0x0000000017236000 DEOPT PACKING pc=0x0000000002794c0f sp=0x0000000017ffebb0
Event: 0.678 Thread 0x0000000017236000 DEOPT UNPACKING pc=0x000000000243787f sp=0x0000000017ffe990 mode 0


Dynamic libraries:
0x00007ff63ab80000 - 0x00007ff63abb7000 	C:\Program Files\Java\jdk1.8.0_40\bin\java.exe
0x00007ff9656b0000 - 0x00007ff965871000 	C:\WINDOWS\SYSTEM32\ntdll.dll
0x00007ff9654a0000 - 0x00007ff96554d000 	C:\WINDOWS\system32\KERNEL32.DLL
0x00007ff961d60000 - 0x00007ff961f48000 	C:\WINDOWS\system32\KERNELBASE.dll
0x00007ff963d20000 - 0x00007ff963dc7000 	C:\WINDOWS\system32\ADVAPI32.dll
0x00007ff9633e0000 - 0x00007ff96347d000 	C:\WINDOWS\system32\msvcrt.dll
0x00007ff962ab0000 - 0x00007ff962b0b000 	C:\WINDOWS\system32\sechost.dll
0x00007ff9632c0000 - 0x00007ff9633dc000 	C:\WINDOWS\system32\RPCRT4.dll
0x00007ff965340000 - 0x00007ff965496000 	C:\WINDOWS\system32\USER32.dll
0x00007ff962fc0000 - 0x00007ff963146000 	C:\WINDOWS\system32\GDI32.dll
0x00007ff94a410000 - 0x00007ff94a684000 	C:\WINDOWS\WinSxS\amd64_microsoft.windows.common-controls_6595b64144ccf1df_6.0.10586.0_none_8c15ae12515e1c22\COMCTL32.dll
0x00007ff9639d0000 - 0x00007ff963c4d000 	C:\WINDOWS\system32\combase.dll
0x00007ff962630000 - 0x00007ff96269a000 	C:\WINDOWS\system32\bcryptPrimitives.dll
0x00007ff962e40000 - 0x00007ff962e7b000 	C:\WINDOWS\system32\IMM32.DLL
0x0000000075700000 - 0x00000000757d2000 	C:\Program Files\Java\jdk1.8.0_40\jre\bin\msvcr100.dll
0x0000000075d50000 - 0x00000000765d3000 	C:\Program Files\Java\jdk1.8.0_40\jre\bin\server\jvm.dll
0x00007ff962c20000 - 0x00007ff962c28000 	C:\WINDOWS\system32\PSAPI.DLL
0x00007ff956c70000 - 0x00007ff956c79000 	C:\WINDOWS\SYSTEM32\WSOCK32.dll
0x00007ff95d440000 - 0x00007ff95d44a000 	C:\WINDOWS\SYSTEM32\VERSION.dll
0x00007ff9602f0000 - 0x00007ff960313000 	C:\WINDOWS\SYSTEM32\WINMM.dll
0x00007ff963480000 - 0x00007ff9634eb000 	C:\WINDOWS\system32\WS2_32.dll
0x0000000002110000 - 0x000000000213c000 	C:\WINDOWS\SYSTEM32\WINMMBASE.dll
0x00007ff962a60000 - 0x00007ff962aa3000 	C:\WINDOWS\system32\cfgmgr32.dll
0x0000000050000000 - 0x000000005000f000 	C:\Program Files\Java\jdk1.8.0_40\jre\bin\verify.dll
0x0000000075d20000 - 0x0000000075d49000 	C:\Program Files\Java\jdk1.8.0_40\jre\bin\java.dll
0x0000000075d00000 - 0x0000000075d16000 	C:\Program Files\Java\jdk1.8.0_40\jre\bin\zip.dll
0x00007ff963dd0000 - 0x00007ff96532c000 	C:\WINDOWS\system32\SHELL32.dll
0x00007ff961fe0000 - 0x00007ff962625000 	C:\WINDOWS\system32\windows.storage.dll
0x00007ff962de0000 - 0x00007ff962e32000 	C:\WINDOWS\system32\shlwapi.dll
0x00007ff961d50000 - 0x00007ff961d5f000 	C:\WINDOWS\system32\kernel.appcore.dll
0x00007ff9629a0000 - 0x00007ff962a55000 	C:\WINDOWS\system32\shcore.dll
0x00007ff961cf0000 - 0x00007ff961d3b000 	C:\WINDOWS\system32\powrprof.dll
0x00007ff961cd0000 - 0x00007ff961ce4000 	C:\WINDOWS\system32\profapi.dll
0x00007ff9345a0000 - 0x00007ff93472c000 	C:\WINDOWS\SYSTEM32\dbghelp.dll

VM Arguments:
jvm_args: -Djava.awt.headless=true -Xmx1024M -Dfile.encoding=windows-1252 -Duser.country=US -Duser.language=en -Duser.variant 
java_command: com.android.dx.command.Main --dex --force-jumbo --num-threads=4 --multi-dex --output C:\Users\Christopher\Shopping_List_App\Shopping_List_App\app\build\intermediates\transforms\dex\debug\folders\1000\5\slice_9_ac36fdc49546aa134bb42cecaa75328247b38894 C:\Users\Christopher\Shopping_List_App\Shopping_List_App\app\build\intermediates\transforms\instantRunSlicer\debug\folders\1\5\slice_9
java_class_path (initial): C:\Users\Christopher\AppData\Local\Android\sdk\build-tools\23.0.1\lib\dx.jar
Launcher Type: SUN_STANDARD

Environment Variables:
PATH=C:\Python34\;C:\Python34\Scripts;C:\Program Files (x86)\NVIDIA Corporation\PhysX\Common;C:\ProgramData\Oracle\Java\javapath;C:\WINDOWS\system32;C:\WINDOWS;C:\WINDOWS\System32\Wbem;C:\WINDOWS\System32\WindowsPowerShell\v1.0\;C:\Program Files (x86)\ATI Technologies\ATI.ACE\Core-Static;C:\Program Files\Microsoft\Web Platform Installer\;C:\Program Files (x86)\Microsoft ASP.NET\ASP.NET Web Pages\v1.0\;C:\Program Files\Microsoft SQL Server\110\Tools\Binn\;C:\Program Files\Microsoft SQL Server\120\Tools\Binn\;C:\Program Files\TortoiseSVN\bin;C:\Program Files (x86)\AMD\ATI.ACE\Core-Static;C:\Program Files (x86)\scala\bin;C:\Program Files\Java\jdk1.8.0_40\bin;;C:\play-2.0\play-2.0;C:\WINDOWS\system32\config\systemprofile\.dnx\bin;C:\Program Files\Microsoft DNX\Dnvm\;C:\Program Files (x86)\Skype\Phone\;C:\Program Files (x86)\Microsoft SQL Server\130\Tools\Binn\ManagementStudio\;C:\Program Files (x86)\Microsoft SQL Server\130\Tools\Binn\;C:\Program Files (x86)\Microsoft SQL Server\Client SDK\ODBC\110\Tools\Binn\;C:\Program Files (x86)\Microsoft SQL Server\130\DTS\Binn\;C:\Program Files\Microsoft SQL Server\Client SDK\ODBC\110\Tools\Binn\;C:\Program Files (x86)\Microsoft SQL Server\120\Tools\Binn\;C:\Program Files\Microsoft SQL Server\120\DTS\Binn\;C:\Program Files (x86)\Microsoft SDKs\TypeScript\1.0\;C:\WINDOWS\system32;C:\WINDOWS;C:\WINDOWS\System32\Wbem;C:\WINDOWS\System32\WindowsPowerShell\v1.0\;C:\Ruby22-x64\bin
USERNAME=Christopher
OS=Windows_NT
PROCESSOR_IDENTIFIER=Intel64 Family 6 Model 58 Stepping 9, GenuineIntel



---------------  S Y S T E M  ---------------

OS: Windows 10.0 , 64 bit Build 10586 (10.0.10586.0)

CPU:total 8 (4 cores per cpu, 2 threads per core) family 6 model 58 stepping 9, cmov, cx8, fxsr, mmx, sse, sse2, sse3, ssse3, sse4.1, sse4.2, popcnt, avx, aes, clmul, erms, ht, tsc, tscinvbit, tscinv

Memory: 4k page, physical 16659540k(4355964k free), swap 16659540k(5140k free)

vm_info: Java HotSpot(TM) 64-Bit Server VM (25.40-b25) for windows-amd64 JRE (1.8.0_40-b26), built on Mar  7 2015 13:51:59 by "java_re" with MS VC++ 10.0 (VS2010)

time: Sat Apr 09 11:56:46 2016
elapsed time: 0 seconds (0d 0h 0m 0s)

