#
# There is insufficient memory for the Java Runtime Environment to continue.
# Native memory allocation (malloc) failed to allocate 1959936 bytes for Chunk::new
# Possible reasons:
#   The system is out of physical RAM or swap space
#   In 32 bit mode, the process size limit was hit
# Possible solutions:
#   Reduce memory load on the system
#   Increase physical memory or swap space
#   Check if swap backing store is full
#   Use 64 bit Java on a 64 bit OS
#   Decrease Java heap size (-Xmx/-Xms)
#   Decrease number of Java threads
#   Decrease Java thread stack sizes (-Xss)
#   Set larger code cache with -XX:ReservedCodeCacheSize=
# This output file may be truncated or incomplete.
#
#  Out of Memory Error (allocation.cpp:390), pid=3588, tid=8484
#
# JRE version: Java(TM) SE Runtime Environment (8.0_40-b26) (build 1.8.0_40-b26)
# Java VM: Java HotSpot(TM) 64-Bit Server VM (25.40-b25 mixed mode windows-amd64 compressed oops)
# Failed to write core dump. Minidumps are not enabled by default on client versions of Windows
#

---------------  T H R E A D  ---------------

Current thread (0x0000000016d67000):  JavaThread "C2 CompilerThread0" daemon [_thread_in_native, id=8484, stack(0x0000000017340000,0x0000000017440000)]

Stack: [0x0000000017340000,0x0000000017440000]
Native frames: (J=compiled Java code, j=interpreted, Vv=VM code, C=native code)
V  [jvm.dll+0x32b47a]
V  [jvm.dll+0x2797f3]
V  [jvm.dll+0x27a489]
V  [jvm.dll+0x2717a5]
V  [jvm.dll+0xcb9a2]
V  [jvm.dll+0xcbe6c]
V  [jvm.dll+0x476ea2]
V  [jvm.dll+0x4b950f]
V  [jvm.dll+0x46bf81]
V  [jvm.dll+0x46ccbe]
V  [jvm.dll+0x4500d2]
V  [jvm.dll+0xa4312]
V  [jvm.dll+0xa4c4f]
V  [jvm.dll+0x241914]
V  [jvm.dll+0x29848a]
C  [msvcr100.dll+0x21d9f]
C  [msvcr100.dll+0x21e3b]
C  [KERNEL32.DLL+0x18102]
C  [ntdll.dll+0x5c5b4]


Current CompileTask:
C2:   3601 2044   !   4       com.android.dx.cf.code.BytecodeArray::parseInstruction (2764 bytes)


---------------  P R O C E S S  ---------------

Java Threads: ( => current thread )
  0x0000000017050000 JavaThread "pool-2-thread-4" [_thread_in_Java, id=4776, stack(0x0000000017d40000,0x0000000017e40000)]
  0x0000000017037000 JavaThread "pool-2-thread-3" [_thread_blocked, id=7240, stack(0x0000000017c40000,0x0000000017d40000)]
  0x0000000017034800 JavaThread "pool-2-thread-2" [_thread_in_Java, id=8452, stack(0x0000000017b40000,0x0000000017c40000)]
  0x000000001702a800 JavaThread "pool-3-thread-1" [_thread_blocked, id=6988, stack(0x0000000017a40000,0x0000000017b40000)]
  0x0000000017025800 JavaThread "pool-2-thread-1" [_thread_blocked, id=9472, stack(0x0000000017940000,0x0000000017a40000)]
  0x0000000016d7a800 JavaThread "Service Thread" daemon [_thread_blocked, id=1040, stack(0x0000000017740000,0x0000000017840000)]
  0x0000000016d74000 JavaThread "C1 CompilerThread3" daemon [_thread_blocked, id=4172, stack(0x0000000017640000,0x0000000017740000)]
  0x0000000016d6e800 JavaThread "C2 CompilerThread2" daemon [_thread_in_native, id=10608, stack(0x0000000017540000,0x0000000017640000)]
  0x0000000016d6a800 JavaThread "C2 CompilerThread1" daemon [_thread_in_native, id=15152, stack(0x0000000017440000,0x0000000017540000)]
=>0x0000000016d67000 JavaThread "C2 CompilerThread0" daemon [_thread_in_native, id=8484, stack(0x0000000017340000,0x0000000017440000)]
  0x0000000016d64800 JavaThread "Attach Listener" daemon [_thread_blocked, id=7908, stack(0x0000000017240000,0x0000000017340000)]
  0x0000000016d63800 JavaThread "Signal Dispatcher" daemon [_thread_blocked, id=8496, stack(0x0000000017140000,0x0000000017240000)]
  0x0000000002234000 JavaThread "Finalizer" daemon [_thread_blocked, id=11412, stack(0x0000000016c40000,0x0000000016d40000)]
  0x0000000002233000 JavaThread "Reference Handler" daemon [_thread_blocked, id=6500, stack(0x0000000016b40000,0x0000000016c40000)]
  0x000000000213d800 JavaThread "main" [_thread_in_vm, id=8204, stack(0x0000000001ff0000,0x00000000020f0000)]

Other Threads:
  0x0000000014d58800 VMThread [stack: 0x0000000016a40000,0x0000000016b40000] [id=12456]
  0x0000000016d7b800 WatcherThread [stack: 0x0000000017840000,0x0000000017940000] [id=14956]

VM state:not at safepoint (normal execution)

VM Mutex/Monitor currently owned by a thread: None

Heap:
 PSYoungGen      total 272896K, used 82493K [0x00000000eab00000, 0x00000000fc000000, 0x0000000100000000)
  eden space 262144K, 27% used [0x00000000eab00000,0x00000000ef1110d0,0x00000000fab00000)
  from space 10752K, 99% used [0x00000000fb580000,0x00000000fbffe4e8,0x00000000fc000000)
  to   space 10752K, 0% used [0x00000000fab00000,0x00000000fab00000,0x00000000fb580000)
 ParOldGen       total 175104K, used 50830K [0x00000000c0000000, 0x00000000cab00000, 0x00000000eab00000)
  object space 175104K, 29% used [0x00000000c0000000,0x00000000c31a3bb0,0x00000000cab00000)
 Metaspace       used 6209K, capacity 7152K, committed 7296K, reserved 1056768K
  class space    used 583K, capacity 616K, committed 640K, reserved 1048576K

Card table byte_map: [0x0000000011600000,0x0000000011810000] byte_map_base: 0x0000000011000000

Marking Bits: (ParMarkBitMap*) 0x0000000070f24040
 Begin Bits: [0x0000000012170000, 0x0000000013170000)
 End Bits:   [0x0000000013170000, 0x0000000014170000)

Polling page: 0x0000000000430000

CodeCache: size=245760Kb used=8526Kb max_used=8545Kb free=237234Kb
 bounds [0x0000000002240000, 0x0000000002aa0000, 0x0000000011240000]
 total_blobs=2264 nmethods=1994 adapters=182
 compilation: enabled

Compilation events (10 events):
Event: 3.415 Thread 0x0000000016d74000 2071       2       com.android.dx.cf.direct.DirectClassFile::parse0 (901 bytes)
Event: 3.421 Thread 0x0000000016d74000 nmethod 2071 0x0000000002a85c50 code [0x0000000002a86520, 0x0000000002a89f88]
Event: 3.421 Thread 0x0000000016d74000 2072       2       java.util.concurrent.locks.ReentrantLock$FairSync::lock (6 bytes)
Event: 3.421 Thread 0x0000000016d74000 nmethod 2072 0x0000000002a7bb10 code [0x0000000002a7bca0, 0x0000000002a7beb8]
Event: 3.436 Thread 0x0000000016d74000 2073       2       com.android.dx.ssa.back.FirstFitLocalCombiningAllocator::findAnyFittingRange (189 bytes)
Event: 3.437 Thread 0x0000000016d74000 nmethod 2073 0x0000000002a8f750 code [0x0000000002a8f8e0, 0x0000000002a8fd18]
Event: 3.481 Thread 0x0000000016d6e800 nmethod 2045 0x0000000002a96290 code [0x0000000002a966a0, 0x0000000002a99ab8]
Event: 3.481 Thread 0x0000000016d6e800 2032 %     4       com.android.dx.ssa.SsaConverter::placePhiFunctions @ 131 (394 bytes)
Event: 3.533 Thread 0x0000000016d74000 2077   !   2       com.android.dx.command.dexer.Main::translateClass (65 bytes)
Event: 3.533 Thread 0x0000000016d74000 nmethod 2077 0x0000000002a959d0 code [0x0000000002a95b80, 0x0000000002a95fe8]

GC Heap History (8 events):
Event: 1.301 GC heap before
{Heap before GC invocations=1 (full 0):
 PSYoungGen      total 76288K, used 65536K [0x00000000eab00000, 0x00000000f0000000, 0x0000000100000000)
  eden space 65536K, 100% used [0x00000000eab00000,0x00000000eeb00000,0x00000000eeb00000)
  from space 10752K, 0% used [0x00000000ef580000,0x00000000ef580000,0x00000000f0000000)
  to   space 10752K, 0% used [0x00000000eeb00000,0x00000000eeb00000,0x00000000ef580000)
 ParOldGen       total 175104K, used 0K [0x00000000c0000000, 0x00000000cab00000, 0x00000000eab00000)
  object space 175104K, 0% used [0x00000000c0000000,0x00000000c0000000,0x00000000cab00000)
 Metaspace       used 6003K, capacity 7024K, committed 7296K, reserved 1056768K
  class space    used 581K, capacity 616K, committed 640K, reserved 1048576K
Event: 1.316 GC heap after
Heap after GC invocations=1 (full 0):
 PSYoungGen      total 76288K, used 10730K [0x00000000eab00000, 0x00000000f4000000, 0x0000000100000000)
  eden space 65536K, 0% used [0x00000000eab00000,0x00000000eab00000,0x00000000eeb00000)
  from space 10752K, 99% used [0x00000000eeb00000,0x00000000ef57a9d8,0x00000000ef580000)
  to   space 10752K, 0% used [0x00000000f3580000,0x00000000f3580000,0x00000000f4000000)
 ParOldGen       total 175104K, used 1328K [0x00000000c0000000, 0x00000000cab00000, 0x00000000eab00000)
  object space 175104K, 0% used [0x00000000c0000000,0x00000000c014c0e8,0x00000000cab00000)
 Metaspace       used 6003K, capacity 7024K, committed 7296K, reserved 1056768K
  class space    used 581K, capacity 616K, committed 640K, reserved 1048576K
}
Event: 1.585 GC heap before
{Heap before GC invocations=2 (full 0):
 PSYoungGen      total 76288K, used 76266K [0x00000000eab00000, 0x00000000f4000000, 0x0000000100000000)
  eden space 65536K, 100% used [0x00000000eab00000,0x00000000eeb00000,0x00000000eeb00000)
  from space 10752K, 99% used [0x00000000eeb00000,0x00000000ef57a9d8,0x00000000ef580000)
  to   space 10752K, 0% used [0x00000000f3580000,0x00000000f3580000,0x00000000f4000000)
 ParOldGen       total 175104K, used 1328K [0x00000000c0000000, 0x00000000cab00000, 0x00000000eab00000)
  object space 175104K, 0% used [0x00000000c0000000,0x00000000c014c0e8,0x00000000cab00000)
 Metaspace       used 6078K, capacity 7088K, committed 7296K, reserved 1056768K
  class space    used 582K, capacity 616K, committed 640K, reserved 1048576K
Event: 1.614 GC heap after
Heap after GC invocations=2 (full 0):
 PSYoungGen      total 141824K, used 10727K [0x00000000eab00000, 0x00000000f4000000, 0x0000000100000000)
  eden space 131072K, 0% used [0x00000000eab00000,0x00000000eab00000,0x00000000f2b00000)
  from space 10752K, 99% used [0x00000000f3580000,0x00000000f3ff9ea8,0x00000000f4000000)
  to   space 10752K, 0% used [0x00000000f2b00000,0x00000000f2b00000,0x00000000f3580000)
 ParOldGen       total 175104K, used 10703K [0x00000000c0000000, 0x00000000cab00000, 0x00000000eab00000)
  object space 175104K, 6% used [0x00000000c0000000,0x00000000c0a73ee8,0x00000000cab00000)
 Metaspace       used 6078K, capacity 7088K, committed 7296K, reserved 1056768K
  class space    used 582K, capacity 616K, committed 640K, reserved 1048576K
}
Event: 2.258 GC heap before
{Heap before GC invocations=3 (full 0):
 PSYoungGen      total 141824K, used 141799K [0x00000000eab00000, 0x00000000f4000000, 0x0000000100000000)
  eden space 131072K, 100% used [0x00000000eab00000,0x00000000f2b00000,0x00000000f2b00000)
  from space 10752K, 99% used [0x00000000f3580000,0x00000000f3ff9ea8,0x00000000f4000000)
  to   space 10752K, 0% used [0x00000000f2b00000,0x00000000f2b00000,0x00000000f3580000)
 ParOldGen       total 175104K, used 10703K [0x00000000c0000000, 0x00000000cab00000, 0x00000000eab00000)
  object space 175104K, 6% used [0x00000000c0000000,0x00000000c0a73ee8,0x00000000cab00000)
 Metaspace       used 6136K, capacity 7152K, committed 7296K, reserved 1056768K
  class space    used 582K, capacity 616K, committed 640K, reserved 1048576K
Event: 2.325 GC heap after
Heap after GC invocations=3 (full 0):
 PSYoungGen      total 141824K, used 10751K [0x00000000eab00000, 0x00000000fc000000, 0x0000000100000000)
  eden space 131072K, 0% used [0x00000000eab00000,0x00000000eab00000,0x00000000f2b00000)
  from space 10752K, 99% used [0x00000000f2b00000,0x00000000f357fce0,0x00000000f3580000)
  to   space 10752K, 0% used [0x00000000fb580000,0x00000000fb580000,0x00000000fc000000)
 ParOldGen       total 175104K, used 29515K [0x00000000c0000000, 0x00000000cab00000, 0x00000000eab00000)
  object space 175104K, 16% used [0x00000000c0000000,0x00000000c1cd2fe8,0x00000000cab00000)
 Metaspace       used 6136K, capacity 7152K, committed 7296K, reserved 1056768K
  class space    used 582K, capacity 616K, committed 640K, reserved 1048576K
}
Event: 3.225 GC heap before
{Heap before GC invocations=4 (full 0):
 PSYoungGen      total 141824K, used 141823K [0x00000000eab00000, 0x00000000fc000000, 0x0000000100000000)
  eden space 131072K, 100% used [0x00000000eab00000,0x00000000f2b00000,0x00000000f2b00000)
  from space 10752K, 99% used [0x00000000f2b00000,0x00000000f357fce0,0x00000000f3580000)
  to   space 10752K, 0% used [0x00000000fb580000,0x00000000fb580000,0x00000000fc000000)
 ParOldGen       total 175104K, used 29515K [0x00000000c0000000, 0x00000000cab00000, 0x00000000eab00000)
  object space 175104K, 16% used [0x00000000c0000000,0x00000000c1cd2fe8,0x00000000cab00000)
 Metaspace       used 6183K, capacity 7152K, committed 7296K, reserved 1056768K
  class space    used 582K, capacity 616K, committed 640K, reserved 1048576K
Event: 3.290 GC heap after
Heap after GC invocations=4 (full 0):
 PSYoungGen      total 272896K, used 10745K [0x00000000eab00000, 0x00000000fc000000, 0x0000000100000000)
  eden space 262144K, 0% used [0x00000000eab00000,0x00000000eab00000,0x00000000fab00000)
  from space 10752K, 99% used [0x00000000fb580000,0x00000000fbffe4e8,0x00000000fc000000)
  to   space 10752K, 0% used [0x00000000fab00000,0x00000000fab00000,0x00000000fb580000)
 ParOldGen       total 175104K, used 50830K [0x00000000c0000000, 0x00000000cab00000, 0x00000000eab00000)
  object space 175104K, 29% used [0x00000000c0000000,0x00000000c31a3bb0,0x00000000cab00000)
 Metaspace       used 6183K, capacity 7152K, committed 7296K, reserved 1056768K
  class space    used 582K, capacity 616K, committed 640K, reserved 1048576K
}

Deoptimization events (10 events):
Event: 2.428 Thread 0x0000000017037000 Uncommon trap: reason=unstable_if action=reinterpret pc=0x000000000286bfe0 method=com.android.dx.rop.code.LocalItem.compareHandlesNulls(Lcom/android/dx/rop/cst/CstString;Lcom/android/dx/rop/cst/CstString;)I @ 14
Event: 2.429 Thread 0x0000000017025800 Uncommon trap: reason=bimorphic action=maybe_recompile pc=0x000000000296d6c4 method=com.android.dx.ssa.SCCP.simulatePhi(Lcom/android/dx/ssa/PhiInsn;)V @ 124
Event: 2.429 Thread 0x0000000017025800 Uncommon trap: reason=bimorphic action=maybe_recompile pc=0x00000000026c92bc method=java.util.HashMap.putVal(ILjava/lang/Object;Ljava/lang/Object;ZZ)Ljava/lang/Object; @ 91
Event: 2.429 Thread 0x0000000017025800 Uncommon trap: reason=bimorphic action=maybe_recompile pc=0x00000000025a6128 method=java.util.HashMap.getNode(ILjava/lang/Object;)Ljava/util/HashMap$Node; @ 126
Event: 2.429 Thread 0x0000000017025800 Uncommon trap: reason=bimorphic action=maybe_recompile pc=0x00000000026c92bc method=java.util.HashMap.putVal(ILjava/lang/Object;Ljava/lang/Object;ZZ)Ljava/lang/Object; @ 91
Event: 2.440 Thread 0x0000000017025800 Uncommon trap: reason=bimorphic action=maybe_recompile pc=0x00000000026c92bc method=java.util.HashMap.putVal(ILjava/lang/Object;Ljava/lang/Object;ZZ)Ljava/lang/Object; @ 91
Event: 2.440 Thread 0x0000000017025800 Uncommon trap: reason=bimorphic action=maybe_recompile pc=0x00000000026c92bc method=java.util.HashMap.putVal(ILjava/lang/Object;Ljava/lang/Object;ZZ)Ljava/lang/Object; @ 91
Event: 3.298 Thread 0x000000000213d800 Uncommon trap: reason=bimorphic action=maybe_recompile pc=0x00000000029ee228 method=com.android.dx.cf.code.BytecodeArray.parseInstruction(ILcom/android/dx/cf/code/BytecodeArray$Visitor;)I @ 1501
Event: 3.298 Thread 0x000000000213d800 Uncommon trap: reason=bimorphic action=maybe_recompile pc=0x00000000029ee228 method=com.android.dx.cf.code.BytecodeArray.parseInstruction(ILcom/android/dx/cf/code/BytecodeArray$Visitor;)I @ 1501
Event: 3.312 Thread 0x0000000017034800 Uncommon trap: reason=bimorphic action=maybe_recompile pc=0x000000000296d6c4 method=com.android.dx.ssa.SCCP.simulatePhi(Lcom/android/dx/ssa/PhiInsn;)V @ 124

Internal exceptions (5 events):
Event: 0.251 Thread 0x000000000213d800 Exception <a 'java/lang/NoSuchMethodError': Method sun.misc.Unsafe.defineClass(Ljava/lang/String;[BII)Ljava/lang/Class; name or signature does not match> (0x00000000eab0dd28) thrown at [D:\re\workspace\8-2-build-windows-amd64-cygwin\jdk8u40\3098\hotspot\srŒ7ÂØÐ?
Event: 0.251 Thread 0x000000000213d800 Exception <a 'java/lang/NoSuchMethodError': Method sun.misc.Unsafe.prefetchRead(Ljava/lang/Object;J)V name or signature does not match> (0x00000000eab0dfb8) thrown at [D:\re\workspace\8-2-build-windows-amd64-cygwin\jdk8u40\3098\hotspot\src\share\vm\prims\jPùZãÇð?
Event: 1.049 Thread 0x000000000213d800 Implicit null exception at 0x00000000025b227c to 0x00000000025b512d
Event: 1.297 Thread 0x0000000017034800 Implicit null exception at 0x00000000025f7e22 to 0x00000000025f7f12
Event: 2.428 Thread 0x0000000017037000 Implicit null exception at 0x000000000286a491 to 0x000000000286bfb1

Events (10 events):
Event: 3.298 Thread 0x000000000213d800 Uncommon trap: trap_request=0xffffffc6 fr.pc=0x00000000029ee228
Event: 3.298 Thread 0x000000000213d800 DEOPT PACKING pc=0x00000000029ee228 sp=0x00000000020edf60
Event: 3.298 Thread 0x000000000213d800 DEOPT UNPACKING pc=0x000000000228582a sp=0x00000000020edf20 mode 2
Event: 3.311 Thread 0x0000000017050000 DEOPT PACKING pc=0x00000000026d9748 sp=0x0000000017e3ed20
Event: 3.311 Thread 0x0000000017050000 DEOPT UNPACKING pc=0x000000000228787f sp=0x0000000017e3eb50 mode 0
Event: 3.312 Thread 0x0000000017034800 Uncommon trap: trap_request=0xffffffc6 fr.pc=0x000000000296d6c4
Event: 3.312 Thread 0x0000000017034800 DEOPT PACKING pc=0x000000000296d6c4 sp=0x0000000017c3ebc0
Event: 3.312 Thread 0x0000000017034800 DEOPT UNPACKING pc=0x000000000228582a sp=0x0000000017c3eb88 mode 2
Event: 3.449 loading class com/android/dx/rop/code/RegisterSpec$1
Event: 3.449 loading class com/android/dx/rop/code/RegisterSpec$1 done


Dynamic libraries:
0x00007ff6966a0000 - 0x00007ff6966d7000 	C:\Program Files\Java\jdk1.8.0_40\bin\java.exe
0x00007ffe053d0000 - 0x00007ffe05591000 	C:\WINDOWS\SYSTEM32\ntdll.dll
0x00007ffe02b20000 - 0x00007ffe02bcd000 	C:\WINDOWS\system32\KERNEL32.DLL
0x00007ffe02350000 - 0x00007ffe02538000 	C:\WINDOWS\system32\KERNELBASE.dll
0x00007ffe02980000 - 0x00007ffe02a27000 	C:\WINDOWS\system32\ADVAPI32.dll
0x00007ffe04910000 - 0x00007ffe049ad000 	C:\WINDOWS\system32\msvcrt.dll
0x00007ffe049b0000 - 0x00007ffe04a0b000 	C:\WINDOWS\system32\sechost.dll
0x00007ffe050b0000 - 0x00007ffe051cc000 	C:\WINDOWS\system32\RPCRT4.dll
0x00007ffe04a10000 - 0x00007ffe04b66000 	C:\WINDOWS\system32\USER32.dll
0x00007ffe05240000 - 0x00007ffe053c6000 	C:\WINDOWS\system32\GDI32.dll
0x00007ffdea7f0000 - 0x00007ffdeaa64000 	C:\WINDOWS\WinSxS\amd64_microsoft.windows.common-controls_6595b64144ccf1df_6.0.10586.0_none_8c15ae12515e1c22\COMCTL32.dll
0x00007ffe02bd0000 - 0x00007ffe02e4d000 	C:\WINDOWS\system32\combase.dll
0x00007ffe01b50000 - 0x00007ffe01bba000 	C:\WINDOWS\system32\bcryptPrimitives.dll
0x00007ffe04c40000 - 0x00007ffe04c7b000 	C:\WINDOWS\system32\IMM32.DLL
0x0000000071ca0000 - 0x0000000071d72000 	C:\Program Files\Java\jdk1.8.0_40\jre\bin\msvcr100.dll
0x0000000070720000 - 0x0000000070fa3000 	C:\Program Files\Java\jdk1.8.0_40\jre\bin\server\jvm.dll
0x00007ffe02b10000 - 0x00007ffe02b18000 	C:\WINDOWS\system32\PSAPI.DLL
0x00007ffdf6c70000 - 0x00007ffdf6c79000 	C:\WINDOWS\SYSTEM32\WSOCK32.dll
0x00007ffe051d0000 - 0x00007ffe0523b000 	C:\WINDOWS\system32\WS2_32.dll
0x00007ffdfd290000 - 0x00007ffdfd29a000 	C:\WINDOWS\SYSTEM32\VERSION.dll
0x00007ffe00010000 - 0x00007ffe00033000 	C:\WINDOWS\SYSTEM32\WINMM.dll
0x00007ffdffcd0000 - 0x00007ffdffcfc000 	C:\WINDOWS\SYSTEM32\WINMMBASE.dll
0x00007ffe01a80000 - 0x00007ffe01ac3000 	C:\WINDOWS\system32\cfgmgr32.dll
0x0000000070710000 - 0x000000007071f000 	C:\Program Files\Java\jdk1.8.0_40\jre\bin\verify.dll
0x00000000706e0000 - 0x0000000070709000 	C:\Program Files\Java\jdk1.8.0_40\jre\bin\java.dll
0x00000000706c0000 - 0x00000000706d6000 	C:\Program Files\Java\jdk1.8.0_40\jre\bin\zip.dll
0x00007ffe02fc0000 - 0x00007ffe0451c000 	C:\WINDOWS\system32\SHELL32.dll
0x00007ffe01d00000 - 0x00007ffe02345000 	C:\WINDOWS\system32\windows.storage.dll
0x00007ffe04800000 - 0x00007ffe04852000 	C:\WINDOWS\system32\shlwapi.dll
0x00007ffe01a10000 - 0x00007ffe01a1f000 	C:\WINDOWS\system32\kernel.appcore.dll
0x00007ffe02710000 - 0x00007ffe027c5000 	C:\WINDOWS\system32\shcore.dll
0x00007ffe01a30000 - 0x00007ffe01a7b000 	C:\WINDOWS\system32\powrprof.dll
0x00007ffe019f0000 - 0x00007ffe01a04000 	C:\WINDOWS\system32\profapi.dll
0x00007ffdd3850000 - 0x00007ffdd39dc000 	C:\WINDOWS\SYSTEM32\dbghelp.dll

VM Arguments:
jvm_args: -Djava.awt.headless=true -Xmx1024M -Dfile.encoding=windows-1252 -Duser.country=US -Duser.language=en -Duser.variant 
java_command: com.android.dx.command.Main --dex --force-jumbo --num-threads=4 --multi-dex --output C:\Users\Christopher\Shopping_List_App\Shopping_List_App\app\build\intermediates\transforms\dex\debug\folders\1000\10\jackson-databind-2.7.3_030630dbef37ac2404ea1f5569dd0196d6b0e881 C:\Users\Christopher\.gradle\caches\modules-2\files-2.1\com.fasterxml.jackson.core\jackson-databind\2.7.3\f12e6cd05cbaecd74d16e685d45b627732939e42\jackson-databind-2.7.3.jar
java_class_path (initial): C:\Users\Christopher\AppData\Local\Android\sdk\build-tools\23.0.1\lib\dx.jar
Launcher Type: SUN_STANDARD

Environment Variables:
PATH=C:\Program Files (x86)\NVIDIA Corporation\PhysX\Common;C:\Python34\;C:\Python34\Scripts;C:\ProgramData\Oracle\Java\javapath;C:\WINDOWS\system32;C:\WINDOWS;C:\WINDOWS\System32\Wbem;C:\WINDOWS\System32\WindowsPowerShell\v1.0\;C:\Program Files (x86)\ATI Technologies\ATI.ACE\Core-Static;C:\Program Files\Microsoft\Web Platform Installer\;C:\Program Files (x86)\Microsoft ASP.NET\ASP.NET Web Pages\v1.0\;C:\Program Files\Microsoft SQL Server\110\Tools\Binn\;C:\Program Files\Microsoft SQL Server\120\Tools\Binn\;C:\Program Files\TortoiseSVN\bin;C:\Program Files (x86)\AMD\ATI.ACE\Core-Static;C:\Program Files (x86)\scala\bin;C:\Program Files\Java\jdk1.8.0_40\bin;;C:\play-2.0\play-2.0;C:\WINDOWS\system32\config\systemprofile\.dnx\bin;C:\Program Files\Microsoft DNX\Dnvm\;C:\Program Files (x86)\Skype\Phone\;C:\Program Files (x86)\Microsoft SQL Server\130\Tools\Binn\ManagementStudio\;C:\Program Files (x86)\Microsoft SQL Server\130\Tools\Binn\;C:\Program Files (x86)\Microsoft SQL Server\Client SDK\ODBC\110\Tools\Binn\;C:\Program Files (x86)\Microsoft SQL Server\130\DTS\Binn\;C:\Program Files\Microsoft SQL Server\Client SDK\ODBC\110\Tools\Binn\;C:\Program Files (x86)\Microsoft SQL Server\120\Tools\Binn\;C:\Program Files\Microsoft SQL Server\120\DTS\Binn\;C:\Program Files (x86)\Microsoft SDKs\TypeScript\1.0\;C:\WINDOWS\system32;C:\WINDOWS;C:\WINDOWS\System32\Wbem;C:\WINDOWS\System32\WindowsPowerShell\v1.0\;C:\Ruby22-x64\bin
USERNAME=Christopher
OS=Windows_NT
PROCESSOR_IDENTIFIER=Intel64 Family 6 Model 58 Stepping 9, GenuineIntel



---------------  S Y S T E M  ---------------

OS: Windows 10.0 , 64 bit Build 10586 (10.0.10586.0)

CPU:total 8 (4 cores per cpu, 2 threads per core) family 6 model 58 stepping 9, cmov, cx8, fxsr, mmx, sse, sse2, sse3, ssse3, sse4.1, sse4.2, popcnt, avx, aes, clmul, erms, ht, tsc, tscinvbit, tscinv

Memory: 4k page, physical 16659540k(4415164k free), swap 16659540k(64716k free)

vm_info: Java HotSpot(TM) 64-Bit Server VM (25.40-b25) for windows-amd64 JRE (1.8.0_40-b26), built on Mar  7 2015 13:51:59 by "java_re" with MS VC++ 10.0 (VS2010)

time: Sun May 22 14:55:46 2016
elapsed time: 3 seconds (0d 0h 0m 3s)

