#
# There is insufficient memory for the Java Runtime Environment to continue.
# Native memory allocation (malloc) failed to allocate 32744 bytes for ChunkPool::allocate
# Possible reasons:
#   The system is out of physical RAM or swap space
#   In 32 bit mode, the process size limit was hit
# Possible solutions:
#   Reduce memory load on the system
#   Increase physical memory or swap space
#   Check if swap backing store is full
#   Use 64 bit Java on a 64 bit OS
#   Decrease Java heap size (-Xmx/-Xms)
#   Decrease number of Java threads
#   Decrease Java thread stack sizes (-Xss)
#   Set larger code cache with -XX:ReservedCodeCacheSize=
# This output file may be truncated or incomplete.
#
#  Out of Memory Error (allocation.cpp:273), pid=8304, tid=6064
#
# JRE version: Java(TM) SE Runtime Environment (8.0_40-b26) (build 1.8.0_40-b26)
# Java VM: Java HotSpot(TM) 64-Bit Server VM (25.40-b25 mixed mode windows-amd64 compressed oops)
# Failed to write core dump. Minidumps are not enabled by default on client versions of Windows
#

---------------  T H R E A D  ---------------

Current thread (0x0000000016f00800):  JavaThread "C2 CompilerThread2" daemon [_thread_in_native, id=6064, stack(0x0000000017680000,0x0000000017780000)]

Stack: [0x0000000017680000,0x0000000017780000]
Native frames: (J=compiled Java code, j=interpreted, Vv=VM code, C=native code)
V  [jvm.dll+0x32b47a]
V  [jvm.dll+0x2797f3]
V  [jvm.dll+0x27a489]
V  [jvm.dll+0x2717a5]
V  [jvm.dll+0xcb7c4]
V  [jvm.dll+0xcb9e7]
V  [jvm.dll+0xcbe6c]
V  [jvm.dll+0x497798]
V  [jvm.dll+0x493a1c]
V  [jvm.dll+0x45f978]
V  [jvm.dll+0x46a73b]
V  [jvm.dll+0x46cd52]
V  [jvm.dll+0x4500d2]
V  [jvm.dll+0xa4312]
V  [jvm.dll+0xa4c4f]
V  [jvm.dll+0x241914]
V  [jvm.dll+0x29848a]
C  [msvcr100.dll+0x21d9f]
C  [msvcr100.dll+0x21e3b]
C  [KERNEL32.DLL+0x18102]
C  [ntdll.dll+0x5c5b4]


Current CompileTask:
C2:   2458 1763   !   4       com.android.dx.cf.cst.ConstantPoolParser::parse0 (731 bytes)


---------------  P R O C E S S  ---------------

Java Threads: ( => current thread )
  0x00000000171b9000 JavaThread "pool-2-thread-4" [_thread_in_Java, id=11836, stack(0x0000000017e80000,0x0000000017f80000)]
  0x0000000017175000 JavaThread "pool-2-thread-3" [_thread_in_Java, id=12676, stack(0x0000000017d80000,0x0000000017e80000)]
  0x0000000017172000 JavaThread "pool-2-thread-2" [_thread_in_Java, id=6368, stack(0x0000000017c80000,0x0000000017d80000)]
  0x000000001716c800 JavaThread "pool-3-thread-1" [_thread_blocked, id=14568, stack(0x0000000017b80000,0x0000000017c80000)]
  0x000000001716a000 JavaThread "pool-2-thread-1" [_thread_in_Java, id=6264, stack(0x0000000017a80000,0x0000000017b80000)]
  0x0000000016f38000 JavaThread "Service Thread" daemon [_thread_blocked, id=15276, stack(0x0000000017880000,0x0000000017980000)]
  0x0000000016f03800 JavaThread "C1 CompilerThread3" daemon [_thread_in_native, id=14104, stack(0x0000000017780000,0x0000000017880000)]
=>0x0000000016f00800 JavaThread "C2 CompilerThread2" daemon [_thread_in_native, id=6064, stack(0x0000000017680000,0x0000000017780000)]
  0x0000000016eaa800 JavaThread "C2 CompilerThread1" daemon [_thread_in_native, id=14284, stack(0x0000000017580000,0x0000000017680000)]
  0x0000000016ea7000 JavaThread "C2 CompilerThread0" daemon [_thread_in_native, id=2208, stack(0x0000000017480000,0x0000000017580000)]
  0x0000000016ea4800 JavaThread "Attach Listener" daemon [_thread_blocked, id=12516, stack(0x0000000017380000,0x0000000017480000)]
  0x0000000016ea3800 JavaThread "Signal Dispatcher" daemon [_thread_blocked, id=7700, stack(0x0000000017280000,0x0000000017380000)]
  0x0000000002384000 JavaThread "Finalizer" daemon [_thread_blocked, id=15068, stack(0x0000000016d80000,0x0000000016e80000)]
  0x0000000002383000 JavaThread "Reference Handler" daemon [_thread_blocked, id=7056, stack(0x0000000016c80000,0x0000000016d80000)]
  0x000000000216d800 JavaThread "main" [_thread_in_Java, id=15016, stack(0x0000000002170000,0x0000000002270000)]

Other Threads:
  0x0000000014ea8800 VMThread [stack: 0x0000000016b80000,0x0000000016c80000] [id=5076]
  0x0000000016f39000 WatcherThread [stack: 0x0000000017980000,0x0000000017a80000] [id=9812]

VM state:not at safepoint (normal execution)

VM Mutex/Monitor currently owned by a thread: None

Heap:
 PSYoungGen      total 141824K, used 45709K [0x00000000eab00000, 0x00000000fc000000, 0x0000000100000000)
  eden space 131072K, 26% used [0x00000000eab00000,0x00000000ecd274f0,0x00000000f2b00000)
  from space 10752K, 99% used [0x00000000f2b00000,0x00000000f357c090,0x00000000f3580000)
  to   space 10752K, 0% used [0x00000000fb580000,0x00000000fb580000,0x00000000fc000000)
 ParOldGen       total 175104K, used 30389K [0x00000000c0000000, 0x00000000cab00000, 0x00000000eab00000)
  object space 175104K, 17% used [0x00000000c0000000,0x00000000c1dad510,0x00000000cab00000)
 Metaspace       used 6153K, capacity 7152K, committed 7296K, reserved 1056768K
  class space    used 582K, capacity 616K, committed 640K, reserved 1048576K

Card table byte_map: [0x0000000011750000,0x0000000011960000] byte_map_base: 0x0000000011150000

Marking Bits: (ParMarkBitMap*) 0x0000000070f24040
 Begin Bits: [0x00000000122c0000, 0x00000000132c0000)
 End Bits:   [0x00000000132c0000, 0x00000000142c0000)

Polling page: 0x0000000000530000

CodeCache: size=245760Kb used=8292Kb max_used=8292Kb free=237467Kb
 bounds [0x0000000002390000, 0x0000000002bc0000, 0x0000000011390000]
 total_blobs=2194 nmethods=1922 adapters=182
 compilation: enabled

Compilation events (10 events):
Event: 2.442 Thread 0x0000000016f03800 nmethod 1957 0x0000000002b91b10 code [0x0000000002b91c80, 0x0000000002b91ec8]
Event: 2.442 Thread 0x0000000016f03800 1958       2       java.util.concurrent.ThreadPoolExecutor$Worker::tryAcquire (20 bytes)
Event: 2.442 Thread 0x0000000016f03800 nmethod 1958 0x0000000002b92010 code [0x0000000002b92160, 0x0000000002b92310]
Event: 2.442 Thread 0x0000000016f03800 1959       2       java.util.concurrent.ThreadPoolExecutor::runStateAtLeast (11 bytes)
Event: 2.442 Thread 0x0000000016f03800 nmethod 1959 0x0000000002b92390 code [0x0000000002b924e0, 0x0000000002b92610]
Event: 2.442 Thread 0x0000000016f03800 1960       2       java.util.concurrent.ThreadPoolExecutor::beforeExecute (1 bytes)
Event: 2.442 Thread 0x0000000016f03800 nmethod 1960 0x0000000002b92690 code [0x0000000002b927e0, 0x0000000002b92930]
Event: 2.446 Thread 0x0000000016f03800 1963       2       java.util.concurrent.ThreadPoolExecutor::afterExecute (1 bytes)
Event: 2.446 Thread 0x0000000016f03800 nmethod 1963 0x0000000002b92990 code [0x0000000002b92ae0, 0x0000000002b92c30]
Event: 2.446 Thread 0x0000000016f03800 1964   !   2       java.util.concurrent.ThreadPoolExecutor::getTask (179 bytes)

GC Heap History (6 events):
Event: 1.520 GC heap before
{Heap before GC invocations=1 (full 0):
 PSYoungGen      total 76288K, used 65536K [0x00000000eab00000, 0x00000000f0000000, 0x0000000100000000)
  eden space 65536K, 100% used [0x00000000eab00000,0x00000000eeb00000,0x00000000eeb00000)
  from space 10752K, 0% used [0x00000000ef580000,0x00000000ef580000,0x00000000f0000000)
  to   space 10752K, 0% used [0x00000000eeb00000,0x00000000eeb00000,0x00000000ef580000)
 ParOldGen       total 175104K, used 0K [0x00000000c0000000, 0x00000000cab00000, 0x00000000eab00000)
  object space 175104K, 0% used [0x00000000c0000000,0x00000000c0000000,0x00000000cab00000)
 Metaspace       used 6000K, capacity 7024K, committed 7296K, reserved 1056768K
  class space    used 581K, capacity 616K, committed 640K, reserved 1048576K
Event: 1.540 GC heap after
Heap after GC invocations=1 (full 0):
 PSYoungGen      total 76288K, used 10734K [0x00000000eab00000, 0x00000000f4000000, 0x0000000100000000)
  eden space 65536K, 0% used [0x00000000eab00000,0x00000000eab00000,0x00000000eeb00000)
  from space 10752K, 99% used [0x00000000eeb00000,0x00000000ef57ba98,0x00000000ef580000)
  to   space 10752K, 0% used [0x00000000f3580000,0x00000000f3580000,0x00000000f4000000)
 ParOldGen       total 175104K, used 1403K [0x00000000c0000000, 0x00000000cab00000, 0x00000000eab00000)
  object space 175104K, 0% used [0x00000000c0000000,0x00000000c015ee58,0x00000000cab00000)
 Metaspace       used 6000K, capacity 7024K, committed 7296K, reserved 1056768K
  class space    used 581K, capacity 616K, committed 640K, reserved 1048576K
}
Event: 1.975 GC heap before
{Heap before GC invocations=2 (full 0):
 PSYoungGen      total 76288K, used 76270K [0x00000000eab00000, 0x00000000f4000000, 0x0000000100000000)
  eden space 65536K, 100% used [0x00000000eab00000,0x00000000eeb00000,0x00000000eeb00000)
  from space 10752K, 99% used [0x00000000eeb00000,0x00000000ef57ba98,0x00000000ef580000)
  to   space 10752K, 0% used [0x00000000f3580000,0x00000000f3580000,0x00000000f4000000)
 ParOldGen       total 175104K, used 1403K [0x00000000c0000000, 0x00000000cab00000, 0x00000000eab00000)
  object space 175104K, 0% used [0x00000000c0000000,0x00000000c015ee58,0x00000000cab00000)
 Metaspace       used 6082K, capacity 7088K, committed 7296K, reserved 1056768K
  class space    used 582K, capacity 616K, committed 640K, reserved 1048576K
Event: 1.998 GC heap after
Heap after GC invocations=2 (full 0):
 PSYoungGen      total 141824K, used 10727K [0x00000000eab00000, 0x00000000f4000000, 0x0000000100000000)
  eden space 131072K, 0% used [0x00000000eab00000,0x00000000eab00000,0x00000000f2b00000)
  from space 10752K, 99% used [0x00000000f3580000,0x00000000f3ff9f20,0x00000000f4000000)
  to   space 10752K, 0% used [0x00000000f2b00000,0x00000000f2b00000,0x00000000f3580000)
 ParOldGen       total 175104K, used 11010K [0x00000000c0000000, 0x00000000cab00000, 0x00000000eab00000)
  object space 175104K, 6% used [0x00000000c0000000,0x00000000c0ac0980,0x00000000cab00000)
 Metaspace       used 6082K, capacity 7088K, committed 7296K, reserved 1056768K
  class space    used 582K, capacity 616K, committed 640K, reserved 1048576K
}
Event: 2.358 GC heap before
{Heap before GC invocations=3 (full 0):
 PSYoungGen      total 141824K, used 141799K [0x00000000eab00000, 0x00000000f4000000, 0x0000000100000000)
  eden space 131072K, 100% used [0x00000000eab00000,0x00000000f2b00000,0x00000000f2b00000)
  from space 10752K, 99% used [0x00000000f3580000,0x00000000f3ff9f20,0x00000000f4000000)
  to   space 10752K, 0% used [0x00000000f2b00000,0x00000000f2b00000,0x00000000f3580000)
 ParOldGen       total 175104K, used 11010K [0x00000000c0000000, 0x00000000cab00000, 0x00000000eab00000)
  object space 175104K, 6% used [0x00000000c0000000,0x00000000c0ac0980,0x00000000cab00000)
 Metaspace       used 6139K, capacity 7152K, committed 7296K, reserved 1056768K
  class space    used 582K, capacity 616K, committed 640K, reserved 1048576K
Event: 2.396 GC heap after
Heap after GC invocations=3 (full 0):
 PSYoungGen      total 141824K, used 10736K [0x00000000eab00000, 0x00000000fc000000, 0x0000000100000000)
  eden space 131072K, 0% used [0x00000000eab00000,0x00000000eab00000,0x00000000f2b00000)
  from space 10752K, 99% used [0x00000000f2b00000,0x00000000f357c090,0x00000000f3580000)
  to   space 10752K, 0% used [0x00000000fb580000,0x00000000fb580000,0x00000000fc000000)
 ParOldGen       total 175104K, used 30389K [0x00000000c0000000, 0x00000000cab00000, 0x00000000eab00000)
  object space 175104K, 17% used [0x00000000c0000000,0x00000000c1dad510,0x00000000cab00000)
 Metaspace       used 6139K, capacity 7152K, committed 7296K, reserved 1056768K
  class space    used 582K, capacity 616K, committed 640K, reserved 1048576K
}

Deoptimization events (10 events):
Event: 2.109 Thread 0x0000000017172000 Uncommon trap: reason=class_check action=maybe_recompile pc=0x0000000002ab3d94 method=com.android.dx.cf.code.RopperMachine.run(Lcom/android/dx/cf/code/Frame;II)V @ 310
Event: 2.337 Thread 0x0000000017172000 Uncommon trap: reason=bimorphic action=maybe_recompile pc=0x00000000027d53dc method=java.util.HashMap.getNode(ILjava/lang/Object;)Ljava/util/HashMap$Node; @ 126
Event: 2.337 Thread 0x0000000017172000 Uncommon trap: reason=class_check action=maybe_recompile pc=0x00000000028f5a98 method=java.util.HashMap.putVal(ILjava/lang/Object;Ljava/lang/Object;ZZ)Ljava/lang/Object; @ 203
Event: 2.404 Thread 0x0000000017172000 Uncommon trap: reason=unstable_if action=reinterpret pc=0x00000000029446a8 method=com.android.dx.rop.code.LocalItem.compareHandlesNulls(Lcom/android/dx/rop/cst/CstString;Lcom/android/dx/rop/cst/CstString;)I @ 14
Event: 2.413 Thread 0x0000000017175000 Uncommon trap: reason=bimorphic action=maybe_recompile pc=0x00000000027d53dc method=java.util.HashMap.getNode(ILjava/lang/Object;)Ljava/util/HashMap$Node; @ 126
Event: 2.413 Thread 0x0000000017175000 Uncommon trap: reason=class_check action=maybe_recompile pc=0x00000000028f5a98 method=java.util.HashMap.putVal(ILjava/lang/Object;Ljava/lang/Object;ZZ)Ljava/lang/Object; @ 203
Event: 2.413 Thread 0x0000000017175000 Uncommon trap: reason=bimorphic action=maybe_recompile pc=0x00000000027d53dc method=java.util.HashMap.getNode(ILjava/lang/Object;)Ljava/util/HashMap$Node; @ 126
Event: 2.413 Thread 0x0000000017175000 Uncommon trap: reason=class_check action=maybe_recompile pc=0x00000000028f5a98 method=java.util.HashMap.putVal(ILjava/lang/Object;Ljava/lang/Object;ZZ)Ljava/lang/Object; @ 203
Event: 2.419 Thread 0x0000000017175000 Uncommon trap: reason=bimorphic action=maybe_recompile pc=0x00000000027d53dc method=java.util.HashMap.getNode(ILjava/lang/Object;)Ljava/util/HashMap$Node; @ 126
Event: 2.420 Thread 0x0000000017175000 Uncommon trap: reason=class_check action=maybe_recompile pc=0x00000000028f5a98 method=java.util.HashMap.putVal(ILjava/lang/Object;Ljava/lang/Object;ZZ)Ljava/lang/Object; @ 203

Internal exceptions (5 events):
Event: 0.040 Thread 0x000000000216d800 Exception <a 'java/lang/NoSuchMethodError': Method sun.misc.Unsafe.defineClass(Ljava/lang/String;[BII)Ljava/lang/Class; name or signature does not match> (0x00000000eab0dba8) thrown at [D:\re\workspace\8-2-build-windows-amd64-cygwin\jdk8u40\3098\hotspot\sr¶–`¨‰¤?
Event: 0.040 Thread 0x000000000216d800 Exception <a 'java/lang/NoSuchMethodError': Method sun.misc.Unsafe.prefetchRead(Ljava/lang/Object;J)V name or signature does not match> (0x00000000eab0de38) thrown at [D:\re\workspace\8-2-build-windows-amd64-cygwin\jdk8u40\3098\hotspot\src\share\vm\prims\j¢æš˜>2ð?
Event: 1.012 Thread 0x00000000171b9000 Implicit null exception at 0x00000000027e9ff4 to 0x00000000027ec901
Event: 1.569 Thread 0x0000000017175000 Implicit null exception at 0x00000000026e1262 to 0x00000000026e1352
Event: 2.404 Thread 0x0000000017172000 Implicit null exception at 0x0000000002942cba to 0x0000000002944679

Events (10 events):
Event: 2.413 Thread 0x0000000017175000 DEOPT UNPACKING pc=0x00000000023d582a sp=0x0000000017e7e680 mode 2
Event: 2.413 Thread 0x0000000017175000 Uncommon trap: trap_request=0xffffffde fr.pc=0x00000000028f5a98
Event: 2.413 Thread 0x0000000017175000 DEOPT PACKING pc=0x00000000028f5a98 sp=0x0000000017e7e6d0
Event: 2.413 Thread 0x0000000017175000 DEOPT UNPACKING pc=0x00000000023d582a sp=0x0000000017e7e658 mode 2
Event: 2.419 Thread 0x0000000017175000 Uncommon trap: trap_request=0xffffffc6 fr.pc=0x00000000027d53dc
Event: 2.419 Thread 0x0000000017175000 DEOPT PACKING pc=0x00000000027d53dc sp=0x0000000017e7e700
Event: 2.420 Thread 0x0000000017175000 DEOPT UNPACKING pc=0x00000000023d582a sp=0x0000000017e7e680 mode 2
Event: 2.420 Thread 0x0000000017175000 Uncommon trap: trap_request=0xffffffde fr.pc=0x00000000028f5a98
Event: 2.420 Thread 0x0000000017175000 DEOPT PACKING pc=0x00000000028f5a98 sp=0x0000000017e7e6d0
Event: 2.420 Thread 0x0000000017175000 DEOPT UNPACKING pc=0x00000000023d582a sp=0x0000000017e7e658 mode 2


Dynamic libraries:
0x00007ff6966a0000 - 0x00007ff6966d7000 	C:\Program Files\Java\jdk1.8.0_40\bin\java.exe
0x00007ffe053d0000 - 0x00007ffe05591000 	C:\WINDOWS\SYSTEM32\ntdll.dll
0x00007ffe02b20000 - 0x00007ffe02bcd000 	C:\WINDOWS\system32\KERNEL32.DLL
0x00007ffe02350000 - 0x00007ffe02538000 	C:\WINDOWS\system32\KERNELBASE.dll
0x00007ffe02980000 - 0x00007ffe02a27000 	C:\WINDOWS\system32\ADVAPI32.dll
0x00007ffe04910000 - 0x00007ffe049ad000 	C:\WINDOWS\system32\msvcrt.dll
0x00007ffe049b0000 - 0x00007ffe04a0b000 	C:\WINDOWS\system32\sechost.dll
0x00007ffe050b0000 - 0x00007ffe051cc000 	C:\WINDOWS\system32\RPCRT4.dll
0x00007ffe04a10000 - 0x00007ffe04b66000 	C:\WINDOWS\system32\USER32.dll
0x00007ffe05240000 - 0x00007ffe053c6000 	C:\WINDOWS\system32\GDI32.dll
0x00007ffdea7f0000 - 0x00007ffdeaa64000 	C:\WINDOWS\WinSxS\amd64_microsoft.windows.common-controls_6595b64144ccf1df_6.0.10586.0_none_8c15ae12515e1c22\COMCTL32.dll
0x00007ffe02bd0000 - 0x00007ffe02e4d000 	C:\WINDOWS\system32\combase.dll
0x00007ffe01b50000 - 0x00007ffe01bba000 	C:\WINDOWS\system32\bcryptPrimitives.dll
0x00007ffe04c40000 - 0x00007ffe04c7b000 	C:\WINDOWS\system32\IMM32.DLL
0x00000000702a0000 - 0x0000000070372000 	C:\Program Files\Java\jdk1.8.0_40\jre\bin\msvcr100.dll
0x0000000070720000 - 0x0000000070fa3000 	C:\Program Files\Java\jdk1.8.0_40\jre\bin\server\jvm.dll
0x00007ffe02b10000 - 0x00007ffe02b18000 	C:\WINDOWS\system32\PSAPI.DLL
0x00007ffdf6c70000 - 0x00007ffdf6c79000 	C:\WINDOWS\SYSTEM32\WSOCK32.dll
0x00007ffe051d0000 - 0x00007ffe0523b000 	C:\WINDOWS\system32\WS2_32.dll
0x00007ffe00010000 - 0x00007ffe00033000 	C:\WINDOWS\SYSTEM32\WINMM.dll
0x00007ffdfd290000 - 0x00007ffdfd29a000 	C:\WINDOWS\SYSTEM32\VERSION.dll
0x00007ffdffcd0000 - 0x00007ffdffcfc000 	C:\WINDOWS\SYSTEM32\WINMMBASE.dll
0x00007ffe01a80000 - 0x00007ffe01ac3000 	C:\WINDOWS\system32\cfgmgr32.dll
0x0000000070710000 - 0x000000007071f000 	C:\Program Files\Java\jdk1.8.0_40\jre\bin\verify.dll
0x00000000706e0000 - 0x0000000070709000 	C:\Program Files\Java\jdk1.8.0_40\jre\bin\java.dll
0x00000000706c0000 - 0x00000000706d6000 	C:\Program Files\Java\jdk1.8.0_40\jre\bin\zip.dll
0x00007ffe02fc0000 - 0x00007ffe0451c000 	C:\WINDOWS\system32\SHELL32.dll
0x00007ffe01d00000 - 0x00007ffe02345000 	C:\WINDOWS\system32\windows.storage.dll
0x00007ffe04800000 - 0x00007ffe04852000 	C:\WINDOWS\system32\shlwapi.dll
0x00007ffe01a10000 - 0x00007ffe01a1f000 	C:\WINDOWS\system32\kernel.appcore.dll
0x00007ffe02710000 - 0x00007ffe027c5000 	C:\WINDOWS\system32\shcore.dll
0x00007ffe01a30000 - 0x00007ffe01a7b000 	C:\WINDOWS\system32\powrprof.dll
0x00007ffe019f0000 - 0x00007ffe01a04000 	C:\WINDOWS\system32\profapi.dll
0x00007ffdd3850000 - 0x00007ffdd39dc000 	C:\WINDOWS\SYSTEM32\dbghelp.dll

VM Arguments:
jvm_args: -Djava.awt.headless=true -Xmx1024M -Dfile.encoding=windows-1252 -Duser.country=US -Duser.language=en -Duser.variant 
java_command: com.android.dx.command.Main --dex --force-jumbo --num-threads=4 --multi-dex --output C:\Users\Christopher\Shopping_List_App\Shopping_List_App\app\build\intermediates\transforms\dex\debug\folders\1000\10\jackson-databind-2.7.3_030630dbef37ac2404ea1f5569dd0196d6b0e881 C:\Users\Christopher\.gradle\caches\modules-2\files-2.1\com.fasterxml.jackson.core\jackson-databind\2.7.3\f12e6cd05cbaecd74d16e685d45b627732939e42\jackson-databind-2.7.3.jar
java_class_path (initial): C:\Users\Christopher\AppData\Local\Android\sdk\build-tools\23.0.1\lib\dx.jar
Launcher Type: SUN_STANDARD

Environment Variables:
PATH=C:\Program Files (x86)\NVIDIA Corporation\PhysX\Common;C:\Python34\;C:\Python34\Scripts;C:\ProgramData\Oracle\Java\javapath;C:\WINDOWS\system32;C:\WINDOWS;C:\WINDOWS\System32\Wbem;C:\WINDOWS\System32\WindowsPowerShell\v1.0\;C:\Program Files (x86)\ATI Technologies\ATI.ACE\Core-Static;C:\Program Files\Microsoft\Web Platform Installer\;C:\Program Files (x86)\Microsoft ASP.NET\ASP.NET Web Pages\v1.0\;C:\Program Files\Microsoft SQL Server\110\Tools\Binn\;C:\Program Files\Microsoft SQL Server\120\Tools\Binn\;C:\Program Files\TortoiseSVN\bin;C:\Program Files (x86)\AMD\ATI.ACE\Core-Static;C:\Program Files (x86)\scala\bin;C:\Program Files\Java\jdk1.8.0_40\bin;;C:\play-2.0\play-2.0;C:\WINDOWS\system32\config\systemprofile\.dnx\bin;C:\Program Files\Microsoft DNX\Dnvm\;C:\Program Files (x86)\Skype\Phone\;C:\Program Files (x86)\Microsoft SQL Server\130\Tools\Binn\ManagementStudio\;C:\Program Files (x86)\Microsoft SQL Server\130\Tools\Binn\;C:\Program Files (x86)\Microsoft SQL Server\Client SDK\ODBC\110\Tools\Binn\;C:\Program Files (x86)\Microsoft SQL Server\130\DTS\Binn\;C:\Program Files\Microsoft SQL Server\Client SDK\ODBC\110\Tools\Binn\;C:\Program Files (x86)\Microsoft SQL Server\120\Tools\Binn\;C:\Program Files\Microsoft SQL Server\120\DTS\Binn\;C:\Program Files (x86)\Microsoft SDKs\TypeScript\1.0\;C:\WINDOWS\system32;C:\WINDOWS;C:\WINDOWS\System32\Wbem;C:\WINDOWS\System32\WindowsPowerShell\v1.0\;C:\Ruby22-x64\bin
USERNAME=Christopher
OS=Windows_NT
PROCESSOR_IDENTIFIER=Intel64 Family 6 Model 58 Stepping 9, GenuineIntel



---------------  S Y S T E M  ---------------

OS: Windows 10.0 , 64 bit Build 10586 (10.0.10586.0)

CPU:total 8 (4 cores per cpu, 2 threads per core) family 6 model 58 stepping 9, cmov, cx8, fxsr, mmx, sse, sse2, sse3, ssse3, sse4.1, sse4.2, popcnt, avx, aes, clmul, erms, ht, tsc, tscinvbit, tscinv

Memory: 4k page, physical 16659540k(5033508k free), swap 16659540k(6472k free)

vm_info: Java HotSpot(TM) 64-Bit Server VM (25.40-b25) for windows-amd64 JRE (1.8.0_40-b26), built on Mar  7 2015 13:51:59 by "java_re" with MS VC++ 10.0 (VS2010)

time: Sun May 15 14:23:52 2016
elapsed time: 2 seconds (0d 0h 0m 2s)

