#
# There is insufficient memory for the Java Runtime Environment to continue.
# Native memory allocation (malloc) failed to allocate 68496 bytes for Chunk::new
# Possible reasons:
#   The system is out of physical RAM or swap space
#   In 32 bit mode, the process size limit was hit
# Possible solutions:
#   Reduce memory load on the system
#   Increase physical memory or swap space
#   Check if swap backing store is full
#   Use 64 bit Java on a 64 bit OS
#   Decrease Java heap size (-Xmx/-Xms)
#   Decrease number of Java threads
#   Decrease Java thread stack sizes (-Xss)
#   Set larger code cache with -XX:ReservedCodeCacheSize=
# This output file may be truncated or incomplete.
#
#  Out of Memory Error (allocation.cpp:390), pid=14952, tid=1920
#
# JRE version: Java(TM) SE Runtime Environment (8.0_40-b26) (build 1.8.0_40-b26)
# Java VM: Java HotSpot(TM) 64-Bit Server VM (25.40-b25 mixed mode windows-amd64 compressed oops)
# Failed to write core dump. Minidumps are not enabled by default on client versions of Windows
#

---------------  T H R E A D  ---------------

Current thread (0x0000000016f57800):  JavaThread "C2 CompilerThread0" daemon [_thread_in_native, id=1920, stack(0x0000000017530000,0x0000000017630000)]

Stack: [0x0000000017530000,0x0000000017630000]
Native frames: (J=compiled Java code, j=interpreted, Vv=VM code, C=native code)
V  [jvm.dll+0x32b47a]


Current CompileTask:
C2:   3044 1772   !   4       com.android.dx.cf.code.RopperMachine::run (1550 bytes)


---------------  P R O C E S S  ---------------

Java Threads: ( => current thread )
  0x0000000017246000 JavaThread "pool-2-thread-4" [_thread_blocked, id=848, stack(0x0000000017f30000,0x0000000018030000)]
  0x0000000017231000 JavaThread "pool-2-thread-3" [_thread_blocked, id=12564, stack(0x0000000017e30000,0x0000000017f30000)]
  0x0000000017226800 JavaThread "pool-2-thread-2" [_thread_blocked, id=14788, stack(0x0000000017d30000,0x0000000017e30000)]
  0x0000000017222000 JavaThread "pool-3-thread-1" [_thread_blocked, id=10580, stack(0x0000000017c30000,0x0000000017d30000)]
  0x000000001721d000 JavaThread "pool-2-thread-1" [_thread_blocked, id=11184, stack(0x0000000017b30000,0x0000000017c30000)]
  0x0000000017003000 JavaThread "Service Thread" daemon [_thread_blocked, id=1892, stack(0x0000000017930000,0x0000000017a30000)]
  0x0000000016f70000 JavaThread "C1 CompilerThread3" daemon [_thread_blocked, id=14060, stack(0x0000000017830000,0x0000000017930000)]
  0x0000000016f61000 JavaThread "C2 CompilerThread2" daemon [_thread_in_native, id=2652, stack(0x0000000017730000,0x0000000017830000)]
  0x0000000016f5d000 JavaThread "C2 CompilerThread1" daemon [_thread_in_native, id=5084, stack(0x0000000017630000,0x0000000017730000)]
=>0x0000000016f57800 JavaThread "C2 CompilerThread0" daemon [_thread_in_native, id=1920, stack(0x0000000017530000,0x0000000017630000)]
  0x0000000016f56000 JavaThread "Attach Listener" daemon [_thread_blocked, id=8416, stack(0x0000000017430000,0x0000000017530000)]
  0x0000000016f55000 JavaThread "Signal Dispatcher" daemon [_thread_blocked, id=11936, stack(0x0000000017330000,0x0000000017430000)]
  0x0000000014f5d000 JavaThread "Finalizer" daemon [_thread_blocked, id=14420, stack(0x0000000016e30000,0x0000000016f30000)]
  0x0000000002435800 JavaThread "Reference Handler" daemon [_thread_blocked, id=3612, stack(0x0000000016d30000,0x0000000016e30000)]
  0x00000000021bd800 JavaThread "main" [_thread_blocked, id=6824, stack(0x0000000002240000,0x0000000002340000)]

Other Threads:
  0x0000000014f59000 VMThread [stack: 0x0000000016c30000,0x0000000016d30000] [id=852]
  0x0000000017003800 WatcherThread [stack: 0x0000000017a30000,0x0000000017b30000] [id=7124]

VM state:not at safepoint (normal execution)

VM Mutex/Monitor currently owned by a thread: None

Heap:
 PSYoungGen      total 141824K, used 43988K [0x00000000eab00000, 0x00000000f4000000, 0x0000000100000000)
  eden space 131072K, 25% used [0x00000000eab00000,0x00000000ecb78c98,0x00000000f2b00000)
  from space 10752K, 99% used [0x00000000f3580000,0x00000000f3ffc710,0x00000000f4000000)
  to   space 10752K, 0% used [0x00000000f2b00000,0x00000000f2b00000,0x00000000f3580000)
 ParOldGen       total 175104K, used 7023K [0x00000000c0000000, 0x00000000cab00000, 0x00000000eab00000)
  object space 175104K, 4% used [0x00000000c0000000,0x00000000c06dbfd8,0x00000000cab00000)
 Metaspace       used 6225K, capacity 7156K, committed 7296K, reserved 1056768K
  class space    used 605K, capacity 620K, committed 640K, reserved 1048576K

Card table byte_map: [0x0000000011800000,0x0000000011a10000] byte_map_base: 0x0000000011200000

Marking Bits: (ParMarkBitMap*) 0x0000000070f24040
 Begin Bits: [0x0000000012370000, 0x0000000013370000)
 End Bits:   [0x0000000013370000, 0x0000000014370000)

Polling page: 0x0000000000430000

CodeCache: size=245760Kb used=7737Kb max_used=7750Kb free=238022Kb
 bounds [0x0000000002440000, 0x0000000002be0000, 0x0000000011440000]
 total_blobs=2051 nmethods=1779 adapters=182
 compilation: enabled

Compilation events (10 events):
Event: 2.966 Thread 0x0000000016f70000 1829   !   2       com.android.dx.cf.direct.MemberListParser::parse (641 bytes)
Event: 2.971 Thread 0x0000000016f70000 nmethod 1829 0x0000000002baa8d0 code [0x0000000002bab020, 0x0000000002badc18]
Event: 2.974 Thread 0x0000000016f70000 1831       2       java.io.FilterInputStream::available (8 bytes)
Event: 2.974 Thread 0x0000000016f70000 nmethod 1831 0x0000000002bb39d0 code [0x0000000002bb3b40, 0x0000000002bb3cc8]
Event: 2.975 Thread 0x0000000016f70000 1832       2       com.android.dx.util.ByteArray$MyInputStream::available (13 bytes)
Event: 2.975 Thread 0x0000000016f70000 nmethod 1832 0x0000000002bb3d50 code [0x0000000002bb3ea0, 0x0000000002bb3ff0]
Event: 3.033 Thread 0x0000000016f5d000 nmethod 1729 0x0000000002bbe410 code [0x0000000002bbfc80, 0x0000000002bc8010]
Event: 3.033 Thread 0x0000000016f5d000 1806       4       com.android.dx.util.IntList::binarysearch (124 bytes)
Event: 3.035 Thread 0x0000000016f5d000 nmethod 1806 0x0000000002bbb1d0 code [0x0000000002bbb320, 0x0000000002bbb4d8]
Event: 3.035 Thread 0x0000000016f5d000 1796       4       com.android.dx.ssa.SsaBasicBlock::getRopLabelSuccessorList (57 bytes)

GC Heap History (4 events):
Event: 1.289 GC heap before
{Heap before GC invocations=1 (full 0):
 PSYoungGen      total 76288K, used 65536K [0x00000000eab00000, 0x00000000f0000000, 0x0000000100000000)
  eden space 65536K, 100% used [0x00000000eab00000,0x00000000eeb00000,0x00000000eeb00000)
  from space 10752K, 0% used [0x00000000ef580000,0x00000000ef580000,0x00000000f0000000)
  to   space 10752K, 0% used [0x00000000eeb00000,0x00000000eeb00000,0x00000000ef580000)
 ParOldGen       total 175104K, used 0K [0x00000000c0000000, 0x00000000cab00000, 0x00000000eab00000)
  object space 175104K, 0% used [0x00000000c0000000,0x00000000c0000000,0x00000000cab00000)
 Metaspace       used 6096K, capacity 7092K, committed 7296K, reserved 1056768K
  class space    used 604K, capacity 620K, committed 640K, reserved 1048576K
Event: 1.672 GC heap after
Heap after GC invocations=1 (full 0):
 PSYoungGen      total 76288K, used 10725K [0x00000000eab00000, 0x00000000f4000000, 0x0000000100000000)
  eden space 65536K, 0% used [0x00000000eab00000,0x00000000eab00000,0x00000000eeb00000)
  from space 10752K, 99% used [0x00000000eeb00000,0x00000000ef5795e0,0x00000000ef580000)
  to   space 10752K, 0% used [0x00000000f3580000,0x00000000f3580000,0x00000000f4000000)
 ParOldGen       total 175104K, used 400K [0x00000000c0000000, 0x00000000cab00000, 0x00000000eab00000)
  object space 175104K, 0% used [0x00000000c0000000,0x00000000c00640b0,0x00000000cab00000)
 Metaspace       used 6096K, capacity 7092K, committed 7296K, reserved 1056768K
  class space    used 604K, capacity 620K, committed 640K, reserved 1048576K
}
Event: 2.452 GC heap before
{Heap before GC invocations=2 (full 0):
 PSYoungGen      total 76288K, used 76261K [0x00000000eab00000, 0x00000000f4000000, 0x0000000100000000)
  eden space 65536K, 100% used [0x00000000eab00000,0x00000000eeb00000,0x00000000eeb00000)
  from space 10752K, 99% used [0x00000000eeb00000,0x00000000ef5795e0,0x00000000ef580000)
  to   space 10752K, 0% used [0x00000000f3580000,0x00000000f3580000,0x00000000f4000000)
 ParOldGen       total 175104K, used 400K [0x00000000c0000000, 0x00000000cab00000, 0x00000000eab00000)
  object space 175104K, 0% used [0x00000000c0000000,0x00000000c00640b0,0x00000000cab00000)
 Metaspace       used 6208K, capacity 7156K, committed 7296K, reserved 1056768K
  class space    used 605K, capacity 620K, committed 640K, reserved 1048576K
Event: 2.543 GC heap after
Heap after GC invocations=2 (full 0):
 PSYoungGen      total 141824K, used 10737K [0x00000000eab00000, 0x00000000f4000000, 0x0000000100000000)
  eden space 131072K, 0% used [0x00000000eab00000,0x00000000eab00000,0x00000000f2b00000)
  from space 10752K, 99% used [0x00000000f3580000,0x00000000f3ffc710,0x00000000f4000000)
  to   space 10752K, 0% used [0x00000000f2b00000,0x00000000f2b00000,0x00000000f3580000)
 ParOldGen       total 175104K, used 7023K [0x00000000c0000000, 0x00000000cab00000, 0x00000000eab00000)
  object space 175104K, 4% used [0x00000000c0000000,0x00000000c06dbfd8,0x00000000cab00000)
 Metaspace       used 6208K, capacity 7156K, committed 7296K, reserved 1056768K
  class space    used 605K, capacity 620K, committed 640K, reserved 1048576K
}

Deoptimization events (10 events):
Event: 2.027 Thread 0x0000000017231000 Uncommon trap: reason=class_check action=maybe_recompile pc=0x0000000002927ed0 method=java.util.HashMap.putVal(ILjava/lang/Object;Ljava/lang/Object;ZZ)Ljava/lang/Object; @ 203
Event: 2.034 Thread 0x0000000017231000 Uncommon trap: reason=bimorphic action=maybe_recompile pc=0x0000000002aee4bc method=com.android.dx.rop.code.RegisterSpec.withSimpleType()Lcom/android/dx/rop/code/RegisterSpec; @ 21
Event: 2.094 Thread 0x0000000017231000 Uncommon trap: reason=bimorphic action=maybe_recompile pc=0x0000000002aee4bc method=com.android.dx.rop.code.RegisterSpec.withSimpleType()Lcom/android/dx/rop/code/RegisterSpec; @ 21
Event: 2.112 Thread 0x0000000017231000 Uncommon trap: reason=bimorphic action=maybe_recompile pc=0x0000000002aee4bc method=com.android.dx.rop.code.RegisterSpec.withSimpleType()Lcom/android/dx/rop/code/RegisterSpec; @ 21
Event: 2.227 Thread 0x00000000021bd800 Uncommon trap: reason=bimorphic action=maybe_recompile pc=0x0000000002a82444 method=com.android.dx.cf.code.BytecodeArray.parseInstruction(ILcom/android/dx/cf/code/BytecodeArray$Visitor;)I @ 2484
Event: 2.227 Thread 0x00000000021bd800 Uncommon trap: reason=bimorphic action=maybe_recompile pc=0x0000000002a82444 method=com.android.dx.cf.code.BytecodeArray.parseInstruction(ILcom/android/dx/cf/code/BytecodeArray$Visitor;)I @ 2484
Event: 2.285 Thread 0x00000000021bd800 Uncommon trap: reason=class_check action=maybe_recompile pc=0x0000000002a7efd4 method=com.android.dx.cf.code.BytecodeArray.parseInstruction(ILcom/android/dx/cf/code/BytecodeArray$Visitor;)I @ 987
Event: 2.285 Thread 0x00000000021bd800 Uncommon trap: reason=class_check action=maybe_recompile pc=0x0000000002a7efd4 method=com.android.dx.cf.code.BytecodeArray.parseInstruction(ILcom/android/dx/cf/code/BytecodeArray$Visitor;)I @ 987
Event: 2.286 Thread 0x00000000021bd800 Uncommon trap: reason=class_check action=maybe_recompile pc=0x0000000002a7efd4 method=com.android.dx.cf.code.BytecodeArray.parseInstruction(ILcom/android/dx/cf/code/BytecodeArray$Visitor;)I @ 987
Event: 2.286 Thread 0x00000000021bd800 Uncommon trap: reason=class_check action=maybe_recompile pc=0x0000000002a7efd4 method=com.android.dx.cf.code.BytecodeArray.parseInstruction(ILcom/android/dx/cf/code/BytecodeArray$Visitor;)I @ 987

Internal exceptions (5 events):
Event: 0.036 Thread 0x00000000021bd800 Exception <a 'java/lang/NoSuchMethodError': Method sun.misc.Unsafe.defineClass(Ljava/lang/String;[BII)Ljava/lang/Class; name or signature does not match> (0x00000000eab0dba0) thrown at [D:\re\workspace\8-2-build-windows-amd64-cygwin\jdk8u40\3098\hotspot\srÐê25Lˆ¢?
Event: 0.036 Thread 0x00000000021bd800 Exception <a 'java/lang/NoSuchMethodError': Method sun.misc.Unsafe.prefetchRead(Ljava/lang/Object;J)V name or signature does not match> (0x00000000eab0de30) thrown at [D:\re\workspace\8-2-build-windows-amd64-cygwin\jdk8u40\3098\hotspot\src\share\vm\prims\jÄ‰mRºMó?
Event: 1.206 Thread 0x0000000017246000 Exception <a 'java/lang/ArrayIndexOutOfBoundsException': 18> (0x00000000edcad0a8) thrown at [D:\re\workspace\8-2-build-windows-amd64-cygwin\jdk8u40\3098\hotspot\src\share\vm\interpreter\interpreterRuntime.cpp, line 366]
Event: 1.207 Thread 0x0000000017246000 Exception <a 'java/lang/ArrayIndexOutOfBoundsException': 145> (0x00000000edcaeb78) thrown at [D:\re\workspace\8-2-build-windows-amd64-cygwin\jdk8u40\3098\hotspot\src\share\vm\interpreter\interpreterRuntime.cpp, line 366]
Event: 1.207 Thread 0x0000000017246000 Exception <a 'java/lang/ArrayIndexOutOfBoundsException'> (0x00000000edcafdb0) thrown at [D:\re\workspace\8-2-build-windows-amd64-cygwin\jdk8u40\3098\hotspot\src\share\vm\runtime\sharedRuntime.cpp, line 605]

Events (10 events):
Event: 2.320 Thread 0x00000000021bd800 DEOPT PACKING pc=0x0000000002b44e61 sp=0x000000000233ecb0
Event: 2.320 Thread 0x00000000021bd800 DEOPT UNPACKING pc=0x000000000248787f sp=0x000000000233ea70 mode 0
Event: 2.322 Thread 0x00000000021bd800 DEOPT PACKING pc=0x0000000002b472d2 sp=0x000000000233edb0
Event: 2.323 Thread 0x00000000021bd800 DEOPT UNPACKING pc=0x000000000248787f sp=0x000000000233ebc8 mode 0
Event: 2.452 Executing VM operation: ParallelGCFailedAllocation
Event: 2.543 Executing VM operation: ParallelGCFailedAllocation done
Event: 2.731 Thread 0x00000000021bd800 DEOPT PACKING pc=0x0000000002b4e929 sp=0x000000000233ebc0
Event: 2.731 Thread 0x00000000021bd800 DEOPT UNPACKING pc=0x000000000248787f sp=0x000000000233e9c8 mode 0
Event: 2.743 Thread 0x000000001721d000 DEOPT PACKING pc=0x0000000002ae8aaf sp=0x0000000017c2e8b0
Event: 2.743 Thread 0x000000001721d000 DEOPT UNPACKING pc=0x000000000248787f sp=0x0000000017c2e630 mode 0


Dynamic libraries:
0x00007ff6966a0000 - 0x00007ff6966d7000 	C:\Program Files\Java\jdk1.8.0_40\bin\java.exe
0x00007ffe053d0000 - 0x00007ffe05591000 	C:\WINDOWS\SYSTEM32\ntdll.dll
0x00007ffe02b20000 - 0x00007ffe02bcd000 	C:\WINDOWS\system32\KERNEL32.DLL
0x00007ffe02350000 - 0x00007ffe02538000 	C:\WINDOWS\system32\KERNELBASE.dll
0x00007ffe02980000 - 0x00007ffe02a27000 	C:\WINDOWS\system32\ADVAPI32.dll
0x00007ffe04910000 - 0x00007ffe049ad000 	C:\WINDOWS\system32\msvcrt.dll
0x00007ffe049b0000 - 0x00007ffe04a0b000 	C:\WINDOWS\system32\sechost.dll
0x00007ffe050b0000 - 0x00007ffe051cc000 	C:\WINDOWS\system32\RPCRT4.dll
0x00007ffe04a10000 - 0x00007ffe04b66000 	C:\WINDOWS\system32\USER32.dll
0x00007ffe05240000 - 0x00007ffe053c6000 	C:\WINDOWS\system32\GDI32.dll
0x00007ffdea7f0000 - 0x00007ffdeaa64000 	C:\WINDOWS\WinSxS\amd64_microsoft.windows.common-controls_6595b64144ccf1df_6.0.10586.0_none_8c15ae12515e1c22\COMCTL32.dll
0x00007ffe02bd0000 - 0x00007ffe02e4d000 	C:\WINDOWS\system32\combase.dll
0x00007ffe01b50000 - 0x00007ffe01bba000 	C:\WINDOWS\system32\bcryptPrimitives.dll
0x00007ffe04c40000 - 0x00007ffe04c7b000 	C:\WINDOWS\system32\IMM32.DLL
0x00000000702a0000 - 0x0000000070372000 	C:\Program Files\Java\jdk1.8.0_40\jre\bin\msvcr100.dll
0x0000000070720000 - 0x0000000070fa3000 	C:\Program Files\Java\jdk1.8.0_40\jre\bin\server\jvm.dll
0x00007ffe02b10000 - 0x00007ffe02b18000 	C:\WINDOWS\system32\PSAPI.DLL
0x00007ffe00010000 - 0x00007ffe00033000 	C:\WINDOWS\SYSTEM32\WINMM.dll
0x00007ffdf6c70000 - 0x00007ffdf6c79000 	C:\WINDOWS\SYSTEM32\WSOCK32.dll
0x00007ffdfd290000 - 0x00007ffdfd29a000 	C:\WINDOWS\SYSTEM32\VERSION.dll
0x00007ffe051d0000 - 0x00007ffe0523b000 	C:\WINDOWS\system32\WS2_32.dll
0x0000000002100000 - 0x000000000212c000 	C:\WINDOWS\SYSTEM32\WINMMBASE.dll
0x00007ffe01a80000 - 0x00007ffe01ac3000 	C:\WINDOWS\system32\cfgmgr32.dll
0x0000000070710000 - 0x000000007071f000 	C:\Program Files\Java\jdk1.8.0_40\jre\bin\verify.dll
0x00000000706e0000 - 0x0000000070709000 	C:\Program Files\Java\jdk1.8.0_40\jre\bin\java.dll
0x00000000706c0000 - 0x00000000706d6000 	C:\Program Files\Java\jdk1.8.0_40\jre\bin\zip.dll
0x00007ffe02fc0000 - 0x00007ffe0451c000 	C:\WINDOWS\system32\SHELL32.dll
0x00007ffe01d00000 - 0x00007ffe02345000 	C:\WINDOWS\system32\windows.storage.dll
0x00007ffe04800000 - 0x00007ffe04852000 	C:\WINDOWS\system32\shlwapi.dll
0x00007ffe01a10000 - 0x00007ffe01a1f000 	C:\WINDOWS\system32\kernel.appcore.dll
0x00007ffe02710000 - 0x00007ffe027c5000 	C:\WINDOWS\system32\shcore.dll
0x00007ffe01a30000 - 0x00007ffe01a7b000 	C:\WINDOWS\system32\powrprof.dll
0x00007ffe019f0000 - 0x00007ffe01a04000 	C:\WINDOWS\system32\profapi.dll

VM Arguments:
jvm_args: -Djava.awt.headless=true -Xmx1024M -Dfile.encoding=windows-1252 -Duser.country=US -Duser.language=en -Duser.variant 
java_command: com.android.dx.command.Main --dex --force-jumbo --num-threads=4 --multi-dex --output C:\Users\Christopher\Shopping_List_App\Shopping_List_App\app\build\intermediates\transforms\dex\debug\folders\1000\10\com.android.support-appcompat-v7-23.0.1_9a981763dd921c88ba66c27486694425fddfcfdf C:\Users\Christopher\Shopping_List_App\Shopping_List_App\app\build\intermediates\exploded-aar\com.android.support\appcompat-v7\23.0.1\jars\classes.jar
java_class_path (initial): C:\Users\Christopher\AppData\Local\Android\sdk\build-tools\23.0.1\lib\dx.jar
Launcher Type: SUN_STANDARD

Environment Variables:
PATH=C:\Program Files (x86)\NVIDIA Corporation\PhysX\Common;C:\Python34\;C:\Python34\Scripts;C:\ProgramData\Oracle\Java\javapath;C:\WINDOWS\system32;C:\WINDOWS;C:\WINDOWS\System32\Wbem;C:\WINDOWS\System32\WindowsPowerShell\v1.0\;C:\Program Files (x86)\ATI Technologies\ATI.ACE\Core-Static;C:\Program Files\Microsoft\Web Platform Installer\;C:\Program Files (x86)\Microsoft ASP.NET\ASP.NET Web Pages\v1.0\;C:\Program Files\Microsoft SQL Server\110\Tools\Binn\;C:\Program Files\Microsoft SQL Server\120\Tools\Binn\;C:\Program Files\TortoiseSVN\bin;C:\Program Files (x86)\AMD\ATI.ACE\Core-Static;C:\Program Files (x86)\scala\bin;C:\Program Files\Java\jdk1.8.0_40\bin;;C:\play-2.0\play-2.0;C:\WINDOWS\system32\config\systemprofile\.dnx\bin;C:\Program Files\Microsoft DNX\Dnvm\;C:\Program Files (x86)\Skype\Phone\;C:\Program Files (x86)\Microsoft SQL Server\130\Tools\Binn\ManagementStudio\;C:\Program Files (x86)\Microsoft SQL Server\130\Tools\Binn\;C:\Program Files (x86)\Microsoft SQL Server\Client SDK\ODBC\110\Tools\Binn\;C:\Program Files (x86)\Microsoft SQL Server\130\DTS\Binn\;C:\Program Files\Microsoft SQL Server\Client SDK\ODBC\110\Tools\Binn\;C:\Program Files (x86)\Microsoft SQL Server\120\Tools\Binn\;C:\Program Files\Microsoft SQL Server\120\DTS\Binn\;C:\Program Files (x86)\Microsoft SDKs\TypeScript\1.0\;C:\WINDOWS\system32;C:\WINDOWS;C:\WINDOWS\System32\Wbem;C:\WINDOWS\System32\WindowsPowerShell\v1.0\;C:\Ruby22-x64\bin
USERNAME=Christopher
OS=Windows_NT
PROCESSOR_IDENTIFIER=Intel64 Family 6 Model 58 Stepping 9, GenuineIntel



---------------  S Y S T E M  ---------------

OS: Windows 10.0 , 64 bit Build 10586 (10.0.10586.0)

CPU:total 8 (4 cores per cpu, 2 threads per core) family 6 model 58 stepping 9, cmov, cx8, fxsr, mmx, sse, sse2, sse3, ssse3, sse4.1, sse4.2, popcnt, avx, aes, clmul, erms, ht, tsc, tscinvbit, tscinv

Memory: 4k page, physical 16659540k(4966992k free), swap 16659540k(4100k free)

vm_info: Java HotSpot(TM) 64-Bit Server VM (25.40-b25) for windows-amd64 JRE (1.8.0_40-b26), built on Mar  7 2015 13:51:59 by "java_re" with MS VC++ 10.0 (VS2010)

time: Sun May 15 14:23:49 2016
elapsed time: 3 seconds (0d 0h 0m 3s)

