#
# There is insufficient memory for the Java Runtime Environment to continue.
# Native memory allocation (malloc) failed to allocate 93136 bytes for Chunk::new
# Possible reasons:
#   The system is out of physical RAM or swap space
#   In 32 bit mode, the process size limit was hit
# Possible solutions:
#   Reduce memory load on the system
#   Increase physical memory or swap space
#   Check if swap backing store is full
#   Use 64 bit Java on a 64 bit OS
#   Decrease Java heap size (-Xmx/-Xms)
#   Decrease number of Java threads
#   Decrease Java thread stack sizes (-Xss)
#   Set larger code cache with -XX:ReservedCodeCacheSize=
# This output file may be truncated or incomplete.
#
#  Out of Memory Error (allocation.cpp:390), pid=9440, tid=7940
#
# JRE version: Java(TM) SE Runtime Environment (8.0_40-b26) (build 1.8.0_40-b26)
# Java VM: Java HotSpot(TM) 64-Bit Server VM (25.40-b25 mixed mode windows-amd64 compressed oops)
# Failed to write core dump. Minidumps are not enabled by default on client versions of Windows
#

---------------  T H R E A D  ---------------

Current thread (0x0000000016e4f800):  JavaThread "C2 CompilerThread2" daemon [_thread_in_native, id=7940, stack(0x0000000017620000,0x0000000017720000)]

Stack: [0x0000000017620000,0x0000000017720000]
Native frames: (J=compiled Java code, j=interpreted, Vv=VM code, C=native code)
V  [jvm.dll+0x32b47a]
V  [jvm.dll+0x2797f3]
V  [jvm.dll+0x27a489]
V  [jvm.dll+0x2717a5]
V  [jvm.dll+0xcb9a2]
V  [jvm.dll+0xcbe6c]
V  [jvm.dll+0x476ea2]
V  [jvm.dll+0x4b950f]
V  [jvm.dll+0x46bc14]
V  [jvm.dll+0x46ccbe]
V  [jvm.dll+0x4500d2]
V  [jvm.dll+0xa4312]
V  [jvm.dll+0xa4c4f]
V  [jvm.dll+0x241914]
V  [jvm.dll+0x29848a]
C  [msvcr100.dll+0x21d9f]
C  [msvcr100.dll+0x21e3b]
C  [KERNEL32.DLL+0x18102]
C  [ntdll.dll+0x5c5b4]


Current CompileTask:
C2:   2697 1377       4       com.android.dx.rop.cst.CstBaseMethodRef::compareTo0 (29 bytes)


---------------  P R O C E S S  ---------------

Java Threads: ( => current thread )
  0x0000000016f8f000 JavaThread "pool-1-thread-1" [_thread_new, id=14712, stack(0x0000000000000000,0x0000000000000000)]
  0x0000000016e5b800 JavaThread "Service Thread" daemon [_thread_blocked, id=13696, stack(0x0000000017820000,0x0000000017920000)]
  0x0000000016e55000 JavaThread "C1 CompilerThread3" daemon [_thread_blocked, id=13284, stack(0x0000000017720000,0x0000000017820000)]
=>0x0000000016e4f800 JavaThread "C2 CompilerThread2" daemon [_thread_in_native, id=7940, stack(0x0000000017620000,0x0000000017720000)]
  0x0000000016e4b800 JavaThread "C2 CompilerThread1" daemon [_thread_in_native, id=13108, stack(0x0000000017520000,0x0000000017620000)]
  0x0000000016e48000 JavaThread "C2 CompilerThread0" daemon [_thread_in_native, id=2392, stack(0x0000000017420000,0x0000000017520000)]
  0x0000000016e45800 JavaThread "Attach Listener" daemon [_thread_blocked, id=10368, stack(0x0000000017320000,0x0000000017420000)]
  0x0000000016e45000 JavaThread "Signal Dispatcher" daemon [_thread_blocked, id=9828, stack(0x0000000017220000,0x0000000017320000)]
  0x00000000022f4800 JavaThread "Finalizer" daemon [_thread_blocked, id=10128, stack(0x0000000016d20000,0x0000000016e20000)]
  0x00000000022f3000 JavaThread "Reference Handler" daemon [_thread_blocked, id=9816, stack(0x0000000016c20000,0x0000000016d20000)]
  0x0000000001f8d800 JavaThread "main" [_thread_blocked, id=13676, stack(0x0000000002000000,0x0000000002100000)]

Other Threads:
  0x0000000014e18800 VMThread [stack: 0x0000000016b20000,0x0000000016c20000] [id=8336]
  0x0000000016e5c000 WatcherThread [stack: 0x0000000017920000,0x0000000017a20000] [id=4708]

VM state:not at safepoint (normal execution)

VM Mutex/Monitor currently owned by a thread: None

Heap:
 PSYoungGen      total 76288K, used 12510K [0x00000000eab00000, 0x00000000f4000000, 0x0000000100000000)
  eden space 65536K, 4% used [0x00000000eab00000,0x00000000eadeb1b0,0x00000000eeb00000)
  from space 10752K, 88% used [0x00000000eeb00000,0x00000000ef44c8d0,0x00000000ef580000)
  to   space 10752K, 0% used [0x00000000f3580000,0x00000000f3580000,0x00000000f4000000)
 ParOldGen       total 175104K, used 8K [0x00000000c0000000, 0x00000000cab00000, 0x00000000eab00000)
  object space 175104K, 0% used [0x00000000c0000000,0x00000000c0002000,0x00000000cab00000)
 Metaspace       used 5799K, capacity 6896K, committed 7040K, reserved 1056768K
  class space    used 577K, capacity 616K, committed 640K, reserved 1048576K

Card table byte_map: [0x00000000116c0000,0x00000000118d0000] byte_map_base: 0x00000000110c0000

Marking Bits: (ParMarkBitMap*) 0x0000000070f24040
 Begin Bits: [0x0000000012230000, 0x0000000013230000)
 End Bits:   [0x0000000013230000, 0x0000000014230000)

Polling page: 0x0000000000530000

CodeCache: size=245760Kb used=5738Kb max_used=5746Kb free=240021Kb
 bounds [0x0000000002300000, 0x00000000028b0000, 0x0000000011300000]
 total_blobs=1617 nmethods=1347 adapters=181
 compilation: enabled

Compilation events (10 events):
Event: 2.675 Thread 0x0000000016e55000 1371       3       java.lang.ref.Finalizer::hasBeenFinalized (14 bytes)
Event: 2.675 Thread 0x0000000016e55000 nmethod 1371 0x0000000002872fd0 code [0x0000000002873120, 0x00000000028732d0]
Event: 2.675 Thread 0x0000000016e55000 1372   !   3       java.lang.ref.Finalizer::remove (94 bytes)
Event: 2.675 Thread 0x0000000016e55000 nmethod 1372 0x0000000002872850 code [0x00000000028729c0, 0x0000000002872e90]
Event: 2.677 Thread 0x0000000016e55000 1380       3       java.util.concurrent.locks.AbstractOwnableSynchronizer::setExclusiveOwnerThread (6 bytes)
Event: 2.678 Thread 0x0000000016e55000 nmethod 1380 0x0000000002872510 code [0x0000000002872660, 0x00000000028727d0]
Event: 2.683 Thread 0x0000000016e4f800 

Event: 2.683 Thread 0x0000000016e4f800 1378       4       com.android.dx.rop.cst.Constant::compareTo (9 bytes)
Event: 2.684 Thread 0x0000000016e4f800 

Event: 2.684 Thread 0x0000000016e4f800 1377       4       com.android.dx.rop.cst.CstBaseMethodRef::compareTo0 (29 bytes)

GC Heap History (2 events):
Event: 2.420 GC heap before
{Heap before GC invocations=1 (full 0):
 PSYoungGen      total 76288K, used 65536K [0x00000000eab00000, 0x00000000f0000000, 0x0000000100000000)
  eden space 65536K, 100% used [0x00000000eab00000,0x00000000eeb00000,0x00000000eeb00000)
  from space 10752K, 0% used [0x00000000ef580000,0x00000000ef580000,0x00000000f0000000)
  to   space 10752K, 0% used [0x00000000eeb00000,0x00000000eeb00000,0x00000000ef580000)
 ParOldGen       total 175104K, used 0K [0x00000000c0000000, 0x00000000cab00000, 0x00000000eab00000)
  object space 175104K, 0% used [0x00000000c0000000,0x00000000c0000000,0x00000000cab00000)
 Metaspace       used 5791K, capacity 6896K, committed 7040K, reserved 1056768K
  class space    used 576K, capacity 616K, committed 640K, reserved 1048576K
Event: 2.665 GC heap after
Heap after GC invocations=1 (full 0):
 PSYoungGen      total 76288K, used 9522K [0x00000000eab00000, 0x00000000f4000000, 0x0000000100000000)
  eden space 65536K, 0% used [0x00000000eab00000,0x00000000eab00000,0x00000000eeb00000)
  from space 10752K, 88% used [0x00000000eeb00000,0x00000000ef44c8d0,0x00000000ef580000)
  to   space 10752K, 0% used [0x00000000f3580000,0x00000000f3580000,0x00000000f4000000)
 ParOldGen       total 175104K, used 8K [0x00000000c0000000, 0x00000000cab00000, 0x00000000eab00000)
  object space 175104K, 0% used [0x00000000c0000000,0x00000000c0002000,0x00000000cab00000)
 Metaspace       used 5791K, capacity 6896K, committed 7040K, reserved 1056768K
  class space    used 576K, capacity 616K, committed 640K, reserved 1048576K
}

Deoptimization events (10 events):
Event: 1.251 Thread 0x0000000016f8f000 Uncommon trap: reason=class_check action=maybe_recompile pc=0x0000000002555f6c method=com.android.dx.ssa.NormalSsaInsn.accept(Lcom/android/dx/ssa/SsaInsn$Visitor;)V @ 9
Event: 1.370 Thread 0x0000000016f9e800 Uncommon trap: reason=bimorphic action=maybe_recompile pc=0x0000000002534ff4 method=java.util.HashMap.getNode(ILjava/lang/Object;)Ljava/util/HashMap$Node; @ 126
Event: 1.370 Thread 0x0000000016f9e800 Uncommon trap: reason=bimorphic action=maybe_recompile pc=0x0000000002534ff4 method=java.util.HashMap.getNode(ILjava/lang/Object;)Ljava/util/HashMap$Node; @ 126
Event: 1.371 Thread 0x0000000016f9e800 Uncommon trap: reason=class_check action=maybe_recompile pc=0x0000000002555f6c method=com.android.dx.ssa.NormalSsaInsn.accept(Lcom/android/dx/ssa/SsaInsn$Visitor;)V @ 9
Event: 1.384 Thread 0x0000000016f91800 Uncommon trap: reason=bimorphic action=maybe_recompile pc=0x0000000002776a54 method=com.android.dx.cf.code.BytecodeArray.parseInstruction(ILcom/android/dx/cf/code/BytecodeArray$Visitor;)I @ 1357
Event: 1.384 Thread 0x0000000016f91800 Uncommon trap: reason=bimorphic action=maybe_recompile pc=0x0000000002776a54 method=com.android.dx.cf.code.BytecodeArray.parseInstruction(ILcom/android/dx/cf/code/BytecodeArray$Visitor;)I @ 1357
Event: 1.716 Thread 0x0000000016f8f000 Uncommon trap: reason=class_check action=maybe_recompile pc=0x0000000002555f6c method=com.android.dx.ssa.NormalSsaInsn.accept(Lcom/android/dx/ssa/SsaInsn$Visitor;)V @ 9
Event: 1.716 Thread 0x0000000016f8f000 Uncommon trap: reason=class_check action=maybe_recompile pc=0x00000000024fd5b0 method=com.android.dx.ssa.NormalSsaInsn.accept(Lcom/android/dx/ssa/SsaInsn$Visitor;)V @ 9
Event: 2.192 Thread 0x0000000016f9d800 Uncommon trap: reason=bimorphic action=maybe_recompile pc=0x00000000025ed7b0 method=java.util.HashMap.getNode(ILjava/lang/Object;)Ljava/util/HashMap$Node; @ 126
Event: 2.192 Thread 0x0000000016f9d800 Uncommon trap: reason=class_check action=maybe_recompile pc=0x00000000026ce0cc method=java.util.HashMap.putVal(ILjava/lang/Object;Ljava/lang/Object;ZZ)Ljava/lang/Object; @ 203

Internal exceptions (3 events):
Event: 0.234 Thread 0x0000000001f8d800 Exception <a 'java/lang/NoSuchMethodError': Method sun.misc.Unsafe.defineClass(Ljava/lang/String;[BII)Ljava/lang/Class; name or signature does not match> (0x00000000eab0db80) thrown at [D:\re\workspace\8-2-build-windows-amd64-cygwin\jdk8u40\3098\hotspot\srí9\.ÞõÍ?
Event: 0.234 Thread 0x0000000001f8d800 Exception <a 'java/lang/NoSuchMethodError': Method sun.misc.Unsafe.prefetchRead(Ljava/lang/Object;J)V name or signature does not match> (0x00000000eab0de10) thrown at [D:\re\workspace\8-2-build-windows-amd64-cygwin\jdk8u40\3098\hotspot\src\share\vm\prims\jwÕ•Ùˆ¾ó?
Event: 1.234 Thread 0x0000000016f9e800 Implicit null exception at 0x000000000257c262 to 0x000000000257c352

Events (10 events):
Event: 2.196 Thread 0x0000000016f9d800 DEOPT PACKING pc=0x00000000026362bc sp=0x0000000017e1e4f0
Event: 2.196 Thread 0x0000000016f9d800 DEOPT UNPACKING pc=0x000000000234787f sp=0x0000000017e1e2b8 mode 0
Event: 2.344 loading class com/android/dx/rop/code/RegisterSpec$1
Event: 2.344 loading class com/android/dx/rop/code/RegisterSpec$1 done
Event: 2.420 Executing VM operation: ParallelGCFailedAllocation
Event: 2.665 Executing VM operation: ParallelGCFailedAllocation done
Event: 2.677 Thread 0x0000000016f9d800 Thread exited: 0x0000000016f9d800
Event: 2.685 Thread 0x0000000016f9d000 Thread exited: 0x0000000016f9d000
Event: 2.686 loading class com/android/dx/command/dexer/Main$DexWriter
Event: 2.686 loading class com/android/dx/command/dexer/Main$DexWriter done


Dynamic libraries:
0x00007ff6966a0000 - 0x00007ff6966d7000 	C:\Program Files\Java\jdk1.8.0_40\bin\java.exe
0x00007ffe053d0000 - 0x00007ffe05591000 	C:\WINDOWS\SYSTEM32\ntdll.dll
0x00007ffe02b20000 - 0x00007ffe02bcd000 	C:\WINDOWS\system32\KERNEL32.DLL
0x00007ffe02350000 - 0x00007ffe02538000 	C:\WINDOWS\system32\KERNELBASE.dll
0x00007ffe02980000 - 0x00007ffe02a27000 	C:\WINDOWS\system32\ADVAPI32.dll
0x00007ffe04910000 - 0x00007ffe049ad000 	C:\WINDOWS\system32\msvcrt.dll
0x00007ffe049b0000 - 0x00007ffe04a0b000 	C:\WINDOWS\system32\sechost.dll
0x00007ffe050b0000 - 0x00007ffe051cc000 	C:\WINDOWS\system32\RPCRT4.dll
0x00007ffe04a10000 - 0x00007ffe04b66000 	C:\WINDOWS\system32\USER32.dll
0x00007ffe05240000 - 0x00007ffe053c6000 	C:\WINDOWS\system32\GDI32.dll
0x00007ffdea7f0000 - 0x00007ffdeaa64000 	C:\WINDOWS\WinSxS\amd64_microsoft.windows.common-controls_6595b64144ccf1df_6.0.10586.0_none_8c15ae12515e1c22\COMCTL32.dll
0x00007ffe02bd0000 - 0x00007ffe02e4d000 	C:\WINDOWS\system32\combase.dll
0x00007ffe01b50000 - 0x00007ffe01bba000 	C:\WINDOWS\system32\bcryptPrimitives.dll
0x00007ffe04c40000 - 0x00007ffe04c7b000 	C:\WINDOWS\system32\IMM32.DLL
0x0000000071530000 - 0x0000000071602000 	C:\Program Files\Java\jdk1.8.0_40\jre\bin\msvcr100.dll
0x0000000070720000 - 0x0000000070fa3000 	C:\Program Files\Java\jdk1.8.0_40\jre\bin\server\jvm.dll
0x00007ffe02b10000 - 0x00007ffe02b18000 	C:\WINDOWS\system32\PSAPI.DLL
0x00007ffdf6c70000 - 0x00007ffdf6c79000 	C:\WINDOWS\SYSTEM32\WSOCK32.dll
0x00007ffe051d0000 - 0x00007ffe0523b000 	C:\WINDOWS\system32\WS2_32.dll
0x00007ffe00010000 - 0x00007ffe00033000 	C:\WINDOWS\SYSTEM32\WINMM.dll
0x00007ffdfd290000 - 0x00007ffdfd29a000 	C:\WINDOWS\SYSTEM32\VERSION.dll
0x00007ffdffcd0000 - 0x00007ffdffcfc000 	C:\WINDOWS\SYSTEM32\WINMMBASE.dll
0x00007ffe01a80000 - 0x00007ffe01ac3000 	C:\WINDOWS\system32\cfgmgr32.dll
0x0000000070710000 - 0x000000007071f000 	C:\Program Files\Java\jdk1.8.0_40\jre\bin\verify.dll
0x00000000706e0000 - 0x0000000070709000 	C:\Program Files\Java\jdk1.8.0_40\jre\bin\java.dll
0x00000000706c0000 - 0x00000000706d6000 	C:\Program Files\Java\jdk1.8.0_40\jre\bin\zip.dll
0x00007ffe02fc0000 - 0x00007ffe0451c000 	C:\WINDOWS\system32\SHELL32.dll
0x00007ffe01d00000 - 0x00007ffe02345000 	C:\WINDOWS\system32\windows.storage.dll
0x00007ffe04800000 - 0x00007ffe04852000 	C:\WINDOWS\system32\shlwapi.dll
0x00007ffe01a10000 - 0x00007ffe01a1f000 	C:\WINDOWS\system32\kernel.appcore.dll
0x00007ffe02710000 - 0x00007ffe027c5000 	C:\WINDOWS\system32\shcore.dll
0x00007ffe01a30000 - 0x00007ffe01a7b000 	C:\WINDOWS\system32\powrprof.dll
0x00007ffe019f0000 - 0x00007ffe01a04000 	C:\WINDOWS\system32\profapi.dll
0x00007ffdd3850000 - 0x00007ffdd39dc000 	C:\WINDOWS\SYSTEM32\dbghelp.dll

VM Arguments:
jvm_args: -Djava.awt.headless=true -Xmx1024M -Dfile.encoding=windows-1252 -Duser.country=US -Duser.language=en -Duser.variant 
java_command: com.android.dx.command.Main --dex --force-jumbo --num-threads=4 --multi-dex --output C:\Users\Christopher\Shopping_List_App\Shopping_List_App\app\build\intermediates\transforms\dex\debug\folders\1000\10\json-20090211_1_93927cdbd7737edf073fdd7786bc43cb6a6f61d9 C:\Users\Christopher\.gradle\caches\modules-2\files-2.1\org.apache.geronimo.bundles\json\20090211_1\dd3e57b26450cd682f5991c537ab44ba1fbbdb54\json-20090211_1.jar
java_class_path (initial): C:\Users\Christopher\AppData\Local\Android\sdk\build-tools\23.0.1\lib\dx.jar
Launcher Type: SUN_STANDARD

Environment Variables:
PATH=C:\Program Files (x86)\NVIDIA Corporation\PhysX\Common;C:\Python34\;C:\Python34\Scripts;C:\ProgramData\Oracle\Java\javapath;C:\WINDOWS\system32;C:\WINDOWS;C:\WINDOWS\System32\Wbem;C:\WINDOWS\System32\WindowsPowerShell\v1.0\;C:\Program Files (x86)\ATI Technologies\ATI.ACE\Core-Static;C:\Program Files\Microsoft\Web Platform Installer\;C:\Program Files (x86)\Microsoft ASP.NET\ASP.NET Web Pages\v1.0\;C:\Program Files\Microsoft SQL Server\110\Tools\Binn\;C:\Program Files\Microsoft SQL Server\120\Tools\Binn\;C:\Program Files\TortoiseSVN\bin;C:\Program Files (x86)\AMD\ATI.ACE\Core-Static;C:\Program Files (x86)\scala\bin;C:\Program Files\Java\jdk1.8.0_40\bin;;C:\play-2.0\play-2.0;C:\WINDOWS\system32\config\systemprofile\.dnx\bin;C:\Program Files\Microsoft DNX\Dnvm\;C:\Program Files (x86)\Skype\Phone\;C:\Program Files (x86)\Microsoft SQL Server\130\Tools\Binn\ManagementStudio\;C:\Program Files (x86)\Microsoft SQL Server\130\Tools\Binn\;C:\Program Files (x86)\Microsoft SQL Server\Client SDK\ODBC\110\Tools\Binn\;C:\Program Files (x86)\Microsoft SQL Server\130\DTS\Binn\;C:\Program Files\Microsoft SQL Server\Client SDK\ODBC\110\Tools\Binn\;C:\Program Files (x86)\Microsoft SQL Server\120\Tools\Binn\;C:\Program Files\Microsoft SQL Server\120\DTS\Binn\;C:\Program Files (x86)\Microsoft SDKs\TypeScript\1.0\;C:\WINDOWS\system32;C:\WINDOWS;C:\WINDOWS\System32\Wbem;C:\WINDOWS\System32\WindowsPowerShell\v1.0\;C:\Ruby22-x64\bin
USERNAME=Christopher
OS=Windows_NT
PROCESSOR_IDENTIFIER=Intel64 Family 6 Model 58 Stepping 9, GenuineIntel



---------------  S Y S T E M  ---------------

OS: Windows 10.0 , 64 bit Build 10586 (10.0.10586.0)

CPU:total 8 (4 cores per cpu, 2 threads per core) family 6 model 58 stepping 9, cmov, cx8, fxsr, mmx, sse, sse2, sse3, ssse3, sse4.1, sse4.2, popcnt, avx, aes, clmul, erms, ht, tsc, tscinvbit, tscinv

Memory: 4k page, physical 16659540k(4856840k free), swap 16659540k(5472k free)

vm_info: Java HotSpot(TM) 64-Bit Server VM (25.40-b25) for windows-amd64 JRE (1.8.0_40-b26), built on Mar  7 2015 13:51:59 by "java_re" with MS VC++ 10.0 (VS2010)

time: Sat May 21 16:00:43 2016
elapsed time: 2 seconds (0d 0h 0m 2s)

