#
# There is insufficient memory for the Java Runtime Environment to continue.
# Native memory allocation (malloc) failed to allocate 727216 bytes for Chunk::new
# Possible reasons:
#   The system is out of physical RAM or swap space
#   In 32 bit mode, the process size limit was hit
# Possible solutions:
#   Reduce memory load on the system
#   Increase physical memory or swap space
#   Check if swap backing store is full
#   Use 64 bit Java on a 64 bit OS
#   Decrease Java heap size (-Xmx/-Xms)
#   Decrease number of Java threads
#   Decrease Java thread stack sizes (-Xss)
#   Set larger code cache with -XX:ReservedCodeCacheSize=
# This output file may be truncated or incomplete.
#
#  Out of Memory Error (allocation.cpp:390), pid=13940, tid=15356
#
# JRE version: Java(TM) SE Runtime Environment (8.0_40-b26) (build 1.8.0_40-b26)
# Java VM: Java HotSpot(TM) 64-Bit Server VM (25.40-b25 mixed mode windows-amd64 compressed oops)
# Failed to write core dump. Minidumps are not enabled by default on client versions of Windows
#

---------------  T H R E A D  ---------------

Current thread (0x0000000016e83000):  JavaThread "C2 CompilerThread2" daemon [_thread_in_native, id=15356, stack(0x0000000017650000,0x0000000017750000)]

Stack: [0x0000000017650000,0x0000000017750000]
Native frames: (J=compiled Java code, j=interpreted, Vv=VM code, C=native code)
V  [jvm.dll+0x32b47a]
V  [jvm.dll+0x2797f3]
V  [jvm.dll+0x27a489]
V  [jvm.dll+0x2717a5]
V  [jvm.dll+0xcb9a2]
V  [jvm.dll+0xcbe6c]
V  [jvm.dll+0x476ea2]
V  [jvm.dll+0x4b950f]
V  [jvm.dll+0x46b6b5]
V  [jvm.dll+0x46ccbe]
V  [jvm.dll+0x4500d2]
V  [jvm.dll+0xa4312]
V  [jvm.dll+0xa4c4f]
V  [jvm.dll+0x241914]
V  [jvm.dll+0x29848a]
C  [msvcr100.dll+0x21d9f]
C  [msvcr100.dll+0x21e3b]
C  [KERNEL32.DLL+0x18102]
C  [ntdll.dll+0x5c5b4]


Current CompileTask:
C2:   6382 2104       4       com.android.dx.ssa.SsaConverter::edgeSplitMoveExceptionsAndResults (157 bytes)


---------------  P R O C E S S  ---------------

Java Threads: ( => current thread )
  0x0000000017169000 JavaThread "pool-2-thread-4" [_thread_blocked, id=10808, stack(0x0000000017e50000,0x0000000017f50000)]
  0x0000000017167800 JavaThread "pool-2-thread-3" [_thread_in_Java, id=8640, stack(0x0000000017d50000,0x0000000017e50000)]
  0x0000000017167000 JavaThread "pool-2-thread-2" [_thread_blocked, id=10980, stack(0x0000000017c50000,0x0000000017d50000)]
  0x000000001715b800 JavaThread "pool-3-thread-1" [_thread_blocked, id=15184, stack(0x0000000017b50000,0x0000000017c50000)]
  0x0000000017157000 JavaThread "pool-2-thread-1" [_thread_in_Java, id=10448, stack(0x0000000017a50000,0x0000000017b50000)]
  0x0000000016f1c800 JavaThread "Service Thread" daemon [_thread_blocked, id=11876, stack(0x0000000017850000,0x0000000017950000)]
  0x0000000016e86000 JavaThread "C1 CompilerThread3" daemon [_thread_blocked, id=10840, stack(0x0000000017750000,0x0000000017850000)]
=>0x0000000016e83000 JavaThread "C2 CompilerThread2" daemon [_thread_in_native, id=15356, stack(0x0000000017650000,0x0000000017750000)]
  0x0000000016e7b000 JavaThread "C2 CompilerThread1" daemon [_thread_in_native, id=2348, stack(0x0000000017550000,0x0000000017650000)]
  0x0000000016e77000 JavaThread "C2 CompilerThread0" daemon [_thread_in_native, id=13212, stack(0x0000000017450000,0x0000000017550000)]
  0x0000000016e74800 JavaThread "Attach Listener" daemon [_thread_blocked, id=13544, stack(0x0000000017350000,0x0000000017450000)]
  0x0000000014e91000 JavaThread "Signal Dispatcher" daemon [_thread_blocked, id=6828, stack(0x0000000017250000,0x0000000017350000)]
  0x000000000231a000 JavaThread "Finalizer" daemon [_thread_blocked, id=4468, stack(0x0000000016d50000,0x0000000016e50000)]
  0x0000000002313000 JavaThread "Reference Handler" daemon [_thread_blocked, id=7088, stack(0x0000000016c50000,0x0000000016d50000)]
  0x000000000236d800 JavaThread "main" [_thread_in_Java, id=13788, stack(0x0000000002110000,0x0000000002210000)]

Other Threads:
  0x0000000014e88800 VMThread [stack: 0x0000000016b50000,0x0000000016c50000] [id=9300]
  0x0000000016f1e800 WatcherThread [stack: 0x0000000017950000,0x0000000017a50000] [id=6256]

VM state:not at safepoint (normal execution)

VM Mutex/Monitor currently owned by a thread: None

Heap:
 PSYoungGen      total 76288K, used 76269K [0x00000000eab00000, 0x00000000f4000000, 0x0000000100000000)
  eden space 65536K, 100% used [0x00000000eab00000,0x00000000eeb00000,0x00000000eeb00000)
  from space 10752K, 99% used [0x00000000ef580000,0x00000000efffb720,0x00000000f0000000)
  to   space 10752K, 0% used [0x00000000eeb00000,0x00000000eeb00000,0x00000000ef580000)
 ParOldGen       total 175104K, used 7350K [0x00000000c0000000, 0x00000000cab00000, 0x00000000eab00000)
  object space 175104K, 4% used [0x00000000c0000000,0x00000000c072dae0,0x00000000cab00000)
 Metaspace       used 6272K, capacity 7156K, committed 7296K, reserved 1056768K
  class space    used 606K, capacity 620K, committed 640K, reserved 1048576K

Card table byte_map: [0x0000000011730000,0x0000000011940000] byte_map_base: 0x0000000011130000

Marking Bits: (ParMarkBitMap*) 0x0000000070f24040
 Begin Bits: [0x00000000122a0000, 0x00000000132a0000)
 End Bits:   [0x00000000132a0000, 0x00000000142a0000)

Polling page: 0x0000000000970000

CodeCache: size=245760Kb used=10075Kb max_used=10096Kb free=235684Kb
 bounds [0x0000000002370000, 0x0000000002d60000, 0x0000000011370000]
 total_blobs=2330 nmethods=2060 adapters=182
 compilation: enabled

Compilation events (10 events):
Event: 6.365 Thread 0x0000000016e86000 2131       3       com.android.dx.ssa.Dominators$DfsWalker::<init> (6 bytes)
Event: 6.365 Thread 0x0000000016e86000 nmethod 2131 0x0000000002d2e450 code [0x0000000002d2e5c0, 0x0000000002d2e7f0]
Event: 6.365 Thread 0x0000000016e86000 2132       3       com.android.dx.ssa.Dominators$DfsWalker::<init> (15 bytes)
Event: 6.366 Thread 0x0000000016e86000 nmethod 2132 0x0000000002d2e090 code [0x0000000002d2e1e0, 0x0000000002d2e3b0]
Event: 6.366 Thread 0x0000000016e86000 2133       3       java.util.concurrent.locks.ReentrantLock::lockInterruptibly (9 bytes)
Event: 6.366 Thread 0x0000000016e86000 nmethod 2133 0x0000000002cf84d0 code [0x0000000002cf8680, 0x0000000002cf8b98]
Event: 6.366 Thread 0x0000000016e86000 2134       3       java.util.concurrent.locks.AbstractQueuedSynchronizer::acquireInterruptibly (28 bytes)
Event: 6.366 Thread 0x0000000016e86000 nmethod 2134 0x0000000002cf7d50 code [0x0000000002cf7f00, 0x0000000002cf8338]
Event: 6.367 Thread 0x0000000016e86000 2139       3       java.util.concurrent.locks.AbstractQueuedSynchronizer::isOnSyncQueue (33 bytes)
Event: 6.367 Thread 0x0000000016e86000 nmethod 2139 0x0000000002d3ac10 code [0x0000000002d3ad80, 0x0000000002d3b110]

GC Heap History (4 events):
Event: 2.038 GC heap before
{Heap before GC invocations=1 (full 0):
 PSYoungGen      total 76288K, used 65536K [0x00000000eab00000, 0x00000000f0000000, 0x0000000100000000)
  eden space 65536K, 100% used [0x00000000eab00000,0x00000000eeb00000,0x00000000eeb00000)
  from space 10752K, 0% used [0x00000000ef580000,0x00000000ef580000,0x00000000f0000000)
  to   space 10752K, 0% used [0x00000000eeb00000,0x00000000eeb00000,0x00000000ef580000)
 ParOldGen       total 175104K, used 0K [0x00000000c0000000, 0x00000000cab00000, 0x00000000eab00000)
  object space 175104K, 0% used [0x00000000c0000000,0x00000000c0000000,0x00000000cab00000)
 Metaspace       used 6121K, capacity 7028K, committed 7296K, reserved 1056768K
  class space    used 604K, capacity 620K, committed 640K, reserved 1048576K
Event: 2.050 GC heap after
Heap after GC invocations=1 (full 0):
 PSYoungGen      total 76288K, used 10733K [0x00000000eab00000, 0x00000000f0000000, 0x0000000100000000)
  eden space 65536K, 0% used [0x00000000eab00000,0x00000000eab00000,0x00000000eeb00000)
  from space 10752K, 99% used [0x00000000eeb00000,0x00000000ef57b420,0x00000000ef580000)
  to   space 10752K, 0% used [0x00000000ef580000,0x00000000ef580000,0x00000000f0000000)
 ParOldGen       total 175104K, used 71K [0x00000000c0000000, 0x00000000cab00000, 0x00000000eab00000)
  object space 175104K, 0% used [0x00000000c0000000,0x00000000c0011f88,0x00000000cab00000)
 Metaspace       used 6121K, capacity 7028K, committed 7296K, reserved 1056768K
  class space    used 604K, capacity 620K, committed 640K, reserved 1048576K
}
Event: 2.827 GC heap before
{Heap before GC invocations=2 (full 0):
 PSYoungGen      total 76288K, used 76269K [0x00000000eab00000, 0x00000000f0000000, 0x0000000100000000)
  eden space 65536K, 100% used [0x00000000eab00000,0x00000000eeb00000,0x00000000eeb00000)
  from space 10752K, 99% used [0x00000000eeb00000,0x00000000ef57b420,0x00000000ef580000)
  to   space 10752K, 0% used [0x00000000ef580000,0x00000000ef580000,0x00000000f0000000)
 ParOldGen       total 175104K, used 71K [0x00000000c0000000, 0x00000000cab00000, 0x00000000eab00000)
  object space 175104K, 0% used [0x00000000c0000000,0x00000000c0011f88,0x00000000cab00000)
 Metaspace       used 6230K, capacity 7156K, committed 7296K, reserved 1056768K
  class space    used 605K, capacity 620K, committed 640K, reserved 1048576K
Event: 2.899 GC heap after
Heap after GC invocations=2 (full 0):
 PSYoungGen      total 76288K, used 10733K [0x00000000eab00000, 0x00000000f4000000, 0x0000000100000000)
  eden space 65536K, 0% used [0x00000000eab00000,0x00000000eab00000,0x00000000eeb00000)
  from space 10752K, 99% used [0x00000000ef580000,0x00000000efffb720,0x00000000f0000000)
  to   space 10752K, 0% used [0x00000000eeb00000,0x00000000eeb00000,0x00000000ef580000)
 ParOldGen       total 175104K, used 7350K [0x00000000c0000000, 0x00000000cab00000, 0x00000000eab00000)
  object space 175104K, 4% used [0x00000000c0000000,0x00000000c072dae0,0x00000000cab00000)
 Metaspace       used 6230K, capacity 7156K, committed 7296K, reserved 1056768K
  class space    used 605K, capacity 620K, committed 640K, reserved 1048576K
}

Deoptimization events (10 events):
Event: 2.517 Thread 0x0000000017157000 Uncommon trap: reason=unstable_if action=reinterpret pc=0x000000000297cf24 method=java.util.HashMap.putVal(ILjava/lang/Object;Ljava/lang/Object;ZZ)Ljava/lang/Object; @ 109
Event: 2.549 Thread 0x000000000236d800 Uncommon trap: reason=bimorphic action=maybe_recompile pc=0x0000000002a9d4d0 method=com.android.dx.ssa.LiteralOpUpgrader.tryReplacingWithConstant(Lcom/android/dx/ssa/NormalSsaInsn;)Z @ 62
Event: 2.552 Thread 0x000000000236d800 Uncommon trap: reason=bimorphic action=maybe_recompile pc=0x0000000002a9d4d0 method=com.android.dx.ssa.LiteralOpUpgrader.tryReplacingWithConstant(Lcom/android/dx/ssa/NormalSsaInsn;)Z @ 62
Event: 2.632 Thread 0x0000000017157000 Uncommon trap: reason=unstable_if action=reinterpret pc=0x000000000274d6bc method=com.android.dx.util.IntList.binarysearch(I)I @ 105
Event: 2.633 Thread 0x0000000017157000 Uncommon trap: reason=unstable_if action=reinterpret pc=0x0000000002ab0d80 method=com.android.dx.ssa.SsaBasicBlock.newFromRop(Lcom/android/dx/rop/code/RopMethod;ILcom/android/dx/ssa/SsaMethod;)Lcom/android/dx/ssa/SsaBasicBlock; @ 164
Event: 2.712 Thread 0x0000000017157000 Uncommon trap: reason=unstable_if action=reinterpret pc=0x00000000028cf74c method=com.android.dx.ssa.MoveParamCombiner$1.visitNonMoveInsn(Lcom/android/dx/ssa/NormalSsaInsn;)V @ 27
Event: 4.667 Thread 0x0000000017157000 Uncommon trap: reason=unstable_if action=reinterpret pc=0x0000000002abe9ec method=com.android.dx.rop.code.RegisterSpecSet.localItemToSpec(Lcom/android/dx/rop/code/LocalItem;)Lcom/android/dx/rop/code/RegisterSpec; @ 35
Event: 4.679 Thread 0x0000000017157000 Uncommon trap: reason=unstable_if action=reinterpret pc=0x0000000002b56ccc method=com.android.dx.rop.code.LocalVariableExtractor.processBlock(I)V @ 195
Event: 6.298 Thread 0x0000000017167000 Uncommon trap: reason=unstable_if action=reinterpret pc=0x000000000296f02c method=com.android.dx.rop.code.LocalItem.compareHandlesNulls(Lcom/android/dx/rop/cst/CstString;Lcom/android/dx/rop/cst/CstString;)I @ 14
Event: 6.298 Thread 0x0000000017167000 Uncommon trap: reason=unstable_if action=reinterpret pc=0x0000000002c162bc method=com.android.dx.rop.code.LocalItem.compareHandlesNulls(Lcom/android/dx/rop/cst/CstString;Lcom/android/dx/rop/cst/CstString;)I @ 14

Internal exceptions (8 events):
Event: 0.026 Thread 0x000000000236d800 Exception <a 'java/lang/NoSuchMethodError': Method sun.misc.Unsafe.defineClass(Ljava/lang/String;[BII)Ljava/lang/Class; name or signature does not match> (0x00000000eab0db98) thrown at [D:\re\workspace\8-2-build-windows-amd64-cygwin\jdk8u40\3098\hotspot\sr…Ì‚á¹š?
Event: 0.026 Thread 0x000000000236d800 Exception <a 'java/lang/NoSuchMethodError': Method sun.misc.Unsafe.prefetchRead(Ljava/lang/Object;J)V name or signature does not match> (0x00000000eab0de28) thrown at [D:\re\workspace\8-2-build-windows-amd64-cygwin\jdk8u40\3098\hotspot\src\share\vm\prims\jVÄè§ý?
Event: 1.813 Thread 0x000000000236d800 Exception <a 'java/lang/ArrayIndexOutOfBoundsException': 18> (0x00000000ee1025c0) thrown at [D:\re\workspace\8-2-build-windows-amd64-cygwin\jdk8u40\3098\hotspot\src\share\vm\interpreter\interpreterRuntime.cpp, line 366]
Event: 1.814 Thread 0x000000000236d800 Exception <a 'java/lang/ArrayIndexOutOfBoundsException': 145> (0x00000000ee104090) thrown at [D:\re\workspace\8-2-build-windows-amd64-cygwin\jdk8u40\3098\hotspot\src\share\vm\interpreter\interpreterRuntime.cpp, line 366]
Event: 1.814 Thread 0x000000000236d800 Exception <a 'java/lang/ArrayIndexOutOfBoundsException'> (0x00000000ee1052c8) thrown at [D:\re\workspace\8-2-build-windows-amd64-cygwin\jdk8u40\3098\hotspot\src\share\vm\runtime\sharedRuntime.cpp, line 605]
Event: 2.490 Thread 0x000000000236d800 Implicit null exception at 0x0000000002a855c5 to 0x0000000002a89cfd
Event: 6.298 Thread 0x0000000017167000 Implicit null exception at 0x000000000296d91b to 0x000000000296eff5
Event: 6.298 Thread 0x0000000017167000 Implicit null exception at 0x0000000002c16124 to 0x0000000002c162a9

Events (10 events):
Event: 6.245 Thread 0x0000000017167000 DEOPT PACKING pc=0x00000000027daef1 sp=0x0000000017d4e3f0
Event: 6.245 Thread 0x0000000017167000 DEOPT UNPACKING pc=0x00000000023b787f sp=0x0000000017d4e180 mode 0
Event: 6.273 Thread 0x0000000017169000 DEOPT PACKING pc=0x00000000028178fd sp=0x0000000017f4e760
Event: 6.273 Thread 0x0000000017169000 DEOPT UNPACKING pc=0x00000000023b787f sp=0x0000000017f4e498 mode 0
Event: 6.298 Thread 0x0000000017167000 Uncommon trap: trap_request=0xffffff65 fr.pc=0x000000000296f02c
Event: 6.298 Thread 0x0000000017167000 DEOPT PACKING pc=0x000000000296f02c sp=0x0000000017d4e330
Event: 6.298 Thread 0x0000000017167000 DEOPT UNPACKING pc=0x00000000023b582a sp=0x0000000017d4e0b8 mode 2
Event: 6.298 Thread 0x0000000017167000 Uncommon trap: trap_request=0xffffff65 fr.pc=0x0000000002c162bc
Event: 6.298 Thread 0x0000000017167000 DEOPT PACKING pc=0x0000000002c162bc sp=0x0000000017d4e240
Event: 6.298 Thread 0x0000000017167000 DEOPT UNPACKING pc=0x00000000023b582a sp=0x0000000017d4e120 mode 2


Dynamic libraries:
0x00007ff6966a0000 - 0x00007ff6966d7000 	C:\Program Files\Java\jdk1.8.0_40\bin\java.exe
0x00007ffe053d0000 - 0x00007ffe05591000 	C:\WINDOWS\SYSTEM32\ntdll.dll
0x00007ffe02b20000 - 0x00007ffe02bcd000 	C:\WINDOWS\system32\KERNEL32.DLL
0x00007ffe02350000 - 0x00007ffe02538000 	C:\WINDOWS\system32\KERNELBASE.dll
0x00007ffe02980000 - 0x00007ffe02a27000 	C:\WINDOWS\system32\ADVAPI32.dll
0x00007ffe04910000 - 0x00007ffe049ad000 	C:\WINDOWS\system32\msvcrt.dll
0x00007ffe049b0000 - 0x00007ffe04a0b000 	C:\WINDOWS\system32\sechost.dll
0x00007ffe050b0000 - 0x00007ffe051cc000 	C:\WINDOWS\system32\RPCRT4.dll
0x00007ffe04a10000 - 0x00007ffe04b66000 	C:\WINDOWS\system32\USER32.dll
0x00007ffe05240000 - 0x00007ffe053c6000 	C:\WINDOWS\system32\GDI32.dll
0x00007ffdea7f0000 - 0x00007ffdeaa64000 	C:\WINDOWS\WinSxS\amd64_microsoft.windows.common-controls_6595b64144ccf1df_6.0.10586.0_none_8c15ae12515e1c22\COMCTL32.dll
0x00007ffe02bd0000 - 0x00007ffe02e4d000 	C:\WINDOWS\system32\combase.dll
0x00007ffe01b50000 - 0x00007ffe01bba000 	C:\WINDOWS\system32\bcryptPrimitives.dll
0x00007ffe04c40000 - 0x00007ffe04c7b000 	C:\WINDOWS\system32\IMM32.DLL
0x00000000702a0000 - 0x0000000070372000 	C:\Program Files\Java\jdk1.8.0_40\jre\bin\msvcr100.dll
0x0000000070720000 - 0x0000000070fa3000 	C:\Program Files\Java\jdk1.8.0_40\jre\bin\server\jvm.dll
0x00007ffe02b10000 - 0x00007ffe02b18000 	C:\WINDOWS\system32\PSAPI.DLL
0x00007ffdfd290000 - 0x00007ffdfd29a000 	C:\WINDOWS\SYSTEM32\VERSION.dll
0x00007ffe00010000 - 0x00007ffe00033000 	C:\WINDOWS\SYSTEM32\WINMM.dll
0x00007ffdf6c70000 - 0x00007ffdf6c79000 	C:\WINDOWS\SYSTEM32\WSOCK32.dll
0x00007ffe051d0000 - 0x00007ffe0523b000 	C:\WINDOWS\system32\WS2_32.dll
0x00007ffdffcd0000 - 0x00007ffdffcfc000 	C:\WINDOWS\SYSTEM32\WINMMBASE.dll
0x00007ffe01a80000 - 0x00007ffe01ac3000 	C:\WINDOWS\system32\cfgmgr32.dll
0x0000000070710000 - 0x000000007071f000 	C:\Program Files\Java\jdk1.8.0_40\jre\bin\verify.dll
0x00000000706e0000 - 0x0000000070709000 	C:\Program Files\Java\jdk1.8.0_40\jre\bin\java.dll
0x00000000706c0000 - 0x00000000706d6000 	C:\Program Files\Java\jdk1.8.0_40\jre\bin\zip.dll
0x00007ffe02fc0000 - 0x00007ffe0451c000 	C:\WINDOWS\system32\SHELL32.dll
0x00007ffe01d00000 - 0x00007ffe02345000 	C:\WINDOWS\system32\windows.storage.dll
0x00007ffe04800000 - 0x00007ffe04852000 	C:\WINDOWS\system32\shlwapi.dll
0x00007ffe01a10000 - 0x00007ffe01a1f000 	C:\WINDOWS\system32\kernel.appcore.dll
0x00007ffe02710000 - 0x00007ffe027c5000 	C:\WINDOWS\system32\shcore.dll
0x00007ffe01a30000 - 0x00007ffe01a7b000 	C:\WINDOWS\system32\powrprof.dll
0x00007ffe019f0000 - 0x00007ffe01a04000 	C:\WINDOWS\system32\profapi.dll
0x00007ffdd3850000 - 0x00007ffdd39dc000 	C:\WINDOWS\SYSTEM32\dbghelp.dll

VM Arguments:
jvm_args: -Djava.awt.headless=true -Xmx1024M -Dfile.encoding=windows-1252 -Duser.country=US -Duser.language=en -Duser.variant 
java_command: com.android.dx.command.Main --dex --force-jumbo --num-threads=4 --multi-dex --output C:\Users\Christopher\Shopping_List_App\Shopping_List_App\app\build\intermediates\transforms\dex\debug\folders\1000\10\com.android.support-support-v4-23.0.1_25d2379f11dc95b19fe93218349c1025b321f447 C:\Users\Christopher\Shopping_List_App\Shopping_List_App\app\build\intermediates\exploded-aar\com.android.support\support-v4\23.0.1\jars\classes.jar
java_class_path (initial): C:\Users\Christopher\AppData\Local\Android\sdk\build-tools\23.0.1\lib\dx.jar
Launcher Type: SUN_STANDARD

Environment Variables:
PATH=C:\Program Files (x86)\NVIDIA Corporation\PhysX\Common;C:\Python34\;C:\Python34\Scripts;C:\ProgramData\Oracle\Java\javapath;C:\WINDOWS\system32;C:\WINDOWS;C:\WINDOWS\System32\Wbem;C:\WINDOWS\System32\WindowsPowerShell\v1.0\;C:\Program Files (x86)\ATI Technologies\ATI.ACE\Core-Static;C:\Program Files\Microsoft\Web Platform Installer\;C:\Program Files (x86)\Microsoft ASP.NET\ASP.NET Web Pages\v1.0\;C:\Program Files\Microsoft SQL Server\110\Tools\Binn\;C:\Program Files\Microsoft SQL Server\120\Tools\Binn\;C:\Program Files\TortoiseSVN\bin;C:\Program Files (x86)\AMD\ATI.ACE\Core-Static;C:\Program Files (x86)\scala\bin;C:\Program Files\Java\jdk1.8.0_40\bin;;C:\play-2.0\play-2.0;C:\WINDOWS\system32\config\systemprofile\.dnx\bin;C:\Program Files\Microsoft DNX\Dnvm\;C:\Program Files (x86)\Skype\Phone\;C:\Program Files (x86)\Microsoft SQL Server\130\Tools\Binn\ManagementStudio\;C:\Program Files (x86)\Microsoft SQL Server\130\Tools\Binn\;C:\Program Files (x86)\Microsoft SQL Server\Client SDK\ODBC\110\Tools\Binn\;C:\Program Files (x86)\Microsoft SQL Server\130\DTS\Binn\;C:\Program Files\Microsoft SQL Server\Client SDK\ODBC\110\Tools\Binn\;C:\Program Files (x86)\Microsoft SQL Server\120\Tools\Binn\;C:\Program Files\Microsoft SQL Server\120\DTS\Binn\;C:\Program Files (x86)\Microsoft SDKs\TypeScript\1.0\;C:\WINDOWS\system32;C:\WINDOWS;C:\WINDOWS\System32\Wbem;C:\WINDOWS\System32\WindowsPowerShell\v1.0\;C:\Ruby22-x64\bin
USERNAME=Christopher
OS=Windows_NT
PROCESSOR_IDENTIFIER=Intel64 Family 6 Model 58 Stepping 9, GenuineIntel



---------------  S Y S T E M  ---------------

OS: Windows 10.0 , 64 bit Build 10586 (10.0.10586.0)

CPU:total 8 (4 cores per cpu, 2 threads per core) family 6 model 58 stepping 9, cmov, cx8, fxsr, mmx, sse, sse2, sse3, ssse3, sse4.1, sse4.2, popcnt, avx, aes, clmul, erms, ht, tsc, tscinvbit, tscinv

Memory: 4k page, physical 16659540k(4864140k free), swap 16659540k(41680k free)

vm_info: Java HotSpot(TM) 64-Bit Server VM (25.40-b25) for windows-amd64 JRE (1.8.0_40-b26), built on Mar  7 2015 13:51:59 by "java_re" with MS VC++ 10.0 (VS2010)

time: Sun May 15 14:23:24 2016
elapsed time: 6 seconds (0d 0h 0m 6s)

