#
# There is insufficient memory for the Java Runtime Environment to continue.
# Native memory allocation (malloc) failed to allocate 1310496 bytes for Chunk::new
# Possible reasons:
#   The system is out of physical RAM or swap space
#   In 32 bit mode, the process size limit was hit
# Possible solutions:
#   Reduce memory load on the system
#   Increase physical memory or swap space
#   Check if swap backing store is full
#   Use 64 bit Java on a 64 bit OS
#   Decrease Java heap size (-Xmx/-Xms)
#   Decrease number of Java threads
#   Decrease Java thread stack sizes (-Xss)
#   Set larger code cache with -XX:ReservedCodeCacheSize=
# This output file may be truncated or incomplete.
#
#  Out of Memory Error (allocation.cpp:390), pid=2348, tid=13332
#
# JRE version: Java(TM) SE Runtime Environment (8.0_40-b26) (build 1.8.0_40-b26)
# Java VM: Java HotSpot(TM) 64-Bit Server VM (25.40-b25 mixed mode windows-amd64 compressed oops)
# Failed to write core dump. Minidumps are not enabled by default on client versions of Windows
#

---------------  T H R E A D  ---------------

Current thread (0x0000000016deb000):  JavaThread "C2 CompilerThread1" daemon [_thread_in_native, id=13332, stack(0x00000000174c0000,0x00000000175c0000)]

Stack: [0x00000000174c0000,0x00000000175c0000]
Native frames: (J=compiled Java code, j=interpreted, Vv=VM code, C=native code)
V  [jvm.dll+0x32b47a]
V  [jvm.dll+0x2797f3]
V  [jvm.dll+0x27a489]
V  [jvm.dll+0x2717a5]
V  [jvm.dll+0xcb9a2]
V  [jvm.dll+0xcbe6c]
V  [jvm.dll+0x476ea2]
V  [jvm.dll+0x4b950f]
V  [jvm.dll+0x46baa8]
V  [jvm.dll+0x46ccbe]
V  [jvm.dll+0x4500d2]
V  [jvm.dll+0xa4312]
V  [jvm.dll+0xa4c4f]
V  [jvm.dll+0x241914]
V  [jvm.dll+0x29848a]
C  [msvcr100.dll+0x21d9f]
C  [msvcr100.dll+0x21e3b]
C  [KERNEL32.DLL+0x18102]
C  [ntdll.dll+0x5c5b4]


Current CompileTask:
C2:   3092 1732       4       com.android.dx.dex.code.RopToDop::dopFor (792 bytes)


---------------  P R O C E S S  ---------------

Java Threads: ( => current thread )
  0x00000000170dc800 JavaThread "pool-2-thread-4" [_thread_blocked, id=14200, stack(0x0000000017dc0000,0x0000000017ec0000)]
  0x00000000170d7800 JavaThread "pool-2-thread-3" [_thread_blocked, id=9916, stack(0x0000000017cc0000,0x0000000017dc0000)]
  0x00000000170d6800 JavaThread "pool-2-thread-2" [_thread_blocked, id=10152, stack(0x0000000017bc0000,0x0000000017cc0000)]
  0x00000000170c8800 JavaThread "pool-3-thread-1" [_thread_blocked, id=14688, stack(0x0000000017ac0000,0x0000000017bc0000)]
  0x00000000170af000 JavaThread "pool-2-thread-1" [_thread_blocked, id=5464, stack(0x00000000179c0000,0x0000000017ac0000)]
  0x0000000016dfb000 JavaThread "Service Thread" daemon [_thread_blocked, id=12404, stack(0x00000000177c0000,0x00000000178c0000)]
  0x0000000016df3800 JavaThread "C1 CompilerThread3" daemon [_thread_blocked, id=11912, stack(0x00000000176c0000,0x00000000177c0000)]
  0x0000000016df0800 JavaThread "C2 CompilerThread2" daemon [_thread_in_native, id=9296, stack(0x00000000175c0000,0x00000000176c0000)]
=>0x0000000016deb000 JavaThread "C2 CompilerThread1" daemon [_thread_in_native, id=13332, stack(0x00000000174c0000,0x00000000175c0000)]
  0x0000000016de7000 JavaThread "C2 CompilerThread0" daemon [_thread_in_native, id=10244, stack(0x00000000173c0000,0x00000000174c0000)]
  0x0000000016de4800 JavaThread "Attach Listener" daemon [_thread_blocked, id=5288, stack(0x00000000172c0000,0x00000000173c0000)]
  0x0000000014de1000 JavaThread "Signal Dispatcher" daemon [_thread_blocked, id=6284, stack(0x00000000171c0000,0x00000000172c0000)]
  0x00000000022ba000 JavaThread "Finalizer" daemon [_thread_blocked, id=10124, stack(0x0000000016cc0000,0x0000000016dc0000)]
  0x00000000022b3000 JavaThread "Reference Handler" daemon [_thread_blocked, id=10856, stack(0x0000000016bc0000,0x0000000016cc0000)]
  0x0000000001fed800 JavaThread "main" [_thread_blocked, id=14104, stack(0x00000000020c0000,0x00000000021c0000)]

Other Threads:
  0x0000000014dd8800 VMThread [stack: 0x0000000016ac0000,0x0000000016bc0000] [id=13320]
  0x0000000016dfc000 WatcherThread [stack: 0x00000000178c0000,0x00000000179c0000] [id=14968]

VM state:not at safepoint (normal execution)

VM Mutex/Monitor currently owned by a thread: None

Heap:
 PSYoungGen      total 76288K, used 39333K [0x00000000eab00000, 0x00000000f4000000, 0x0000000100000000)
  eden space 65536K, 44% used [0x00000000eab00000,0x00000000ec792420,0x00000000eeb00000)
  from space 10752K, 93% used [0x00000000eeb00000,0x00000000ef4d7208,0x00000000ef580000)
  to   space 10752K, 0% used [0x00000000f3580000,0x00000000f3580000,0x00000000f4000000)
 ParOldGen       total 175104K, used 16K [0x00000000c0000000, 0x00000000cab00000, 0x00000000eab00000)
  object space 175104K, 0% used [0x00000000c0000000,0x00000000c0004000,0x00000000cab00000)
 Metaspace       used 6186K, capacity 7092K, committed 7296K, reserved 1056768K
  class space    used 604K, capacity 620K, committed 640K, reserved 1048576K

Card table byte_map: [0x0000000011680000,0x0000000011890000] byte_map_base: 0x0000000011080000

Marking Bits: (ParMarkBitMap*) 0x0000000070f24040
 Begin Bits: [0x00000000121f0000, 0x00000000131f0000)
 End Bits:   [0x00000000131f0000, 0x00000000141f0000)

Polling page: 0x0000000001fa0000

CodeCache: size=245760Kb used=7920Kb max_used=7943Kb free=237839Kb
 bounds [0x00000000022c0000, 0x0000000002a90000, 0x00000000112c0000]
 total_blobs=2019 nmethods=1750 adapters=182
 compilation: enabled

Compilation events (10 events):
Event: 2.942 Thread 0x0000000016df3800 1771       3       com.android.dx.dex.cf.CfTranslator::translate0 (259 bytes)
Event: 2.944 Thread 0x0000000016df3800 nmethod 1771 0x0000000002a636d0 code [0x0000000002a63b60, 0x0000000002a66a58]
Event: 2.945 Thread 0x0000000016df0800 nmethod 1770 0x0000000002a61b50 code [0x0000000002a61cc0, 0x0000000002a61f28]
Event: 2.945 Thread 0x0000000016df0800 1767       4       com.android.dx.ssa.SsaMethod::mapRegisters (87 bytes)
Event: 2.968 Thread 0x0000000016deb000 nmethod 1717 0x0000000002a81dd0 code [0x0000000002a822c0, 0x0000000002a86600]
Event: 2.969 Thread 0x0000000016deb000 1737       4       com.android.dx.ssa.DeadCodeRemover::pruneDeadInstructions (246 bytes)
Event: 2.978 Thread 0x0000000016deb000 nmethod 1737 0x0000000002a59e90 code [0x0000000002a5a020, 0x0000000002a5a638]
Event: 2.978 Thread 0x0000000016deb000 1735       4       com.android.dx.rop.code.BasicBlockList::forEachInsn (39 bytes)
Event: 2.981 Thread 0x0000000016deb000 nmethod 1735 0x0000000002a61310 code [0x0000000002a61460, 0x0000000002a61718]
Event: 2.981 Thread 0x0000000016deb000 1732       4       com.android.dx.dex.code.RopToDop::dopFor (792 bytes)

GC Heap History (2 events):
Event: 2.185 GC heap before
{Heap before GC invocations=1 (full 0):
 PSYoungGen      total 76288K, used 65536K [0x00000000eab00000, 0x00000000f0000000, 0x0000000100000000)
  eden space 65536K, 100% used [0x00000000eab00000,0x00000000eeb00000,0x00000000eeb00000)
  from space 10752K, 0% used [0x00000000ef580000,0x00000000ef580000,0x00000000f0000000)
  to   space 10752K, 0% used [0x00000000eeb00000,0x00000000eeb00000,0x00000000ef580000)
 ParOldGen       total 175104K, used 0K [0x00000000c0000000, 0x00000000cab00000, 0x00000000eab00000)
  object space 175104K, 0% used [0x00000000c0000000,0x00000000c0000000,0x00000000cab00000)
 Metaspace       used 6006K, capacity 7024K, committed 7296K, reserved 1056768K
  class space    used 584K, capacity 616K, committed 640K, reserved 1048576K
Event: 2.224 GC heap after
Heap after GC invocations=1 (full 0):
 PSYoungGen      total 76288K, used 10076K [0x00000000eab00000, 0x00000000f4000000, 0x0000000100000000)
  eden space 65536K, 0% used [0x00000000eab00000,0x00000000eab00000,0x00000000eeb00000)
  from space 10752K, 93% used [0x00000000eeb00000,0x00000000ef4d7208,0x00000000ef580000)
  to   space 10752K, 0% used [0x00000000f3580000,0x00000000f3580000,0x00000000f4000000)
 ParOldGen       total 175104K, used 16K [0x00000000c0000000, 0x00000000cab00000, 0x00000000eab00000)
  object space 175104K, 0% used [0x00000000c0000000,0x00000000c0004000,0x00000000cab00000)
 Metaspace       used 6006K, capacity 7024K, committed 7296K, reserved 1056768K
  class space    used 584K, capacity 616K, committed 640K, reserved 1048576K
}

Deoptimization events (10 events):
Event: 2.473 Thread 0x00000000170dc800 Uncommon trap: reason=bimorphic action=maybe_recompile pc=0x0000000002930c18 method=com.android.dx.ssa.SCCP.simulatePhi(Lcom/android/dx/ssa/PhiInsn;)V @ 124
Event: 2.484 Thread 0x00000000170d7800 Uncommon trap: reason=bimorphic action=maybe_recompile pc=0x0000000002930c18 method=com.android.dx.ssa.SCCP.simulatePhi(Lcom/android/dx/ssa/PhiInsn;)V @ 124
Event: 2.486 Thread 0x00000000170d7800 Uncommon trap: reason=unstable_if action=reinterpret pc=0x00000000028a5a58 method=com.android.dx.rop.code.RegisterSpecSet.localItemToSpec(Lcom/android/dx/rop/code/LocalItem;)Lcom/android/dx/rop/code/RegisterSpec; @ 35
Event: 2.488 Thread 0x00000000170d7800 Uncommon trap: reason=unstable_if action=reinterpret pc=0x000000000290b1b0 method=com.android.dx.ssa.SCCP.simulateStmt(Lcom/android/dx/ssa/SsaInsn;)V @ 59
Event: 2.491 Thread 0x00000000170d7800 Uncommon trap: reason=unstable_if action=reinterpret pc=0x000000000280cc00 method=com.android.dx.rop.code.RegisterSpecSet.localItemToSpec(Lcom/android/dx/rop/code/LocalItem;)Lcom/android/dx/rop/code/RegisterSpec; @ 35
Event: 2.636 Thread 0x00000000170d7800 Uncommon trap: reason=unstable_if action=reinterpret pc=0x000000000294e7f4 method=java.util.HashMap.getNode(ILjava/lang/Object;)Ljava/util/HashMap$Node; @ 84
Event: 2.722 Thread 0x00000000170d6800 Uncommon trap: reason=class_check action=maybe_recompile pc=0x0000000002a05384 method=com.android.dx.cf.code.BytecodeArray.parseInstruction(ILcom/android/dx/cf/code/BytecodeArray$Visitor;)I @ 1612
Event: 2.722 Thread 0x00000000170d6800 Uncommon trap: reason=class_check action=maybe_recompile pc=0x0000000002a05384 method=com.android.dx.cf.code.BytecodeArray.parseInstruction(ILcom/android/dx/cf/code/BytecodeArray$Visitor;)I @ 1612
Event: 2.722 Thread 0x00000000170d6800 Uncommon trap: reason=class_check action=maybe_recompile pc=0x0000000002a05384 method=com.android.dx.cf.code.BytecodeArray.parseInstruction(ILcom/android/dx/cf/code/BytecodeArray$Visitor;)I @ 1612
Event: 2.794 Thread 0x00000000170d6800 Uncommon trap: reason=unstable_if action=reinterpret pc=0x0000000002a079c8 method=com.android.dx.cf.code.ByteCatchList.listFor(I)Lcom/android/dx/cf/code/ByteCatchList; @ 19

Internal exceptions (6 events):
Event: 0.052 Thread 0x0000000001fed800 Exception <a 'java/lang/NoSuchMethodError': Method sun.misc.Unsafe.defineClass(Ljava/lang/String;[BII)Ljava/lang/Class; name or signature does not match> (0x00000000eab0db98) thrown at [D:\re\workspace\8-2-build-windows-amd64-cygwin\jdk8u40\3098\hotspot\sr&$&Å…ª?
Event: 0.052 Thread 0x0000000001fed800 Exception <a 'java/lang/NoSuchMethodError': Method sun.misc.Unsafe.prefetchRead(Ljava/lang/Object;J)V name or signature does not match> (0x00000000eab0de28) thrown at [D:\re\workspace\8-2-build-windows-amd64-cygwin\jdk8u40\3098\hotspot\src\share\vm\prims\j†Š®¾@
Event: 2.381 Thread 0x00000000170d6800 Exception <a 'java/lang/ArrayIndexOutOfBoundsException': 18> (0x00000000eb8aada0) thrown at [D:\re\workspace\8-2-build-windows-amd64-cygwin\jdk8u40\3098\hotspot\src\share\vm\interpreter\interpreterRuntime.cpp, line 366]
Event: 2.382 Thread 0x00000000170d6800 Exception <a 'java/lang/ArrayIndexOutOfBoundsException': 145> (0x00000000eb8ac870) thrown at [D:\re\workspace\8-2-build-windows-amd64-cygwin\jdk8u40\3098\hotspot\src\share\vm\interpreter\interpreterRuntime.cpp, line 366]
Event: 2.382 Thread 0x00000000170d6800 Exception <a 'java/lang/ArrayIndexOutOfBoundsException'> (0x00000000eb8adaa8) thrown at [D:\re\workspace\8-2-build-windows-amd64-cygwin\jdk8u40\3098\hotspot\src\share\vm\runtime\sharedRuntime.cpp, line 605]
Event: 2.445 Thread 0x00000000170d6800 Implicit null exception at 0x00000000028841a3 to 0x0000000002885bbd

Events (10 events):
Event: 2.722 Thread 0x00000000170d6800 DEOPT PACKING pc=0x0000000002a05384 sp=0x0000000017cbe960
Event: 2.722 Thread 0x00000000170d6800 DEOPT UNPACKING pc=0x000000000230582a sp=0x0000000017cbe8e8 mode 2
Event: 2.722 Thread 0x00000000170d6800 Uncommon trap: trap_request=0xffffffde fr.pc=0x0000000002a05384
Event: 2.722 Thread 0x00000000170d6800 DEOPT PACKING pc=0x0000000002a05384 sp=0x0000000017cbe960
Event: 2.722 Thread 0x00000000170d6800 DEOPT UNPACKING pc=0x000000000230582a sp=0x0000000017cbe8e8 mode 2
Event: 2.794 Thread 0x00000000170d6800 Uncommon trap: trap_request=0xffffff65 fr.pc=0x0000000002a079c8
Event: 2.794 Thread 0x00000000170d6800 DEOPT PACKING pc=0x0000000002a079c8 sp=0x0000000017cbe960
Event: 2.794 Thread 0x00000000170d6800 DEOPT UNPACKING pc=0x000000000230582a sp=0x0000000017cbe778 mode 2
Event: 2.871 Executing VM operation: ForceSafepoint
Event: 2.884 Executing VM operation: ForceSafepoint done


Dynamic libraries:
0x00007ff6966a0000 - 0x00007ff6966d7000 	C:\Program Files\Java\jdk1.8.0_40\bin\java.exe
0x00007ffe053d0000 - 0x00007ffe05591000 	C:\WINDOWS\SYSTEM32\ntdll.dll
0x00007ffe02b20000 - 0x00007ffe02bcd000 	C:\WINDOWS\system32\KERNEL32.DLL
0x00007ffe02350000 - 0x00007ffe02538000 	C:\WINDOWS\system32\KERNELBASE.dll
0x00007ffe02980000 - 0x00007ffe02a27000 	C:\WINDOWS\system32\ADVAPI32.dll
0x00007ffe04910000 - 0x00007ffe049ad000 	C:\WINDOWS\system32\msvcrt.dll
0x00007ffe049b0000 - 0x00007ffe04a0b000 	C:\WINDOWS\system32\sechost.dll
0x00007ffe050b0000 - 0x00007ffe051cc000 	C:\WINDOWS\system32\RPCRT4.dll
0x00007ffe04a10000 - 0x00007ffe04b66000 	C:\WINDOWS\system32\USER32.dll
0x00007ffe05240000 - 0x00007ffe053c6000 	C:\WINDOWS\system32\GDI32.dll
0x00007ffdea7f0000 - 0x00007ffdeaa64000 	C:\WINDOWS\WinSxS\amd64_microsoft.windows.common-controls_6595b64144ccf1df_6.0.10586.0_none_8c15ae12515e1c22\COMCTL32.dll
0x00007ffe02bd0000 - 0x00007ffe02e4d000 	C:\WINDOWS\system32\combase.dll
0x00007ffe01b50000 - 0x00007ffe01bba000 	C:\WINDOWS\system32\bcryptPrimitives.dll
0x00007ffe04c40000 - 0x00007ffe04c7b000 	C:\WINDOWS\system32\IMM32.DLL
0x00000000702a0000 - 0x0000000070372000 	C:\Program Files\Java\jdk1.8.0_40\jre\bin\msvcr100.dll
0x0000000070720000 - 0x0000000070fa3000 	C:\Program Files\Java\jdk1.8.0_40\jre\bin\server\jvm.dll
0x00007ffe02b10000 - 0x00007ffe02b18000 	C:\WINDOWS\system32\PSAPI.DLL
0x00007ffdf6c70000 - 0x00007ffdf6c79000 	C:\WINDOWS\SYSTEM32\WSOCK32.dll
0x00007ffe051d0000 - 0x00007ffe0523b000 	C:\WINDOWS\system32\WS2_32.dll
0x00007ffe00010000 - 0x00007ffe00033000 	C:\WINDOWS\SYSTEM32\WINMM.dll
0x00007ffdfd290000 - 0x00007ffdfd29a000 	C:\WINDOWS\SYSTEM32\VERSION.dll
0x00007ffdffcd0000 - 0x00007ffdffcfc000 	C:\WINDOWS\SYSTEM32\WINMMBASE.dll
0x00007ffe01a80000 - 0x00007ffe01ac3000 	C:\WINDOWS\system32\cfgmgr32.dll
0x0000000070710000 - 0x000000007071f000 	C:\Program Files\Java\jdk1.8.0_40\jre\bin\verify.dll
0x00000000706e0000 - 0x0000000070709000 	C:\Program Files\Java\jdk1.8.0_40\jre\bin\java.dll
0x00000000706c0000 - 0x00000000706d6000 	C:\Program Files\Java\jdk1.8.0_40\jre\bin\zip.dll
0x00007ffe02fc0000 - 0x00007ffe0451c000 	C:\WINDOWS\system32\SHELL32.dll
0x00007ffe01d00000 - 0x00007ffe02345000 	C:\WINDOWS\system32\windows.storage.dll
0x00007ffe04800000 - 0x00007ffe04852000 	C:\WINDOWS\system32\shlwapi.dll
0x00007ffe01a10000 - 0x00007ffe01a1f000 	C:\WINDOWS\system32\kernel.appcore.dll
0x00007ffe02710000 - 0x00007ffe027c5000 	C:\WINDOWS\system32\shcore.dll
0x00007ffe01a30000 - 0x00007ffe01a7b000 	C:\WINDOWS\system32\powrprof.dll
0x00007ffe019f0000 - 0x00007ffe01a04000 	C:\WINDOWS\system32\profapi.dll
0x00007ffdd3850000 - 0x00007ffdd39dc000 	C:\WINDOWS\SYSTEM32\dbghelp.dll

VM Arguments:
jvm_args: -Djava.awt.headless=true -Xmx1024M -Dfile.encoding=windows-1252 -Duser.country=US -Duser.language=en -Duser.variant 
java_command: com.android.dx.command.Main --dex --force-jumbo --num-threads=4 --multi-dex --output C:\Users\Christopher\Shopping_List_App\Shopping_List_App\app\build\intermediates\transforms\dex\debug\folders\1000\10\com.android.support-support-v4-23.0.1_25d2379f11dc95b19fe93218349c1025b321f447 C:\Users\Christopher\Shopping_List_App\Shopping_List_App\app\build\intermediates\exploded-aar\com.android.support\support-v4\23.0.1\jars\classes.jar
java_class_path (initial): C:\Users\Christopher\AppData\Local\Android\sdk\build-tools\23.0.1\lib\dx.jar
Launcher Type: SUN_STANDARD

Environment Variables:
PATH=C:\Program Files (x86)\NVIDIA Corporation\PhysX\Common;C:\Python34\;C:\Python34\Scripts;C:\ProgramData\Oracle\Java\javapath;C:\WINDOWS\system32;C:\WINDOWS;C:\WINDOWS\System32\Wbem;C:\WINDOWS\System32\WindowsPowerShell\v1.0\;C:\Program Files (x86)\ATI Technologies\ATI.ACE\Core-Static;C:\Program Files\Microsoft\Web Platform Installer\;C:\Program Files (x86)\Microsoft ASP.NET\ASP.NET Web Pages\v1.0\;C:\Program Files\Microsoft SQL Server\110\Tools\Binn\;C:\Program Files\Microsoft SQL Server\120\Tools\Binn\;C:\Program Files\TortoiseSVN\bin;C:\Program Files (x86)\AMD\ATI.ACE\Core-Static;C:\Program Files (x86)\scala\bin;C:\Program Files\Java\jdk1.8.0_40\bin;;C:\play-2.0\play-2.0;C:\WINDOWS\system32\config\systemprofile\.dnx\bin;C:\Program Files\Microsoft DNX\Dnvm\;C:\Program Files (x86)\Skype\Phone\;C:\Program Files (x86)\Microsoft SQL Server\130\Tools\Binn\ManagementStudio\;C:\Program Files (x86)\Microsoft SQL Server\130\Tools\Binn\;C:\Program Files (x86)\Microsoft SQL Server\Client SDK\ODBC\110\Tools\Binn\;C:\Program Files (x86)\Microsoft SQL Server\130\DTS\Binn\;C:\Program Files\Microsoft SQL Server\Client SDK\ODBC\110\Tools\Binn\;C:\Program Files (x86)\Microsoft SQL Server\120\Tools\Binn\;C:\Program Files\Microsoft SQL Server\120\DTS\Binn\;C:\Program Files (x86)\Microsoft SDKs\TypeScript\1.0\;C:\WINDOWS\system32;C:\WINDOWS;C:\WINDOWS\System32\Wbem;C:\WINDOWS\System32\WindowsPowerShell\v1.0\;C:\Ruby22-x64\bin
USERNAME=Christopher
OS=Windows_NT
PROCESSOR_IDENTIFIER=Intel64 Family 6 Model 58 Stepping 9, GenuineIntel



---------------  S Y S T E M  ---------------

OS: Windows 10.0 , 64 bit Build 10586 (10.0.10586.0)

CPU:total 8 (4 cores per cpu, 2 threads per core) family 6 model 58 stepping 9, cmov, cx8, fxsr, mmx, sse, sse2, sse3, ssse3, sse4.1, sse4.2, popcnt, avx, aes, clmul, erms, ht, tsc, tscinvbit, tscinv

Memory: 4k page, physical 16659540k(4622484k free), swap 16659540k(26320k free)

vm_info: Java HotSpot(TM) 64-Bit Server VM (25.40-b25) for windows-amd64 JRE (1.8.0_40-b26), built on Mar  7 2015 13:51:59 by "java_re" with MS VC++ 10.0 (VS2010)

time: Sun May 15 11:35:59 2016
elapsed time: 3 seconds (0d 0h 0m 3s)

