#
# There is insufficient memory for the Java Runtime Environment to continue.
# Native memory allocation (malloc) failed to allocate 1378896 bytes for Chunk::new
# Possible reasons:
#   The system is out of physical RAM or swap space
#   In 32 bit mode, the process size limit was hit
# Possible solutions:
#   Reduce memory load on the system
#   Increase physical memory or swap space
#   Check if swap backing store is full
#   Use 64 bit Java on a 64 bit OS
#   Decrease Java heap size (-Xmx/-Xms)
#   Decrease number of Java threads
#   Decrease Java thread stack sizes (-Xss)
#   Set larger code cache with -XX:ReservedCodeCacheSize=
# This output file may be truncated or incomplete.
#
#  Out of Memory Error (allocation.cpp:390), pid=7028, tid=13964
#
# JRE version: Java(TM) SE Runtime Environment (8.0_40-b26) (build 1.8.0_40-b26)
# Java VM: Java HotSpot(TM) 64-Bit Server VM (25.40-b25 mixed mode windows-amd64 compressed oops)
# Failed to write core dump. Minidumps are not enabled by default on client versions of Windows
#

---------------  T H R E A D  ---------------

Current thread (0x0000000016eaa800):  JavaThread "C2 CompilerThread1" daemon [_thread_in_native, id=13964, stack(0x0000000017580000,0x0000000017680000)]

Stack: [0x0000000017580000,0x0000000017680000]
Native frames: (J=compiled Java code, j=interpreted, Vv=VM code, C=native code)
V  [jvm.dll+0x32b47a]
V  [jvm.dll+0x2797f3]
V  [jvm.dll+0x27a489]
V  [jvm.dll+0x2717a5]
V  [jvm.dll+0xcb9a2]
V  [jvm.dll+0xcbe6c]
V  [jvm.dll+0x476ea2]
V  [jvm.dll+0x4b950f]
V  [jvm.dll+0x46bf81]
V  [jvm.dll+0x46ccbe]
V  [jvm.dll+0x4500d2]
V  [jvm.dll+0xa4312]
V  [jvm.dll+0xa4c4f]
V  [jvm.dll+0x241914]
V  [jvm.dll+0x29848a]
C  [msvcr100.dll+0x21d9f]
C  [msvcr100.dll+0x21e3b]
C  [KERNEL32.DLL+0x18102]
C  [ntdll.dll+0x5c5b4]


Current CompileTask:
C2:   2793 1468       4       com.android.dx.ssa.LocalVariableExtractor::processBlock (383 bytes)


---------------  P R O C E S S  ---------------

Java Threads: ( => current thread )
  0x0000000017186800 JavaThread "pool-2-thread-4" [_thread_in_Java, id=14240, stack(0x0000000017e80000,0x0000000017f80000)]
  0x0000000017185800 JavaThread "pool-2-thread-3" [_thread_in_Java, id=10096, stack(0x0000000017d80000,0x0000000017e80000)]
  0x000000001717f000 JavaThread "pool-2-thread-2" [_thread_in_Java, id=12280, stack(0x0000000017c80000,0x0000000017d80000)]
  0x0000000017175800 JavaThread "pool-3-thread-1" [_thread_blocked, id=12644, stack(0x0000000017b80000,0x0000000017c80000)]
  0x0000000017175000 JavaThread "pool-2-thread-1" [_thread_in_Java, id=10380, stack(0x0000000017a80000,0x0000000017b80000)]
  0x0000000016eba000 JavaThread "Service Thread" daemon [_thread_blocked, id=8196, stack(0x0000000017880000,0x0000000017980000)]
  0x0000000016eb3800 JavaThread "C1 CompilerThread3" daemon [_thread_blocked, id=10500, stack(0x0000000017780000,0x0000000017880000)]
  0x0000000016eb0800 JavaThread "C2 CompilerThread2" daemon [_thread_in_native, id=15028, stack(0x0000000017680000,0x0000000017780000)]
=>0x0000000016eaa800 JavaThread "C2 CompilerThread1" daemon [_thread_in_native, id=13964, stack(0x0000000017580000,0x0000000017680000)]
  0x0000000016ea7000 JavaThread "C2 CompilerThread0" daemon [_thread_in_native, id=4632, stack(0x0000000017480000,0x0000000017580000)]
  0x0000000016ea4800 JavaThread "Attach Listener" daemon [_thread_blocked, id=11976, stack(0x0000000017380000,0x0000000017480000)]
  0x0000000016ea3800 JavaThread "Signal Dispatcher" daemon [_thread_blocked, id=9084, stack(0x0000000017280000,0x0000000017380000)]
  0x0000000002384000 JavaThread "Finalizer" daemon [_thread_blocked, id=6952, stack(0x0000000016d80000,0x0000000016e80000)]
  0x0000000002383000 JavaThread "Reference Handler" daemon [_thread_blocked, id=10540, stack(0x0000000016c80000,0x0000000016d80000)]
  0x000000000228d800 JavaThread "main" [_thread_in_Java, id=7976, stack(0x0000000002160000,0x0000000002260000)]

Other Threads:
  0x0000000014ea8800 VMThread [stack: 0x0000000016b80000,0x0000000016c80000] [id=13656]
  0x0000000016ebb000 WatcherThread [stack: 0x0000000017980000,0x0000000017a80000] [id=6676]

VM state:not at safepoint (normal execution)

VM Mutex/Monitor currently owned by a thread: None

Heap:
 PSYoungGen      total 76288K, used 54683K [0x00000000eab00000, 0x00000000f0000000, 0x0000000100000000)
  eden space 65536K, 67% used [0x00000000eab00000,0x00000000ed5e8320,0x00000000eeb00000)
  from space 10752K, 99% used [0x00000000eeb00000,0x00000000ef57ea40,0x00000000ef580000)
  to   space 10752K, 0% used [0x00000000ef580000,0x00000000ef580000,0x00000000f0000000)
 ParOldGen       total 175104K, used 362K [0x00000000c0000000, 0x00000000cab00000, 0x00000000eab00000)
  object space 175104K, 0% used [0x00000000c0000000,0x00000000c005aa90,0x00000000cab00000)
 Metaspace       used 6193K, capacity 7092K, committed 7296K, reserved 1056768K
  class space    used 605K, capacity 620K, committed 640K, reserved 1048576K

Card table byte_map: [0x0000000011750000,0x0000000011960000] byte_map_base: 0x0000000011150000

Marking Bits: (ParMarkBitMap*) 0x0000000070f24040
 Begin Bits: [0x00000000122c0000, 0x00000000132c0000)
 End Bits:   [0x00000000132c0000, 0x00000000142c0000)

Polling page: 0x00000000020a0000

CodeCache: size=245760Kb used=7112Kb max_used=7123Kb free=238647Kb
 bounds [0x0000000002390000, 0x0000000002a90000, 0x0000000011390000]
 total_blobs=1928 nmethods=1659 adapters=182
 compilation: enabled

Compilation events (10 events):
Event: 2.752 Thread 0x0000000016eb3800 1678       1       com.android.dx.rop.cst.TypedConstant::getFrameType (2 bytes)
Event: 2.752 Thread 0x0000000016eb3800 nmethod 1678 0x0000000002a612d0 code [0x0000000002a61420, 0x0000000002a61530]
Event: 2.756 Thread 0x0000000016eb3800 1679       2       java.util.concurrent.locks.ReentrantLock::lock (8 bytes)
Event: 2.756 Thread 0x0000000016eb3800 nmethod 1679 0x0000000002a60f50 code [0x0000000002a610c0, 0x0000000002a61248]
Event: 2.756 Thread 0x0000000016eb3800 1680       2       java.io.FilterInputStream::read (9 bytes)
Event: 2.756 Thread 0x0000000016eb3800 nmethod 1680 0x0000000002a53c10 code [0x0000000002a53d80, 0x0000000002a53f08]
Event: 2.758 Thread 0x0000000016eb3800 1681       2       com.android.dx.rop.code.BasicBlockList$RegCountVisitor::visitThrowingInsn (6 bytes)
Event: 2.758 Thread 0x0000000016eb3800 nmethod 1681 0x0000000002a53890 code [0x0000000002a53a00, 0x0000000002a53b68]
Event: 2.769 Thread 0x0000000016eb3800 1683       1       com.android.dx.rop.cst.CstString::getType (4 bytes)
Event: 2.769 Thread 0x0000000016eb3800 nmethod 1683 0x0000000002a535d0 code [0x0000000002a53720, 0x0000000002a53830]

GC Heap History (2 events):
Event: 2.381 GC heap before
{Heap before GC invocations=1 (full 0):
 PSYoungGen      total 76288K, used 65536K [0x00000000eab00000, 0x00000000f0000000, 0x0000000100000000)
  eden space 65536K, 100% used [0x00000000eab00000,0x00000000eeb00000,0x00000000eeb00000)
  from space 10752K, 0% used [0x00000000ef580000,0x00000000ef580000,0x00000000f0000000)
  to   space 10752K, 0% used [0x00000000eeb00000,0x00000000eeb00000,0x00000000ef580000)
 ParOldGen       total 175104K, used 0K [0x00000000c0000000, 0x00000000cab00000, 0x00000000eab00000)
  object space 175104K, 0% used [0x00000000c0000000,0x00000000c0000000,0x00000000cab00000)
 Metaspace       used 6128K, capacity 7092K, committed 7296K, reserved 1056768K
  class space    used 604K, capacity 620K, committed 640K, reserved 1048576K
Event: 2.543 GC heap after
Heap after GC invocations=1 (full 0):
 PSYoungGen      total 76288K, used 10746K [0x00000000eab00000, 0x00000000f0000000, 0x0000000100000000)
  eden space 65536K, 0% used [0x00000000eab00000,0x00000000eab00000,0x00000000eeb00000)
  from space 10752K, 99% used [0x00000000eeb00000,0x00000000ef57ea40,0x00000000ef580000)
  to   space 10752K, 0% used [0x00000000ef580000,0x00000000ef580000,0x00000000f0000000)
 ParOldGen       total 175104K, used 362K [0x00000000c0000000, 0x00000000cab00000, 0x00000000eab00000)
  object space 175104K, 0% used [0x00000000c0000000,0x00000000c005aa90,0x00000000cab00000)
 Metaspace       used 6128K, capacity 7092K, committed 7296K, reserved 1056768K
  class space    used 604K, capacity 620K, committed 640K, reserved 1048576K
}

Deoptimization events (10 events):
Event: 1.951 Thread 0x000000000228d800 Uncommon trap: reason=unstable_if action=reinterpret pc=0x0000000002862e18 method=java.util.HashMap.getNode(ILjava/lang/Object;)Ljava/util/HashMap$Node; @ 84
Event: 2.553 Thread 0x000000001717f000 Uncommon trap: reason=unstable_if action=reinterpret pc=0x0000000002a0e054 method=com.android.dx.ssa.SsaRenamer$BlockRenamer.visitMoveInsn(Lcom/android/dx/ssa/NormalSsaInsn;)V @ 104
Event: 2.574 Thread 0x000000001717f000 Uncommon trap: reason=unstable_if action=reinterpret pc=0x00000000029f5acc method=com.android.dx.ssa.SCCP.simulateBranch(Lcom/android/dx/ssa/SsaInsn;)V @ 64
Event: 2.574 Thread 0x000000001717f000 Uncommon trap: reason=unstable_if action=reinterpret pc=0x00000000029b796c method=com.android.dx.ssa.LiteralOpUpgrader$1.visitNonMoveInsn(Lcom/android/dx/ssa/NormalSsaInsn;)V @ 55
Event: 2.575 Thread 0x000000001717f000 Uncommon trap: reason=unstable_if action=reinterpret pc=0x00000000027ee49c method=com.android.dx.ssa.SsaMethod.updateOneDefinition(Lcom/android/dx/ssa/SsaInsn;Lcom/android/dx/rop/code/RegisterSpec;)V @ 4
Event: 2.587 Thread 0x0000000017186800 Uncommon trap: reason=bimorphic action=maybe_recompile pc=0x0000000002a1dfa4 method=com.android.dx.cf.code.BytecodeArray.parseInstruction(ILcom/android/dx/cf/code/BytecodeArray$Visitor;)I @ 2281
Event: 2.587 Thread 0x0000000017186800 Uncommon trap: reason=bimorphic action=maybe_recompile pc=0x0000000002a1dfa4 method=com.android.dx.cf.code.BytecodeArray.parseInstruction(ILcom/android/dx/cf/code/BytecodeArray$Visitor;)I @ 2281
Event: 2.624 Thread 0x000000000228d800 Uncommon trap: reason=unstable_if action=reinterpret pc=0x0000000002930998 method=com.android.dx.rop.code.RegisterSpecSet.localItemToSpec(Lcom/android/dx/rop/code/LocalItem;)Lcom/android/dx/rop/code/RegisterSpec; @ 35
Event: 2.699 Thread 0x0000000017185800 Uncommon trap: reason=unstable_if action=reinterpret pc=0x0000000002a43584 method=java.util.HashMap.putVal(ILjava/lang/Object;Ljava/lang/Object;ZZ)Ljava/lang/Object; @ 109
Event: 2.715 Thread 0x000000001717f000 Uncommon trap: reason=unstable_if action=reinterpret pc=0x0000000002a68100 method=com.android.dx.ssa.SCCP.simulateStmt(Lcom/android/dx/ssa/SsaInsn;)V @ 59

Internal exceptions (5 events):
Event: 0.114 Thread 0x000000000228d800 Exception <a 'java/lang/NoSuchMethodError': Method sun.misc.Unsafe.defineClass(Ljava/lang/String;[BII)Ljava/lang/Class; name or signature does not match> (0x00000000eab0db98) thrown at [D:\re\workspace\8-2-build-windows-amd64-cygwin\jdk8u40\3098\hotspot\sr²Xˆ1P-½?
Event: 0.114 Thread 0x000000000228d800 Exception <a 'java/lang/NoSuchMethodError': Method sun.misc.Unsafe.prefetchRead(Ljava/lang/Object;J)V name or signature does not match> (0x00000000eab0de28) thrown at [D:\re\workspace\8-2-build-windows-amd64-cygwin\jdk8u40\3098\hotspot\src\share\vm\prims\jbWìD$1ÿ?
Event: 1.949 Thread 0x000000000228d800 Exception <a 'java/lang/ArrayIndexOutOfBoundsException': 18> (0x00000000edcd8808) thrown at [D:\re\workspace\8-2-build-windows-amd64-cygwin\jdk8u40\3098\hotspot\src\share\vm\interpreter\interpreterRuntime.cpp, line 366]
Event: 1.950 Thread 0x000000000228d800 Exception <a 'java/lang/ArrayIndexOutOfBoundsException': 145> (0x00000000edcda2d8) thrown at [D:\re\workspace\8-2-build-windows-amd64-cygwin\jdk8u40\3098\hotspot\src\share\vm\interpreter\interpreterRuntime.cpp, line 366]
Event: 1.950 Thread 0x000000000228d800 Exception <a 'java/lang/ArrayIndexOutOfBoundsException'> (0x00000000edcdb510) thrown at [D:\re\workspace\8-2-build-windows-amd64-cygwin\jdk8u40\3098\hotspot\src\share\vm\runtime\sharedRuntime.cpp, line 605]

Events (10 events):
Event: 2.624 Thread 0x000000000228d800 DEOPT PACKING pc=0x0000000002930998 sp=0x000000000225e2a0
Event: 2.624 Thread 0x000000000228d800 DEOPT UNPACKING pc=0x00000000023d582a sp=0x000000000225e240 mode 2
Event: 2.699 Thread 0x0000000017185800 Uncommon trap: trap_request=0xffffff65 fr.pc=0x0000000002a43584
Event: 2.699 Thread 0x0000000017185800 DEOPT PACKING pc=0x0000000002a43584 sp=0x0000000017e7ec80
Event: 2.699 Thread 0x0000000017185800 DEOPT UNPACKING pc=0x00000000023d582a sp=0x0000000017e7eb28 mode 2
Event: 2.715 Thread 0x000000001717f000 Uncommon trap: trap_request=0xffffff65 fr.pc=0x0000000002a68100
Event: 2.715 Thread 0x000000001717f000 DEOPT PACKING pc=0x0000000002a68100 sp=0x0000000017d7e870
Event: 2.715 Thread 0x000000001717f000 DEOPT UNPACKING pc=0x00000000023d582a sp=0x0000000017d7e858 mode 2
Event: 2.765 loading class com/android/dx/cf/attrib/AttExceptions
Event: 2.765 loading class com/android/dx/cf/attrib/AttExceptions done


Dynamic libraries:
0x00007ff6966a0000 - 0x00007ff6966d7000 	C:\Program Files\Java\jdk1.8.0_40\bin\java.exe
0x00007ffe053d0000 - 0x00007ffe05591000 	C:\WINDOWS\SYSTEM32\ntdll.dll
0x00007ffe02b20000 - 0x00007ffe02bcd000 	C:\WINDOWS\system32\KERNEL32.DLL
0x00007ffe02350000 - 0x00007ffe02538000 	C:\WINDOWS\system32\KERNELBASE.dll
0x00007ffe02980000 - 0x00007ffe02a27000 	C:\WINDOWS\system32\ADVAPI32.dll
0x00007ffe04910000 - 0x00007ffe049ad000 	C:\WINDOWS\system32\msvcrt.dll
0x00007ffe049b0000 - 0x00007ffe04a0b000 	C:\WINDOWS\system32\sechost.dll
0x00007ffe050b0000 - 0x00007ffe051cc000 	C:\WINDOWS\system32\RPCRT4.dll
0x00007ffe04a10000 - 0x00007ffe04b66000 	C:\WINDOWS\system32\USER32.dll
0x00007ffe05240000 - 0x00007ffe053c6000 	C:\WINDOWS\system32\GDI32.dll
0x00007ffdea7f0000 - 0x00007ffdeaa64000 	C:\WINDOWS\WinSxS\amd64_microsoft.windows.common-controls_6595b64144ccf1df_6.0.10586.0_none_8c15ae12515e1c22\COMCTL32.dll
0x00007ffe02bd0000 - 0x00007ffe02e4d000 	C:\WINDOWS\system32\combase.dll
0x00007ffe01b50000 - 0x00007ffe01bba000 	C:\WINDOWS\system32\bcryptPrimitives.dll
0x00007ffe04c40000 - 0x00007ffe04c7b000 	C:\WINDOWS\system32\IMM32.DLL
0x0000000071530000 - 0x0000000071602000 	C:\Program Files\Java\jdk1.8.0_40\jre\bin\msvcr100.dll
0x0000000070720000 - 0x0000000070fa3000 	C:\Program Files\Java\jdk1.8.0_40\jre\bin\server\jvm.dll
0x00007ffe02b10000 - 0x00007ffe02b18000 	C:\WINDOWS\system32\PSAPI.DLL
0x00007ffdf6c70000 - 0x00007ffdf6c79000 	C:\WINDOWS\SYSTEM32\WSOCK32.dll
0x00007ffe051d0000 - 0x00007ffe0523b000 	C:\WINDOWS\system32\WS2_32.dll
0x00007ffe00010000 - 0x00007ffe00033000 	C:\WINDOWS\SYSTEM32\WINMM.dll
0x00007ffdfd290000 - 0x00007ffdfd29a000 	C:\WINDOWS\SYSTEM32\VERSION.dll
0x00007ffdffcd0000 - 0x00007ffdffcfc000 	C:\WINDOWS\SYSTEM32\WINMMBASE.dll
0x00007ffe01a80000 - 0x00007ffe01ac3000 	C:\WINDOWS\system32\cfgmgr32.dll
0x0000000070710000 - 0x000000007071f000 	C:\Program Files\Java\jdk1.8.0_40\jre\bin\verify.dll
0x00000000706e0000 - 0x0000000070709000 	C:\Program Files\Java\jdk1.8.0_40\jre\bin\java.dll
0x00000000706c0000 - 0x00000000706d6000 	C:\Program Files\Java\jdk1.8.0_40\jre\bin\zip.dll
0x00007ffe02fc0000 - 0x00007ffe0451c000 	C:\WINDOWS\system32\SHELL32.dll
0x00007ffe01d00000 - 0x00007ffe02345000 	C:\WINDOWS\system32\windows.storage.dll
0x00007ffe04800000 - 0x00007ffe04852000 	C:\WINDOWS\system32\shlwapi.dll
0x00007ffe01a10000 - 0x00007ffe01a1f000 	C:\WINDOWS\system32\kernel.appcore.dll
0x00007ffe02710000 - 0x00007ffe027c5000 	C:\WINDOWS\system32\shcore.dll
0x00007ffe01a30000 - 0x00007ffe01a7b000 	C:\WINDOWS\system32\powrprof.dll
0x00007ffe019f0000 - 0x00007ffe01a04000 	C:\WINDOWS\system32\profapi.dll
0x00007ffdd3850000 - 0x00007ffdd39dc000 	C:\WINDOWS\SYSTEM32\dbghelp.dll

VM Arguments:
jvm_args: -Djava.awt.headless=true -Xmx1024M -Dfile.encoding=windows-1252 -Duser.country=US -Duser.language=en -Duser.variant 
java_command: com.android.dx.command.Main --dex --force-jumbo --num-threads=4 --multi-dex --output C:\Users\Christopher\Shopping_List_App\Shopping_List_App\app\build\intermediates\transforms\dex\debug\folders\1000\10\com.android.support-support-v4-23.0.1_25d2379f11dc95b19fe93218349c1025b321f447 C:\Users\Christopher\Shopping_List_App\Shopping_List_App\app\build\intermediates\exploded-aar\com.android.support\support-v4\23.0.1\jars\classes.jar
java_class_path (initial): C:\Users\Christopher\AppData\Local\Android\sdk\build-tools\23.0.1\lib\dx.jar
Launcher Type: SUN_STANDARD

Environment Variables:
PATH=C:\Program Files (x86)\NVIDIA Corporation\PhysX\Common;C:\Python34\;C:\Python34\Scripts;C:\ProgramData\Oracle\Java\javapath;C:\WINDOWS\system32;C:\WINDOWS;C:\WINDOWS\System32\Wbem;C:\WINDOWS\System32\WindowsPowerShell\v1.0\;C:\Program Files (x86)\ATI Technologies\ATI.ACE\Core-Static;C:\Program Files\Microsoft\Web Platform Installer\;C:\Program Files (x86)\Microsoft ASP.NET\ASP.NET Web Pages\v1.0\;C:\Program Files\Microsoft SQL Server\110\Tools\Binn\;C:\Program Files\Microsoft SQL Server\120\Tools\Binn\;C:\Program Files\TortoiseSVN\bin;C:\Program Files (x86)\AMD\ATI.ACE\Core-Static;C:\Program Files (x86)\scala\bin;C:\Program Files\Java\jdk1.8.0_40\bin;;C:\play-2.0\play-2.0;C:\WINDOWS\system32\config\systemprofile\.dnx\bin;C:\Program Files\Microsoft DNX\Dnvm\;C:\Program Files (x86)\Skype\Phone\;C:\Program Files (x86)\Microsoft SQL Server\130\Tools\Binn\ManagementStudio\;C:\Program Files (x86)\Microsoft SQL Server\130\Tools\Binn\;C:\Program Files (x86)\Microsoft SQL Server\Client SDK\ODBC\110\Tools\Binn\;C:\Program Files (x86)\Microsoft SQL Server\130\DTS\Binn\;C:\Program Files\Microsoft SQL Server\Client SDK\ODBC\110\Tools\Binn\;C:\Program Files (x86)\Microsoft SQL Server\120\Tools\Binn\;C:\Program Files\Microsoft SQL Server\120\DTS\Binn\;C:\Program Files (x86)\Microsoft SDKs\TypeScript\1.0\;C:\WINDOWS\system32;C:\WINDOWS;C:\WINDOWS\System32\Wbem;C:\WINDOWS\System32\WindowsPowerShell\v1.0\;C:\Ruby22-x64\bin
USERNAME=Christopher
OS=Windows_NT
PROCESSOR_IDENTIFIER=Intel64 Family 6 Model 58 Stepping 9, GenuineIntel



---------------  S Y S T E M  ---------------

OS: Windows 10.0 , 64 bit Build 10586 (10.0.10586.0)

CPU:total 8 (4 cores per cpu, 2 threads per core) family 6 model 58 stepping 9, cmov, cx8, fxsr, mmx, sse, sse2, sse3, ssse3, sse4.1, sse4.2, popcnt, avx, aes, clmul, erms, ht, tsc, tscinvbit, tscinv

Memory: 4k page, physical 16659540k(4857232k free), swap 16659540k(3948k free)

vm_info: Java HotSpot(TM) 64-Bit Server VM (25.40-b25) for windows-amd64 JRE (1.8.0_40-b26), built on Mar  7 2015 13:51:59 by "java_re" with MS VC++ 10.0 (VS2010)

time: Sat May 21 16:00:43 2016
elapsed time: 2 seconds (0d 0h 0m 2s)

