#
# There is insufficient memory for the Java Runtime Environment to continue.
# Native memory allocation (malloc) failed to allocate 1804096 bytes for Chunk::new
# Possible reasons:
#   The system is out of physical RAM or swap space
#   In 32 bit mode, the process size limit was hit
# Possible solutions:
#   Reduce memory load on the system
#   Increase physical memory or swap space
#   Check if swap backing store is full
#   Use 64 bit Java on a 64 bit OS
#   Decrease Java heap size (-Xmx/-Xms)
#   Decrease number of Java threads
#   Decrease Java thread stack sizes (-Xss)
#   Set larger code cache with -XX:ReservedCodeCacheSize=
# This output file may be truncated or incomplete.
#
#  Out of Memory Error (allocation.cpp:390), pid=9272, tid=10524
#
# JRE version: Java(TM) SE Runtime Environment (8.0_40-b26) (build 1.8.0_40-b26)
# Java VM: Java HotSpot(TM) 64-Bit Server VM (25.40-b25 mixed mode windows-amd64 compressed oops)
# Failed to write core dump. Minidumps are not enabled by default on client versions of Windows
#

---------------  T H R E A D  ---------------

Current thread (0x0000000016f2a800):  JavaThread "C2 CompilerThread1" daemon [_thread_in_native, id=10524, stack(0x0000000017600000,0x0000000017700000)]

Stack: [0x0000000017600000,0x0000000017700000]
Native frames: (J=compiled Java code, j=interpreted, Vv=VM code, C=native code)
V  [jvm.dll+0x32b47a]


Current CompileTask:
C2:   4186 2187       4       com.android.dx.ssa.SCCP::run (298 bytes)


---------------  P R O C E S S  ---------------

Java Threads: ( => current thread )
  0x0000000017207000 JavaThread "pool-2-thread-4" [_thread_blocked, id=6356, stack(0x0000000017f00000,0x0000000018000000)]
  0x0000000017206800 JavaThread "pool-2-thread-3" [_thread_in_Java, id=11652, stack(0x0000000017e00000,0x0000000017f00000)]
  0x0000000017203800 JavaThread "pool-2-thread-2" [_thread_in_Java, id=4196, stack(0x0000000017d00000,0x0000000017e00000)]
  0x00000000171f7000 JavaThread "pool-3-thread-1" [_thread_in_Java, id=6832, stack(0x0000000017c00000,0x0000000017d00000)]
  0x00000000171f6000 JavaThread "pool-2-thread-1" [_thread_blocked, id=12352, stack(0x0000000017b00000,0x0000000017c00000)]
  0x0000000016fcf000 JavaThread "Service Thread" daemon [_thread_blocked, id=11472, stack(0x0000000017900000,0x0000000017a00000)]
  0x0000000016f97800 JavaThread "C1 CompilerThread3" daemon [_thread_blocked, id=12752, stack(0x0000000017800000,0x0000000017900000)]
  0x0000000016f40800 JavaThread "C2 CompilerThread2" daemon [_thread_in_native, id=5864, stack(0x0000000017700000,0x0000000017800000)]
=>0x0000000016f2a800 JavaThread "C2 CompilerThread1" daemon [_thread_in_native, id=10524, stack(0x0000000017600000,0x0000000017700000)]
  0x0000000016f27000 JavaThread "C2 CompilerThread0" daemon [_thread_in_native, id=5276, stack(0x0000000017500000,0x0000000017600000)]
  0x0000000016f25000 JavaThread "Attach Listener" daemon [_thread_blocked, id=8836, stack(0x0000000017400000,0x0000000017500000)]
  0x0000000016f23800 JavaThread "Signal Dispatcher" daemon [_thread_blocked, id=12380, stack(0x0000000017300000,0x0000000017400000)]
  0x0000000002414800 JavaThread "Finalizer" daemon [_thread_blocked, id=1200, stack(0x0000000016e00000,0x0000000016f00000)]
  0x0000000002413000 JavaThread "Reference Handler" daemon [_thread_blocked, id=5676, stack(0x0000000016d00000,0x0000000016e00000)]
  0x000000000231d800 JavaThread "main" [_thread_in_native, id=212, stack(0x00000000021e0000,0x00000000022e0000)]

Other Threads:
  0x0000000014f38800 VMThread [stack: 0x0000000016c00000,0x0000000016d00000] [id=5164]
  0x0000000016fd0000 WatcherThread [stack: 0x0000000017a00000,0x0000000017b00000] [id=4964]

VM state:not at safepoint (normal execution)

VM Mutex/Monitor currently owned by a thread: None

Heap:
 PSYoungGen      total 141824K, used 40931K [0x00000000eab00000, 0x00000000f4000000, 0x0000000100000000)
  eden space 131072K, 23% used [0x00000000eab00000,0x00000000ec879738,0x00000000f2b00000)
  from space 10752K, 99% used [0x00000000f2b00000,0x00000000f357f6c0,0x00000000f3580000)
  to   space 10752K, 0% used [0x00000000f3580000,0x00000000f3580000,0x00000000f4000000)
 ParOldGen       total 175104K, used 47598K [0x00000000c0000000, 0x00000000cab00000, 0x00000000eab00000)
  object space 175104K, 27% used [0x00000000c0000000,0x00000000c2e7b8e0,0x00000000cab00000)
 Metaspace       used 6329K, capacity 7220K, committed 7296K, reserved 1056768K
  class space    used 605K, capacity 620K, committed 640K, reserved 1048576K

Card table byte_map: [0x00000000117e0000,0x00000000119f0000] byte_map_base: 0x00000000111e0000

Marking Bits: (ParMarkBitMap*) 0x0000000057884040
 Begin Bits: [0x0000000012350000, 0x0000000013350000)
 End Bits:   [0x0000000013350000, 0x0000000014350000)

Polling page: 0x0000000000490000

CodeCache: size=245760Kb used=9458Kb max_used=9481Kb free=236301Kb
 bounds [0x0000000002420000, 0x0000000002d70000, 0x0000000011420000]
 total_blobs=2367 nmethods=2097 adapters=182
 compilation: enabled

Compilation events (10 events):
Event: 4.084 Thread 0x0000000016f2a800 nmethod 2132% 0x0000000002d5e490 code [0x0000000002d5e900, 0x0000000002d63808]
Event: 4.084 Thread 0x0000000016f2a800 2209       4       com.android.dx.ssa.SCCP::simulateBlock (54 bytes)
Event: 4.089 Thread 0x0000000016f2a800 nmethod 2209 0x0000000002d48590 code [0x0000000002d48700, 0x0000000002d48998]
Event: 4.089 Thread 0x0000000016f2a800 2208 %     4       com.android.dx.ssa.Dominators::run @ 403 (506 bytes)
Event: 4.097 Thread 0x0000000016f2a800 nmethod 2208% 0x0000000002d52250 code [0x0000000002d523c0, 0x0000000002d52978]
Event: 4.097 Thread 0x0000000016f2a800 2187       4       com.android.dx.ssa.SCCP::run (298 bytes)
Event: 4.133 Thread 0x0000000016f97800 2214       2       com.android.dx.util.Bits::bitCount (29 bytes)
Event: 4.134 Thread 0x0000000016f97800 nmethod 2214 0x0000000002d47010 code [0x0000000002d47180, 0x0000000002d47368]
Event: 4.179 Thread 0x0000000016f97800 2217       2       java.util.concurrent.locks.AbstractQueuedSynchronizer::unparkSuccessor (84 bytes)
Event: 4.179 Thread 0x0000000016f97800 nmethod 2217 0x0000000002d51cd0 code [0x0000000002d51e40, 0x0000000002d520a8]

GC Heap History (10 events):
Event: 1.475 GC heap before
{Heap before GC invocations=1 (full 0):
 PSYoungGen      total 76288K, used 65536K [0x00000000eab00000, 0x00000000f0000000, 0x0000000100000000)
  eden space 65536K, 100% used [0x00000000eab00000,0x00000000eeb00000,0x00000000eeb00000)
  from space 10752K, 0% used [0x00000000ef580000,0x00000000ef580000,0x00000000f0000000)
  to   space 10752K, 0% used [0x00000000eeb00000,0x00000000eeb00000,0x00000000ef580000)
 ParOldGen       total 175104K, used 0K [0x00000000c0000000, 0x00000000cab00000, 0x00000000eab00000)
  object space 175104K, 0% used [0x00000000c0000000,0x00000000c0000000,0x00000000cab00000)
 Metaspace       used 6069K, capacity 7028K, committed 7296K, reserved 1056768K
  class space    used 604K, capacity 620K, committed 640K, reserved 1048576K
Event: 1.508 GC heap after
Heap after GC invocations=1 (full 0):
 PSYoungGen      total 76288K, used 10743K [0x00000000eab00000, 0x00000000f0000000, 0x0000000100000000)
  eden space 65536K, 0% used [0x00000000eab00000,0x00000000eab00000,0x00000000eeb00000)
  from space 10752K, 99% used [0x00000000eeb00000,0x00000000ef57dcf0,0x00000000ef580000)
  to   space 10752K, 0% used [0x00000000ef580000,0x00000000ef580000,0x00000000f0000000)
 ParOldGen       total 175104K, used 219K [0x00000000c0000000, 0x00000000cab00000, 0x00000000eab00000)
  object space 175104K, 0% used [0x00000000c0000000,0x00000000c0036d40,0x00000000cab00000)
 Metaspace       used 6069K, capacity 7028K, committed 7296K, reserved 1056768K
  class space    used 604K, capacity 620K, committed 640K, reserved 1048576K
}
Event: 2.327 GC heap before
{Heap before GC invocations=2 (full 0):
 PSYoungGen      total 76288K, used 76279K [0x00000000eab00000, 0x00000000f0000000, 0x0000000100000000)
  eden space 65536K, 100% used [0x00000000eab00000,0x00000000eeb00000,0x00000000eeb00000)
  from space 10752K, 99% used [0x00000000eeb00000,0x00000000ef57dcf0,0x00000000ef580000)
  to   space 10752K, 0% used [0x00000000ef580000,0x00000000ef580000,0x00000000f0000000)
 ParOldGen       total 175104K, used 219K [0x00000000c0000000, 0x00000000cab00000, 0x00000000eab00000)
  object space 175104K, 0% used [0x00000000c0000000,0x00000000c0036d40,0x00000000cab00000)
 Metaspace       used 6197K, capacity 7156K, committed 7296K, reserved 1056768K
  class space    used 605K, capacity 620K, committed 640K, reserved 1048576K
Event: 2.413 GC heap after
Heap after GC invocations=2 (full 0):
 PSYoungGen      total 76288K, used 10730K [0x00000000eab00000, 0x00000000f4000000, 0x0000000100000000)
  eden space 65536K, 0% used [0x00000000eab00000,0x00000000eab00000,0x00000000eeb00000)
  from space 10752K, 99% used [0x00000000ef580000,0x00000000efffab08,0x00000000f0000000)
  to   space 10752K, 0% used [0x00000000eeb00000,0x00000000eeb00000,0x00000000ef580000)
 ParOldGen       total 175104K, used 7225K [0x00000000c0000000, 0x00000000cab00000, 0x00000000eab00000)
  object space 175104K, 4% used [0x00000000c0000000,0x00000000c070e4b0,0x00000000cab00000)
 Metaspace       used 6197K, capacity 7156K, committed 7296K, reserved 1056768K
  class space    used 605K, capacity 620K, committed 640K, reserved 1048576K
}
Event: 3.471 GC heap before
{Heap before GC invocations=3 (full 0):
 PSYoungGen      total 76288K, used 76266K [0x00000000eab00000, 0x00000000f4000000, 0x0000000100000000)
  eden space 65536K, 100% used [0x00000000eab00000,0x00000000eeb00000,0x00000000eeb00000)
  from space 10752K, 99% used [0x00000000ef580000,0x00000000efffab08,0x00000000f0000000)
  to   space 10752K, 0% used [0x00000000eeb00000,0x00000000eeb00000,0x00000000ef580000)
 ParOldGen       total 175104K, used 7225K [0x00000000c0000000, 0x00000000cab00000, 0x00000000eab00000)
  object space 175104K, 4% used [0x00000000c0000000,0x00000000c070e4b0,0x00000000cab00000)
 Metaspace       used 6243K, capacity 7156K, committed 7296K, reserved 1056768K
  class space    used 605K, capacity 620K, committed 640K, reserved 1048576K
Event: 3.540 GC heap after
Heap after GC invocations=3 (full 0):
 PSYoungGen      total 76288K, used 10738K [0x00000000eab00000, 0x00000000f4000000, 0x0000000100000000)
  eden space 65536K, 0% used [0x00000000eab00000,0x00000000eab00000,0x00000000eeb00000)
  from space 10752K, 99% used [0x00000000eeb00000,0x00000000ef57c840,0x00000000ef580000)
  to   space 10752K, 0% used [0x00000000f3580000,0x00000000f3580000,0x00000000f4000000)
 ParOldGen       total 175104K, used 17033K [0x00000000c0000000, 0x00000000cab00000, 0x00000000eab00000)
  object space 175104K, 9% used [0x00000000c0000000,0x00000000c10a2510,0x00000000cab00000)
 Metaspace       used 6243K, capacity 7156K, committed 7296K, reserved 1056768K
  class space    used 605K, capacity 620K, committed 640K, reserved 1048576K
}
Event: 3.681 GC heap before
{Heap before GC invocations=4 (full 0):
 PSYoungGen      total 76288K, used 76274K [0x00000000eab00000, 0x00000000f4000000, 0x0000000100000000)
  eden space 65536K, 100% used [0x00000000eab00000,0x00000000eeb00000,0x00000000eeb00000)
  from space 10752K, 99% used [0x00000000eeb00000,0x00000000ef57c840,0x00000000ef580000)
  to   space 10752K, 0% used [0x00000000f3580000,0x00000000f3580000,0x00000000f4000000)
 ParOldGen       total 175104K, used 17033K [0x00000000c0000000, 0x00000000cab00000, 0x00000000eab00000)
  object space 175104K, 9% used [0x00000000c0000000,0x00000000c10a2510,0x00000000cab00000)
 Metaspace       used 6288K, capacity 7156K, committed 7296K, reserved 1056768K
  class space    used 605K, capacity 620K, committed 640K, reserved 1048576K
Event: 3.710 GC heap after
Heap after GC invocations=4 (full 0):
 PSYoungGen      total 141824K, used 10743K [0x00000000eab00000, 0x00000000f4000000, 0x0000000100000000)
  eden space 131072K, 0% used [0x00000000eab00000,0x00000000eab00000,0x00000000f2b00000)
  from space 10752K, 99% used [0x00000000f3580000,0x00000000f3ffde90,0x00000000f4000000)
  to   space 10752K, 0% used [0x00000000f2b00000,0x00000000f2b00000,0x00000000f3580000)
 ParOldGen       total 175104K, used 28533K [0x00000000c0000000, 0x00000000cab00000, 0x00000000eab00000)
  object space 175104K, 16% used [0x00000000c0000000,0x00000000c1bdd590,0x00000000cab00000)
 Metaspace       used 6288K, capacity 7156K, committed 7296K, reserved 1056768K
  class space    used 605K, capacity 620K, committed 640K, reserved 1048576K
}
Event: 4.045 GC heap before
{Heap before GC invocations=5 (full 0):
 PSYoungGen      total 141824K, used 141815K [0x00000000eab00000, 0x00000000f4000000, 0x0000000100000000)
  eden space 131072K, 100% used [0x00000000eab00000,0x00000000f2b00000,0x00000000f2b00000)
  from space 10752K, 99% used [0x00000000f3580000,0x00000000f3ffde90,0x00000000f4000000)
  to   space 10752K, 0% used [0x00000000f2b00000,0x00000000f2b00000,0x00000000f3580000)
 ParOldGen       total 175104K, used 28533K [0x00000000c0000000, 0x00000000cab00000, 0x00000000eab00000)
  object space 175104K, 16% used [0x00000000c0000000,0x00000000c1bdd590,0x00000000cab00000)
 Metaspace       used 6328K, capacity 7220K, committed 7296K, reserved 1056768K
  class space    used 605K, capacity 620K, committed 640K, reserved 1048576K
Event: 4.076 GC heap after
Heap after GC invocations=5 (full 0):
 PSYoungGen      total 141824K, used 10749K [0x00000000eab00000, 0x00000000f4000000, 0x0000000100000000)
  eden space 131072K, 0% used [0x00000000eab00000,0x00000000eab00000,0x00000000f2b00000)
  from space 10752K, 99% used [0x00000000f2b00000,0x00000000f357f6c0,0x00000000f3580000)
  to   space 10752K, 0% used [0x00000000f3580000,0x00000000f3580000,0x00000000f4000000)
 ParOldGen       total 175104K, used 47598K [0x00000000c0000000, 0x00000000cab00000, 0x00000000eab00000)
  object space 175104K, 27% used [0x00000000c0000000,0x00000000c2e7b8e0,0x00000000cab00000)
 Metaspace       used 6328K, capacity 7220K, committed 7296K, reserved 1056768K
  class space    used 605K, capacity 620K, committed 640K, reserved 1048576K
}

Deoptimization events (10 events):
Event: 2.236 Thread 0x0000000017206800 Uncommon trap: reason=class_check action=maybe_recompile pc=0x0000000002a9067c method=com.android.dx.ssa.back.FirstFitLocalCombiningAllocator.findNextUnreservedRopReg(IILcom/android/dx/ssa/back/FirstFitLocalCombiningAllocator$Alignment;)I @ 60
Event: 2.236 Thread 0x0000000017206800 Uncommon trap: reason=class_check action=maybe_recompile pc=0x0000000002a9067c method=com.android.dx.ssa.back.FirstFitLocalCombiningAllocator.findNextUnreservedRopReg(IILcom/android/dx/ssa/back/FirstFitLocalCombiningAllocator$Alignment;)I @ 60
Event: 2.236 Thread 0x0000000017206800 Uncommon trap: reason=class_check action=maybe_recompile pc=0x0000000002a9067c method=com.android.dx.ssa.back.FirstFitLocalCombiningAllocator.findNextUnreservedRopReg(IILcom/android/dx/ssa/back/FirstFitLocalCombiningAllocator$Alignment;)I @ 60
Event: 2.306 Thread 0x0000000017207000 Uncommon trap: reason=unstable_if action=reinterpret pc=0x0000000002af3fbc method=com.android.dx.cf.code.LocalVariableList$Item.matchesPcAndIndex(II)Z @ 13
Event: 2.323 Thread 0x0000000017207000 Uncommon trap: reason=unstable_if action=reinterpret pc=0x00000000027fa67c method=com.android.dx.util.IntList.binarysearch(I)I @ 105
Event: 2.323 Thread 0x0000000017207000 Uncommon trap: reason=unstable_if action=reinterpret pc=0x0000000002af90b8 method=com.android.dx.ssa.SsaBasicBlock.newFromRop(Lcom/android/dx/rop/code/RopMethod;ILcom/android/dx/ssa/SsaMethod;)Lcom/android/dx/ssa/SsaBasicBlock; @ 164
Event: 2.706 Thread 0x0000000017206800 Uncommon trap: reason=unstable_if action=reinterpret pc=0x0000000002aadc24 method=com.android.dx.rop.code.LocalItem.compareHandlesNulls(Lcom/android/dx/rop/cst/CstString;Lcom/android/dx/rop/cst/CstString;)I @ 14
Event: 3.059 Thread 0x0000000017207000 Uncommon trap: reason=bimorphic action=maybe_recompile pc=0x0000000002a94a68 method=com.android.dx.ssa.SCCP.simulatePhi(Lcom/android/dx/ssa/PhiInsn;)V @ 124
Event: 3.464 Thread 0x00000000171f6000 Uncommon trap: reason=unstable_if action=reinterpret pc=0x0000000002ab2344 method=com.android.dx.rop.code.LocalItem.compareHandlesNulls(Lcom/android/dx/rop/cst/CstString;Lcom/android/dx/rop/cst/CstString;)I @ 14
Event: 3.582 Thread 0x0000000017207000 Uncommon trap: reason=unstable_if action=reinterpret pc=0x0000000002c4a8a8 method=com.android.dx.rop.code.LocalVariableExtractor.processBlock(I)V @ 195

Internal exceptions (8 events):
Event: 0.034 Thread 0x000000000231d800 Exception <a 'java/lang/NoSuchMethodError': Method sun.misc.Unsafe.defineClass(Ljava/lang/String;[BII)Ljava/lang/Class; name or signature does not match> (0x00000000eab0db98) thrown at [D:\re\workspace\8-2-build-windows-amd64-cygwin\jdk8u40\3098\hotspot\sr¹zkpY¡?
Event: 0.034 Thread 0x000000000231d800 Exception <a 'java/lang/NoSuchMethodError': Method sun.misc.Unsafe.prefetchRead(Ljava/lang/Object;J)V name or signature does not match> (0x00000000eab0de28) thrown at [D:\re\workspace\8-2-build-windows-amd64-cygwin\jdk8u40\3098\hotspot\src\share\vm\prims\jœÖd›êiô?
Event: 1.276 Thread 0x000000000231d800 Exception <a 'java/lang/ArrayIndexOutOfBoundsException': 18> (0x00000000ed3886e0) thrown at [D:\re\workspace\8-2-build-windows-amd64-cygwin\jdk8u40\3098\hotspot\src\share\vm\interpreter\interpreterRuntime.cpp, line 366]
Event: 1.276 Thread 0x000000000231d800 Exception <a 'java/lang/ArrayIndexOutOfBoundsException': 145> (0x00000000ed38a1b0) thrown at [D:\re\workspace\8-2-build-windows-amd64-cygwin\jdk8u40\3098\hotspot\src\share\vm\interpreter\interpreterRuntime.cpp, line 366]
Event: 1.277 Thread 0x000000000231d800 Exception <a 'java/lang/ArrayIndexOutOfBoundsException': 40> (0x00000000ed38b3e8) thrown at [D:\re\workspace\8-2-build-windows-amd64-cygwin\jdk8u40\3098\hotspot\src\share\vm\interpreter\interpreterRuntime.cpp, line 366]
Event: 2.074 Thread 0x00000000171f6000 Implicit null exception at 0x00000000029e36f8 to 0x00000000029e6085
Event: 2.706 Thread 0x0000000017206800 Implicit null exception at 0x0000000002aacb4b to 0x0000000002aadbe9
Event: 3.464 Thread 0x00000000171f6000 Implicit null exception at 0x0000000002ab1187 to 0x0000000002ab2315

Events (10 events):
Event: 4.127 Executing VM operation: EnableBiasedLocking
Event: 4.128 Executing VM operation: EnableBiasedLocking done
Event: 4.132 Thread 0x0000000017206800 DEOPT PACKING pc=0x000000000278cf86 sp=0x0000000017efe780
Event: 4.132 Thread 0x0000000017206800 DEOPT UNPACKING pc=0x000000000246787f sp=0x0000000017efe5c0 mode 0
Event: 4.139 Thread 0x0000000017207000 DEOPT PACKING pc=0x0000000002784428 sp=0x0000000017ffe5a0
Event: 4.139 Thread 0x0000000017207000 DEOPT UNPACKING pc=0x000000000246787f sp=0x0000000017ffe3d0 mode 0
Event: 4.173 Thread 0x0000000017203800 DEOPT PACKING pc=0x000000000278d0b9 sp=0x0000000017dfe310
Event: 4.173 Thread 0x0000000017203800 DEOPT UNPACKING pc=0x000000000246787f sp=0x0000000017dfe150 mode 0
Event: 4.177 Thread 0x000000000231d800 DEOPT PACKING pc=0x0000000002784428 sp=0x00000000022ddf10
Event: 4.177 Thread 0x000000000231d800 DEOPT UNPACKING pc=0x000000000246787f sp=0x00000000022ddd40 mode 0


Dynamic libraries:
0x00007ff6e0b30000 - 0x00007ff6e0b67000 	C:\Program Files\Java\jdk1.8.0_40\bin\java.exe
0x00007ff9fd980000 - 0x00007ff9fdb41000 	C:\WINDOWS\SYSTEM32\ntdll.dll
0x00007ff9fcd30000 - 0x00007ff9fcddd000 	C:\WINDOWS\system32\KERNEL32.DLL
0x00007ff9fa740000 - 0x00007ff9fa928000 	C:\WINDOWS\system32\KERNELBASE.dll
0x00007ff9fb050000 - 0x00007ff9fb0f7000 	C:\WINDOWS\system32\ADVAPI32.dll
0x00007ff9fd0c0000 - 0x00007ff9fd15d000 	C:\WINDOWS\system32\msvcrt.dll
0x00007ff9fd910000 - 0x00007ff9fd96b000 	C:\WINDOWS\system32\sechost.dll
0x00007ff9faf20000 - 0x00007ff9fb03c000 	C:\WINDOWS\system32\RPCRT4.dll
0x00007ff9fc660000 - 0x00007ff9fc7b6000 	C:\WINDOWS\system32\USER32.dll
0x00007ff9fd4a0000 - 0x00007ff9fd626000 	C:\WINDOWS\system32\GDI32.dll
0x00007ff9dffd0000 - 0x00007ff9e0244000 	C:\WINDOWS\WinSxS\amd64_microsoft.windows.common-controls_6595b64144ccf1df_6.0.10586.0_none_8c15ae12515e1c22\COMCTL32.dll
0x00007ff9fcde0000 - 0x00007ff9fd05d000 	C:\WINDOWS\system32\combase.dll
0x00007ff9fa6d0000 - 0x00007ff9fa73a000 	C:\WINDOWS\system32\bcryptPrimitives.dll
0x00007ff9faee0000 - 0x00007ff9faf1b000 	C:\WINDOWS\system32\IMM32.DLL
0x0000000056c00000 - 0x0000000056cd2000 	C:\Program Files\Java\jdk1.8.0_40\jre\bin\msvcr100.dll
0x0000000057080000 - 0x0000000057903000 	C:\Program Files\Java\jdk1.8.0_40\jre\bin\server\jvm.dll
0x00007ff9fd970000 - 0x00007ff9fd978000 	C:\WINDOWS\system32\PSAPI.DLL
0x00007ff9ef050000 - 0x00007ff9ef059000 	C:\WINDOWS\SYSTEM32\WSOCK32.dll
0x00007ff9f82e0000 - 0x00007ff9f8303000 	C:\WINDOWS\SYSTEM32\WINMM.dll
0x00007ff9fd430000 - 0x00007ff9fd49b000 	C:\WINDOWS\system32\WS2_32.dll
0x00007ff9f52e0000 - 0x00007ff9f52ea000 	C:\WINDOWS\SYSTEM32\VERSION.dll
0x00007ff9f8280000 - 0x00007ff9f82ac000 	C:\WINDOWS\SYSTEM32\WINMMBASE.dll
0x00007ff9fa680000 - 0x00007ff9fa6c3000 	C:\WINDOWS\system32\cfgmgr32.dll
0x0000000057070000 - 0x000000005707f000 	C:\Program Files\Java\jdk1.8.0_40\jre\bin\verify.dll
0x0000000057040000 - 0x0000000057069000 	C:\Program Files\Java\jdk1.8.0_40\jre\bin\java.dll
0x0000000057020000 - 0x0000000057036000 	C:\Program Files\Java\jdk1.8.0_40\jre\bin\zip.dll
0x00007ff9fb100000 - 0x00007ff9fc65c000 	C:\WINDOWS\system32\SHELL32.dll
0x00007ff9fa030000 - 0x00007ff9fa674000 	C:\WINDOWS\system32\windows.storage.dll
0x00007ff9fd060000 - 0x00007ff9fd0b2000 	C:\WINDOWS\system32\shlwapi.dll
0x00007ff9fa010000 - 0x00007ff9fa01f000 	C:\WINDOWS\system32\kernel.appcore.dll
0x00007ff9fa9e0000 - 0x00007ff9faa95000 	C:\WINDOWS\system32\shcore.dll
0x00007ff9f9fc0000 - 0x00007ff9fa00b000 	C:\WINDOWS\system32\powrprof.dll
0x00007ff9f9fa0000 - 0x00007ff9f9fb4000 	C:\WINDOWS\system32\profapi.dll
0x00007ff9f5ee0000 - 0x00007ff9f606c000 	C:\WINDOWS\SYSTEM32\dbghelp.dll

VM Arguments:
jvm_args: -Djava.awt.headless=true -Xmx1024M -Dfile.encoding=windows-1252 -Duser.country=US -Duser.language=en -Duser.variant 
java_command: com.android.dx.command.Main --dex --force-jumbo --num-threads=4 --multi-dex --output C:\Users\Christopher\Shopping_List_App\Shopping_List_App\app\build\intermediates\transforms\dex\debug\folders\1000\10\com.android.support-support-v4-23.0.1_25d2379f11dc95b19fe93218349c1025b321f447 C:\Users\Christopher\Shopping_List_App\Shopping_List_App\app\build\intermediates\exploded-aar\com.android.support\support-v4\23.0.1\jars\classes.jar
java_class_path (initial): C:\Users\Christopher\AppData\Local\Android\sdk\build-tools\23.0.1\lib\dx.jar
Launcher Type: SUN_STANDARD

Environment Variables:
PATH=C:\Program Files (x86)\NVIDIA Corporation\PhysX\Common;C:\Python34\;C:\Python34\Scripts;C:\ProgramData\Oracle\Java\javapath;C:\WINDOWS\system32;C:\WINDOWS;C:\WINDOWS\System32\Wbem;C:\WINDOWS\System32\WindowsPowerShell\v1.0\;C:\Program Files (x86)\ATI Technologies\ATI.ACE\Core-Static;C:\Program Files\Microsoft\Web Platform Installer\;C:\Program Files (x86)\Microsoft ASP.NET\ASP.NET Web Pages\v1.0\;C:\Program Files\Microsoft SQL Server\110\Tools\Binn\;C:\Program Files\Microsoft SQL Server\120\Tools\Binn\;C:\Program Files\TortoiseSVN\bin;C:\Program Files (x86)\AMD\ATI.ACE\Core-Static;C:\Program Files (x86)\scala\bin;C:\Program Files\Java\jdk1.8.0_40\bin;;C:\play-2.0\play-2.0;C:\WINDOWS\system32\config\systemprofile\.dnx\bin;C:\Program Files\Microsoft DNX\Dnvm\;C:\Program Files (x86)\Skype\Phone\;C:\Program Files (x86)\Microsoft SQL Server\130\Tools\Binn\ManagementStudio\;C:\Program Files (x86)\Microsoft SQL Server\130\Tools\Binn\;C:\Program Files (x86)\Microsoft SQL Server\Client SDK\ODBC\110\Tools\Binn\;C:\Program Files (x86)\Microsoft SQL Server\130\DTS\Binn\;C:\Program Files\Microsoft SQL Server\Client SDK\ODBC\110\Tools\Binn\;C:\Program Files (x86)\Microsoft SQL Server\120\Tools\Binn\;C:\Program Files\Microsoft SQL Server\120\DTS\Binn\;C:\Program Files (x86)\Microsoft SDKs\TypeScript\1.0\;C:\WINDOWS\system32;C:\WINDOWS;C:\WINDOWS\System32\Wbem;C:\WINDOWS\System32\WindowsPowerShell\v1.0\;C:\Ruby22-x64\bin
USERNAME=Christopher
OS=Windows_NT
PROCESSOR_IDENTIFIER=Intel64 Family 6 Model 58 Stepping 9, GenuineIntel



---------------  S Y S T E M  ---------------

OS: Windows 10.0 , 64 bit Build 10586 (10.0.10586.0)

CPU:total 8 (4 cores per cpu, 2 threads per core) family 6 model 58 stepping 9, cmov, cx8, fxsr, mmx, sse, sse2, sse3, ssse3, sse4.1, sse4.2, popcnt, avx, aes, clmul, erms, ht, tsc, tscinvbit, tscinv

Memory: 4k page, physical 16659540k(5093840k free), swap 16659540k(9644k free)

vm_info: Java HotSpot(TM) 64-Bit Server VM (25.40-b25) for windows-amd64 JRE (1.8.0_40-b26), built on Mar  7 2015 13:51:59 by "java_re" with MS VC++ 10.0 (VS2010)

time: Wed May 25 23:42:48 2016
elapsed time: 4 seconds (0d 0h 0m 4s)

