#
# There is insufficient memory for the Java Runtime Environment to continue.
# Native memory allocation (malloc) failed to allocate 1928336 bytes for Chunk::new
# Possible reasons:
#   The system is out of physical RAM or swap space
#   In 32 bit mode, the process size limit was hit
# Possible solutions:
#   Reduce memory load on the system
#   Increase physical memory or swap space
#   Check if swap backing store is full
#   Use 64 bit Java on a 64 bit OS
#   Decrease Java heap size (-Xmx/-Xms)
#   Decrease number of Java threads
#   Decrease Java thread stack sizes (-Xss)
#   Set larger code cache with -XX:ReservedCodeCacheSize=
# This output file may be truncated or incomplete.
#
#  Out of Memory Error (allocation.cpp:390), pid=11904, tid=2280
#
# JRE version: Java(TM) SE Runtime Environment (8.0_40-b26) (build 1.8.0_40-b26)
# Java VM: Java HotSpot(TM) 64-Bit Server VM (25.40-b25 mixed mode windows-amd64 compressed oops)
# Failed to write core dump. Minidumps are not enabled by default on client versions of Windows
#

---------------  T H R E A D  ---------------

Current thread (0x0000000016eb8000):  JavaThread "C2 CompilerThread0" daemon [_thread_in_native, id=2280, stack(0x0000000017490000,0x0000000017590000)]

Stack: [0x0000000017490000,0x0000000017590000]
Native frames: (J=compiled Java code, j=interpreted, Vv=VM code, C=native code)
V  [jvm.dll+0x32b47a]
V  [jvm.dll+0x2797f3]
V  [jvm.dll+0x27a489]
V  [jvm.dll+0x2717a5]
V  [jvm.dll+0xcb9a2]
V  [jvm.dll+0xcbe6c]
V  [jvm.dll+0x49294c]
V  [jvm.dll+0x45f77f]
V  [jvm.dll+0x46a73b]
V  [jvm.dll+0x46cd52]
V  [jvm.dll+0x4500d2]
V  [jvm.dll+0xa4312]
V  [jvm.dll+0xa4c4f]
V  [jvm.dll+0x241914]
V  [jvm.dll+0x29848a]
C  [msvcr100.dll+0x21d9f]
C  [msvcr100.dll+0x21e3b]
C  [KERNEL32.DLL+0x18102]
C  [ntdll.dll+0x5c5b4]


Current CompileTask:
C2:   1530 1438   !   4       com.android.dx.cf.cst.ConstantPoolParser::parse0 (731 bytes)


---------------  P R O C E S S  ---------------

Java Threads: ( => current thread )
  0x0000000017197000 JavaThread "pool-2-thread-4" [_thread_blocked, id=8084, stack(0x0000000017e90000,0x0000000017f90000)]
  0x0000000017189000 JavaThread "pool-2-thread-3" [_thread_blocked, id=8872, stack(0x0000000017d90000,0x0000000017e90000)]
  0x0000000017191800 JavaThread "pool-2-thread-2" [_thread_blocked, id=14276, stack(0x0000000017c90000,0x0000000017d90000)]
  0x0000000017174000 JavaThread "pool-3-thread-1" [_thread_blocked, id=3996, stack(0x0000000017b90000,0x0000000017c90000)]
  0x0000000017173000 JavaThread "pool-2-thread-1" [_thread_blocked, id=13164, stack(0x0000000017a90000,0x0000000017b90000)]
  0x0000000016f22000 JavaThread "Service Thread" daemon [_thread_blocked, id=14888, stack(0x0000000017890000,0x0000000017990000)]
  0x0000000016f1c800 JavaThread "C1 CompilerThread3" daemon [_thread_blocked, id=6472, stack(0x0000000017790000,0x0000000017890000)]
  0x0000000016f1a000 JavaThread "C2 CompilerThread2" daemon [_thread_in_native, id=13712, stack(0x0000000017690000,0x0000000017790000)]
  0x0000000016f16000 JavaThread "C2 CompilerThread1" daemon [_thread_blocked, id=10604, stack(0x0000000017590000,0x0000000017690000)]
=>0x0000000016eb8000 JavaThread "C2 CompilerThread0" daemon [_thread_in_native, id=2280, stack(0x0000000017490000,0x0000000017590000)]
  0x0000000016eb5800 JavaThread "Attach Listener" daemon [_thread_blocked, id=12748, stack(0x0000000017390000,0x0000000017490000)]
  0x0000000016eb4800 JavaThread "Signal Dispatcher" daemon [_thread_blocked, id=15064, stack(0x0000000017290000,0x0000000017390000)]
  0x0000000002384000 JavaThread "Finalizer" daemon [_thread_blocked, id=13360, stack(0x0000000016d90000,0x0000000016e90000)]
  0x0000000002383000 JavaThread "Reference Handler" daemon [_thread_blocked, id=4624, stack(0x0000000016c90000,0x0000000016d90000)]
  0x000000000218d800 JavaThread "main" [_thread_blocked, id=3716, stack(0x0000000001f90000,0x0000000002090000)]

Other Threads:
  0x0000000014ea8800 VMThread [stack: 0x0000000016b90000,0x0000000016c90000] [id=10864]
  0x0000000016f22800 WatcherThread [stack: 0x0000000017990000,0x0000000017a90000] [id=7532]

VM state:not at safepoint (normal execution)

VM Mutex/Monitor currently owned by a thread: None

Heap:
 PSYoungGen      total 76288K, used 57930K [0x00000000eab00000, 0x00000000f0000000, 0x0000000100000000)
  eden space 65536K, 88% used [0x00000000eab00000,0x00000000ee392bb0,0x00000000eeb00000)
  from space 10752K, 0% used [0x00000000ef580000,0x00000000ef580000,0x00000000f0000000)
  to   space 10752K, 0% used [0x00000000eeb00000,0x00000000eeb00000,0x00000000ef580000)
 ParOldGen       total 175104K, used 0K [0x00000000c0000000, 0x00000000cab00000, 0x00000000eab00000)
  object space 175104K, 0% used [0x00000000c0000000,0x00000000c0000000,0x00000000cab00000)
 Metaspace       used 6050K, capacity 7088K, committed 7296K, reserved 1056768K
  class space    used 584K, capacity 616K, committed 640K, reserved 1048576K

Card table byte_map: [0x0000000011750000,0x0000000011960000] byte_map_base: 0x0000000011150000

Marking Bits: (ParMarkBitMap*) 0x0000000070f24040
 Begin Bits: [0x00000000122c0000, 0x00000000132c0000)
 End Bits:   [0x00000000132c0000, 0x00000000142c0000)

Polling page: 0x0000000000770000

CodeCache: size=245760Kb used=6406Kb max_used=6414Kb free=239353Kb
 bounds [0x0000000002390000, 0x00000000029e0000, 0x0000000011390000]
 total_blobs=1796 nmethods=1527 adapters=182
 compilation: enabled

Compilation events (10 events):
Event: 1.467 Thread 0x0000000016f16000 1524       4       com.android.dx.rop.cst.Constant::<init> (5 bytes)
Event: 1.467 Thread 0x0000000016f16000 nmethod 1524 0x0000000002709010 code [0x0000000002709140, 0x0000000002709198]
Event: 1.467 Thread 0x0000000016f16000 1493       4       com.android.dx.rop.code.Insn::getLocalAssignment (48 bytes)
Event: 1.468 Thread 0x0000000016f16000 nmethod 1493 0x00000000029c6650 code [0x00000000029c67a0, 0x00000000029c6898]
Event: 1.468 Thread 0x0000000016f16000 1444       4       com.android.dx.rop.cst.StdConstantPool::set (123 bytes)
Event: 1.470 Thread 0x0000000016f16000 nmethod 1444 0x00000000029c5ed0 code [0x00000000029c6040, 0x00000000029c6318]
Event: 1.471 Thread 0x0000000016f16000 1410       4       com.android.dx.rop.code.Rop::hashCode (54 bytes)
Event: 1.481 Thread 0x0000000016f16000 nmethod 1410 0x00000000029b8090 code [0x00000000029b8200, 0x00000000029b8918]
Event: 1.481 Thread 0x0000000016f16000 1442       4       com.android.dx.dex.code.RopToDop::dopFor (792 bytes)
Event: 1.506 Thread 0x0000000016f16000 nmethod 1442 0x00000000029d1f90 code [0x00000000029d2440, 0x00000000029d34f0]

GC Heap History (0 events):
No events

Deoptimization events (9 events):
Event: 0.249 Thread 0x000000000218d800 Uncommon trap: reason=unstable_if action=reinterpret pc=0x00000000024f9b14 method=java.lang.String.indexOf(II)I @ 49
Event: 0.412 Thread 0x000000000218d800 Uncommon trap: reason=unstable_if action=reinterpret pc=0x00000000025ae4dc method=java.util.HashMap.getNode(ILjava/lang/Object;)Ljava/util/HashMap$Node; @ 129
Event: 0.636 Thread 0x0000000017173000 Uncommon trap: reason=class_check action=maybe_recompile pc=0x00000000025ff3f0 method=com.android.dx.ssa.NormalSsaInsn.accept(Lcom/android/dx/ssa/SsaInsn$Visitor;)V @ 9
Event: 0.636 Thread 0x0000000017173000 Uncommon trap: reason=class_check action=maybe_recompile pc=0x00000000025ff3f0 method=com.android.dx.ssa.NormalSsaInsn.accept(Lcom/android/dx/ssa/SsaInsn$Visitor;)V @ 9
Event: 0.636 Thread 0x0000000017173000 Uncommon trap: reason=class_check action=maybe_recompile pc=0x00000000025ff3f0 method=com.android.dx.ssa.NormalSsaInsn.accept(Lcom/android/dx/ssa/SsaInsn$Visitor;)V @ 9
Event: 0.636 Thread 0x0000000017173000 Uncommon trap: reason=class_check action=maybe_recompile pc=0x00000000025ff3f0 method=com.android.dx.ssa.NormalSsaInsn.accept(Lcom/android/dx/ssa/SsaInsn$Visitor;)V @ 9
Event: 0.636 Thread 0x0000000017173000 Uncommon trap: reason=class_check action=maybe_recompile pc=0x00000000025d62f0 method=com.android.dx.ssa.NormalSsaInsn.accept(Lcom/android/dx/ssa/SsaInsn$Visitor;)V @ 9
Event: 1.188 Thread 0x0000000017191800 Uncommon trap: reason=unstable_if action=reinterpret pc=0x0000000002721f44 method=com.android.dx.rop.code.RegisterSpecSet.<init>(I)V @ 2
Event: 1.393 Thread 0x0000000017173000 Uncommon trap: reason=unstable_if action=reinterpret pc=0x00000000029bda80 method=com.android.dx.ssa.SsaRenamer$BlockRenamer.visitMoveInsn(Lcom/android/dx/ssa/NormalSsaInsn;)V @ 104

Internal exceptions (2 events):
Event: 0.053 Thread 0x000000000218d800 Exception <a 'java/lang/NoSuchMethodError': Method sun.misc.Unsafe.defineClass(Ljava/lang/String;[BII)Ljava/lang/Class; name or signature does not match> (0x00000000eab0dd18) thrown at [D:\re\workspace\8-2-build-windows-amd64-cygwin\jdk8u40\3098\hotspot\sr6õÚÇmZ«?
Event: 0.053 Thread 0x000000000218d800 Exception <a 'java/lang/NoSuchMethodError': Method sun.misc.Unsafe.prefetchRead(Ljava/lang/Object;J)V name or signature does not match> (0x00000000eab0dfa8) thrown at [D:\re\workspace\8-2-build-windows-amd64-cygwin\jdk8u40\3098\hotspot\src\share\vm\prims\j

Events (10 events):
Event: 0.814 loading class com/android/dx/cf/attrib/AttLocalVariableTypeTable
Event: 0.814 loading class com/android/dx/cf/attrib/AttLocalVariableTypeTable done
Event: 1.185 loading class com/android/dx/cf/attrib/AttExceptions
Event: 1.185 loading class com/android/dx/cf/attrib/AttExceptions done
Event: 1.188 Thread 0x0000000017191800 Uncommon trap: trap_request=0xffffff65 fr.pc=0x0000000002721f44
Event: 1.188 Thread 0x0000000017191800 DEOPT PACKING pc=0x0000000002721f44 sp=0x0000000017d8ed00
Event: 1.188 Thread 0x0000000017191800 DEOPT UNPACKING pc=0x00000000023d582a sp=0x0000000017d8ec30 mode 2
Event: 1.393 Thread 0x0000000017173000 Uncommon trap: trap_request=0xffffff65 fr.pc=0x00000000029bda80
Event: 1.393 Thread 0x0000000017173000 DEOPT PACKING pc=0x00000000029bda80 sp=0x0000000017b8eb80
Event: 1.393 Thread 0x0000000017173000 DEOPT UNPACKING pc=0x00000000023d582a sp=0x0000000017b8ea10 mode 2


Dynamic libraries:
0x00007ff6966a0000 - 0x00007ff6966d7000 	C:\Program Files\Java\jdk1.8.0_40\bin\java.exe
0x00007ffe053d0000 - 0x00007ffe05591000 	C:\WINDOWS\SYSTEM32\ntdll.dll
0x00007ffe02b20000 - 0x00007ffe02bcd000 	C:\WINDOWS\system32\KERNEL32.DLL
0x00007ffe02350000 - 0x00007ffe02538000 	C:\WINDOWS\system32\KERNELBASE.dll
0x00007ffe02980000 - 0x00007ffe02a27000 	C:\WINDOWS\system32\ADVAPI32.dll
0x00007ffe04910000 - 0x00007ffe049ad000 	C:\WINDOWS\system32\msvcrt.dll
0x00007ffe049b0000 - 0x00007ffe04a0b000 	C:\WINDOWS\system32\sechost.dll
0x00007ffe050b0000 - 0x00007ffe051cc000 	C:\WINDOWS\system32\RPCRT4.dll
0x00007ffe04a10000 - 0x00007ffe04b66000 	C:\WINDOWS\system32\USER32.dll
0x00007ffe05240000 - 0x00007ffe053c6000 	C:\WINDOWS\system32\GDI32.dll
0x00007ffdea7f0000 - 0x00007ffdeaa64000 	C:\WINDOWS\WinSxS\amd64_microsoft.windows.common-controls_6595b64144ccf1df_6.0.10586.0_none_8c15ae12515e1c22\COMCTL32.dll
0x00007ffe02bd0000 - 0x00007ffe02e4d000 	C:\WINDOWS\system32\combase.dll
0x00007ffe01b50000 - 0x00007ffe01bba000 	C:\WINDOWS\system32\bcryptPrimitives.dll
0x00007ffe04c40000 - 0x00007ffe04c7b000 	C:\WINDOWS\system32\IMM32.DLL
0x00000000702a0000 - 0x0000000070372000 	C:\Program Files\Java\jdk1.8.0_40\jre\bin\msvcr100.dll
0x0000000070720000 - 0x0000000070fa3000 	C:\Program Files\Java\jdk1.8.0_40\jre\bin\server\jvm.dll
0x00007ffe02b10000 - 0x00007ffe02b18000 	C:\WINDOWS\system32\PSAPI.DLL
0x00007ffdf6c70000 - 0x00007ffdf6c79000 	C:\WINDOWS\SYSTEM32\WSOCK32.dll
0x00007ffe051d0000 - 0x00007ffe0523b000 	C:\WINDOWS\system32\WS2_32.dll
0x00007ffe00010000 - 0x00007ffe00033000 	C:\WINDOWS\SYSTEM32\WINMM.dll
0x00007ffdfd290000 - 0x00007ffdfd29a000 	C:\WINDOWS\SYSTEM32\VERSION.dll
0x00007ffdffcd0000 - 0x00007ffdffcfc000 	C:\WINDOWS\SYSTEM32\WINMMBASE.dll
0x00007ffe01a80000 - 0x00007ffe01ac3000 	C:\WINDOWS\system32\cfgmgr32.dll
0x0000000070710000 - 0x000000007071f000 	C:\Program Files\Java\jdk1.8.0_40\jre\bin\verify.dll
0x00000000706e0000 - 0x0000000070709000 	C:\Program Files\Java\jdk1.8.0_40\jre\bin\java.dll
0x00000000706c0000 - 0x00000000706d6000 	C:\Program Files\Java\jdk1.8.0_40\jre\bin\zip.dll
0x00007ffe02fc0000 - 0x00007ffe0451c000 	C:\WINDOWS\system32\SHELL32.dll
0x00007ffe01d00000 - 0x00007ffe02345000 	C:\WINDOWS\system32\windows.storage.dll
0x00007ffe04800000 - 0x00007ffe04852000 	C:\WINDOWS\system32\shlwapi.dll
0x00007ffe01a10000 - 0x00007ffe01a1f000 	C:\WINDOWS\system32\kernel.appcore.dll
0x00007ffe02710000 - 0x00007ffe027c5000 	C:\WINDOWS\system32\shcore.dll
0x00007ffe01a30000 - 0x00007ffe01a7b000 	C:\WINDOWS\system32\powrprof.dll
0x00007ffe019f0000 - 0x00007ffe01a04000 	C:\WINDOWS\system32\profapi.dll
0x00007ffdd3850000 - 0x00007ffdd39dc000 	C:\WINDOWS\SYSTEM32\dbghelp.dll

VM Arguments:
jvm_args: -Djava.awt.headless=true -Xmx1024M -Dfile.encoding=windows-1252 -Duser.country=US -Duser.language=en -Duser.variant 
java_command: com.android.dx.command.Main --dex --force-jumbo --num-threads=4 --multi-dex --output C:\Users\Christopher\Shopping_List_App\Shopping_List_App\app\build\intermediates\transforms\dex\debug\folders\1000\10\internal_impl-23.0.1_d42e9385417292f4e03a5f71197c42e5050fba12 C:\Users\Christopher\Shopping_List_App\Shopping_List_App\app\build\intermediates\exploded-aar\com.android.support\support-v4\23.0.1\jars\libs\internal_impl-23.0.1.jar
java_class_path (initial): C:\Users\Christopher\AppData\Local\Android\sdk\build-tools\23.0.1\lib\dx.jar
Launcher Type: SUN_STANDARD

Environment Variables:
PATH=C:\Program Files (x86)\NVIDIA Corporation\PhysX\Common;C:\Python34\;C:\Python34\Scripts;C:\ProgramData\Oracle\Java\javapath;C:\WINDOWS\system32;C:\WINDOWS;C:\WINDOWS\System32\Wbem;C:\WINDOWS\System32\WindowsPowerShell\v1.0\;C:\Program Files (x86)\ATI Technologies\ATI.ACE\Core-Static;C:\Program Files\Microsoft\Web Platform Installer\;C:\Program Files (x86)\Microsoft ASP.NET\ASP.NET Web Pages\v1.0\;C:\Program Files\Microsoft SQL Server\110\Tools\Binn\;C:\Program Files\Microsoft SQL Server\120\Tools\Binn\;C:\Program Files\TortoiseSVN\bin;C:\Program Files (x86)\AMD\ATI.ACE\Core-Static;C:\Program Files (x86)\scala\bin;C:\Program Files\Java\jdk1.8.0_40\bin;;C:\play-2.0\play-2.0;C:\WINDOWS\system32\config\systemprofile\.dnx\bin;C:\Program Files\Microsoft DNX\Dnvm\;C:\Program Files (x86)\Skype\Phone\;C:\Program Files (x86)\Microsoft SQL Server\130\Tools\Binn\ManagementStudio\;C:\Program Files (x86)\Microsoft SQL Server\130\Tools\Binn\;C:\Program Files (x86)\Microsoft SQL Server\Client SDK\ODBC\110\Tools\Binn\;C:\Program Files (x86)\Microsoft SQL Server\130\DTS\Binn\;C:\Program Files\Microsoft SQL Server\Client SDK\ODBC\110\Tools\Binn\;C:\Program Files (x86)\Microsoft SQL Server\120\Tools\Binn\;C:\Program Files\Microsoft SQL Server\120\DTS\Binn\;C:\Program Files (x86)\Microsoft SDKs\TypeScript\1.0\;C:\WINDOWS\system32;C:\WINDOWS;C:\WINDOWS\System32\Wbem;C:\WINDOWS\System32\WindowsPowerShell\v1.0\;C:\Ruby22-x64\bin
USERNAME=Christopher
OS=Windows_NT
PROCESSOR_IDENTIFIER=Intel64 Family 6 Model 58 Stepping 9, GenuineIntel



---------------  S Y S T E M  ---------------

OS: Windows 10.0 , 64 bit Build 10586 (10.0.10586.0)

CPU:total 8 (4 cores per cpu, 2 threads per core) family 6 model 58 stepping 9, cmov, cx8, fxsr, mmx, sse, sse2, sse3, ssse3, sse4.1, sse4.2, popcnt, avx, aes, clmul, erms, ht, tsc, tscinvbit, tscinv

Memory: 4k page, physical 16659540k(4575916k free), swap 16659540k(6296k free)

vm_info: Java HotSpot(TM) 64-Bit Server VM (25.40-b25) for windows-amd64 JRE (1.8.0_40-b26), built on Mar  7 2015 13:51:59 by "java_re" with MS VC++ 10.0 (VS2010)

time: Sun May 15 11:35:22 2016
elapsed time: 1 seconds (0d 0h 0m 1s)

