#
# There is insufficient memory for the Java Runtime Environment to continue.
# Native memory allocation (malloc) failed to allocate 1456688 bytes for Chunk::new
# Possible reasons:
#   The system is out of physical RAM or swap space
#   In 32 bit mode, the process size limit was hit
# Possible solutions:
#   Reduce memory load on the system
#   Increase physical memory or swap space
#   Check if swap backing store is full
#   Use 64 bit Java on a 64 bit OS
#   Decrease Java heap size (-Xmx/-Xms)
#   Decrease number of Java threads
#   Decrease Java thread stack sizes (-Xss)
#   Set larger code cache with -XX:ReservedCodeCacheSize=
# This output file may be truncated or incomplete.
#
#  Out of Memory Error (allocation.cpp:390), pid=4116, tid=1424
#
# JRE version: Java(TM) SE Runtime Environment (8.0_40-b26) (build 1.8.0_40-b26)
# Java VM: Java HotSpot(TM) 64-Bit Server VM (25.40-b25 mixed mode windows-amd64 compressed oops)
# Failed to write core dump. Minidumps are not enabled by default on client versions of Windows
#

---------------  T H R E A D  ---------------

Current thread (0x0000000016ebb800):  JavaThread "C2 CompilerThread1" daemon [_thread_in_native, id=1424, stack(0x0000000017590000,0x0000000017690000)]

Stack: [0x0000000017590000,0x0000000017690000]
Native frames: (J=compiled Java code, j=interpreted, Vv=VM code, C=native code)
V  [jvm.dll+0x32b47a]
V  [jvm.dll+0x2797f3]
V  [jvm.dll+0x27a489]
V  [jvm.dll+0x2717a5]
V  [jvm.dll+0xcb9a2]
V  [jvm.dll+0xcbe6c]
V  [jvm.dll+0x4929a7]
V  [jvm.dll+0x45f77f]
V  [jvm.dll+0x46a73b]
V  [jvm.dll+0x46cd52]
V  [jvm.dll+0x4500d2]
V  [jvm.dll+0xa4312]
V  [jvm.dll+0xa4c4f]
V  [jvm.dll+0x241914]
V  [jvm.dll+0x29848a]
C  [msvcr100.dll+0x21d9f]
C  [msvcr100.dll+0x21e3b]
C  [KERNEL32.DLL+0x18102]
C  [ntdll.dll+0x5c5b4]


Current CompileTask:
C2:   1372 1316   !   4       com.android.dx.cf.cst.ConstantPoolParser::parse0 (731 bytes)


---------------  P R O C E S S  ---------------

Java Threads: ( => current thread )
  0x00000000171ae000 JavaThread "pool-2-thread-4" [_thread_blocked, id=11496, stack(0x0000000017e90000,0x0000000017f90000)]
  0x00000000171a1800 JavaThread "pool-2-thread-3" [_thread_blocked, id=10292, stack(0x0000000017d90000,0x0000000017e90000)]
  0x000000001719f800 JavaThread "pool-2-thread-2" [_thread_blocked, id=8308, stack(0x0000000017c90000,0x0000000017d90000)]
  0x000000001718e800 JavaThread "pool-3-thread-1" [_thread_blocked, id=11996, stack(0x0000000017b90000,0x0000000017c90000)]
  0x0000000017187000 JavaThread "pool-2-thread-1" [_thread_blocked, id=13868, stack(0x0000000017a90000,0x0000000017b90000)]
  0x0000000016f52000 JavaThread "Service Thread" daemon [_thread_blocked, id=10444, stack(0x0000000017890000,0x0000000017990000)]
  0x0000000016ec3800 JavaThread "C1 CompilerThread3" daemon [_thread_blocked, id=7032, stack(0x0000000017790000,0x0000000017890000)]
  0x0000000016ebe800 JavaThread "C2 CompilerThread2" daemon [_thread_blocked, id=9508, stack(0x0000000017690000,0x0000000017790000)]
=>0x0000000016ebb800 JavaThread "C2 CompilerThread1" daemon [_thread_in_native, id=1424, stack(0x0000000017590000,0x0000000017690000)]
  0x0000000016eb8000 JavaThread "C2 CompilerThread0" daemon [_thread_in_native, id=14324, stack(0x0000000017490000,0x0000000017590000)]
  0x0000000016eb6000 JavaThread "Attach Listener" daemon [_thread_blocked, id=14092, stack(0x0000000017390000,0x0000000017490000)]
  0x0000000016eb5000 JavaThread "Signal Dispatcher" daemon [_thread_blocked, id=7104, stack(0x0000000017290000,0x0000000017390000)]
  0x0000000002366800 JavaThread "Finalizer" daemon [_thread_blocked, id=8832, stack(0x0000000016d90000,0x0000000016e90000)]
  0x0000000002365800 JavaThread "Reference Handler" daemon [_thread_blocked, id=5232, stack(0x0000000016c90000,0x0000000016d90000)]
  0x000000000216d800 JavaThread "main" [_thread_in_Java, id=5480, stack(0x0000000002170000,0x0000000002270000)]

Other Threads:
  0x0000000014e8b000 VMThread [stack: 0x0000000016b90000,0x0000000016c90000] [id=13664]
  0x0000000016f56000 WatcherThread [stack: 0x0000000017990000,0x0000000017a90000] [id=2124]

VM state:not at safepoint (normal execution)

VM Mutex/Monitor currently owned by a thread: None

Heap:
 PSYoungGen      total 76288K, used 58986K [0x00000000eab00000, 0x00000000f0000000, 0x0000000100000000)
  eden space 65536K, 90% used [0x00000000eab00000,0x00000000ee49a930,0x00000000eeb00000)
  from space 10752K, 0% used [0x00000000ef580000,0x00000000ef580000,0x00000000f0000000)
  to   space 10752K, 0% used [0x00000000eeb00000,0x00000000eeb00000,0x00000000ef580000)
 ParOldGen       total 175104K, used 0K [0x00000000c0000000, 0x00000000cab00000, 0x00000000eab00000)
  object space 175104K, 0% used [0x00000000c0000000,0x00000000c0000000,0x00000000cab00000)
 Metaspace       used 5964K, capacity 7024K, committed 7296K, reserved 1056768K
  class space    used 581K, capacity 616K, committed 640K, reserved 1048576K

Card table byte_map: [0x0000000011730000,0x0000000011940000] byte_map_base: 0x0000000011130000

Marking Bits: (ParMarkBitMap*) 0x0000000070f24040
 Begin Bits: [0x00000000122a0000, 0x00000000132a0000)
 End Bits:   [0x00000000132a0000, 0x00000000142a0000)

Polling page: 0x00000000004f0000

CodeCache: size=245760Kb used=5891Kb max_used=5910Kb free=239868Kb
 bounds [0x0000000002370000, 0x0000000002940000, 0x0000000011370000]
 total_blobs=1675 nmethods=1405 adapters=182
 compilation: disabled (not enough contiguous free space left)

Compilation events (10 events):
Event: 1.327 Thread 0x0000000016ebe800 nmethod 1356 0x000000000292ead0 code [0x000000000292ec20, 0x000000000292ed38]
Event: 1.327 Thread 0x0000000016ebe800 1394       4       com.android.dx.rop.code.Insn::hashCode (5 bytes)
Event: 1.327 Thread 0x0000000016ebe800 nmethod 1394 0x000000000292e850 code [0x000000000292e9a0, 0x000000000292ea48]
Event: 1.327 Thread 0x0000000016ebe800 1335       4       java.util.HashSet::<init> (16 bytes)
Event: 1.328 Thread 0x0000000016ebe800 nmethod 1335 0x000000000292e550 code [0x000000000292e6a0, 0x000000000292e798]
Event: 1.328 Thread 0x0000000016ebe800 1401       4       com.android.dx.ssa.back.RegisterAllocator::getDefinitionSpecForSsaReg (22 bytes)
Event: 1.330 Thread 0x0000000016ebe800 nmethod 1401 0x000000000292df10 code [0x000000000292e080, 0x000000000292e2e8]
Event: 1.330 Thread 0x0000000016ebe800 1345       4       com.android.dx.ssa.LiteralOpUpgrader::tryReplacingWithConstant (161 bytes)
Event: 1.355 Thread 0x0000000016ec3800 1423       3       com.android.dx.cf.code.OneLocalsArray::merge (22 bytes)
Event: 1.355 Thread 0x0000000016ec3800 nmethod 1423 0x000000000292f8d0 code [0x000000000292faa0, 0x00000000029301d8]

GC Heap History (0 events):
No events

Deoptimization events (10 events):
Event: 0.579 Thread 0x00000000171a1800 Uncommon trap: reason=unstable_if action=reinterpret pc=0x00000000025c3df0 method=java.util.BitSet.nextSetBit(I)I @ 87
Event: 0.603 Thread 0x00000000171ae000 Uncommon trap: reason=unstable_if action=reinterpret pc=0x000000000267d310 method=com.android.dx.rop.code.RegisterSpec.equals(ILcom/android/dx/rop/type/TypeBearer;Lcom/android/dx/rop/code/LocalItem;)Z @ 42
Event: 0.607 Thread 0x00000000171ae000 Uncommon trap: reason=unstable_if action=reinterpret pc=0x000000000265089c method=com.android.dx.rop.cst.Constant.compareTo(Lcom/android/dx/rop/cst/Constant;)I @ 12
Event: 0.750 Thread 0x00000000171a1800 Uncommon trap: reason=unstable_if action=reinterpret pc=0x0000000002786620 method=com.android.dx.util.LabeledList.set(ILcom/android/dx/util/LabeledItem;)V @ 16
Event: 0.988 Thread 0x000000000216d800 Uncommon trap: reason=unstable_if action=reinterpret pc=0x0000000002802444 method=java.util.BitSet.clone()Ljava/lang/Object; @ 4
Event: 1.141 Thread 0x000000001719f800 Uncommon trap: reason=bimorphic action=maybe_recompile pc=0x0000000002870268 method=com.android.dx.cf.code.BytecodeArray.parseInstruction(ILcom/android/dx/cf/code/BytecodeArray$Visitor;)I @ 2281
Event: 1.141 Thread 0x000000001719f800 Uncommon trap: reason=bimorphic action=maybe_recompile pc=0x0000000002870268 method=com.android.dx.cf.code.BytecodeArray.parseInstruction(ILcom/android/dx/cf/code/BytecodeArray$Visitor;)I @ 2281
Event: 1.262 Thread 0x00000000171a1800 Uncommon trap: reason=uninitialized action=reinterpret pc=0x0000000002871030 method=com.android.dx.cf.code.BytecodeArray.parseInstruction(ILcom/android/dx/cf/code/BytecodeArray$Visitor;)I @ 1031
Event: 1.266 Thread 0x00000000171a1800 Uncommon trap: reason=unstable_if action=reinterpret pc=0x00000000026d08ac method=com.android.dx.rop.code.RegisterSpecSet.put(Lcom/android/dx/rop/code/RegisterSpec;)V @ 77
Event: 1.266 Thread 0x00000000171a1800 Uncommon trap: reason=unstable_if action=reinterpret pc=0x000000000272f42c method=com.android.dx.rop.code.RegisterSpecSet.put(Lcom/android/dx/rop/code/RegisterSpec;)V @ 77

Internal exceptions (2 events):
Event: 0.035 Thread 0x000000000216d800 Exception <a 'java/lang/NoSuchMethodError': Method sun.misc.Unsafe.defineClass(Ljava/lang/String;[BII)Ljava/lang/Class; name or signature does not match> (0x00000000eab0d9a0) thrown at [D:\re\workspace\8-2-build-windows-amd64-cygwin\jdk8u40\3098\hotspot\srª¯Dh.å¡?
Event: 0.035 Thread 0x000000000216d800 Exception <a 'java/lang/NoSuchMethodError': Method sun.misc.Unsafe.prefetchRead(Ljava/lang/Object;J)V name or signature does not match> (0x00000000eab0dc30) thrown at [D:\re\workspace\8-2-build-windows-amd64-cygwin\jdk8u40\3098\hotspot\src\share\vm\prims\j

Events (10 events):
Event: 1.141 Thread 0x000000001719f800 DEOPT UNPACKING pc=0x00000000023b582a sp=0x0000000017d8e520 mode 2
Event: 1.262 Thread 0x00000000171a1800 Uncommon trap: trap_request=0xffffffb5 fr.pc=0x0000000002871030
Event: 1.262 Thread 0x00000000171a1800 DEOPT PACKING pc=0x0000000002871030 sp=0x0000000017e8eb50
Event: 1.262 Thread 0x00000000171a1800 DEOPT UNPACKING pc=0x00000000023b582a sp=0x0000000017e8ead0 mode 2
Event: 1.266 Thread 0x00000000171a1800 Uncommon trap: trap_request=0xffffff65 fr.pc=0x00000000026d08ac
Event: 1.266 Thread 0x00000000171a1800 DEOPT PACKING pc=0x00000000026d08ac sp=0x0000000017e8ea70
Event: 1.266 Thread 0x00000000171a1800 DEOPT UNPACKING pc=0x00000000023b582a sp=0x0000000017e8e9f8 mode 2
Event: 1.266 Thread 0x00000000171a1800 Uncommon trap: trap_request=0xffffff65 fr.pc=0x000000000272f42c
Event: 1.266 Thread 0x00000000171a1800 DEOPT PACKING pc=0x000000000272f42c sp=0x0000000017e8ea60
Event: 1.266 Thread 0x00000000171a1800 DEOPT UNPACKING pc=0x00000000023b582a sp=0x0000000017e8e980 mode 2


Dynamic libraries:
0x00007ff6966a0000 - 0x00007ff6966d7000 	C:\Program Files\Java\jdk1.8.0_40\bin\java.exe
0x00007ffe053d0000 - 0x00007ffe05591000 	C:\WINDOWS\SYSTEM32\ntdll.dll
0x00007ffe02b20000 - 0x00007ffe02bcd000 	C:\WINDOWS\system32\KERNEL32.DLL
0x00007ffe02350000 - 0x00007ffe02538000 	C:\WINDOWS\system32\KERNELBASE.dll
0x00007ffe02980000 - 0x00007ffe02a27000 	C:\WINDOWS\system32\ADVAPI32.dll
0x00007ffe04910000 - 0x00007ffe049ad000 	C:\WINDOWS\system32\msvcrt.dll
0x00007ffe049b0000 - 0x00007ffe04a0b000 	C:\WINDOWS\system32\sechost.dll
0x00007ffe050b0000 - 0x00007ffe051cc000 	C:\WINDOWS\system32\RPCRT4.dll
0x00007ffe04a10000 - 0x00007ffe04b66000 	C:\WINDOWS\system32\USER32.dll
0x00007ffe05240000 - 0x00007ffe053c6000 	C:\WINDOWS\system32\GDI32.dll
0x00007ffdea7f0000 - 0x00007ffdeaa64000 	C:\WINDOWS\WinSxS\amd64_microsoft.windows.common-controls_6595b64144ccf1df_6.0.10586.0_none_8c15ae12515e1c22\COMCTL32.dll
0x00007ffe02bd0000 - 0x00007ffe02e4d000 	C:\WINDOWS\system32\combase.dll
0x00007ffe01b50000 - 0x00007ffe01bba000 	C:\WINDOWS\system32\bcryptPrimitives.dll
0x00007ffe04c40000 - 0x00007ffe04c7b000 	C:\WINDOWS\system32\IMM32.DLL
0x00000000702a0000 - 0x0000000070372000 	C:\Program Files\Java\jdk1.8.0_40\jre\bin\msvcr100.dll
0x0000000070720000 - 0x0000000070fa3000 	C:\Program Files\Java\jdk1.8.0_40\jre\bin\server\jvm.dll
0x00007ffe02b10000 - 0x00007ffe02b18000 	C:\WINDOWS\system32\PSAPI.DLL
0x00007ffdf6c70000 - 0x00007ffdf6c79000 	C:\WINDOWS\SYSTEM32\WSOCK32.dll
0x00007ffe051d0000 - 0x00007ffe0523b000 	C:\WINDOWS\system32\WS2_32.dll
0x00007ffe00010000 - 0x00007ffe00033000 	C:\WINDOWS\SYSTEM32\WINMM.dll
0x00007ffdfd290000 - 0x00007ffdfd29a000 	C:\WINDOWS\SYSTEM32\VERSION.dll
0x00000000008a0000 - 0x00000000008cc000 	C:\WINDOWS\SYSTEM32\WINMMBASE.dll
0x00007ffe01a80000 - 0x00007ffe01ac3000 	C:\WINDOWS\system32\cfgmgr32.dll
0x0000000070710000 - 0x000000007071f000 	C:\Program Files\Java\jdk1.8.0_40\jre\bin\verify.dll
0x00000000706e0000 - 0x0000000070709000 	C:\Program Files\Java\jdk1.8.0_40\jre\bin\java.dll
0x00000000706c0000 - 0x00000000706d6000 	C:\Program Files\Java\jdk1.8.0_40\jre\bin\zip.dll
0x00007ffe02fc0000 - 0x00007ffe0451c000 	C:\WINDOWS\system32\SHELL32.dll
0x00007ffe01d00000 - 0x00007ffe02345000 	C:\WINDOWS\system32\windows.storage.dll
0x00007ffe04800000 - 0x00007ffe04852000 	C:\WINDOWS\system32\shlwapi.dll
0x00007ffe01a10000 - 0x00007ffe01a1f000 	C:\WINDOWS\system32\kernel.appcore.dll
0x00007ffe02710000 - 0x00007ffe027c5000 	C:\WINDOWS\system32\shcore.dll
0x00007ffe01a30000 - 0x00007ffe01a7b000 	C:\WINDOWS\system32\powrprof.dll
0x00007ffe019f0000 - 0x00007ffe01a04000 	C:\WINDOWS\system32\profapi.dll
0x00007ffdd3850000 - 0x00007ffdd39dc000 	C:\WINDOWS\SYSTEM32\dbghelp.dll

VM Arguments:
jvm_args: -Djava.awt.headless=true -Xmx1024M -Dfile.encoding=windows-1252 -Duser.country=US -Duser.language=en -Duser.variant 
java_command: com.android.dx.command.Main --dex --force-jumbo --num-threads=4 --multi-dex --output C:\Users\Christopher\Shopping_List_App\Shopping_List_App\app\build\intermediates\transforms\dex\debug\folders\1000\10\jackson-databind-2.7.3_030630dbef37ac2404ea1f5569dd0196d6b0e881 C:\Users\Christopher\.gradle\caches\modules-2\files-2.1\com.fasterxml.jackson.core\jackson-databind\2.7.3\f12e6cd05cbaecd74d16e685d45b627732939e42\jackson-databind-2.7.3.jar
java_class_path (initial): C:\Users\Christopher\AppData\Local\Android\sdk\build-tools\23.0.1\lib\dx.jar
Launcher Type: SUN_STANDARD

Environment Variables:
PATH=C:\Program Files (x86)\NVIDIA Corporation\PhysX\Common;C:\Python34\;C:\Python34\Scripts;C:\ProgramData\Oracle\Java\javapath;C:\WINDOWS\system32;C:\WINDOWS;C:\WINDOWS\System32\Wbem;C:\WINDOWS\System32\WindowsPowerShell\v1.0\;C:\Program Files (x86)\ATI Technologies\ATI.ACE\Core-Static;C:\Program Files\Microsoft\Web Platform Installer\;C:\Program Files (x86)\Microsoft ASP.NET\ASP.NET Web Pages\v1.0\;C:\Program Files\Microsoft SQL Server\110\Tools\Binn\;C:\Program Files\Microsoft SQL Server\120\Tools\Binn\;C:\Program Files\TortoiseSVN\bin;C:\Program Files (x86)\AMD\ATI.ACE\Core-Static;C:\Program Files (x86)\scala\bin;C:\Program Files\Java\jdk1.8.0_40\bin;;C:\play-2.0\play-2.0;C:\WINDOWS\system32\config\systemprofile\.dnx\bin;C:\Program Files\Microsoft DNX\Dnvm\;C:\Program Files (x86)\Skype\Phone\;C:\Program Files (x86)\Microsoft SQL Server\130\Tools\Binn\ManagementStudio\;C:\Program Files (x86)\Microsoft SQL Server\130\Tools\Binn\;C:\Program Files (x86)\Microsoft SQL Server\Client SDK\ODBC\110\Tools\Binn\;C:\Program Files (x86)\Microsoft SQL Server\130\DTS\Binn\;C:\Program Files\Microsoft SQL Server\Client SDK\ODBC\110\Tools\Binn\;C:\Program Files (x86)\Microsoft SQL Server\120\Tools\Binn\;C:\Program Files\Microsoft SQL Server\120\DTS\Binn\;C:\Program Files (x86)\Microsoft SDKs\TypeScript\1.0\;C:\WINDOWS\system32;C:\WINDOWS;C:\WINDOWS\System32\Wbem;C:\WINDOWS\System32\WindowsPowerShell\v1.0\;C:\Ruby22-x64\bin
USERNAME=Christopher
OS=Windows_NT
PROCESSOR_IDENTIFIER=Intel64 Family 6 Model 58 Stepping 9, GenuineIntel



---------------  S Y S T E M  ---------------

OS: Windows 10.0 , 64 bit Build 10586 (10.0.10586.0)

CPU:total 8 (4 cores per cpu, 2 threads per core) family 6 model 58 stepping 9, cmov, cx8, fxsr, mmx, sse, sse2, sse3, ssse3, sse4.1, sse4.2, popcnt, avx, aes, clmul, erms, ht, tsc, tscinvbit, tscinv

Memory: 4k page, physical 16659540k(4975644k free), swap 16659540k(7956k free)

vm_info: Java HotSpot(TM) 64-Bit Server VM (25.40-b25) for windows-amd64 JRE (1.8.0_40-b26), built on Mar  7 2015 13:51:59 by "java_re" with MS VC++ 10.0 (VS2010)

time: Sun May 15 14:23:25 2016
elapsed time: 1 seconds (0d 0h 0m 1s)

